

================================================================
== Synthesis Summary Report of 'vadd'
================================================================
+ General Information: 
    * Date:           Thu Jan 27 20:51:08 2022
    * Version:        2020.2 (Build 3064766 on Wed Nov 18 09:12:47 MST 2020)
    * Project:        arr_add
    * Solution:       solution1 (Vivado IP Flow Target)
    * Product family: zynq
    * Target device:  xc7z020-clg400-1
    

+ Performance & Resource Estimates: 
    
    PS: '+' for module; 'o' for loop; '*' for dataflow
    +--------------------+--------+-------+---------+---------+----------+---------+------+----------+---------+----+-----------+-----------+-----+
    |       Modules      |  Issue |       | Latency | Latency | Iteration|         | Trip |          |         |    |           |           |     |
    |       & Loops      |  Type  | Slack | (cycles)|   (ns)  |  Latency | Interval| Count| Pipelined|  BRAM   | DSP|     FF    |    LUT    | URAM|
    +--------------------+--------+-------+---------+---------+----------+---------+------+----------+---------+----+-----------+-----------+-----+
    |+ vadd              |  Timing|   0.00|       68|  680.000|         -|       69|     -|        no|  2 (~0%)|   -|  1318 (1%)|  1518 (2%)|    -|
    | o Loop 1           |       -|  -7.30|       11|  110.000|         3|        1|    10|       yes|        -|   -|          -|          -|    -|
    | o Loop 2           |       -|  -7.30|       11|  110.000|         3|        1|    10|       yes|        -|   -|          -|          -|    -|
    | o VITIS_LOOP_28_1  |       -|  -7.30|       10|  100.000|         2|        1|    10|       yes|        -|   -|          -|          -|    -|
    | o Loop 4           |       -|  -7.30|       11|  110.000|         3|        1|    10|       yes|        -|   -|          -|          -|    -|
    +--------------------+--------+-------+---------+---------+----------+---------+------+----------+---------+----+-----------+-----------+-----+

