
*** Running vivado
    with args -log design_1_example_0_0.vds -m64 -product Vivado -mode batch -messageDb vivado.pb -notrace -source design_1_example_0_0.tcl


****** Vivado v2020.2 (64-bit)
  **** SW Build 3064766 on Wed Nov 18 09:12:47 MST 2020
  **** IP Build 3064653 on Wed Nov 18 14:17:31 MST 2020
    ** Copyright 1986-2020 Xilinx, Inc. All Rights Reserved.

source design_1_example_0_0.tcl -notrace
INFO: [IP_Flow 19-234] Refreshing IP repositories
INFO: [IP_Flow 19-1700] Loaded user IP repository '/home/anubhav/workspace/hls_example'.
WARNING: [IP_Flow 19-3656] If you move the project, the path for repository '/home/anubhav/workspace/hls_example' may become invalid. A better location for the repository would be in a path adjacent to the project. (Current project location is '/home/anubhav/workspace/hls_example/vivado/hls/hls.runs/design_1_example_0_0_synth_1'.)
INFO: [IP_Flow 19-2313] Loaded Vivado IP repository '/tools/Xilinx/Vivado/2020.2/data/ip'.
Command: synth_design -top design_1_example_0_0 -part xc7z020clg400-1 -mode out_of_context
Starting synth_design
Attempting to get a license for feature 'Synthesis' and/or device 'xc7z020'
INFO: [Common 17-349] Got license for feature 'Synthesis' and/or device 'xc7z020'
INFO: [Device 21-403] Loading part xc7z020clg400-1
INFO: [Synth 8-7079] Multithreading enabled for synth_design using a maximum of 4 processes.
INFO: [Synth 8-7078] Launching helper process for spawning children vivado processes
INFO: [Synth 8-7075] Helper process launched with PID 28633
---------------------------------------------------------------------------------
Starting RTL Elaboration : Time (s): cpu = 00:00:06 ; elapsed = 00:00:08 . Memory (MB): peak = 2386.996 ; gain = 0.000 ; free physical = 1117 ; free virtual = 5225
---------------------------------------------------------------------------------
INFO: [Synth 8-6157] synthesizing module 'design_1_example_0_0' [/home/anubhav/workspace/hls_example/vivado/hls/hls.gen/sources_1/bd/design_1/ip/design_1_example_0_0/synth/design_1_example_0_0.v:59]
INFO: [Synth 8-6157] synthesizing module 'example' [/home/anubhav/workspace/hls_example/vivado/hls/hls.gen/sources_1/bd/design_1/ipshared/58de/hdl/verilog/example.v:12]
	Parameter ap_ST_fsm_state1 bound to: 144'b000000000000000000000000000000000000000000000000000000000000000000000000000000000000000000000000000000000000000000000000000000000000000000000001 
	Parameter ap_ST_fsm_state2 bound to: 144'b000000000000000000000000000000000000000000000000000000000000000000000000000000000000000000000000000000000000000000000000000000000000000000000010 
	Parameter ap_ST_fsm_state3 bound to: 144'b000000000000000000000000000000000000000000000000000000000000000000000000000000000000000000000000000000000000000000000000000000000000000000000100 
	Parameter ap_ST_fsm_state4 bound to: 144'b000000000000000000000000000000000000000000000000000000000000000000000000000000000000000000000000000000000000000000000000000000000000000000001000 
	Parameter ap_ST_fsm_state5 bound to: 144'b000000000000000000000000000000000000000000000000000000000000000000000000000000000000000000000000000000000000000000000000000000000000000000010000 
	Parameter ap_ST_fsm_state6 bound to: 144'b000000000000000000000000000000000000000000000000000000000000000000000000000000000000000000000000000000000000000000000000000000000000000000100000 
	Parameter ap_ST_fsm_state7 bound to: 144'b000000000000000000000000000000000000000000000000000000000000000000000000000000000000000000000000000000000000000000000000000000000000000001000000 
	Parameter ap_ST_fsm_state8 bound to: 144'b000000000000000000000000000000000000000000000000000000000000000000000000000000000000000000000000000000000000000000000000000000000000000010000000 
	Parameter ap_ST_fsm_state9 bound to: 144'b000000000000000000000000000000000000000000000000000000000000000000000000000000000000000000000000000000000000000000000000000000000000000100000000 
	Parameter ap_ST_fsm_state10 bound to: 144'b000000000000000000000000000000000000000000000000000000000000000000000000000000000000000000000000000000000000000000000000000000000000001000000000 
	Parameter ap_ST_fsm_state11 bound to: 144'b000000000000000000000000000000000000000000000000000000000000000000000000000000000000000000000000000000000000000000000000000000000000010000000000 
	Parameter ap_ST_fsm_state12 bound to: 144'b000000000000000000000000000000000000000000000000000000000000000000000000000000000000000000000000000000000000000000000000000000000000100000000000 
	Parameter ap_ST_fsm_state13 bound to: 144'b000000000000000000000000000000000000000000000000000000000000000000000000000000000000000000000000000000000000000000000000000000000001000000000000 
	Parameter ap_ST_fsm_state14 bound to: 144'b000000000000000000000000000000000000000000000000000000000000000000000000000000000000000000000000000000000000000000000000000000000010000000000000 
	Parameter ap_ST_fsm_state15 bound to: 144'b000000000000000000000000000000000000000000000000000000000000000000000000000000000000000000000000000000000000000000000000000000000100000000000000 
	Parameter ap_ST_fsm_state16 bound to: 144'b000000000000000000000000000000000000000000000000000000000000000000000000000000000000000000000000000000000000000000000000000000001000000000000000 
	Parameter ap_ST_fsm_state17 bound to: 144'b000000000000000000000000000000000000000000000000000000000000000000000000000000000000000000000000000000000000000000000000000000010000000000000000 
	Parameter ap_ST_fsm_state18 bound to: 144'b000000000000000000000000000000000000000000000000000000000000000000000000000000000000000000000000000000000000000000000000000000100000000000000000 
	Parameter ap_ST_fsm_state19 bound to: 144'b000000000000000000000000000000000000000000000000000000000000000000000000000000000000000000000000000000000000000000000000000001000000000000000000 
	Parameter ap_ST_fsm_state20 bound to: 144'b000000000000000000000000000000000000000000000000000000000000000000000000000000000000000000000000000000000000000000000000000010000000000000000000 
	Parameter ap_ST_fsm_state21 bound to: 144'b000000000000000000000000000000000000000000000000000000000000000000000000000000000000000000000000000000000000000000000000000100000000000000000000 
	Parameter ap_ST_fsm_state22 bound to: 144'b000000000000000000000000000000000000000000000000000000000000000000000000000000000000000000000000000000000000000000000000001000000000000000000000 
	Parameter ap_ST_fsm_state23 bound to: 144'b000000000000000000000000000000000000000000000000000000000000000000000000000000000000000000000000000000000000000000000000010000000000000000000000 
	Parameter ap_ST_fsm_state24 bound to: 144'b000000000000000000000000000000000000000000000000000000000000000000000000000000000000000000000000000000000000000000000000100000000000000000000000 
	Parameter ap_ST_fsm_state25 bound to: 144'b000000000000000000000000000000000000000000000000000000000000000000000000000000000000000000000000000000000000000000000001000000000000000000000000 
	Parameter ap_ST_fsm_state26 bound to: 144'b000000000000000000000000000000000000000000000000000000000000000000000000000000000000000000000000000000000000000000000010000000000000000000000000 
	Parameter ap_ST_fsm_state27 bound to: 144'b000000000000000000000000000000000000000000000000000000000000000000000000000000000000000000000000000000000000000000000100000000000000000000000000 
	Parameter ap_ST_fsm_state28 bound to: 144'b000000000000000000000000000000000000000000000000000000000000000000000000000000000000000000000000000000000000000000001000000000000000000000000000 
	Parameter ap_ST_fsm_state29 bound to: 144'b000000000000000000000000000000000000000000000000000000000000000000000000000000000000000000000000000000000000000000010000000000000000000000000000 
	Parameter ap_ST_fsm_state30 bound to: 144'b000000000000000000000000000000000000000000000000000000000000000000000000000000000000000000000000000000000000000000100000000000000000000000000000 
	Parameter ap_ST_fsm_state31 bound to: 144'b000000000000000000000000000000000000000000000000000000000000000000000000000000000000000000000000000000000000000001000000000000000000000000000000 
	Parameter ap_ST_fsm_state32 bound to: 144'b000000000000000000000000000000000000000000000000000000000000000000000000000000000000000000000000000000000000000010000000000000000000000000000000 
	Parameter ap_ST_fsm_state33 bound to: 144'b000000000000000000000000000000000000000000000000000000000000000000000000000000000000000000000000000000000000000100000000000000000000000000000000 
	Parameter ap_ST_fsm_state34 bound to: 144'b000000000000000000000000000000000000000000000000000000000000000000000000000000000000000000000000000000000000001000000000000000000000000000000000 
	Parameter ap_ST_fsm_state35 bound to: 144'b000000000000000000000000000000000000000000000000000000000000000000000000000000000000000000000000000000000000010000000000000000000000000000000000 
	Parameter ap_ST_fsm_state36 bound to: 144'b000000000000000000000000000000000000000000000000000000000000000000000000000000000000000000000000000000000000100000000000000000000000000000000000 
	Parameter ap_ST_fsm_state37 bound to: 144'b000000000000000000000000000000000000000000000000000000000000000000000000000000000000000000000000000000000001000000000000000000000000000000000000 
	Parameter ap_ST_fsm_state38 bound to: 144'b000000000000000000000000000000000000000000000000000000000000000000000000000000000000000000000000000000000010000000000000000000000000000000000000 
	Parameter ap_ST_fsm_state39 bound to: 144'b000000000000000000000000000000000000000000000000000000000000000000000000000000000000000000000000000000000100000000000000000000000000000000000000 
	Parameter ap_ST_fsm_state40 bound to: 144'b000000000000000000000000000000000000000000000000000000000000000000000000000000000000000000000000000000001000000000000000000000000000000000000000 
	Parameter ap_ST_fsm_state41 bound to: 144'b000000000000000000000000000000000000000000000000000000000000000000000000000000000000000000000000000000010000000000000000000000000000000000000000 
	Parameter ap_ST_fsm_state42 bound to: 144'b000000000000000000000000000000000000000000000000000000000000000000000000000000000000000000000000000000100000000000000000000000000000000000000000 
	Parameter ap_ST_fsm_state43 bound to: 144'b000000000000000000000000000000000000000000000000000000000000000000000000000000000000000000000000000001000000000000000000000000000000000000000000 
	Parameter ap_ST_fsm_state44 bound to: 144'b000000000000000000000000000000000000000000000000000000000000000000000000000000000000000000000000000010000000000000000000000000000000000000000000 
	Parameter ap_ST_fsm_state45 bound to: 144'b000000000000000000000000000000000000000000000000000000000000000000000000000000000000000000000000000100000000000000000000000000000000000000000000 
	Parameter ap_ST_fsm_state46 bound to: 144'b000000000000000000000000000000000000000000000000000000000000000000000000000000000000000000000000001000000000000000000000000000000000000000000000 
	Parameter ap_ST_fsm_state47 bound to: 144'b000000000000000000000000000000000000000000000000000000000000000000000000000000000000000000000000010000000000000000000000000000000000000000000000 
	Parameter ap_ST_fsm_state48 bound to: 144'b000000000000000000000000000000000000000000000000000000000000000000000000000000000000000000000000100000000000000000000000000000000000000000000000 
	Parameter ap_ST_fsm_state49 bound to: 144'b000000000000000000000000000000000000000000000000000000000000000000000000000000000000000000000001000000000000000000000000000000000000000000000000 
	Parameter ap_ST_fsm_state50 bound to: 144'b000000000000000000000000000000000000000000000000000000000000000000000000000000000000000000000010000000000000000000000000000000000000000000000000 
	Parameter ap_ST_fsm_state51 bound to: 144'b000000000000000000000000000000000000000000000000000000000000000000000000000000000000000000000100000000000000000000000000000000000000000000000000 
	Parameter ap_ST_fsm_state52 bound to: 144'b000000000000000000000000000000000000000000000000000000000000000000000000000000000000000000001000000000000000000000000000000000000000000000000000 
	Parameter ap_ST_fsm_state53 bound to: 144'b000000000000000000000000000000000000000000000000000000000000000000000000000000000000000000010000000000000000000000000000000000000000000000000000 
	Parameter ap_ST_fsm_state54 bound to: 144'b000000000000000000000000000000000000000000000000000000000000000000000000000000000000000000100000000000000000000000000000000000000000000000000000 
	Parameter ap_ST_fsm_state55 bound to: 144'b000000000000000000000000000000000000000000000000000000000000000000000000000000000000000001000000000000000000000000000000000000000000000000000000 
	Parameter ap_ST_fsm_state56 bound to: 144'b000000000000000000000000000000000000000000000000000000000000000000000000000000000000000010000000000000000000000000000000000000000000000000000000 
	Parameter ap_ST_fsm_state57 bound to: 144'b000000000000000000000000000000000000000000000000000000000000000000000000000000000000000100000000000000000000000000000000000000000000000000000000 
	Parameter ap_ST_fsm_state58 bound to: 144'b000000000000000000000000000000000000000000000000000000000000000000000000000000000000001000000000000000000000000000000000000000000000000000000000 
	Parameter ap_ST_fsm_state59 bound to: 144'b000000000000000000000000000000000000000000000000000000000000000000000000000000000000010000000000000000000000000000000000000000000000000000000000 
	Parameter ap_ST_fsm_state60 bound to: 144'b000000000000000000000000000000000000000000000000000000000000000000000000000000000000100000000000000000000000000000000000000000000000000000000000 
	Parameter ap_ST_fsm_state61 bound to: 144'b000000000000000000000000000000000000000000000000000000000000000000000000000000000001000000000000000000000000000000000000000000000000000000000000 
	Parameter ap_ST_fsm_state62 bound to: 144'b000000000000000000000000000000000000000000000000000000000000000000000000000000000010000000000000000000000000000000000000000000000000000000000000 
	Parameter ap_ST_fsm_state63 bound to: 144'b000000000000000000000000000000000000000000000000000000000000000000000000000000000100000000000000000000000000000000000000000000000000000000000000 
	Parameter ap_ST_fsm_state64 bound to: 144'b000000000000000000000000000000000000000000000000000000000000000000000000000000001000000000000000000000000000000000000000000000000000000000000000 
	Parameter ap_ST_fsm_state65 bound to: 144'b000000000000000000000000000000000000000000000000000000000000000000000000000000010000000000000000000000000000000000000000000000000000000000000000 
	Parameter ap_ST_fsm_state66 bound to: 144'b000000000000000000000000000000000000000000000000000000000000000000000000000000100000000000000000000000000000000000000000000000000000000000000000 
	Parameter ap_ST_fsm_state67 bound to: 144'b000000000000000000000000000000000000000000000000000000000000000000000000000001000000000000000000000000000000000000000000000000000000000000000000 
	Parameter ap_ST_fsm_state68 bound to: 144'b000000000000000000000000000000000000000000000000000000000000000000000000000010000000000000000000000000000000000000000000000000000000000000000000 
	Parameter ap_ST_fsm_state69 bound to: 144'b000000000000000000000000000000000000000000000000000000000000000000000000000100000000000000000000000000000000000000000000000000000000000000000000 
	Parameter ap_ST_fsm_state70 bound to: 144'b000000000000000000000000000000000000000000000000000000000000000000000000001000000000000000000000000000000000000000000000000000000000000000000000 
	Parameter ap_ST_fsm_state71 bound to: 144'b000000000000000000000000000000000000000000000000000000000000000000000000010000000000000000000000000000000000000000000000000000000000000000000000 
	Parameter ap_ST_fsm_pp0_stage0 bound to: 144'b000000000000000000000000000000000000000000000000000000000000000000000000100000000000000000000000000000000000000000000000000000000000000000000000 
	Parameter ap_ST_fsm_state76 bound to: 144'b000000000000000000000000000000000000000000000000000000000000000000000001000000000000000000000000000000000000000000000000000000000000000000000000 
	Parameter ap_ST_fsm_pp1_stage0 bound to: 144'b000000000000000000000000000000000000000000000000000000000000000000000010000000000000000000000000000000000000000000000000000000000000000000000000 
	Parameter ap_ST_fsm_state81 bound to: 144'b000000000000000000000000000000000000000000000000000000000000000000000100000000000000000000000000000000000000000000000000000000000000000000000000 
	Parameter ap_ST_fsm_pp2_stage0 bound to: 144'b000000000000000000000000000000000000000000000000000000000000000000001000000000000000000000000000000000000000000000000000000000000000000000000000 
	Parameter ap_ST_fsm_state85 bound to: 144'b000000000000000000000000000000000000000000000000000000000000000000010000000000000000000000000000000000000000000000000000000000000000000000000000 
	Parameter ap_ST_fsm_state86 bound to: 144'b000000000000000000000000000000000000000000000000000000000000000000100000000000000000000000000000000000000000000000000000000000000000000000000000 
	Parameter ap_ST_fsm_state87 bound to: 144'b000000000000000000000000000000000000000000000000000000000000000001000000000000000000000000000000000000000000000000000000000000000000000000000000 
	Parameter ap_ST_fsm_state88 bound to: 144'b000000000000000000000000000000000000000000000000000000000000000010000000000000000000000000000000000000000000000000000000000000000000000000000000 
	Parameter ap_ST_fsm_state89 bound to: 144'b000000000000000000000000000000000000000000000000000000000000000100000000000000000000000000000000000000000000000000000000000000000000000000000000 
	Parameter ap_ST_fsm_state90 bound to: 144'b000000000000000000000000000000000000000000000000000000000000001000000000000000000000000000000000000000000000000000000000000000000000000000000000 
	Parameter ap_ST_fsm_state91 bound to: 144'b000000000000000000000000000000000000000000000000000000000000010000000000000000000000000000000000000000000000000000000000000000000000000000000000 
	Parameter ap_ST_fsm_state92 bound to: 144'b000000000000000000000000000000000000000000000000000000000000100000000000000000000000000000000000000000000000000000000000000000000000000000000000 
	Parameter ap_ST_fsm_state93 bound to: 144'b000000000000000000000000000000000000000000000000000000000001000000000000000000000000000000000000000000000000000000000000000000000000000000000000 
	Parameter ap_ST_fsm_state94 bound to: 144'b000000000000000000000000000000000000000000000000000000000010000000000000000000000000000000000000000000000000000000000000000000000000000000000000 
	Parameter ap_ST_fsm_state95 bound to: 144'b000000000000000000000000000000000000000000000000000000000100000000000000000000000000000000000000000000000000000000000000000000000000000000000000 
	Parameter ap_ST_fsm_state96 bound to: 144'b000000000000000000000000000000000000000000000000000000001000000000000000000000000000000000000000000000000000000000000000000000000000000000000000 
	Parameter ap_ST_fsm_state97 bound to: 144'b000000000000000000000000000000000000000000000000000000010000000000000000000000000000000000000000000000000000000000000000000000000000000000000000 
	Parameter ap_ST_fsm_state98 bound to: 144'b000000000000000000000000000000000000000000000000000000100000000000000000000000000000000000000000000000000000000000000000000000000000000000000000 
	Parameter ap_ST_fsm_state99 bound to: 144'b000000000000000000000000000000000000000000000000000001000000000000000000000000000000000000000000000000000000000000000000000000000000000000000000 
	Parameter ap_ST_fsm_state100 bound to: 144'b000000000000000000000000000000000000000000000000000010000000000000000000000000000000000000000000000000000000000000000000000000000000000000000000 
	Parameter ap_ST_fsm_state101 bound to: 144'b000000000000000000000000000000000000000000000000000100000000000000000000000000000000000000000000000000000000000000000000000000000000000000000000 
	Parameter ap_ST_fsm_state102 bound to: 144'b000000000000000000000000000000000000000000000000001000000000000000000000000000000000000000000000000000000000000000000000000000000000000000000000 
	Parameter ap_ST_fsm_state103 bound to: 144'b000000000000000000000000000000000000000000000000010000000000000000000000000000000000000000000000000000000000000000000000000000000000000000000000 
	Parameter ap_ST_fsm_state104 bound to: 144'b000000000000000000000000000000000000000000000000100000000000000000000000000000000000000000000000000000000000000000000000000000000000000000000000 
	Parameter ap_ST_fsm_state105 bound to: 144'b000000000000000000000000000000000000000000000001000000000000000000000000000000000000000000000000000000000000000000000000000000000000000000000000 
	Parameter ap_ST_fsm_state106 bound to: 144'b000000000000000000000000000000000000000000000010000000000000000000000000000000000000000000000000000000000000000000000000000000000000000000000000 
	Parameter ap_ST_fsm_state107 bound to: 144'b000000000000000000000000000000000000000000000100000000000000000000000000000000000000000000000000000000000000000000000000000000000000000000000000 
	Parameter ap_ST_fsm_state108 bound to: 144'b000000000000000000000000000000000000000000001000000000000000000000000000000000000000000000000000000000000000000000000000000000000000000000000000 
	Parameter ap_ST_fsm_state109 bound to: 144'b000000000000000000000000000000000000000000010000000000000000000000000000000000000000000000000000000000000000000000000000000000000000000000000000 
	Parameter ap_ST_fsm_state110 bound to: 144'b000000000000000000000000000000000000000000100000000000000000000000000000000000000000000000000000000000000000000000000000000000000000000000000000 
	Parameter ap_ST_fsm_state111 bound to: 144'b000000000000000000000000000000000000000001000000000000000000000000000000000000000000000000000000000000000000000000000000000000000000000000000000 
	Parameter ap_ST_fsm_state112 bound to: 144'b000000000000000000000000000000000000000010000000000000000000000000000000000000000000000000000000000000000000000000000000000000000000000000000000 
	Parameter ap_ST_fsm_state113 bound to: 144'b000000000000000000000000000000000000000100000000000000000000000000000000000000000000000000000000000000000000000000000000000000000000000000000000 
	Parameter ap_ST_fsm_state114 bound to: 144'b000000000000000000000000000000000000001000000000000000000000000000000000000000000000000000000000000000000000000000000000000000000000000000000000 
	Parameter ap_ST_fsm_state115 bound to: 144'b000000000000000000000000000000000000010000000000000000000000000000000000000000000000000000000000000000000000000000000000000000000000000000000000 
	Parameter ap_ST_fsm_state116 bound to: 144'b000000000000000000000000000000000000100000000000000000000000000000000000000000000000000000000000000000000000000000000000000000000000000000000000 
	Parameter ap_ST_fsm_state117 bound to: 144'b000000000000000000000000000000000001000000000000000000000000000000000000000000000000000000000000000000000000000000000000000000000000000000000000 
	Parameter ap_ST_fsm_state118 bound to: 144'b000000000000000000000000000000000010000000000000000000000000000000000000000000000000000000000000000000000000000000000000000000000000000000000000 
	Parameter ap_ST_fsm_state119 bound to: 144'b000000000000000000000000000000000100000000000000000000000000000000000000000000000000000000000000000000000000000000000000000000000000000000000000 
	Parameter ap_ST_fsm_state120 bound to: 144'b000000000000000000000000000000001000000000000000000000000000000000000000000000000000000000000000000000000000000000000000000000000000000000000000 
	Parameter ap_ST_fsm_state121 bound to: 144'b000000000000000000000000000000010000000000000000000000000000000000000000000000000000000000000000000000000000000000000000000000000000000000000000 
	Parameter ap_ST_fsm_state122 bound to: 144'b000000000000000000000000000000100000000000000000000000000000000000000000000000000000000000000000000000000000000000000000000000000000000000000000 
	Parameter ap_ST_fsm_state123 bound to: 144'b000000000000000000000000000001000000000000000000000000000000000000000000000000000000000000000000000000000000000000000000000000000000000000000000 
	Parameter ap_ST_fsm_state124 bound to: 144'b000000000000000000000000000010000000000000000000000000000000000000000000000000000000000000000000000000000000000000000000000000000000000000000000 
	Parameter ap_ST_fsm_state125 bound to: 144'b000000000000000000000000000100000000000000000000000000000000000000000000000000000000000000000000000000000000000000000000000000000000000000000000 
	Parameter ap_ST_fsm_state126 bound to: 144'b000000000000000000000000001000000000000000000000000000000000000000000000000000000000000000000000000000000000000000000000000000000000000000000000 
	Parameter ap_ST_fsm_state127 bound to: 144'b000000000000000000000000010000000000000000000000000000000000000000000000000000000000000000000000000000000000000000000000000000000000000000000000 
	Parameter ap_ST_fsm_state128 bound to: 144'b000000000000000000000000100000000000000000000000000000000000000000000000000000000000000000000000000000000000000000000000000000000000000000000000 
	Parameter ap_ST_fsm_state129 bound to: 144'b000000000000000000000001000000000000000000000000000000000000000000000000000000000000000000000000000000000000000000000000000000000000000000000000 
	Parameter ap_ST_fsm_state130 bound to: 144'b000000000000000000000010000000000000000000000000000000000000000000000000000000000000000000000000000000000000000000000000000000000000000000000000 
	Parameter ap_ST_fsm_state131 bound to: 144'b000000000000000000000100000000000000000000000000000000000000000000000000000000000000000000000000000000000000000000000000000000000000000000000000 
	Parameter ap_ST_fsm_state132 bound to: 144'b000000000000000000001000000000000000000000000000000000000000000000000000000000000000000000000000000000000000000000000000000000000000000000000000 
	Parameter ap_ST_fsm_state133 bound to: 144'b000000000000000000010000000000000000000000000000000000000000000000000000000000000000000000000000000000000000000000000000000000000000000000000000 
	Parameter ap_ST_fsm_state134 bound to: 144'b000000000000000000100000000000000000000000000000000000000000000000000000000000000000000000000000000000000000000000000000000000000000000000000000 
	Parameter ap_ST_fsm_state135 bound to: 144'b000000000000000001000000000000000000000000000000000000000000000000000000000000000000000000000000000000000000000000000000000000000000000000000000 
	Parameter ap_ST_fsm_state136 bound to: 144'b000000000000000010000000000000000000000000000000000000000000000000000000000000000000000000000000000000000000000000000000000000000000000000000000 
	Parameter ap_ST_fsm_state137 bound to: 144'b000000000000000100000000000000000000000000000000000000000000000000000000000000000000000000000000000000000000000000000000000000000000000000000000 
	Parameter ap_ST_fsm_state138 bound to: 144'b000000000000001000000000000000000000000000000000000000000000000000000000000000000000000000000000000000000000000000000000000000000000000000000000 
	Parameter ap_ST_fsm_state139 bound to: 144'b000000000000010000000000000000000000000000000000000000000000000000000000000000000000000000000000000000000000000000000000000000000000000000000000 
	Parameter ap_ST_fsm_state140 bound to: 144'b000000000000100000000000000000000000000000000000000000000000000000000000000000000000000000000000000000000000000000000000000000000000000000000000 
	Parameter ap_ST_fsm_state141 bound to: 144'b000000000001000000000000000000000000000000000000000000000000000000000000000000000000000000000000000000000000000000000000000000000000000000000000 
	Parameter ap_ST_fsm_state142 bound to: 144'b000000000010000000000000000000000000000000000000000000000000000000000000000000000000000000000000000000000000000000000000000000000000000000000000 
	Parameter ap_ST_fsm_state143 bound to: 144'b000000000100000000000000000000000000000000000000000000000000000000000000000000000000000000000000000000000000000000000000000000000000000000000000 
	Parameter ap_ST_fsm_state144 bound to: 144'b000000001000000000000000000000000000000000000000000000000000000000000000000000000000000000000000000000000000000000000000000000000000000000000000 
	Parameter ap_ST_fsm_state145 bound to: 144'b000000010000000000000000000000000000000000000000000000000000000000000000000000000000000000000000000000000000000000000000000000000000000000000000 
	Parameter ap_ST_fsm_state146 bound to: 144'b000000100000000000000000000000000000000000000000000000000000000000000000000000000000000000000000000000000000000000000000000000000000000000000000 
	Parameter ap_ST_fsm_state147 bound to: 144'b000001000000000000000000000000000000000000000000000000000000000000000000000000000000000000000000000000000000000000000000000000000000000000000000 
	Parameter ap_ST_fsm_state148 bound to: 144'b000010000000000000000000000000000000000000000000000000000000000000000000000000000000000000000000000000000000000000000000000000000000000000000000 
	Parameter ap_ST_fsm_state149 bound to: 144'b000100000000000000000000000000000000000000000000000000000000000000000000000000000000000000000000000000000000000000000000000000000000000000000000 
	Parameter ap_ST_fsm_state150 bound to: 144'b001000000000000000000000000000000000000000000000000000000000000000000000000000000000000000000000000000000000000000000000000000000000000000000000 
	Parameter ap_ST_fsm_state151 bound to: 144'b010000000000000000000000000000000000000000000000000000000000000000000000000000000000000000000000000000000000000000000000000000000000000000000000 
	Parameter ap_ST_fsm_state152 bound to: 144'b100000000000000000000000000000000000000000000000000000000000000000000000000000000000000000000000000000000000000000000000000000000000000000000000 
	Parameter C_S_AXI_CONTROL_DATA_WIDTH bound to: 32 - type: integer 
	Parameter C_S_AXI_CONTROL_ADDR_WIDTH bound to: 5 - type: integer 
	Parameter C_S_AXI_DATA_WIDTH bound to: 32 - type: integer 
	Parameter C_M_AXI_GMEM_ID_WIDTH bound to: 1 - type: integer 
	Parameter C_M_AXI_GMEM_ADDR_WIDTH bound to: 64 - type: integer 
	Parameter C_M_AXI_GMEM_DATA_WIDTH bound to: 64 - type: integer 
	Parameter C_M_AXI_GMEM_AWUSER_WIDTH bound to: 1 - type: integer 
	Parameter C_M_AXI_GMEM_ARUSER_WIDTH bound to: 1 - type: integer 
	Parameter C_M_AXI_GMEM_WUSER_WIDTH bound to: 1 - type: integer 
	Parameter C_M_AXI_GMEM_RUSER_WIDTH bound to: 1 - type: integer 
	Parameter C_M_AXI_GMEM_BUSER_WIDTH bound to: 1 - type: integer 
	Parameter C_M_AXI_GMEM_USER_VALUE bound to: 0 - type: integer 
	Parameter C_M_AXI_GMEM_PROT_VALUE bound to: 3'b000 
	Parameter C_M_AXI_GMEM_CACHE_VALUE bound to: 4'b0011 
	Parameter C_M_AXI_DATA_WIDTH bound to: 32 - type: integer 
	Parameter C_S_AXI_CONTROL_WSTRB_WIDTH bound to: 4 - type: integer 
	Parameter C_S_AXI_WSTRB_WIDTH bound to: 4 - type: integer 
	Parameter C_M_AXI_GMEM_WSTRB_WIDTH bound to: 8 - type: integer 
	Parameter C_M_AXI_WSTRB_WIDTH bound to: 4 - type: integer 
INFO: [Synth 8-6157] synthesizing module 'example_control_s_axi' [/home/anubhav/workspace/hls_example/vivado/hls/hls.gen/sources_1/bd/design_1/ipshared/58de/hdl/verilog/example_control_s_axi.v:6]
	Parameter C_S_AXI_ADDR_WIDTH bound to: 5 - type: integer 
	Parameter C_S_AXI_DATA_WIDTH bound to: 32 - type: integer 
	Parameter ADDR_AP_CTRL bound to: 5'b00000 
	Parameter ADDR_GIE bound to: 5'b00100 
	Parameter ADDR_IER bound to: 5'b01000 
	Parameter ADDR_ISR bound to: 5'b01100 
	Parameter ADDR_A_DATA_0 bound to: 5'b10000 
	Parameter ADDR_A_DATA_1 bound to: 5'b10100 
	Parameter ADDR_A_CTRL bound to: 5'b11000 
	Parameter WRIDLE bound to: 2'b00 
	Parameter WRDATA bound to: 2'b01 
	Parameter WRRESP bound to: 2'b10 
	Parameter WRRESET bound to: 2'b11 
	Parameter RDIDLE bound to: 2'b00 
	Parameter RDDATA bound to: 2'b01 
	Parameter RDRESET bound to: 2'b10 
	Parameter ADDR_BITS bound to: 5 - type: integer 
INFO: [Synth 8-155] case statement is not full and has no default [/home/anubhav/workspace/hls_example/vivado/hls/hls.gen/sources_1/bd/design_1/ipshared/58de/hdl/verilog/example_control_s_axi.v:198]
INFO: [Synth 8-6155] done synthesizing module 'example_control_s_axi' (1#1) [/home/anubhav/workspace/hls_example/vivado/hls/hls.gen/sources_1/bd/design_1/ipshared/58de/hdl/verilog/example_control_s_axi.v:6]
INFO: [Synth 8-6157] synthesizing module 'example_gmem_m_axi' [/home/anubhav/workspace/hls_example/vivado/hls/hls.gen/sources_1/bd/design_1/ipshared/58de/hdl/verilog/example_gmem_m_axi.v:8]
	Parameter CONSERVATIVE bound to: 0 - type: integer 
	Parameter NUM_READ_OUTSTANDING bound to: 16 - type: integer 
	Parameter NUM_WRITE_OUTSTANDING bound to: 16 - type: integer 
	Parameter MAX_READ_BURST_LENGTH bound to: 16 - type: integer 
	Parameter MAX_WRITE_BURST_LENGTH bound to: 16 - type: integer 
	Parameter C_M_AXI_ID_WIDTH bound to: 1 - type: integer 
	Parameter C_M_AXI_ADDR_WIDTH bound to: 64 - type: integer 
	Parameter C_TARGET_ADDR bound to: 0 - type: integer 
	Parameter C_M_AXI_DATA_WIDTH bound to: 64 - type: integer 
	Parameter C_M_AXI_AWUSER_WIDTH bound to: 1 - type: integer 
	Parameter C_M_AXI_ARUSER_WIDTH bound to: 1 - type: integer 
	Parameter C_M_AXI_WUSER_WIDTH bound to: 1 - type: integer 
	Parameter C_M_AXI_RUSER_WIDTH bound to: 1 - type: integer 
	Parameter C_M_AXI_BUSER_WIDTH bound to: 1 - type: integer 
	Parameter C_USER_VALUE bound to: 0 - type: integer 
	Parameter C_PROT_VALUE bound to: 3'b000 
	Parameter C_CACHE_VALUE bound to: 4'b0011 
	Parameter USER_DW bound to: 64 - type: integer 
	Parameter USER_AW bound to: 64 - type: integer 
	Parameter USER_MAXREQS bound to: 69 - type: integer 
INFO: [Synth 8-6157] synthesizing module 'example_gmem_m_axi_write' [/home/anubhav/workspace/hls_example/vivado/hls/hls.gen/sources_1/bd/design_1/ipshared/58de/hdl/verilog/example_gmem_m_axi.v:1729]
	Parameter NUM_WRITE_OUTSTANDING bound to: 16 - type: integer 
	Parameter MAX_WRITE_BURST_LENGTH bound to: 16 - type: integer 
	Parameter C_M_AXI_ID_WIDTH bound to: 1 - type: integer 
	Parameter C_M_AXI_ADDR_WIDTH bound to: 64 - type: integer 
	Parameter C_TARGET_ADDR bound to: 0 - type: integer 
	Parameter C_M_AXI_DATA_WIDTH bound to: 64 - type: integer 
	Parameter C_M_AXI_AWUSER_WIDTH bound to: 1 - type: integer 
	Parameter C_M_AXI_WUSER_WIDTH bound to: 1 - type: integer 
	Parameter C_M_AXI_BUSER_WIDTH bound to: 1 - type: integer 
	Parameter C_USER_VALUE bound to: 0 - type: integer 
	Parameter C_PROT_VALUE bound to: 3'b000 
	Parameter C_CACHE_VALUE bound to: 4'b0011 
	Parameter USER_DW bound to: 64 - type: integer 
	Parameter USER_AW bound to: 64 - type: integer 
	Parameter USER_MAXREQS bound to: 69 - type: integer 
	Parameter USER_DATA_WIDTH bound to: 64 - type: integer 
	Parameter USER_DATA_BYTES bound to: 8 - type: integer 
	Parameter USER_ADDR_ALIGN bound to: 3 - type: integer 
	Parameter BUS_DATA_WIDTH bound to: 64 - type: integer 
	Parameter BUS_DATA_BYTES bound to: 8 - type: integer 
	Parameter BUS_ADDR_ALIGN bound to: 3 - type: integer 
	Parameter NUM_WRITE_WIDTH bound to: 4 - type: integer 
	Parameter TARGET_ADDR bound to: 0 - type: integer 
	Parameter BOUNDARY_BEATS bound to: 9'b111111111 
INFO: [Synth 8-6157] synthesizing module 'example_gmem_m_axi_fifo' [/home/anubhav/workspace/hls_example/vivado/hls/hls.gen/sources_1/bd/design_1/ipshared/58de/hdl/verilog/example_gmem_m_axi.v:418]
	Parameter DATA_BITS bound to: 8 - type: integer 
	Parameter DEPTH bound to: 69 - type: integer 
	Parameter DEPTH_BITS bound to: 7 - type: integer 
INFO: [Synth 8-6155] done synthesizing module 'example_gmem_m_axi_fifo' (2#1) [/home/anubhav/workspace/hls_example/vivado/hls/hls.gen/sources_1/bd/design_1/ipshared/58de/hdl/verilog/example_gmem_m_axi.v:418]
INFO: [Synth 8-6157] synthesizing module 'example_gmem_m_axi_reg_slice' [/home/anubhav/workspace/hls_example/vivado/hls/hls.gen/sources_1/bd/design_1/ipshared/58de/hdl/verilog/example_gmem_m_axi.v:314]
	Parameter N bound to: 96 - type: integer 
	Parameter ZERO bound to: 2'b10 
	Parameter ONE bound to: 2'b11 
	Parameter TWO bound to: 2'b01 
INFO: [Synth 8-6155] done synthesizing module 'example_gmem_m_axi_reg_slice' (3#1) [/home/anubhav/workspace/hls_example/vivado/hls/hls.gen/sources_1/bd/design_1/ipshared/58de/hdl/verilog/example_gmem_m_axi.v:314]
INFO: [Synth 8-6157] synthesizing module 'example_gmem_m_axi_fifo__parameterized0' [/home/anubhav/workspace/hls_example/vivado/hls/hls.gen/sources_1/bd/design_1/ipshared/58de/hdl/verilog/example_gmem_m_axi.v:418]
	Parameter DATA_BITS bound to: 96 - type: integer 
	Parameter DEPTH bound to: 69 - type: integer 
	Parameter DEPTH_BITS bound to: 7 - type: integer 
INFO: [Synth 8-6155] done synthesizing module 'example_gmem_m_axi_fifo__parameterized0' (3#1) [/home/anubhav/workspace/hls_example/vivado/hls/hls.gen/sources_1/bd/design_1/ipshared/58de/hdl/verilog/example_gmem_m_axi.v:418]
INFO: [Synth 8-6157] synthesizing module 'example_gmem_m_axi_buffer' [/home/anubhav/workspace/hls_example/vivado/hls/hls.gen/sources_1/bd/design_1/ipshared/58de/hdl/verilog/example_gmem_m_axi.v:529]
	Parameter MEM_STYLE bound to: block - type: string 
	Parameter DATA_WIDTH bound to: 72 - type: integer 
	Parameter ADDR_WIDTH bound to: 8 - type: integer 
	Parameter DEPTH bound to: 256 - type: integer 
WARNING: [Synth 8-589] replacing case/wildcard equality operator === with logical equality operator == [/home/anubhav/workspace/hls_example/vivado/hls/hls.gen/sources_1/bd/design_1/ipshared/58de/hdl/verilog/example_gmem_m_axi.v:582]
INFO: [Synth 8-6155] done synthesizing module 'example_gmem_m_axi_buffer' (4#1) [/home/anubhav/workspace/hls_example/vivado/hls/hls.gen/sources_1/bd/design_1/ipshared/58de/hdl/verilog/example_gmem_m_axi.v:529]
INFO: [Synth 8-6157] synthesizing module 'example_gmem_m_axi_fifo__parameterized1' [/home/anubhav/workspace/hls_example/vivado/hls/hls.gen/sources_1/bd/design_1/ipshared/58de/hdl/verilog/example_gmem_m_axi.v:418]
	Parameter DATA_BITS bound to: 2 - type: integer 
	Parameter DEPTH bound to: 15 - type: integer 
	Parameter DEPTH_BITS bound to: 4 - type: integer 
INFO: [Synth 8-6155] done synthesizing module 'example_gmem_m_axi_fifo__parameterized1' (4#1) [/home/anubhav/workspace/hls_example/vivado/hls/hls.gen/sources_1/bd/design_1/ipshared/58de/hdl/verilog/example_gmem_m_axi.v:418]
INFO: [Synth 8-6157] synthesizing module 'example_gmem_m_axi_fifo__parameterized2' [/home/anubhav/workspace/hls_example/vivado/hls/hls.gen/sources_1/bd/design_1/ipshared/58de/hdl/verilog/example_gmem_m_axi.v:418]
	Parameter DATA_BITS bound to: 2 - type: integer 
	Parameter DEPTH bound to: 69 - type: integer 
	Parameter DEPTH_BITS bound to: 7 - type: integer 
INFO: [Synth 8-6155] done synthesizing module 'example_gmem_m_axi_fifo__parameterized2' (4#1) [/home/anubhav/workspace/hls_example/vivado/hls/hls.gen/sources_1/bd/design_1/ipshared/58de/hdl/verilog/example_gmem_m_axi.v:418]
INFO: [Synth 8-6155] done synthesizing module 'example_gmem_m_axi_write' (5#1) [/home/anubhav/workspace/hls_example/vivado/hls/hls.gen/sources_1/bd/design_1/ipshared/58de/hdl/verilog/example_gmem_m_axi.v:1729]
INFO: [Synth 8-6157] synthesizing module 'example_gmem_m_axi_read' [/home/anubhav/workspace/hls_example/vivado/hls/hls.gen/sources_1/bd/design_1/ipshared/58de/hdl/verilog/example_gmem_m_axi.v:932]
	Parameter NUM_READ_OUTSTANDING bound to: 16 - type: integer 
	Parameter MAX_READ_BURST_LENGTH bound to: 16 - type: integer 
	Parameter C_M_AXI_ID_WIDTH bound to: 1 - type: integer 
	Parameter C_M_AXI_ADDR_WIDTH bound to: 64 - type: integer 
	Parameter C_TARGET_ADDR bound to: 0 - type: integer 
	Parameter C_M_AXI_DATA_WIDTH bound to: 64 - type: integer 
	Parameter C_M_AXI_ARUSER_WIDTH bound to: 1 - type: integer 
	Parameter C_M_AXI_RUSER_WIDTH bound to: 1 - type: integer 
	Parameter C_USER_VALUE bound to: 0 - type: integer 
	Parameter C_PROT_VALUE bound to: 3'b000 
	Parameter C_CACHE_VALUE bound to: 4'b0011 
	Parameter USER_DW bound to: 64 - type: integer 
	Parameter USER_AW bound to: 64 - type: integer 
	Parameter USER_MAXREQS bound to: 69 - type: integer 
	Parameter USER_DATA_WIDTH bound to: 64 - type: integer 
	Parameter USER_DATA_BYTES bound to: 8 - type: integer 
	Parameter USER_ADDR_ALIGN bound to: 3 - type: integer 
	Parameter BUS_DATA_WIDTH bound to: 64 - type: integer 
	Parameter BUS_DATA_BYTES bound to: 8 - type: integer 
	Parameter BUS_ADDR_ALIGN bound to: 3 - type: integer 
	Parameter NUM_READ_WIDTH bound to: 4 - type: integer 
	Parameter TARGET_ADDR bound to: 0 - type: integer 
	Parameter BOUNDARY_BEATS bound to: 9'b111111111 
INFO: [Synth 8-6157] synthesizing module 'example_gmem_m_axi_buffer__parameterized0' [/home/anubhav/workspace/hls_example/vivado/hls/hls.gen/sources_1/bd/design_1/ipshared/58de/hdl/verilog/example_gmem_m_axi.v:529]
	Parameter MEM_STYLE bound to: block - type: string 
	Parameter DATA_WIDTH bound to: 67 - type: integer 
	Parameter ADDR_WIDTH bound to: 8 - type: integer 
	Parameter DEPTH bound to: 256 - type: integer 
WARNING: [Synth 8-589] replacing case/wildcard equality operator === with logical equality operator == [/home/anubhav/workspace/hls_example/vivado/hls/hls.gen/sources_1/bd/design_1/ipshared/58de/hdl/verilog/example_gmem_m_axi.v:582]
INFO: [Synth 8-6155] done synthesizing module 'example_gmem_m_axi_buffer__parameterized0' (5#1) [/home/anubhav/workspace/hls_example/vivado/hls/hls.gen/sources_1/bd/design_1/ipshared/58de/hdl/verilog/example_gmem_m_axi.v:529]
INFO: [Synth 8-6157] synthesizing module 'example_gmem_m_axi_reg_slice__parameterized0' [/home/anubhav/workspace/hls_example/vivado/hls/hls.gen/sources_1/bd/design_1/ipshared/58de/hdl/verilog/example_gmem_m_axi.v:314]
	Parameter N bound to: 66 - type: integer 
	Parameter ZERO bound to: 2'b10 
	Parameter ONE bound to: 2'b11 
	Parameter TWO bound to: 2'b01 
INFO: [Synth 8-6155] done synthesizing module 'example_gmem_m_axi_reg_slice__parameterized0' (5#1) [/home/anubhav/workspace/hls_example/vivado/hls/hls.gen/sources_1/bd/design_1/ipshared/58de/hdl/verilog/example_gmem_m_axi.v:314]
INFO: [Synth 8-6155] done synthesizing module 'example_gmem_m_axi_read' (6#1) [/home/anubhav/workspace/hls_example/vivado/hls/hls.gen/sources_1/bd/design_1/ipshared/58de/hdl/verilog/example_gmem_m_axi.v:932]
INFO: [Synth 8-6157] synthesizing module 'example_gmem_m_axi_throttle' [/home/anubhav/workspace/hls_example/vivado/hls/hls.gen/sources_1/bd/design_1/ipshared/58de/hdl/verilog/example_gmem_m_axi.v:710]
	Parameter USED_FIX bound to: 0 - type: integer 
	Parameter FIX_VALUE bound to: 4 - type: integer 
	Parameter ADDR_WIDTH bound to: 64 - type: integer 
	Parameter DATA_WIDTH bound to: 64 - type: integer 
	Parameter DEPTH bound to: 16 - type: integer 
	Parameter USER_MAXREQS bound to: 16 - type: integer 
	Parameter CONSERVATIVE bound to: 0 - type: integer 
	Parameter AVERAGE_MODE bound to: 0 - type: integer 
INFO: [Synth 8-6155] done synthesizing module 'example_gmem_m_axi_throttle' (7#1) [/home/anubhav/workspace/hls_example/vivado/hls/hls.gen/sources_1/bd/design_1/ipshared/58de/hdl/verilog/example_gmem_m_axi.v:710]
INFO: [Synth 8-6155] done synthesizing module 'example_gmem_m_axi' (8#1) [/home/anubhav/workspace/hls_example/vivado/hls/hls.gen/sources_1/bd/design_1/ipshared/58de/hdl/verilog/example_gmem_m_axi.v:8]
INFO: [Synth 8-6157] synthesizing module 'example_buff' [/home/anubhav/workspace/hls_example/vivado/hls/hls.gen/sources_1/bd/design_1/ipshared/58de/hdl/verilog/example_buff.v:46]
	Parameter DataWidth bound to: 32 - type: integer 
	Parameter AddressRange bound to: 50 - type: integer 
	Parameter AddressWidth bound to: 6 - type: integer 
INFO: [Synth 8-6157] synthesizing module 'example_buff_ram' [/home/anubhav/workspace/hls_example/vivado/hls/hls.gen/sources_1/bd/design_1/ipshared/58de/hdl/verilog/example_buff.v:6]
	Parameter DWIDTH bound to: 32 - type: integer 
	Parameter AWIDTH bound to: 6 - type: integer 
	Parameter MEM_SIZE bound to: 50 - type: integer 
INFO: [Synth 8-6155] done synthesizing module 'example_buff_ram' (9#1) [/home/anubhav/workspace/hls_example/vivado/hls/hls.gen/sources_1/bd/design_1/ipshared/58de/hdl/verilog/example_buff.v:6]
INFO: [Synth 8-6155] done synthesizing module 'example_buff' (10#1) [/home/anubhav/workspace/hls_example/vivado/hls/hls.gen/sources_1/bd/design_1/ipshared/58de/hdl/verilog/example_buff.v:46]
INFO: [Synth 8-6155] done synthesizing module 'example' (11#1) [/home/anubhav/workspace/hls_example/vivado/hls/hls.gen/sources_1/bd/design_1/ipshared/58de/hdl/verilog/example.v:12]
INFO: [Synth 8-6155] done synthesizing module 'design_1_example_0_0' (12#1) [/home/anubhav/workspace/hls_example/vivado/hls/hls.gen/sources_1/bd/design_1/ip/design_1_example_0_0/synth/design_1_example_0_0.v:59]
---------------------------------------------------------------------------------
Finished RTL Elaboration : Time (s): cpu = 00:00:10 ; elapsed = 00:00:12 . Memory (MB): peak = 2386.996 ; gain = 0.000 ; free physical = 1355 ; free virtual = 5465
---------------------------------------------------------------------------------
---------------------------------------------------------------------------------
Start Handling Custom Attributes
---------------------------------------------------------------------------------
---------------------------------------------------------------------------------
Finished Handling Custom Attributes : Time (s): cpu = 00:00:11 ; elapsed = 00:00:14 . Memory (MB): peak = 2386.996 ; gain = 0.000 ; free physical = 1469 ; free virtual = 5575
---------------------------------------------------------------------------------
---------------------------------------------------------------------------------
Finished RTL Optimization Phase 1 : Time (s): cpu = 00:00:11 ; elapsed = 00:00:14 . Memory (MB): peak = 2386.996 ; gain = 0.000 ; free physical = 1470 ; free virtual = 5576
---------------------------------------------------------------------------------
Netlist sorting complete. Time (s): cpu = 00:00:00.22 ; elapsed = 00:00:00.22 . Memory (MB): peak = 2386.996 ; gain = 0.000 ; free physical = 1495 ; free virtual = 5603
INFO: [Project 1-570] Preparing netlist for logic optimization

Processing XDC Constraints
Initializing timing engine
Parsing XDC File [/home/anubhav/workspace/hls_example/vivado/hls/hls.gen/sources_1/bd/design_1/ip/design_1_example_0_0/constraints/example_ooc.xdc] for cell 'inst'
Finished Parsing XDC File [/home/anubhav/workspace/hls_example/vivado/hls/hls.gen/sources_1/bd/design_1/ip/design_1_example_0_0/constraints/example_ooc.xdc] for cell 'inst'
Parsing XDC File [/home/anubhav/workspace/hls_example/vivado/hls/hls.runs/design_1_example_0_0_synth_1/dont_touch.xdc]
Finished Parsing XDC File [/home/anubhav/workspace/hls_example/vivado/hls/hls.runs/design_1_example_0_0_synth_1/dont_touch.xdc]
Completed Processing XDC Constraints

Netlist sorting complete. Time (s): cpu = 00:00:00.01 ; elapsed = 00:00:00 . Memory (MB): peak = 2501.535 ; gain = 0.000 ; free physical = 2196 ; free virtual = 6303
INFO: [Project 1-111] Unisim Transformation Summary:
No Unisim elements were transformed.

Constraint Validation Runtime : Time (s): cpu = 00:00:00.58 ; elapsed = 00:00:00.36 . Memory (MB): peak = 2512.441 ; gain = 10.906 ; free physical = 2186 ; free virtual = 6292
---------------------------------------------------------------------------------
Finished Constraint Validation : Time (s): cpu = 00:00:21 ; elapsed = 00:00:24 . Memory (MB): peak = 2512.441 ; gain = 125.445 ; free physical = 2318 ; free virtual = 6427
---------------------------------------------------------------------------------
---------------------------------------------------------------------------------
Start Loading Part and Timing Information
---------------------------------------------------------------------------------
Loading part: xc7z020clg400-1
---------------------------------------------------------------------------------
Finished Loading Part and Timing Information : Time (s): cpu = 00:00:21 ; elapsed = 00:00:24 . Memory (MB): peak = 2512.441 ; gain = 125.445 ; free physical = 2318 ; free virtual = 6427
---------------------------------------------------------------------------------
---------------------------------------------------------------------------------
Start Applying 'set_property' XDC Constraints
---------------------------------------------------------------------------------
Applied set_property KEEP_HIERARCHY = SOFT for inst. (constraint file  /home/anubhav/workspace/hls_example/vivado/hls/hls.runs/design_1_example_0_0_synth_1/dont_touch.xdc, line 9).
---------------------------------------------------------------------------------
Finished applying 'set_property' XDC Constraints : Time (s): cpu = 00:00:21 ; elapsed = 00:00:24 . Memory (MB): peak = 2512.441 ; gain = 125.445 ; free physical = 2318 ; free virtual = 6427
---------------------------------------------------------------------------------
INFO: [Synth 8-802] inferred FSM for state register 'wstate_reg' in module 'example_control_s_axi'
INFO: [Synth 8-802] inferred FSM for state register 'rstate_reg' in module 'example_control_s_axi'
INFO: [Synth 8-802] inferred FSM for state register 'state_reg' in module 'example_gmem_m_axi_reg_slice'
INFO: [Synth 8-802] inferred FSM for state register 'state_reg' in module 'example_gmem_m_axi_reg_slice__parameterized0'
INFO: [Synth 8-4490] FSM extraction disabled for register 'ap_CS_fsm_reg' through user attribute
---------------------------------------------------------------------------------------------------
                   State |                     New Encoding |                Previous Encoding 
---------------------------------------------------------------------------------------------------
                  iSTATE |                             0001 |                               11
*
                  WRIDLE |                             0010 |                               00
                  WRDATA |                             0100 |                               01
                  WRRESP |                             1000 |                               10
---------------------------------------------------------------------------------------------------
INFO: [Synth 8-3354] encoded FSM with state register 'wstate_reg' using encoding 'one-hot' in module 'example_control_s_axi'
---------------------------------------------------------------------------------------------------
                   State |                     New Encoding |                Previous Encoding 
---------------------------------------------------------------------------------------------------
                  iSTATE |                              001 |                               10
*
                  RDIDLE |                              010 |                               00
                  RDDATA |                              100 |                               01
---------------------------------------------------------------------------------------------------
INFO: [Synth 8-3354] encoded FSM with state register 'rstate_reg' using encoding 'one-hot' in module 'example_control_s_axi'
---------------------------------------------------------------------------------------------------
                   State |                     New Encoding |                Previous Encoding 
---------------------------------------------------------------------------------------------------
                    ZERO |                               00 |                               10
                     ONE |                               10 |                               11
                     TWO |                               01 |                               01
---------------------------------------------------------------------------------------------------
INFO: [Synth 8-3354] encoded FSM with state register 'state_reg' using encoding 'sequential' in module 'example_gmem_m_axi_reg_slice'
---------------------------------------------------------------------------------------------------
                   State |                     New Encoding |                Previous Encoding 
---------------------------------------------------------------------------------------------------
                    ZERO |                               00 |                               10
                     ONE |                               10 |                               11
                     TWO |                               01 |                               01
---------------------------------------------------------------------------------------------------
INFO: [Synth 8-3354] encoded FSM with state register 'state_reg' using encoding 'sequential' in module 'example_gmem_m_axi_reg_slice__parameterized0'
---------------------------------------------------------------------------------
Finished RTL Optimization Phase 2 : Time (s): cpu = 00:00:24 ; elapsed = 00:00:27 . Memory (MB): peak = 2512.441 ; gain = 125.445 ; free physical = 2287 ; free virtual = 6401
---------------------------------------------------------------------------------
---------------------------------------------------------------------------------
Start RTL Component Statistics 
---------------------------------------------------------------------------------
Detailed RTL Component Info : 
+---Adders : 
	   2 Input   64 Bit       Adders := 4     
	   2 Input   52 Bit       Adders := 2     
	   2 Input   32 Bit       Adders := 3     
	   2 Input   12 Bit       Adders := 2     
	   2 Input    9 Bit       Adders := 3     
	   2 Input    8 Bit       Adders := 7     
	   2 Input    7 Bit       Adders := 4     
	   2 Input    6 Bit       Adders := 3     
	   2 Input    5 Bit       Adders := 2     
	   2 Input    4 Bit       Adders := 2     
+---XORs : 
	   2 Input      1 Bit         XORs := 2     
+---Registers : 
	              144 Bit    Registers := 1     
	               96 Bit    Registers := 6     
	               72 Bit    Registers := 3     
	               67 Bit    Registers := 3     
	               66 Bit    Registers := 2     
	               64 Bit    Registers := 13    
	               61 Bit    Registers := 2     
	               52 Bit    Registers := 2     
	               32 Bit    Registers := 12    
	                9 Bit    Registers := 5     
	                8 Bit    Registers := 9     
	                7 Bit    Registers := 4     
	                6 Bit    Registers := 9     
	                5 Bit    Registers := 3     
	                4 Bit    Registers := 2     
	                2 Bit    Registers := 9     
	                1 Bit    Registers := 83    
+---RAMs : 
	              18K Bit	(256 X 72 bit)          RAMs := 1     
	              16K Bit	(256 X 67 bit)          RAMs := 1     
	               1K Bit	(50 X 32 bit)          RAMs := 1     
+---Muxes : 
	   2 Input  144 Bit        Muxes := 1     
	 145 Input  144 Bit        Muxes := 1     
	   2 Input   96 Bit        Muxes := 2     
	   3 Input   77 Bit        Muxes := 1     
	   2 Input   76 Bit        Muxes := 1     
	   3 Input   75 Bit        Muxes := 1     
	   3 Input   73 Bit        Muxes := 1     
	   2 Input   72 Bit        Muxes := 1     
	   2 Input   67 Bit        Muxes := 1     
	   2 Input   66 Bit        Muxes := 1     
	   2 Input   64 Bit        Muxes := 7     
	   2 Input   52 Bit        Muxes := 2     
	   2 Input   32 Bit        Muxes := 2     
	   4 Input   12 Bit        Muxes := 2     
	   2 Input    9 Bit        Muxes := 5     
	   2 Input    8 Bit        Muxes := 10    
	   4 Input    8 Bit        Muxes := 2     
	   2 Input    6 Bit        Muxes := 4     
	   2 Input    5 Bit        Muxes := 1     
	   4 Input    4 Bit        Muxes := 1     
	   2 Input    4 Bit        Muxes := 4     
	   3 Input    3 Bit        Muxes := 1     
	   2 Input    3 Bit        Muxes := 7     
	   2 Input    2 Bit        Muxes := 40    
	   3 Input    2 Bit        Muxes := 9     
	   5 Input    2 Bit        Muxes := 3     
	   2 Input    1 Bit        Muxes := 68    
---------------------------------------------------------------------------------
Finished RTL Component Statistics 
---------------------------------------------------------------------------------
---------------------------------------------------------------------------------
Start Part Resource Summary
---------------------------------------------------------------------------------
Part Resources:
DSPs: 220 (col length:60)
BRAMs: 280 (col length: RAMB18 60 RAMB36 30)
---------------------------------------------------------------------------------
Finished Part Resource Summary
---------------------------------------------------------------------------------
---------------------------------------------------------------------------------
Start Cross Boundary and Area Optimization
---------------------------------------------------------------------------------
---------------------------------------------------------------------------------
Finished Cross Boundary and Area Optimization : Time (s): cpu = 00:00:33 ; elapsed = 00:00:36 . Memory (MB): peak = 2512.441 ; gain = 125.445 ; free physical = 2122 ; free virtual = 6236
---------------------------------------------------------------------------------
---------------------------------------------------------------------------------
Start ROM, RAM, DSP, Shift Register and Retiming Reporting
---------------------------------------------------------------------------------

Block RAM: Preliminary Mapping	Report (see note below)
+------------+-------------------------------------------+------------------------+---+---+------------------------+---+---+------------------+--------+--------+
|Module Name | RTL Object                                | PORT A (Depth x Width) | W | R | PORT B (Depth x Width) | W | R | Ports driving FF | RAMB18 | RAMB36 | 
+------------+-------------------------------------------+------------------------+---+---+------------------------+---+---+------------------+--------+--------+
|inst        | gmem_m_axi_U/bus_write/buff_wdata/mem_reg | 256 x 72(READ_FIRST)   | W |   | 256 x 72(WRITE_FIRST)  |   | R | Port A and B     | 0      | 1      | 
|inst        | gmem_m_axi_U/bus_read/buff_rdata/mem_reg  | 256 x 67(READ_FIRST)   | W |   | 256 x 67(WRITE_FIRST)  |   | R | Port A and B     | 0      | 1      | 
|inst        | buff_U/example_buff_ram_U/ram_reg         | 50 x 32(READ_FIRST)    | W |   | 50 x 32(WRITE_FIRST)   |   | R | Port A and B     | 1      | 0      | 
+------------+-------------------------------------------+------------------------+---+---+------------------------+---+---+------------------+--------+--------+

Note: The table above is a preliminary report that shows the Block RAMs at the current stage of the synthesis flow. Some Block RAMs may be reimplemented as non Block RAM primitives later in the synthesis flow. Multiple instantiated Block RAMs are reported only once. 
---------------------------------------------------------------------------------
Finished ROM, RAM, DSP, Shift Register and Retiming Reporting
---------------------------------------------------------------------------------
---------------------------------------------------------------------------------
Start Applying XDC Timing Constraints
---------------------------------------------------------------------------------
---------------------------------------------------------------------------------
Finished Applying XDC Timing Constraints : Time (s): cpu = 00:00:39 ; elapsed = 00:00:43 . Memory (MB): peak = 2512.441 ; gain = 125.445 ; free physical = 2133 ; free virtual = 6245
---------------------------------------------------------------------------------
---------------------------------------------------------------------------------
Start Timing Optimization
---------------------------------------------------------------------------------
---------------------------------------------------------------------------------
Finished Timing Optimization : Time (s): cpu = 00:00:44 ; elapsed = 00:00:48 . Memory (MB): peak = 2512.441 ; gain = 125.445 ; free physical = 2249 ; free virtual = 6358
---------------------------------------------------------------------------------
---------------------------------------------------------------------------------
Start ROM, RAM, DSP, Shift Register and Retiming Reporting
---------------------------------------------------------------------------------

Block RAM: Final Mapping	Report
+------------+-------------------------------------------+------------------------+---+---+------------------------+---+---+------------------+--------+--------+
|Module Name | RTL Object                                | PORT A (Depth x Width) | W | R | PORT B (Depth x Width) | W | R | Ports driving FF | RAMB18 | RAMB36 | 
+------------+-------------------------------------------+------------------------+---+---+------------------------+---+---+------------------+--------+--------+
|inst        | gmem_m_axi_U/bus_write/buff_wdata/mem_reg | 256 x 72(READ_FIRST)   | W |   | 256 x 72(WRITE_FIRST)  |   | R | Port A and B     | 0      | 1      | 
|inst        | gmem_m_axi_U/bus_read/buff_rdata/mem_reg  | 256 x 67(READ_FIRST)   | W |   | 256 x 67(WRITE_FIRST)  |   | R | Port A and B     | 0      | 1      | 
|inst        | buff_U/example_buff_ram_U/ram_reg         | 50 x 32(READ_FIRST)    | W |   | 50 x 32(WRITE_FIRST)   |   | R | Port A and B     | 1      | 0      | 
+------------+-------------------------------------------+------------------------+---+---+------------------------+---+---+------------------+--------+--------+

---------------------------------------------------------------------------------
Finished ROM, RAM, DSP, Shift Register and Retiming Reporting
---------------------------------------------------------------------------------
---------------------------------------------------------------------------------
Start Technology Mapping
---------------------------------------------------------------------------------
INFO: [Synth 8-7052] The timing for the instance inst/gmem_m_axi_U/bus_write/buff_wdata/mem_reg (implemented as a Block RAM) might be sub-optimal as no optional output register could be merged into the ram block. Providing additional output register may help in improving timing.
INFO: [Synth 8-7052] The timing for the instance inst/gmem_m_axi_U/bus_read/buff_rdata/mem_reg (implemented as a Block RAM) might be sub-optimal as no optional output register could be merged into the ram block. Providing additional output register may help in improving timing.
---------------------------------------------------------------------------------
Finished Technology Mapping : Time (s): cpu = 00:00:46 ; elapsed = 00:00:50 . Memory (MB): peak = 2512.441 ; gain = 125.445 ; free physical = 2241 ; free virtual = 6350
---------------------------------------------------------------------------------
---------------------------------------------------------------------------------
Start IO Insertion
---------------------------------------------------------------------------------
---------------------------------------------------------------------------------
Start Flattening Before IO Insertion
---------------------------------------------------------------------------------
---------------------------------------------------------------------------------
Finished Flattening Before IO Insertion
---------------------------------------------------------------------------------
---------------------------------------------------------------------------------
Start Final Netlist Cleanup
---------------------------------------------------------------------------------
---------------------------------------------------------------------------------
Finished Final Netlist Cleanup
---------------------------------------------------------------------------------
---------------------------------------------------------------------------------
Finished IO Insertion : Time (s): cpu = 00:00:49 ; elapsed = 00:00:53 . Memory (MB): peak = 2512.441 ; gain = 125.445 ; free physical = 3104 ; free virtual = 7213
---------------------------------------------------------------------------------
---------------------------------------------------------------------------------
Start Renaming Generated Instances
---------------------------------------------------------------------------------
---------------------------------------------------------------------------------
Finished Renaming Generated Instances : Time (s): cpu = 00:00:49 ; elapsed = 00:00:53 . Memory (MB): peak = 2512.441 ; gain = 125.445 ; free physical = 3104 ; free virtual = 7213
---------------------------------------------------------------------------------
---------------------------------------------------------------------------------
Start Rebuilding User Hierarchy
---------------------------------------------------------------------------------
---------------------------------------------------------------------------------
Finished Rebuilding User Hierarchy : Time (s): cpu = 00:00:49 ; elapsed = 00:00:53 . Memory (MB): peak = 2512.441 ; gain = 125.445 ; free physical = 3104 ; free virtual = 7213
---------------------------------------------------------------------------------
---------------------------------------------------------------------------------
Start Renaming Generated Ports
---------------------------------------------------------------------------------
---------------------------------------------------------------------------------
Finished Renaming Generated Ports : Time (s): cpu = 00:00:49 ; elapsed = 00:00:53 . Memory (MB): peak = 2512.441 ; gain = 125.445 ; free physical = 3104 ; free virtual = 7213
---------------------------------------------------------------------------------
---------------------------------------------------------------------------------
Start Handling Custom Attributes
---------------------------------------------------------------------------------
---------------------------------------------------------------------------------
Finished Handling Custom Attributes : Time (s): cpu = 00:00:50 ; elapsed = 00:00:54 . Memory (MB): peak = 2512.441 ; gain = 125.445 ; free physical = 3104 ; free virtual = 7213
---------------------------------------------------------------------------------
---------------------------------------------------------------------------------
Start Renaming Generated Nets
---------------------------------------------------------------------------------
---------------------------------------------------------------------------------
Finished Renaming Generated Nets : Time (s): cpu = 00:00:50 ; elapsed = 00:00:54 . Memory (MB): peak = 2512.441 ; gain = 125.445 ; free physical = 3104 ; free virtual = 7213
---------------------------------------------------------------------------------
---------------------------------------------------------------------------------
Start ROM, RAM, DSP, Shift Register and Retiming Reporting
---------------------------------------------------------------------------------

Dynamic Shift Register Report:
+------------+-------------+--------+------------+--------+---------+--------+--------+--------+
|Module Name | RTL Name    | Length | Data Width | SRL16E | SRLC32E | Mux F7 | Mux F8 | Mux F9 | 
+------------+-------------+--------+------------+--------+---------+--------+--------+--------+
|dsrl        | mem_reg[68] | 8      | 8          | 0      | 24      | 16     | 8      | 0      | 
|dsrl__1     | mem_reg[68] | 96     | 96         | 0      | 288     | 192    | 96     | 0      | 
|dsrl__2     | mem_reg[14] | 2      | 2          | 2      | 0       | 0      | 0      | 0      | 
|dsrl__3     | mem_reg[68] | 2      | 2          | 0      | 6       | 4      | 2      | 0      | 
+------------+-------------+--------+------------+--------+---------+--------+--------+--------+

---------------------------------------------------------------------------------
Finished ROM, RAM, DSP, Shift Register and Retiming Reporting
---------------------------------------------------------------------------------
---------------------------------------------------------------------------------
Start Writing Synthesis Report
---------------------------------------------------------------------------------

Report BlackBoxes: 
+-+--------------+----------+
| |BlackBox name |Instances |
+-+--------------+----------+
+-+--------------+----------+

Report Cell Usage: 
+------+---------+------+
|      |Cell     |Count |
+------+---------+------+
|1     |CARRY4   |   136|
|2     |LUT1     |    35|
|3     |LUT2     |   163|
|4     |LUT3     |   610|
|5     |LUT4     |   417|
|6     |LUT5     |   122|
|7     |LUT6     |   249|
|8     |MUXF7    |   132|
|9     |RAMB18E1 |     1|
|10    |RAMB36E1 |     2|
|11    |SRL16E   |     2|
|12    |SRLC32E  |   396|
|13    |FDRE     |  2532|
|14    |FDSE     |     4|
+------+---------+------+
---------------------------------------------------------------------------------
Finished Writing Synthesis Report : Time (s): cpu = 00:00:50 ; elapsed = 00:00:54 . Memory (MB): peak = 2512.441 ; gain = 125.445 ; free physical = 3104 ; free virtual = 7213
---------------------------------------------------------------------------------
Synthesis finished with 0 errors, 0 critical warnings and 0 warnings.
Synthesis Optimization Runtime : Time (s): cpu = 00:00:44 ; elapsed = 00:00:49 . Memory (MB): peak = 2512.441 ; gain = 0.000 ; free physical = 3178 ; free virtual = 7287
Synthesis Optimization Complete : Time (s): cpu = 00:00:50 ; elapsed = 00:00:54 . Memory (MB): peak = 2512.449 ; gain = 125.445 ; free physical = 3178 ; free virtual = 7287
INFO: [Project 1-571] Translating synthesized netlist
Netlist sorting complete. Time (s): cpu = 00:00:00.06 ; elapsed = 00:00:00.06 . Memory (MB): peak = 2512.449 ; gain = 0.000 ; free physical = 3262 ; free virtual = 7372
INFO: [Netlist 29-17] Analyzing 271 Unisim elements for replacement
INFO: [Netlist 29-28] Unisim Transformation completed in 0 CPU seconds
INFO: [Project 1-570] Preparing netlist for logic optimization
INFO: [Opt 31-138] Pushed 0 inverter(s) to 0 load pin(s).
Netlist sorting complete. Time (s): cpu = 00:00:00 ; elapsed = 00:00:00 . Memory (MB): peak = 2512.449 ; gain = 0.000 ; free physical = 3210 ; free virtual = 7321
INFO: [Project 1-111] Unisim Transformation Summary:
No Unisim elements were transformed.

INFO: [Common 17-83] Releasing license: Synthesis
63 Infos, 3 Warnings, 0 Critical Warnings and 0 Errors encountered.
synth_design completed successfully
synth_design: Time (s): cpu = 00:01:02 ; elapsed = 00:01:01 . Memory (MB): peak = 2512.449 ; gain = 125.680 ; free physical = 3370 ; free virtual = 7480
INFO: [Common 17-1381] The checkpoint '/home/anubhav/workspace/hls_example/vivado/hls/hls.runs/design_1_example_0_0_synth_1/design_1_example_0_0.dcp' has been generated.
WARNING: [Common 17-576] 'use_project_ipc' is deprecated. This option is deprecated and no longer used.
INFO: [Coretcl 2-1648] Added synthesis output to IP cache for IP design_1_example_0_0, cache-ID = a918138d8c3a9f89
INFO: [Coretcl 2-1174] Renamed 19 cell refs.
INFO: [Common 17-1381] The checkpoint '/home/anubhav/workspace/hls_example/vivado/hls/hls.runs/design_1_example_0_0_synth_1/design_1_example_0_0.dcp' has been generated.
INFO: [runtcl-4] Executing : report_utilization -file design_1_example_0_0_utilization_synth.rpt -pb design_1_example_0_0_utilization_synth.pb
INFO: [Common 17-206] Exiting Vivado at Thu Jan 27 13:14:10 2022...
