Copyright 1986-2020 Xilinx, Inc. All Rights Reserved.
----------------------------------------------------------------------------------------------------------------------------------------------------
| Tool Version     : Vivado v.2020.2 (lin64) Build 3064766 Wed Nov 18 09:12:47 MST 2020
| Date             : Wed May 25 04:23:39 2022
| Host             : anubhav-acer running 64-bit Ubuntu 20.04.4 LTS
| Command          : report_power -file nn_wrapper_power_routed.rpt -pb nn_wrapper_power_summary_routed.pb -rpx nn_wrapper_power_routed.rpx
| Design           : nn_wrapper
| Device           : xc7z020clg400-1
| Design State     : routed
| Grade            : commercial
| Process          : typical
| Characterization : Production
----------------------------------------------------------------------------------------------------------------------------------------------------

Power Report

Table of Contents
-----------------
1. Summary
1.1 On-Chip Components
1.2 Power Supply Summary
1.3 Confidence Level
2. Settings
2.1 Environment
2.2 Clock Constraints
3. Detailed Reports
3.1 By Hierarchy

1. Summary
----------

+--------------------------+--------------+
| Total On-Chip Power (W)  | 1.855        |
| Design Power Budget (W)  | Unspecified* |
| Power Budget Margin (W)  | NA           |
| Dynamic (W)              | 1.700        |
| Device Static (W)        | 0.155        |
| Effective TJA (C/W)      | 11.5         |
| Max Ambient (C)          | 63.6         |
| Junction Temperature (C) | 46.4         |
| Confidence Level         | Medium       |
| Setting File             | ---          |
| Simulation Activity File | ---          |
| Design Nets Matched      | NA           |
+--------------------------+--------------+
* Specify Design Power Budget using, set_operating_conditions -design_power_budget <value in Watts>


1.1 On-Chip Components
----------------------

+--------------------------+-----------+----------+-----------+-----------------+
| On-Chip                  | Power (W) | Used     | Available | Utilization (%) |
+--------------------------+-----------+----------+-----------+-----------------+
| Clocks                   |     0.071 |        3 |       --- |             --- |
| Slice Logic              |     0.052 |    55355 |       --- |             --- |
|   LUT as Logic           |     0.042 |    18400 |     53200 |           34.59 |
|   CARRY4                 |     0.006 |     2565 |     13300 |           19.29 |
|   Register               |     0.004 |    27365 |    106400 |           25.72 |
|   LUT as Shift Register  |    <0.001 |      935 |     17400 |            5.37 |
|   F7/F8 Muxes            |    <0.001 |      176 |     53200 |            0.33 |
|   LUT as Distributed RAM |    <0.001 |       14 |     17400 |            0.08 |
|   Others                 |     0.000 |      931 |       --- |             --- |
| Signals                  |     0.085 |    46629 |       --- |             --- |
| Block RAM                |     0.147 |     80.5 |       140 |           57.50 |
| DSPs                     |     0.083 |      162 |       220 |           73.64 |
| PS7                      |     1.262 |        1 |       --- |             --- |
| Static Power             |     0.155 |          |           |                 |
| Total                    |     1.855 |          |           |                 |
+--------------------------+-----------+----------+-----------+-----------------+


1.2 Power Supply Summary
------------------------

+-----------+-------------+-----------+-------------+------------+-------------+-------------+------------+
| Source    | Voltage (V) | Total (A) | Dynamic (A) | Static (A) | Powerup (A) | Budget (A)  | Margin (A) |
+-----------+-------------+-----------+-------------+------------+-------------+-------------+------------+
| Vccint    |       1.000 |     0.448 |       0.428 |      0.019 |       NA    | Unspecified | NA         |
| Vccaux    |       1.800 |     0.016 |       0.000 |      0.016 |       NA    | Unspecified | NA         |
| Vcco33    |       3.300 |     0.000 |       0.000 |      0.000 |       NA    | Unspecified | NA         |
| Vcco25    |       2.500 |     0.000 |       0.000 |      0.000 |       NA    | Unspecified | NA         |
| Vcco18    |       1.800 |     0.000 |       0.000 |      0.000 |       NA    | Unspecified | NA         |
| Vcco15    |       1.500 |     0.000 |       0.000 |      0.000 |       NA    | Unspecified | NA         |
| Vcco135   |       1.350 |     0.000 |       0.000 |      0.000 |       NA    | Unspecified | NA         |
| Vcco12    |       1.200 |     0.000 |       0.000 |      0.000 |       NA    | Unspecified | NA         |
| Vccaux_io |       1.800 |     0.000 |       0.000 |      0.000 |       NA    | Unspecified | NA         |
| Vccbram   |       1.000 |     0.016 |       0.010 |      0.006 |       NA    | Unspecified | NA         |
| MGTAVcc   |       1.000 |     0.000 |       0.000 |      0.000 |       NA    | Unspecified | NA         |
| MGTAVtt   |       1.200 |     0.000 |       0.000 |      0.000 |       NA    | Unspecified | NA         |
| MGTVccaux |       1.800 |     0.000 |       0.000 |      0.000 |       NA    | Unspecified | NA         |
| Vccpint   |       1.000 |     0.685 |       0.653 |      0.032 |       NA    | Unspecified | NA         |
| Vccpaux   |       1.800 |     0.036 |       0.026 |      0.010 |       NA    | Unspecified | NA         |
| Vccpll    |       1.800 |     0.017 |       0.014 |      0.003 |       NA    | Unspecified | NA         |
| Vcco_ddr  |       1.500 |     0.354 |       0.352 |      0.002 |       NA    | Unspecified | NA         |
| Vcco_mio0 |       3.300 |     0.003 |       0.002 |      0.001 |       NA    | Unspecified | NA         |
| Vcco_mio1 |       1.800 |     0.003 |       0.002 |      0.001 |       NA    | Unspecified | NA         |
| Vccadc    |       1.800 |     0.020 |       0.000 |      0.020 |       NA    | Unspecified | NA         |
+-----------+-------------+-----------+-------------+------------+-------------+-------------+------------+


1.3 Confidence Level
--------------------

+-----------------------------+------------+------------------------------------------------+------------------------------------------------------------------------------------------------------------+
| User Input Data             | Confidence | Details                                        | Action                                                                                                     |
+-----------------------------+------------+------------------------------------------------+------------------------------------------------------------------------------------------------------------+
| Design implementation state | High       | Design is routed                               |                                                                                                            |
| Clock nodes activity        | High       | User specified more than 95% of clocks         |                                                                                                            |
| I/O nodes activity          | High       | User specified more than 95% of inputs         |                                                                                                            |
| Internal nodes activity     | Medium     | User specified less than 25% of internal nodes | Provide missing internal nodes activity with simulation results or by editing the "By Resource Type" views |
| Device models               | High       | Device models are Production                   |                                                                                                            |
|                             |            |                                                |                                                                                                            |
| Overall confidence level    | Medium     |                                                |                                                                                                            |
+-----------------------------+------------+------------------------------------------------+------------------------------------------------------------------------------------------------------------+


2. Settings
-----------

2.1 Environment
---------------

+-----------------------+------------------------+
| Ambient Temp (C)      | 25.0                   |
| ThetaJA (C/W)         | 11.5                   |
| Airflow (LFM)         | 250                    |
| Heat Sink             | none                   |
| ThetaSA (C/W)         | 0.0                    |
| Board Selection       | medium (10"x10")       |
| # of Board Layers     | 8to11 (8 to 11 Layers) |
| Board Temperature (C) | 25.0                   |
+-----------------------+------------------------+


2.2 Clock Constraints
---------------------

+------------+-------------------------------------------------------+-----------------+
| Clock      | Domain                                                | Constraint (ns) |
+------------+-------------------------------------------------------+-----------------+
| clk_fpga_0 | nn_i/processing_system7_0/inst/FCLK_CLK_unbuffered[0] |            10.0 |
+------------+-------------------------------------------------------+-----------------+


3. Detailed Reports
-------------------

3.1 By Hierarchy
----------------

+--------------------------+-----------+
| Name                     | Power (W) |
+--------------------------+-----------+
| nn_wrapper               |     1.700 |
|   nn_i                   |     1.700 |
|     InputLayer_0         |     0.014 |
|       inst               |     0.014 |
|     axi_mem_intercon     |     0.023 |
|       m00_couplers       |     0.002 |
|       s00_couplers       |     0.002 |
|       s01_couplers       |     0.002 |
|       s02_couplers       |     0.002 |
|       s03_couplers       |     0.002 |
|       s04_couplers       |     0.002 |
|       s05_couplers       |     0.001 |
|       s06_couplers       |     0.001 |
|       s07_couplers       |     0.001 |
|       xbar               |     0.007 |
|     conv_combined_0      |     0.136 |
|       inst               |     0.136 |
|     conv_dy              |     0.002 |
|       U0                 |     0.002 |
|     conv_y               |     0.001 |
|       U0                 |     0.001 |
|     fcc_combined_0       |     0.158 |
|       inst               |     0.158 |
|     fcc_dx               |     0.001 |
|       U0                 |     0.001 |
|     fcc_dy               |     0.003 |
|       U0                 |     0.003 |
|     fcc_x                |     0.003 |
|       U0                 |     0.003 |
|     fcc_y                |     0.003 |
|       U0                 |     0.003 |
|     loss_derivative_0    |     0.055 |
|       inst               |     0.055 |
|     processing_system7_0 |     1.265 |
|       inst               |     1.265 |
|     ps7_0_axi_periph     |     0.005 |
|       s00_couplers       |     0.003 |
|       xbar               |     0.002 |
|     relu_combined_0      |     0.007 |
|       inst               |     0.007 |
|     relu_dy              |     0.002 |
|       U0                 |     0.002 |
|     relu_y               |     0.002 |
|       U0                 |     0.002 |
|     update_weights_0     |     0.020 |
|       inst               |     0.020 |
+--------------------------+-----------+


