#-----------------------------------------------------------
# Vivado v2020.2 (64-bit)
# SW Build 3064766 on Wed Nov 18 09:12:47 MST 2020
# IP Build 3064653 on Wed Nov 18 14:17:31 MST 2020
# Start of session at: Sat May  7 14:26:57 2022
# Process ID: 3995
# Current directory: /home/anubhav/xilinx_projects
# Command line: vivado
# Log file: /home/anubhav/xilinx_projects/vivado.log
# Journal file: /home/anubhav/xilinx_projects/vivado.jou
#-----------------------------------------------------------
start_gui
open_project /home/anubhav/xilinx_projects/nn_v2/nn_v2/nn_v2.xpr
Scanning sources...
Finished scanning sources
INFO: [IP_Flow 19-234] Refreshing IP repositories
INFO: [IP_Flow 19-1700] Loaded user IP repository '/home/anubhav/xilinx_projects/ip_repo'.
INFO: [IP_Flow 19-2313] Loaded Vivado IP repository '/tools/Xilinx/Vivado/2020.2/data/ip'.
INFO: [IP_Flow 19-3899] Cannot get the environment domain name variable for the component vendor name. Setting the vendor name to 'user.org'.
open_project: Time (s): cpu = 00:00:13 ; elapsed = 00:00:13 . Memory (MB): peak = 7217.789 ; gain = 60.320 ; free physical = 25345 ; free virtual = 30761
update_compile_order -fileset sources_1
open_bd_design {/home/anubhav/xilinx_projects/nn_v2/nn_v2/nn_v2.srcs/sources_1/bd/nn/nn.bd}
Reading block design file </home/anubhav/xilinx_projects/nn_v2/nn_v2/nn_v2.srcs/sources_1/bd/nn/nn.bd>...
Adding component instance block -- xilinx.com:ip:processing_system7:5.5 - processing_system7_0
Adding component instance block -- xilinx.com:ip:axi_interconnect:2.1 - ps7_0_axi_periph
Adding component instance block -- xilinx.com:ip:axi_crossbar:2.1 - xbar
Adding component instance block -- xilinx.com:ip:axi_protocol_converter:2.1 - auto_pc
Adding component instance block -- xilinx.com:ip:axi_protocol_converter:2.1 - auto_pc
Adding component instance block -- xilinx.com:ip:axi_protocol_converter:2.1 - auto_pc
Adding component instance block -- xilinx.com:ip:proc_sys_reset:5.0 - rst_ps7_0_100M
Adding component instance block -- xilinx.com:hls:fcc_combined:1.0 - fcc_combined_0
Adding component instance block -- xilinx.com:ip:axi_bram_ctrl:4.1 - axi_bram_ctrl_0
Adding component instance block -- xilinx.com:ip:blk_mem_gen:8.4 - bram_dx
Adding component instance block -- xilinx.com:ip:blk_mem_gen:8.4 - bram_fcc_dy
Adding component instance block -- xilinx.com:ip:blk_mem_gen:8.4 - bram_x
Adding component instance block -- xilinx.com:ip:blk_mem_gen:8.4 - bram_fcc_y
Excluding slave segment /fcc_combined_0/s_axi_CRTL_BUS/Reg from address space /fcc_combined_0/Data_m_axi_gmem.
Excluding slave segment /fcc_combined_0/s_axi_control/Reg from address space /fcc_combined_0/Data_m_axi_gmem.
Successfully read diagram <nn> from block design file </home/anubhav/xilinx_projects/nn_v2/nn_v2/nn_v2.srcs/sources_1/bd/nn/nn.bd>
open_bd_design: Time (s): cpu = 00:00:13 ; elapsed = 00:00:11 . Memory (MB): peak = 8445.445 ; gain = 1009.551 ; free physical = 25085 ; free virtual = 30599
INFO: [IP_Flow 19-3899] Cannot get the environment domain name variable for the component vendor name. Setting the vendor name to 'user.org'.
update_ip_catalog -rebuild
INFO: [IP_Flow 19-234] Refreshing IP repositories
INFO: [IP_Flow 19-1700] Loaded user IP repository '/home/anubhav/xilinx_projects/ip_repo'.
INFO: [IP_Flow 19-3899] Cannot get the environment domain name variable for the component vendor name. Setting the vendor name to 'user.org'.
startgroup
create_bd_cell -type ip -vlnv xilinx.com:hls:conv_combined:1.0 conv_combined_0
endgroup
WARNING: [IP_Flow 19-4318] IP-XACT file does not exist: /home/anubhav/xilinx_projects/ip_repo/conv_combined/solution1/impl/ip/component.xml. It will be created.
update_ip_catalog -rebuild -scan_changes
INFO: [IP_Flow 19-234] Refreshing IP repositories
INFO: [IP_Flow 19-1700] Loaded user IP repository '/home/anubhav/xilinx_projects/ip_repo'.
INFO: [IP_Flow 19-3899] Cannot get the environment domain name variable for the component vendor name. Setting the vendor name to 'user.org'.
report_ip_status -name ip_status
upgrade_ip [get_ips  nn_conv_combined_0_0] -log ip_upgrade.log
Upgrading '/home/anubhav/xilinx_projects/nn_v2/nn_v2/nn_v2.srcs/sources_1/bd/nn/nn.bd'
INFO: [IP_Flow 19-3422] Upgraded nn_conv_combined_0_0 (Conv_combined 1.0) from revision 2112494731 to revision 2112494735
WARNING: [IP_Flow 19-4699] Upgrade has removed interface 'dx_i'
WARNING: [IP_Flow 19-4699] Upgrade has removed interface 'dx_o'
WARNING: [IP_Flow 19-4699] Upgrade has removed interface 'dy'
WARNING: [IP_Flow 19-4699] Upgrade has removed interface 'x'
WARNING: [IP_Flow 19-4699] Upgrade has removed interface 'y'
WARNING: [IP_Flow 19-4697] Upgrade has added interface 'dx_PORTA' (xilinx.com:interface:bram:1.0)
WARNING: [IP_Flow 19-4697] Upgrade has added interface 'dy_PORTA' (xilinx.com:interface:bram:1.0)
WARNING: [IP_Flow 19-4697] Upgrade has added interface 'x_PORTA' (xilinx.com:interface:bram:1.0)
WARNING: [IP_Flow 19-4697] Upgrade has added interface 'y_PORTA' (xilinx.com:interface:bram:1.0)
WARNING: [IP_Flow 19-3670] Detected external interface differences while upgrading 'nn_conv_combined_0_0'.
WARNING: [IP_Flow 19-4700] Upgrade has removed port 'dx_i'
WARNING: [IP_Flow 19-4700] Upgrade has removed port 'dx_o'
WARNING: [IP_Flow 19-4700] Upgrade has removed port 'dx_o_ap_vld'
WARNING: [IP_Flow 19-4700] Upgrade has removed port 'dy'
WARNING: [IP_Flow 19-4700] Upgrade has removed port 'x'
WARNING: [IP_Flow 19-4700] Upgrade has removed port 'y'
WARNING: [IP_Flow 19-4700] Upgrade has removed port 'y_ap_vld'
WARNING: [IP_Flow 19-4698] Upgrade has added port 'dx_Addr_A'
WARNING: [IP_Flow 19-4698] Upgrade has added port 'dx_Clk_A'
WARNING: [IP_Flow 19-4698] Upgrade has added port 'dx_Din_A'
WARNING: [IP_Flow 19-4698] Upgrade has added port 'dx_Dout_A'
WARNING: [IP_Flow 19-4698] Upgrade has added port 'dx_EN_A'
WARNING: [IP_Flow 19-4698] Upgrade has added port 'dx_Rst_A'
WARNING: [IP_Flow 19-4698] Upgrade has added port 'dx_WEN_A'
WARNING: [IP_Flow 19-4698] Upgrade has added port 'dy_Addr_A'
WARNING: [IP_Flow 19-4698] Upgrade has added port 'dy_Clk_A'
WARNING: [IP_Flow 19-4698] Upgrade has added port 'dy_Din_A'
WARNING: [IP_Flow 19-4698] Upgrade has added port 'dy_Dout_A'
WARNING: [IP_Flow 19-4698] Upgrade has added port 'dy_EN_A'
WARNING: [IP_Flow 19-4698] Upgrade has added port 'dy_Rst_A'
WARNING: [IP_Flow 19-4698] Upgrade has added port 'dy_WEN_A'
WARNING: [IP_Flow 19-4698] Upgrade has added port 'x_Addr_A'
WARNING: [IP_Flow 19-4698] Upgrade has added port 'x_Clk_A'
WARNING: [IP_Flow 19-4698] Upgrade has added port 'x_Din_A'
WARNING: [IP_Flow 19-4698] Upgrade has added port 'x_Dout_A'
WARNING: [IP_Flow 19-4698] Upgrade has added port 'x_EN_A'
WARNING: [IP_Flow 19-4698] Upgrade has added port 'x_Rst_A'
WARNING: [IP_Flow 19-4698] Upgrade has added port 'x_WEN_A'
WARNING: [IP_Flow 19-4698] Upgrade has added port 'y_Addr_A'
WARNING: [IP_Flow 19-4698] Upgrade has added port 'y_Clk_A'
WARNING: [IP_Flow 19-4698] Upgrade has added port 'y_Din_A'
WARNING: [IP_Flow 19-4698] Upgrade has added port 'y_Dout_A'
WARNING: [IP_Flow 19-4698] Upgrade has added port 'y_EN_A'
WARNING: [IP_Flow 19-4698] Upgrade has added port 'y_Rst_A'
WARNING: [IP_Flow 19-4698] Upgrade has added port 'y_WEN_A'
WARNING: [IP_Flow 19-3298] Detected external port differences while upgrading 'nn_conv_combined_0_0'. These changes may impact your design.
CRITICAL WARNING: [Coretcl 2-1279] The upgrade of 'nn_conv_combined_0_0' has identified issues that may require user intervention. Please review the upgrade log '/home/anubhav/xilinx_projects/nn_v2/nn_v2/ip_upgrade.log', and verify that the upgraded IP is correctly configured.
Wrote  : </home/anubhav/xilinx_projects/nn_v2/nn_v2/nn_v2.srcs/sources_1/bd/nn/nn.bd> 
Wrote  : </home/anubhav/xilinx_projects/nn_v2/nn_v2/nn_v2.srcs/sources_1/bd/nn/ui/bd_34476740.ui> 
INFO: [Coretcl 2-1525] Wrote upgrade log to '/home/anubhav/xilinx_projects/nn_v2/nn_v2/ip_upgrade.log'.
export_ip_user_files -of_objects [get_ips nn_conv_combined_0_0] -no_script -sync -force -quiet
generate_target all [get_files  /home/anubhav/xilinx_projects/nn_v2/nn_v2/nn_v2.srcs/sources_1/bd/nn/nn.bd]
ERROR: [BD 41-758] The following clock pins are not connected to a valid clock source: 
/conv_combined_0/ap_clk

ERROR: [BD 41-1031] Hdl Generation failed for the IP Integrator design /home/anubhav/xilinx_projects/nn_v2/nn_v2/nn_v2.srcs/sources_1/bd/nn/nn.bd 
ERROR: [Common 17-39] 'generate_target' failed due to earlier errors.
report_ip_status -name ip_status 
WARNING: [IP_Flow 19-4318] IP-XACT file does not exist: /home/anubhav/xilinx_projects/ip_repo/conv_combined/solution1/impl/ip/component.xml. It will be created.
update_ip_catalog -rebuild -scan_changes
INFO: [IP_Flow 19-234] Refreshing IP repositories
INFO: [IP_Flow 19-1700] Loaded user IP repository '/home/anubhav/xilinx_projects/ip_repo'.
INFO: [IP_Flow 19-3899] Cannot get the environment domain name variable for the component vendor name. Setting the vendor name to 'user.org'.
report_ip_status -name ip_status
upgrade_ip -vlnv xilinx.com:hls:conv_combined:1.0 [get_ips  nn_conv_combined_0_0] -log ip_upgrade.log
Upgrading '/home/anubhav/xilinx_projects/nn_v2/nn_v2/nn_v2.srcs/sources_1/bd/nn/nn.bd'
INFO: [IP_Flow 19-3422] Upgraded nn_conv_combined_0_0 (Conv_combined 1.0) from revision 2112494735 to revision 2112494743
WARNING: [IP_Flow 19-4699] Upgrade has removed interface 'b'
WARNING: [IP_Flow 19-4699] Upgrade has removed interface 'db'
WARNING: [IP_Flow 19-4699] Upgrade has removed interface 's_axi_control'
WARNING: [IP_Flow 19-3670] Detected external interface differences while upgrading 'nn_conv_combined_0_0'.
WARNING: [IP_Flow 19-4706] Upgraded port 's_axi_CRTL_BUS_ARADDR' width 7 differs from original width 6
WARNING: [IP_Flow 19-4706] Upgraded port 's_axi_CRTL_BUS_AWADDR' width 7 differs from original width 6
WARNING: [IP_Flow 19-4700] Upgrade has removed port 'b'
WARNING: [IP_Flow 19-4700] Upgrade has removed port 'db'
WARNING: [IP_Flow 19-4700] Upgrade has removed port 's_axi_control_ARADDR'
WARNING: [IP_Flow 19-4700] Upgrade has removed port 's_axi_control_ARREADY'
WARNING: [IP_Flow 19-4700] Upgrade has removed port 's_axi_control_ARVALID'
WARNING: [IP_Flow 19-4700] Upgrade has removed port 's_axi_control_AWADDR'
WARNING: [IP_Flow 19-4700] Upgrade has removed port 's_axi_control_AWREADY'
WARNING: [IP_Flow 19-4700] Upgrade has removed port 's_axi_control_AWVALID'
WARNING: [IP_Flow 19-4700] Upgrade has removed port 's_axi_control_BREADY'
WARNING: [IP_Flow 19-4700] Upgrade has removed port 's_axi_control_BRESP'
WARNING: [IP_Flow 19-4700] Upgrade has removed port 's_axi_control_BVALID'
WARNING: [IP_Flow 19-4700] Upgrade has removed port 's_axi_control_RDATA'
WARNING: [IP_Flow 19-4700] Upgrade has removed port 's_axi_control_RREADY'
WARNING: [IP_Flow 19-4700] Upgrade has removed port 's_axi_control_RRESP'
WARNING: [IP_Flow 19-4700] Upgrade has removed port 's_axi_control_RVALID'
WARNING: [IP_Flow 19-4700] Upgrade has removed port 's_axi_control_WDATA'
WARNING: [IP_Flow 19-4700] Upgrade has removed port 's_axi_control_WREADY'
WARNING: [IP_Flow 19-4700] Upgrade has removed port 's_axi_control_WSTRB'
WARNING: [IP_Flow 19-4700] Upgrade has removed port 's_axi_control_WVALID'
WARNING: [IP_Flow 19-3298] Detected external port differences while upgrading 'nn_conv_combined_0_0'. These changes may impact your design.
WARNING: [IP_Flow 19-5893] Upgrade has removed address block 's_axi_control/Reg'
WARNING: [IP_Flow 19-5891] Detected addressing differences while upgrading 'nn_conv_combined_0_0'. These changes may impact your design.
CRITICAL WARNING: [Coretcl 2-1279] The upgrade of 'nn_conv_combined_0_0' has identified issues that may require user intervention. Please review the upgrade log '/home/anubhav/xilinx_projects/nn_v2/nn_v2/ip_upgrade.log', and verify that the upgraded IP is correctly configured.
Wrote  : </home/anubhav/xilinx_projects/nn_v2/nn_v2/nn_v2.srcs/sources_1/bd/nn/nn.bd> 
Wrote  : </home/anubhav/xilinx_projects/nn_v2/nn_v2/nn_v2.srcs/sources_1/bd/nn/ui/bd_34476740.ui> 
INFO: [Coretcl 2-1525] Wrote upgrade log to '/home/anubhav/xilinx_projects/nn_v2/nn_v2/ip_upgrade.log'.
export_ip_user_files -of_objects [get_ips nn_conv_combined_0_0] -no_script -sync -force -quiet
generate_target all [get_files  /home/anubhav/xilinx_projects/nn_v2/nn_v2/nn_v2.srcs/sources_1/bd/nn/nn.bd]
ERROR: [BD 41-758] The following clock pins are not connected to a valid clock source: 
/conv_combined_0/ap_clk

ERROR: [BD 41-1031] Hdl Generation failed for the IP Integrator design /home/anubhav/xilinx_projects/nn_v2/nn_v2/nn_v2.srcs/sources_1/bd/nn/nn.bd 
ERROR: [Common 17-39] 'generate_target' failed due to earlier errors.
report_ip_status -name ip_status 
startgroup
apply_bd_automation -rule xilinx.com:bd_rule:bram_cntlr -config {BRAM "/bram_fcc_dy" }  [get_bd_intf_pins conv_combined_0/dx_PORTA]
apply_bd_automation -rule xilinx.com:bd_rule:bram_cntlr -config {BRAM "New Blk_Mem_Gen" }  [get_bd_intf_pins conv_combined_0/dy_PORTA]
apply_bd_automation -rule xilinx.com:bd_rule:axi4 -config { Clk_master {/processing_system7_0/FCLK_CLK0 (100 MHz)} Clk_slave {Auto} Clk_xbar {/processing_system7_0/FCLK_CLK0 (100 MHz)} Master {/processing_system7_0/M_AXI_GP0} Slave {/conv_combined_0/s_axi_CRTL_BUS} ddr_seg {Auto} intc_ip {/ps7_0_axi_periph} master_apm {0}}  [get_bd_intf_pins conv_combined_0/s_axi_CRTL_BUS]
Slave segment '/conv_combined_0/s_axi_CRTL_BUS/Reg' is being assigned into address space '/processing_system7_0/Data' at <0x4003_0000 [ 64K ]>.
Slave segment '/conv_combined_0/s_axi_CRTL_BUS/Reg' is being assigned into address space '/fcc_combined_0/Data_m_axi_gmem' at <0x4003_0000 [ 64K ]>.
INFO: [BD 41-1051] The usage register of slave segment /conv_combined_0/s_axi_CRTL_BUS/Reg does not match the usage memory of address space /fcc_combined_0/Data_m_axi_gmem and will be excluded. Use the include_bd_addr_seg command to override this precaution and make the slave segment visible within this address space.
Excluding slave segment /conv_combined_0/s_axi_CRTL_BUS/Reg from address space /fcc_combined_0/Data_m_axi_gmem.
apply_bd_automation -rule xilinx.com:bd_rule:bram_cntlr -config {BRAM "/bram_fcc_y" }  [get_bd_intf_pins conv_combined_0/x_PORTA]
apply_bd_automation -rule xilinx.com:bd_rule:bram_cntlr -config {BRAM "New Blk_Mem_Gen" }  [get_bd_intf_pins conv_combined_0/y_PORTA]
endgroup
delete_bd_objs [get_bd_intf_nets fcc_combined_0_m_axi_gmem]
WARNING: [IP_Flow 19-4318] IP-XACT file does not exist: /home/anubhav/xilinx_projects/ip_repo/fcc_combined/solution1/impl/ip/component.xml. It will be created.
update_ip_catalog -rebuild -scan_changes
INFO: [IP_Flow 19-234] Refreshing IP repositories
INFO: [IP_Flow 19-1700] Loaded user IP repository '/home/anubhav/xilinx_projects/ip_repo'.
INFO: [IP_Flow 19-3899] Cannot get the environment domain name variable for the component vendor name. Setting the vendor name to 'user.org'.
report_ip_status -name ip_status
upgrade_ip -vlnv xilinx.com:hls:fcc_combined:1.0 [get_ips  nn_fcc_combined_0_0] -log ip_upgrade.log
Upgrading '/home/anubhav/xilinx_projects/nn_v2/nn_v2/nn_v2.srcs/sources_1/bd/nn/nn.bd'
INFO: [IP_Flow 19-3422] Upgraded nn_fcc_combined_0_0 (Fcc_combined 1.0) from revision 2112493363 to revision 2112494748
WARNING: [IP_Flow 19-4699] Upgrade has removed interface 's_axi_control'
WARNING: [IP_Flow 19-3670] Detected external interface differences while upgrading 'nn_fcc_combined_0_0'.
WARNING: [IP_Flow 19-4706] Upgraded port 's_axi_CRTL_BUS_ARADDR' width 7 differs from original width 6
WARNING: [IP_Flow 19-4706] Upgraded port 's_axi_CRTL_BUS_AWADDR' width 7 differs from original width 6
WARNING: [IP_Flow 19-4700] Upgrade has removed port 's_axi_control_ARADDR'
WARNING: [IP_Flow 19-4700] Upgrade has removed port 's_axi_control_ARREADY'
WARNING: [IP_Flow 19-4700] Upgrade has removed port 's_axi_control_ARVALID'
WARNING: [IP_Flow 19-4700] Upgrade has removed port 's_axi_control_AWADDR'
WARNING: [IP_Flow 19-4700] Upgrade has removed port 's_axi_control_AWREADY'
WARNING: [IP_Flow 19-4700] Upgrade has removed port 's_axi_control_AWVALID'
WARNING: [IP_Flow 19-4700] Upgrade has removed port 's_axi_control_BREADY'
WARNING: [IP_Flow 19-4700] Upgrade has removed port 's_axi_control_BRESP'
WARNING: [IP_Flow 19-4700] Upgrade has removed port 's_axi_control_BVALID'
WARNING: [IP_Flow 19-4700] Upgrade has removed port 's_axi_control_RDATA'
WARNING: [IP_Flow 19-4700] Upgrade has removed port 's_axi_control_RREADY'
WARNING: [IP_Flow 19-4700] Upgrade has removed port 's_axi_control_RRESP'
WARNING: [IP_Flow 19-4700] Upgrade has removed port 's_axi_control_RVALID'
WARNING: [IP_Flow 19-4700] Upgrade has removed port 's_axi_control_WDATA'
WARNING: [IP_Flow 19-4700] Upgrade has removed port 's_axi_control_WREADY'
WARNING: [IP_Flow 19-4700] Upgrade has removed port 's_axi_control_WSTRB'
WARNING: [IP_Flow 19-4700] Upgrade has removed port 's_axi_control_WVALID'
WARNING: [IP_Flow 19-3298] Detected external port differences while upgrading 'nn_fcc_combined_0_0'. These changes may impact your design.
WARNING: [IP_Flow 19-5893] Upgrade has removed address block 's_axi_control/Reg'
WARNING: [IP_Flow 19-5891] Detected addressing differences while upgrading 'nn_fcc_combined_0_0'. These changes may impact your design.
CRITICAL WARNING: [BD 41-1165] The interface pin 's_axi_control' with bus definition 'xilinx.com:interface:aximm:1.0' is not found on the upgraded version of the cell '/fcc_combined_0'. Its connection to the interface net 'ps7_0_axi_periph_M01_AXI' has been removed. 
CRITICAL WARNING: [BD 41-1173] Cannot restore assignment <0x4001_0000 [ 64K ]> from slave segment '/fcc_combined_0/s_axi_control/Reg' to address space '/processing_system7_0/Data'. This slave segment no longer exists.
CRITICAL WARNING: [Coretcl 2-1279] The upgrade of 'nn_fcc_combined_0_0' has identified issues that may require user intervention. Please review the upgrade log '/home/anubhav/xilinx_projects/nn_v2/nn_v2/ip_upgrade.log', and verify that the upgraded IP is correctly configured.
Wrote  : </home/anubhav/xilinx_projects/nn_v2/nn_v2/nn_v2.srcs/sources_1/bd/nn/nn.bd> 
Wrote  : </home/anubhav/xilinx_projects/nn_v2/nn_v2/nn_v2.srcs/sources_1/bd/nn/ui/bd_34476740.ui> 
INFO: [Coretcl 2-1525] Wrote upgrade log to '/home/anubhav/xilinx_projects/nn_v2/nn_v2/ip_upgrade.log'.
export_ip_user_files -of_objects [get_ips nn_fcc_combined_0_0] -no_script -sync -force -quiet
generate_target all [get_files  /home/anubhav/xilinx_projects/nn_v2/nn_v2/nn_v2.srcs/sources_1/bd/nn/nn.bd]
WARNING: [BD 41-702] Propagation TCL tries to overwrite USER strength parameter PCW_M_AXI_GP0_FREQMHZ(10) on '/processing_system7_0' with propagated value(100). Command ignored
ERROR: [IP_Flow 19-3458] Validation failed for parameter 'Write Width A(Write_Width_A)' for BD Cell 'bram_dx'. Value '16' is out of the range (32,1024)
INFO: [IP_Flow 19-3438] Customization errors found on 'bram_dx'. Restoring to previous valid configuration.
ERROR: [Common 17-39] 'set_property' failed due to earlier errors.
ERROR: [BD 41-1273] Error running post_propagate TCL procedure: ERROR: [Common 17-39] 'set_property' failed due to earlier errors.
    ::xilinx.com_ip_blk_mem_gen_8.4::post_propagate Line 46
ERROR: [IP_Flow 19-3458] Validation failed for parameter 'Write Width A(Write_Width_A)' for BD Cell 'bram_fcc_dy'. Value '16' is out of the range (32,1024)
INFO: [IP_Flow 19-3438] Customization errors found on 'bram_fcc_dy'. Restoring to previous valid configuration.
ERROR: [Common 17-39] 'set_property' failed due to earlier errors.
ERROR: [BD 41-1273] Error running post_propagate TCL procedure: ERROR: [Common 17-39] 'set_property' failed due to earlier errors.
    ::xilinx.com_ip_blk_mem_gen_8.4::post_propagate Line 46
ERROR: [IP_Flow 19-3458] Validation failed for parameter 'Write Width A(Write_Width_A)' for BD Cell 'bram_x'. Value '16' is out of the range (32,1024)
INFO: [IP_Flow 19-3438] Customization errors found on 'bram_x'. Restoring to previous valid configuration.
ERROR: [Common 17-39] 'set_property' failed due to earlier errors.
ERROR: [BD 41-1273] Error running post_propagate TCL procedure: ERROR: [Common 17-39] 'set_property' failed due to earlier errors.
    ::xilinx.com_ip_blk_mem_gen_8.4::post_propagate Line 46
ERROR: [IP_Flow 19-3458] Validation failed for parameter 'Write Width A(Write_Width_A)' for BD Cell 'bram_fcc_y'. Value '16' is out of the range (32,1024)
INFO: [IP_Flow 19-3438] Customization errors found on 'bram_fcc_y'. Restoring to previous valid configuration.
ERROR: [Common 17-39] 'set_property' failed due to earlier errors.
ERROR: [BD 41-1273] Error running post_propagate TCL procedure: ERROR: [Common 17-39] 'set_property' failed due to earlier errors.
    ::xilinx.com_ip_blk_mem_gen_8.4::post_propagate Line 46
ERROR: [IP_Flow 19-3458] Validation failed for parameter 'Write Width A(Write_Width_A)' for BD Cell 'conv_combined_0_bram'. Value '16' is out of the range (32,1024)
INFO: [IP_Flow 19-3438] Customization errors found on 'conv_combined_0_bram'. Restoring to previous valid configuration.
ERROR: [Common 17-39] 'set_property' failed due to earlier errors.
ERROR: [BD 41-1273] Error running post_propagate TCL procedure: ERROR: [Common 17-39] 'set_property' failed due to earlier errors.
    ::xilinx.com_ip_blk_mem_gen_8.4::post_propagate Line 46
ERROR: [IP_Flow 19-3458] Validation failed for parameter 'Write Width A(Write_Width_A)' for BD Cell 'conv_combined_0_bram_0'. Value '16' is out of the range (32,1024)
INFO: [IP_Flow 19-3438] Customization errors found on 'conv_combined_0_bram_0'. Restoring to previous valid configuration.
ERROR: [Common 17-39] 'set_property' failed due to earlier errors.
ERROR: [BD 41-1273] Error running post_propagate TCL procedure: ERROR: [Common 17-39] 'set_property' failed due to earlier errors.
    ::xilinx.com_ip_blk_mem_gen_8.4::post_propagate Line 46
WARNING: [BD 41-2180] Resetting the memory initialization file of </bram_dx> to default.
WARNING: [BD 41-2180] Resetting the memory initialization file of </bram_x> to default.
WARNING: [BD 41-2180] Resetting the memory initialization file of </bram_fcc_y> to default.
WARNING: [BD 41-2180] Resetting the memory initialization file of </bram_fcc_dy> to default.
WARNING: [BD 41-2180] Resetting the memory initialization file of </conv_combined_0_bram_0> to default.
WARNING: [BD 41-2180] Resetting the memory initialization file of </conv_combined_0_bram> to default.
ERROR: [BD 41-703] Slave segment </axi_bram_ctrl_0/S_AXI/Mem0> is mapped into master segment </fcc_combined_0/Data_m_axi_gmem/SEG_axi_bram_ctrl_0_Mem0>, but there is no path between them. Please delete the master segment or check your design to ensure a valid path can be created.
ERROR: [BD 41-241] Message from IP propagation TCL of /bram_fcc_y: set_property error: Validation failed for parameter 'Write Width A(Write_Width_A)' for BD Cell 'bram_fcc_y'. Value '16' is out of the range (32,1024)
Customization errors found on 'bram_fcc_y'. Restoring to previous valid configuration.

ERROR: [BD 41-241] Message from IP propagation TCL of /bram_x: set_property error: Validation failed for parameter 'Write Width A(Write_Width_A)' for BD Cell 'bram_x'. Value '16' is out of the range (32,1024)
Customization errors found on 'bram_x'. Restoring to previous valid configuration.

ERROR: [BD 41-241] Message from IP propagation TCL of /bram_fcc_dy: set_property error: Validation failed for parameter 'Write Width A(Write_Width_A)' for BD Cell 'bram_fcc_dy'. Value '16' is out of the range (32,1024)
Customization errors found on 'bram_fcc_dy'. Restoring to previous valid configuration.

ERROR: [BD 41-241] Message from IP propagation TCL of /bram_dx: set_property error: Validation failed for parameter 'Write Width A(Write_Width_A)' for BD Cell 'bram_dx'. Value '16' is out of the range (32,1024)
Customization errors found on 'bram_dx'. Restoring to previous valid configuration.

ERROR: [BD 41-241] Message from IP propagation TCL of /conv_combined_0_bram_0: set_property error: Validation failed for parameter 'Write Width A(Write_Width_A)' for BD Cell 'conv_combined_0_bram_0'. Value '16' is out of the range (32,1024)
Customization errors found on 'conv_combined_0_bram_0'. Restoring to previous valid configuration.

ERROR: [BD 41-241] Message from IP propagation TCL of /conv_combined_0_bram: set_property error: Validation failed for parameter 'Write Width A(Write_Width_A)' for BD Cell 'conv_combined_0_bram'. Value '16' is out of the range (32,1024)
Customization errors found on 'conv_combined_0_bram'. Restoring to previous valid configuration.

ERROR: [BD 41-1031] Hdl Generation failed for the IP Integrator design /home/anubhav/xilinx_projects/nn_v2/nn_v2/nn_v2.srcs/sources_1/bd/nn/nn.bd 
ERROR: [Common 17-39] 'generate_target' failed due to earlier errors.
CRITICAL WARNING: [PSU-1]  Parameter : PCW_UIPARAM_DDR_DQS_TO_CLK_DELAY_0 has negative value -0.051 . PS DDR interfaces might fail when entering negative DQS skew values. 
CRITICAL WARNING: [PSU-2]  Parameter : PCW_UIPARAM_DDR_DQS_TO_CLK_DELAY_1 has negative value -0.006 . PS DDR interfaces might fail when entering negative DQS skew values. 
CRITICAL WARNING: [PSU-3]  Parameter : PCW_UIPARAM_DDR_DQS_TO_CLK_DELAY_2 has negative value -0.009 . PS DDR interfaces might fail when entering negative DQS skew values. 
CRITICAL WARNING: [PSU-4]  Parameter : PCW_UIPARAM_DDR_DQS_TO_CLK_DELAY_3 has negative value -0.033 . PS DDR interfaces might fail when entering negative DQS skew values. 
CRITICAL WARNING: [PSU-1]  Parameter : PCW_UIPARAM_DDR_DQS_TO_CLK_DELAY_0 has negative value -0.051 . PS DDR interfaces might fail when entering negative DQS skew values. 
CRITICAL WARNING: [PSU-2]  Parameter : PCW_UIPARAM_DDR_DQS_TO_CLK_DELAY_1 has negative value -0.006 . PS DDR interfaces might fail when entering negative DQS skew values. 
CRITICAL WARNING: [PSU-3]  Parameter : PCW_UIPARAM_DDR_DQS_TO_CLK_DELAY_2 has negative value -0.009 . PS DDR interfaces might fail when entering negative DQS skew values. 
CRITICAL WARNING: [PSU-4]  Parameter : PCW_UIPARAM_DDR_DQS_TO_CLK_DELAY_3 has negative value -0.033 . PS DDR interfaces might fail when entering negative DQS skew values. 
WARNING: [IP_Flow 19-474] Invalid Parameter 'Component_Name'
CRITICAL WARNING: [PSU-1]  Parameter : PCW_UIPARAM_DDR_DQS_TO_CLK_DELAY_0 has negative value -0.051 . PS DDR interfaces might fail when entering negative DQS skew values. 
CRITICAL WARNING: [PSU-2]  Parameter : PCW_UIPARAM_DDR_DQS_TO_CLK_DELAY_1 has negative value -0.006 . PS DDR interfaces might fail when entering negative DQS skew values. 
CRITICAL WARNING: [PSU-3]  Parameter : PCW_UIPARAM_DDR_DQS_TO_CLK_DELAY_2 has negative value -0.009 . PS DDR interfaces might fail when entering negative DQS skew values. 
CRITICAL WARNING: [PSU-4]  Parameter : PCW_UIPARAM_DDR_DQS_TO_CLK_DELAY_3 has negative value -0.033 . PS DDR interfaces might fail when entering negative DQS skew values. 
startgroup
set_property -dict [list CONFIG.PCW_USE_S_AXI_HP0 {1}] [get_bd_cells processing_system7_0]
CRITICAL WARNING: [PSU-1]  Parameter : PCW_UIPARAM_DDR_DQS_TO_CLK_DELAY_0 has negative value -0.051 . PS DDR interfaces might fail when entering negative DQS skew values. 
CRITICAL WARNING: [PSU-2]  Parameter : PCW_UIPARAM_DDR_DQS_TO_CLK_DELAY_1 has negative value -0.006 . PS DDR interfaces might fail when entering negative DQS skew values. 
CRITICAL WARNING: [PSU-3]  Parameter : PCW_UIPARAM_DDR_DQS_TO_CLK_DELAY_2 has negative value -0.009 . PS DDR interfaces might fail when entering negative DQS skew values. 
CRITICAL WARNING: [PSU-4]  Parameter : PCW_UIPARAM_DDR_DQS_TO_CLK_DELAY_3 has negative value -0.033 . PS DDR interfaces might fail when entering negative DQS skew values. 
endgroup
apply_bd_automation -rule xilinx.com:bd_rule:axi4 -config { Clk_master {/processing_system7_0/FCLK_CLK0 (100 MHz)} Clk_slave {Auto} Clk_xbar {Auto} Master {/fcc_combined_0/m_axi_gmem} Slave {/processing_system7_0/S_AXI_HP0} ddr_seg {Auto} intc_ip {New AXI Interconnect} master_apm {0}}  [get_bd_intf_pins processing_system7_0/S_AXI_HP0]
Slave segment '/processing_system7_0/S_AXI_HP0/HP0_DDR_LOWOCM' is being assigned into address space '/fcc_combined_0/Data_m_axi_gmem' at <0x0000_0000 [ 512M ]>.
apply_bd_automation -rule xilinx.com:bd_rule:axi4 -config { Clk_master {/processing_system7_0/FCLK_CLK0 (100 MHz)} Clk_slave {/processing_system7_0/FCLK_CLK0 (100 MHz)} Clk_xbar {/processing_system7_0/FCLK_CLK0 (100 MHz)} Master {/conv_combined_0/m_axi_gmem} Slave {/processing_system7_0/S_AXI_HP0} ddr_seg {Auto} intc_ip {/axi_mem_intercon} master_apm {0}}  [get_bd_intf_pins conv_combined_0/m_axi_gmem]
Slave segment '/processing_system7_0/S_AXI_HP0/HP0_DDR_LOWOCM' is being assigned into address space '/conv_combined_0/Data_m_axi_gmem' at <0x0000_0000 [ 512M ]>.
regenerate_bd_layout
set_property name conv_y [get_bd_intf_nets conv_combined_0_y_PORTA]
conv_y
set_property name bram_conv_y [get_bd_cells conv_combined_0_bram_0]
set_property name bram_conv_dy [get_bd_cells conv_combined_0_bram]
regenerate_bd_layout
validate_bd_design
WARNING: [BD 41-702] Propagation TCL tries to overwrite USER strength parameter PCW_M_AXI_GP0_FREQMHZ(10) on '/processing_system7_0' with propagated value(100). Command ignored
WARNING: [BD 41-702] Propagation TCL tries to overwrite USER strength parameter PCW_S_AXI_HP0_FREQMHZ(10) on '/processing_system7_0' with propagated value(100). Command ignored
ERROR: [IP_Flow 19-3458] Validation failed for parameter 'Write Width A(Write_Width_A)' for BD Cell 'bram_dx'. Value '16' is out of the range (32,1024)
INFO: [IP_Flow 19-3438] Customization errors found on 'bram_dx'. Restoring to previous valid configuration.
ERROR: [Common 17-39] 'set_property' failed due to earlier errors.
ERROR: [BD 41-1273] Error running post_propagate TCL procedure: ERROR: [Common 17-39] 'set_property' failed due to earlier errors.
    ::xilinx.com_ip_blk_mem_gen_8.4::post_propagate Line 46
ERROR: [IP_Flow 19-3458] Validation failed for parameter 'Write Width A(Write_Width_A)' for BD Cell 'bram_fcc_dy'. Value '16' is out of the range (32,1024)
INFO: [IP_Flow 19-3438] Customization errors found on 'bram_fcc_dy'. Restoring to previous valid configuration.
ERROR: [Common 17-39] 'set_property' failed due to earlier errors.
ERROR: [IP_Flow 19-3458] Validation failed for parameter 'Write Width A(Write_Width_A)' for BD Cell 'bram_x'. Value '16' is out of the range (32,1024)
INFO: [IP_Flow 19-3438] Customization errors found on 'bram_x'. Restoring to previous valid configuration.
ERROR: [Common 17-39] 'set_property' failed due to earlier errors.
ERROR: [IP_Flow 19-3458] Validation failed for parameter 'Write Width A(Write_Width_A)' for BD Cell 'bram_fcc_y'. Value '16' is out of the range (32,1024)
INFO: [IP_Flow 19-3438] Customization errors found on 'bram_fcc_y'. Restoring to previous valid configuration.
ERROR: [Common 17-39] 'set_property' failed due to earlier errors.
ERROR: [IP_Flow 19-3458] Validation failed for parameter 'Write Width A(Write_Width_A)' for BD Cell 'bram_conv_dy'. Value '16' is out of the range (32,1024)
INFO: [IP_Flow 19-3438] Customization errors found on 'bram_conv_dy'. Restoring to previous valid configuration.
ERROR: [Common 17-39] 'set_property' failed due to earlier errors.
ERROR: [IP_Flow 19-3458] Validation failed for parameter 'Write Width A(Write_Width_A)' for BD Cell 'bram_conv_y'. Value '16' is out of the range (32,1024)
INFO: [IP_Flow 19-3438] Customization errors found on 'bram_conv_y'. Restoring to previous valid configuration.
ERROR: [Common 17-39] 'set_property' failed due to earlier errors.
ERROR: [BD 41-971] Slave segment '/axi_bram_ctrl_0/S_AXI/Mem0' assigned into address space '/fcc_combined_0/Data_m_axi_gmem' at <0x0000_0000 [ 0 ]> overlaps with slave segment '/processing_system7_0/S_AXI_HP0/HP0_DDR_LOWOCM' already assigned into address space '/fcc_combined_0/Data_m_axi_gmem' at <0x0000_0000 [ 512M ]>. Please assign to the next available address.
ERROR: [BD 41-703] Slave segment </axi_bram_ctrl_0/S_AXI/Mem0> is mapped into master segment </fcc_combined_0/Data_m_axi_gmem/SEG_axi_bram_ctrl_0_Mem0>, but there is no path between them. Please delete the master segment or check your design to ensure a valid path can be created.
ERROR: [BD 41-241] Message from IP propagation TCL of /bram_fcc_y: set_property error: Validation failed for parameter 'Write Width A(Write_Width_A)' for BD Cell 'bram_fcc_y'. Value '16' is out of the range (32,1024)
Customization errors found on 'bram_fcc_y'. Restoring to previous valid configuration.

ERROR: [BD 41-241] Message from IP propagation TCL of /bram_x: set_property error: Validation failed for parameter 'Write Width A(Write_Width_A)' for BD Cell 'bram_x'. Value '16' is out of the range (32,1024)
Customization errors found on 'bram_x'. Restoring to previous valid configuration.

ERROR: [BD 41-241] Message from IP propagation TCL of /bram_fcc_dy: set_property error: Validation failed for parameter 'Write Width A(Write_Width_A)' for BD Cell 'bram_fcc_dy'. Value '16' is out of the range (32,1024)
Customization errors found on 'bram_fcc_dy'. Restoring to previous valid configuration.

ERROR: [BD 41-241] Message from IP propagation TCL of /bram_dx: set_property error: Validation failed for parameter 'Write Width A(Write_Width_A)' for BD Cell 'bram_dx'. Value '16' is out of the range (32,1024)
Customization errors found on 'bram_dx'. Restoring to previous valid configuration.

ERROR: [BD 41-241] Message from IP propagation TCL of /bram_conv_y: set_property error: Validation failed for parameter 'Write Width A(Write_Width_A)' for BD Cell 'bram_conv_y'. Value '16' is out of the range (32,1024)
Customization errors found on 'bram_conv_y'. Restoring to previous valid configuration.

ERROR: [BD 41-241] Message from IP propagation TCL of /bram_conv_dy: set_property error: Validation failed for parameter 'Write Width A(Write_Width_A)' for BD Cell 'bram_conv_dy'. Value '16' is out of the range (32,1024)
Customization errors found on 'bram_conv_dy'. Restoring to previous valid configuration.

ERROR: [Common 17-39] 'validate_bd_design' failed due to earlier errors.
INFO: [IP_Flow 19-3899] Cannot get the environment domain name variable for the component vendor name. Setting the vendor name to 'user.org'.
update_ip_catalog -rebuild
INFO: [IP_Flow 19-234] Refreshing IP repositories
INFO: [IP_Flow 19-1700] Loaded user IP repository '/home/anubhav/xilinx_projects/ip_repo'.
INFO: [IP_Flow 19-3899] Cannot get the environment domain name variable for the component vendor name. Setting the vendor name to 'user.org'.
INFO: [IP_Flow 19-3899] Cannot get the environment domain name variable for the component vendor name. Setting the vendor name to 'user.org'.
startgroup
create_bd_cell -type ip -vlnv xilinx.com:hls:relu_combined:1.0 relu_combined_0
endgroup
startgroup
apply_bd_automation -rule xilinx.com:bd_rule:bram_cntlr -config {BRAM "/bram_conv_dy" }  [get_bd_intf_pins relu_combined_0/dx_PORTA]
apply_bd_automation -rule xilinx.com:bd_rule:bram_cntlr -config {BRAM "New Blk_Mem_Gen" }  [get_bd_intf_pins relu_combined_0/dy_PORTA]
apply_bd_automation -rule xilinx.com:bd_rule:bram_cntlr -config {BRAM "/bram_conv_y" }  [get_bd_intf_pins relu_combined_0/x_PORTA]
apply_bd_automation -rule xilinx.com:bd_rule:bram_cntlr -config {BRAM "New Blk_Mem_Gen" }  [get_bd_intf_pins relu_combined_0/y_PORTA]
endgroup
apply_bd_automation -rule xilinx.com:bd_rule:axi4 -config { Clk_master {/processing_system7_0/FCLK_CLK0 (100 MHz)} Clk_slave {Auto} Clk_xbar {/processing_system7_0/FCLK_CLK0 (100 MHz)} Master {/processing_system7_0/M_AXI_GP0} Slave {/relu_combined_0/s_axi_CTRL} ddr_seg {Auto} intc_ip {/ps7_0_axi_periph} master_apm {0}}  [get_bd_intf_pins relu_combined_0/s_axi_CTRL]
Slave segment '/relu_combined_0/s_axi_CTRL/Reg' is being assigned into address space '/processing_system7_0/Data' at <0x4001_0000 [ 64K ]>.
regenerate_bd_layout
set_property name bram_relu_dy [get_bd_cells relu_combined_0_bram]
set_property name bram_relu_y [get_bd_cells relu_combined_0_bram_0]
regenerate_bd_layout
validate_bd_design
WARNING: [BD 41-702] Propagation TCL tries to overwrite USER strength parameter PCW_M_AXI_GP0_FREQMHZ(10) on '/processing_system7_0' with propagated value(100). Command ignored
WARNING: [BD 41-702] Propagation TCL tries to overwrite USER strength parameter PCW_S_AXI_HP0_FREQMHZ(10) on '/processing_system7_0' with propagated value(100). Command ignored
ERROR: [IP_Flow 19-3458] Validation failed for parameter 'Write Width A(Write_Width_A)' for BD Cell 'bram_dx'. Value '16' is out of the range (32,1024)
INFO: [IP_Flow 19-3438] Customization errors found on 'bram_dx'. Restoring to previous valid configuration.
ERROR: [Common 17-39] 'set_property' failed due to earlier errors.
ERROR: [BD 41-1273] Error running post_propagate TCL procedure: ERROR: [Common 17-39] 'set_property' failed due to earlier errors.
    ::xilinx.com_ip_blk_mem_gen_8.4::post_propagate Line 46
ERROR: [IP_Flow 19-3458] Validation failed for parameter 'Write Width A(Write_Width_A)' for BD Cell 'bram_fcc_dy'. Value '16' is out of the range (32,1024)
INFO: [IP_Flow 19-3438] Customization errors found on 'bram_fcc_dy'. Restoring to previous valid configuration.
ERROR: [Common 17-39] 'set_property' failed due to earlier errors.
ERROR: [IP_Flow 19-3458] Validation failed for parameter 'Write Width A(Write_Width_A)' for BD Cell 'bram_x'. Value '16' is out of the range (32,1024)
INFO: [IP_Flow 19-3438] Customization errors found on 'bram_x'. Restoring to previous valid configuration.
ERROR: [Common 17-39] 'set_property' failed due to earlier errors.
ERROR: [IP_Flow 19-3458] Validation failed for parameter 'Write Width A(Write_Width_A)' for BD Cell 'bram_fcc_y'. Value '16' is out of the range (32,1024)
INFO: [IP_Flow 19-3438] Customization errors found on 'bram_fcc_y'. Restoring to previous valid configuration.
ERROR: [Common 17-39] 'set_property' failed due to earlier errors.
ERROR: [IP_Flow 19-3458] Validation failed for parameter 'Write Width A(Write_Width_A)' for BD Cell 'bram_conv_dy'. Value '16' is out of the range (32,1024)
INFO: [IP_Flow 19-3438] Customization errors found on 'bram_conv_dy'. Restoring to previous valid configuration.
ERROR: [Common 17-39] 'set_property' failed due to earlier errors.
ERROR: [IP_Flow 19-3458] Validation failed for parameter 'Write Width A(Write_Width_A)' for BD Cell 'bram_conv_y'. Value '16' is out of the range (32,1024)
INFO: [IP_Flow 19-3438] Customization errors found on 'bram_conv_y'. Restoring to previous valid configuration.
ERROR: [Common 17-39] 'set_property' failed due to earlier errors.
ERROR: [IP_Flow 19-3458] Validation failed for parameter 'Write Width A(Write_Width_A)' for BD Cell 'bram_relu_dy'. Value '16' is out of the range (32,1024)
INFO: [IP_Flow 19-3438] Customization errors found on 'bram_relu_dy'. Restoring to previous valid configuration.
ERROR: [Common 17-39] 'set_property' failed due to earlier errors.
ERROR: [IP_Flow 19-3458] Validation failed for parameter 'Write Width A(Write_Width_A)' for BD Cell 'bram_relu_y'. Value '16' is out of the range (32,1024)
INFO: [IP_Flow 19-3438] Customization errors found on 'bram_relu_y'. Restoring to previous valid configuration.
ERROR: [Common 17-39] 'set_property' failed due to earlier errors.
WARNING: [BD 41-2180] Resetting the memory initialization file of </bram_relu_y> to default.
WARNING: [BD 41-2180] Resetting the memory initialization file of </bram_relu_dy> to default.
ERROR: [BD 41-971] Slave segment '/axi_bram_ctrl_0/S_AXI/Mem0' assigned into address space '/fcc_combined_0/Data_m_axi_gmem' at <0x0000_0000 [ 0 ]> overlaps with slave segment '/processing_system7_0/S_AXI_HP0/HP0_DDR_LOWOCM' already assigned into address space '/fcc_combined_0/Data_m_axi_gmem' at <0x0000_0000 [ 512M ]>. Please assign to the next available address.
ERROR: [BD 41-703] Slave segment </axi_bram_ctrl_0/S_AXI/Mem0> is mapped into master segment </fcc_combined_0/Data_m_axi_gmem/SEG_axi_bram_ctrl_0_Mem0>, but there is no path between them. Please delete the master segment or check your design to ensure a valid path can be created.
ERROR: [BD 41-241] Message from IP propagation TCL of /bram_fcc_y: set_property error: Validation failed for parameter 'Write Width A(Write_Width_A)' for BD Cell 'bram_fcc_y'. Value '16' is out of the range (32,1024)
Customization errors found on 'bram_fcc_y'. Restoring to previous valid configuration.

ERROR: [BD 41-241] Message from IP propagation TCL of /bram_x: set_property error: Validation failed for parameter 'Write Width A(Write_Width_A)' for BD Cell 'bram_x'. Value '16' is out of the range (32,1024)
Customization errors found on 'bram_x'. Restoring to previous valid configuration.

ERROR: [BD 41-241] Message from IP propagation TCL of /bram_fcc_dy: set_property error: Validation failed for parameter 'Write Width A(Write_Width_A)' for BD Cell 'bram_fcc_dy'. Value '16' is out of the range (32,1024)
Customization errors found on 'bram_fcc_dy'. Restoring to previous valid configuration.

ERROR: [BD 41-241] Message from IP propagation TCL of /bram_relu_y: set_property error: Validation failed for parameter 'Write Width A(Write_Width_A)' for BD Cell 'bram_relu_y'. Value '16' is out of the range (32,1024)
Customization errors found on 'bram_relu_y'. Restoring to previous valid configuration.

ERROR: [BD 41-241] Message from IP propagation TCL of /bram_dx: set_property error: Validation failed for parameter 'Write Width A(Write_Width_A)' for BD Cell 'bram_dx'. Value '16' is out of the range (32,1024)
Customization errors found on 'bram_dx'. Restoring to previous valid configuration.

ERROR: [BD 41-241] Message from IP propagation TCL of /bram_conv_y: set_property error: Validation failed for parameter 'Write Width A(Write_Width_A)' for BD Cell 'bram_conv_y'. Value '16' is out of the range (32,1024)
Customization errors found on 'bram_conv_y'. Restoring to previous valid configuration.

ERROR: [BD 41-241] Message from IP propagation TCL of /bram_conv_dy: set_property error: Validation failed for parameter 'Write Width A(Write_Width_A)' for BD Cell 'bram_conv_dy'. Value '16' is out of the range (32,1024)
Customization errors found on 'bram_conv_dy'. Restoring to previous valid configuration.

ERROR: [BD 41-241] Message from IP propagation TCL of /bram_relu_dy: set_property error: Validation failed for parameter 'Write Width A(Write_Width_A)' for BD Cell 'bram_relu_dy'. Value '16' is out of the range (32,1024)
Customization errors found on 'bram_relu_dy'. Restoring to previous valid configuration.

ERROR: [Common 17-39] 'validate_bd_design' failed due to earlier errors.
delete_bd_objs [get_bd_intf_nets ps7_0_axi_periph_M02_AXI] [get_bd_intf_nets axi_bram_ctrl_0_BRAM_PORTA] [get_bd_intf_nets axi_bram_ctrl_0_BRAM_PORTB] [get_bd_cells axi_bram_ctrl_0]
validate_bd_design
WARNING: [BD 41-702] Propagation TCL tries to overwrite USER strength parameter PCW_M_AXI_GP0_FREQMHZ(10) on '/processing_system7_0' with propagated value(100). Command ignored
WARNING: [BD 41-702] Propagation TCL tries to overwrite USER strength parameter PCW_S_AXI_HP0_FREQMHZ(10) on '/processing_system7_0' with propagated value(100). Command ignored
ERROR: [IP_Flow 19-3458] Validation failed for parameter 'Write Width A(Write_Width_A)' for BD Cell 'bram_dx'. Value '16' is out of the range (32,1024)
INFO: [IP_Flow 19-3438] Customization errors found on 'bram_dx'. Restoring to previous valid configuration.
ERROR: [Common 17-39] 'set_property' failed due to earlier errors.
ERROR: [BD 41-1273] Error running post_propagate TCL procedure: ERROR: [Common 17-39] 'set_property' failed due to earlier errors.
    ::xilinx.com_ip_blk_mem_gen_8.4::post_propagate Line 46
ERROR: [IP_Flow 19-3458] Validation failed for parameter 'Write Width A(Write_Width_A)' for BD Cell 'bram_fcc_dy'. Value '16' is out of the range (32,1024)
INFO: [IP_Flow 19-3438] Customization errors found on 'bram_fcc_dy'. Restoring to previous valid configuration.
ERROR: [Common 17-39] 'set_property' failed due to earlier errors.
ERROR: [IP_Flow 19-3458] Validation failed for parameter 'Write Width A(Write_Width_A)' for BD Cell 'bram_x'. Value '16' is out of the range (32,1024)
INFO: [IP_Flow 19-3438] Customization errors found on 'bram_x'. Restoring to previous valid configuration.
ERROR: [Common 17-39] 'set_property' failed due to earlier errors.
ERROR: [IP_Flow 19-3458] Validation failed for parameter 'Write Width A(Write_Width_A)' for BD Cell 'bram_fcc_y'. Value '16' is out of the range (32,1024)
INFO: [IP_Flow 19-3438] Customization errors found on 'bram_fcc_y'. Restoring to previous valid configuration.
ERROR: [Common 17-39] 'set_property' failed due to earlier errors.
ERROR: [IP_Flow 19-3458] Validation failed for parameter 'Write Width A(Write_Width_A)' for BD Cell 'bram_conv_dy'. Value '16' is out of the range (32,1024)
INFO: [IP_Flow 19-3438] Customization errors found on 'bram_conv_dy'. Restoring to previous valid configuration.
ERROR: [Common 17-39] 'set_property' failed due to earlier errors.
ERROR: [IP_Flow 19-3458] Validation failed for parameter 'Write Width A(Write_Width_A)' for BD Cell 'bram_conv_y'. Value '16' is out of the range (32,1024)
INFO: [IP_Flow 19-3438] Customization errors found on 'bram_conv_y'. Restoring to previous valid configuration.
ERROR: [Common 17-39] 'set_property' failed due to earlier errors.
ERROR: [IP_Flow 19-3458] Validation failed for parameter 'Write Width A(Write_Width_A)' for BD Cell 'bram_relu_dy'. Value '16' is out of the range (32,1024)
INFO: [IP_Flow 19-3438] Customization errors found on 'bram_relu_dy'. Restoring to previous valid configuration.
ERROR: [Common 17-39] 'set_property' failed due to earlier errors.
ERROR: [IP_Flow 19-3458] Validation failed for parameter 'Write Width A(Write_Width_A)' for BD Cell 'bram_relu_y'. Value '16' is out of the range (32,1024)
INFO: [IP_Flow 19-3438] Customization errors found on 'bram_relu_y'. Restoring to previous valid configuration.
ERROR: [Common 17-39] 'set_property' failed due to earlier errors.
ERROR: [BD 41-241] Message from IP propagation TCL of /bram_fcc_y: set_property error: Validation failed for parameter 'Write Width A(Write_Width_A)' for BD Cell 'bram_fcc_y'. Value '16' is out of the range (32,1024)
Customization errors found on 'bram_fcc_y'. Restoring to previous valid configuration.

ERROR: [BD 41-241] Message from IP propagation TCL of /bram_x: set_property error: Validation failed for parameter 'Write Width A(Write_Width_A)' for BD Cell 'bram_x'. Value '16' is out of the range (32,1024)
Customization errors found on 'bram_x'. Restoring to previous valid configuration.

ERROR: [BD 41-241] Message from IP propagation TCL of /bram_fcc_dy: set_property error: Validation failed for parameter 'Write Width A(Write_Width_A)' for BD Cell 'bram_fcc_dy'. Value '16' is out of the range (32,1024)
Customization errors found on 'bram_fcc_dy'. Restoring to previous valid configuration.

ERROR: [BD 41-241] Message from IP propagation TCL of /bram_relu_y: set_property error: Validation failed for parameter 'Write Width A(Write_Width_A)' for BD Cell 'bram_relu_y'. Value '16' is out of the range (32,1024)
Customization errors found on 'bram_relu_y'. Restoring to previous valid configuration.

ERROR: [BD 41-241] Message from IP propagation TCL of /bram_dx: set_property error: Validation failed for parameter 'Write Width A(Write_Width_A)' for BD Cell 'bram_dx'. Value '16' is out of the range (32,1024)
Customization errors found on 'bram_dx'. Restoring to previous valid configuration.

ERROR: [BD 41-241] Message from IP propagation TCL of /bram_conv_y: set_property error: Validation failed for parameter 'Write Width A(Write_Width_A)' for BD Cell 'bram_conv_y'. Value '16' is out of the range (32,1024)
Customization errors found on 'bram_conv_y'. Restoring to previous valid configuration.

ERROR: [BD 41-241] Message from IP propagation TCL of /bram_conv_dy: set_property error: Validation failed for parameter 'Write Width A(Write_Width_A)' for BD Cell 'bram_conv_dy'. Value '16' is out of the range (32,1024)
Customization errors found on 'bram_conv_dy'. Restoring to previous valid configuration.

ERROR: [BD 41-241] Message from IP propagation TCL of /bram_relu_dy: set_property error: Validation failed for parameter 'Write Width A(Write_Width_A)' for BD Cell 'bram_relu_dy'. Value '16' is out of the range (32,1024)
Customization errors found on 'bram_relu_dy'. Restoring to previous valid configuration.

ERROR: [Common 17-39] 'validate_bd_design' failed due to earlier errors.
validate_bd_design
WARNING: [BD 41-702] Propagation TCL tries to overwrite USER strength parameter PCW_M_AXI_GP0_FREQMHZ(10) on '/processing_system7_0' with propagated value(100). Command ignored
WARNING: [BD 41-702] Propagation TCL tries to overwrite USER strength parameter PCW_S_AXI_HP0_FREQMHZ(10) on '/processing_system7_0' with propagated value(100). Command ignored
ERROR: [IP_Flow 19-3458] Validation failed for parameter 'Write Width A(Write_Width_A)' for BD Cell 'bram_dx'. Value '16' is out of the range (32,1024)
INFO: [IP_Flow 19-3438] Customization errors found on 'bram_dx'. Restoring to previous valid configuration.
ERROR: [Common 17-39] 'set_property' failed due to earlier errors.
ERROR: [BD 41-1273] Error running post_propagate TCL procedure: ERROR: [Common 17-39] 'set_property' failed due to earlier errors.
    ::xilinx.com_ip_blk_mem_gen_8.4::post_propagate Line 46
ERROR: [IP_Flow 19-3458] Validation failed for parameter 'Write Width A(Write_Width_A)' for BD Cell 'bram_fcc_dy'. Value '16' is out of the range (32,1024)
INFO: [IP_Flow 19-3438] Customization errors found on 'bram_fcc_dy'. Restoring to previous valid configuration.
ERROR: [Common 17-39] 'set_property' failed due to earlier errors.
ERROR: [IP_Flow 19-3458] Validation failed for parameter 'Write Width A(Write_Width_A)' for BD Cell 'bram_x'. Value '16' is out of the range (32,1024)
INFO: [IP_Flow 19-3438] Customization errors found on 'bram_x'. Restoring to previous valid configuration.
ERROR: [Common 17-39] 'set_property' failed due to earlier errors.
ERROR: [IP_Flow 19-3458] Validation failed for parameter 'Write Width A(Write_Width_A)' for BD Cell 'bram_fcc_y'. Value '16' is out of the range (32,1024)
INFO: [IP_Flow 19-3438] Customization errors found on 'bram_fcc_y'. Restoring to previous valid configuration.
ERROR: [Common 17-39] 'set_property' failed due to earlier errors.
ERROR: [IP_Flow 19-3458] Validation failed for parameter 'Write Width A(Write_Width_A)' for BD Cell 'bram_conv_dy'. Value '16' is out of the range (32,1024)
INFO: [IP_Flow 19-3438] Customization errors found on 'bram_conv_dy'. Restoring to previous valid configuration.
ERROR: [Common 17-39] 'set_property' failed due to earlier errors.
ERROR: [IP_Flow 19-3458] Validation failed for parameter 'Write Width A(Write_Width_A)' for BD Cell 'bram_conv_y'. Value '16' is out of the range (32,1024)
INFO: [IP_Flow 19-3438] Customization errors found on 'bram_conv_y'. Restoring to previous valid configuration.
ERROR: [Common 17-39] 'set_property' failed due to earlier errors.
ERROR: [IP_Flow 19-3458] Validation failed for parameter 'Write Width A(Write_Width_A)' for BD Cell 'bram_relu_dy'. Value '16' is out of the range (32,1024)
INFO: [IP_Flow 19-3438] Customization errors found on 'bram_relu_dy'. Restoring to previous valid configuration.
ERROR: [Common 17-39] 'set_property' failed due to earlier errors.
ERROR: [IP_Flow 19-3458] Validation failed for parameter 'Write Width A(Write_Width_A)' for BD Cell 'bram_relu_y'. Value '16' is out of the range (32,1024)
INFO: [IP_Flow 19-3438] Customization errors found on 'bram_relu_y'. Restoring to previous valid configuration.
ERROR: [Common 17-39] 'set_property' failed due to earlier errors.
ERROR: [BD 41-241] Message from IP propagation TCL of /bram_fcc_y: set_property error: Validation failed for parameter 'Write Width A(Write_Width_A)' for BD Cell 'bram_fcc_y'. Value '16' is out of the range (32,1024)
Customization errors found on 'bram_fcc_y'. Restoring to previous valid configuration.

ERROR: [BD 41-241] Message from IP propagation TCL of /bram_x: set_property error: Validation failed for parameter 'Write Width A(Write_Width_A)' for BD Cell 'bram_x'. Value '16' is out of the range (32,1024)
Customization errors found on 'bram_x'. Restoring to previous valid configuration.

ERROR: [BD 41-241] Message from IP propagation TCL of /bram_fcc_dy: set_property error: Validation failed for parameter 'Write Width A(Write_Width_A)' for BD Cell 'bram_fcc_dy'. Value '16' is out of the range (32,1024)
Customization errors found on 'bram_fcc_dy'. Restoring to previous valid configuration.

ERROR: [BD 41-241] Message from IP propagation TCL of /bram_relu_y: set_property error: Validation failed for parameter 'Write Width A(Write_Width_A)' for BD Cell 'bram_relu_y'. Value '16' is out of the range (32,1024)
Customization errors found on 'bram_relu_y'. Restoring to previous valid configuration.

ERROR: [BD 41-241] Message from IP propagation TCL of /bram_dx: set_property error: Validation failed for parameter 'Write Width A(Write_Width_A)' for BD Cell 'bram_dx'. Value '16' is out of the range (32,1024)
Customization errors found on 'bram_dx'. Restoring to previous valid configuration.

ERROR: [BD 41-241] Message from IP propagation TCL of /bram_conv_y: set_property error: Validation failed for parameter 'Write Width A(Write_Width_A)' for BD Cell 'bram_conv_y'. Value '16' is out of the range (32,1024)
Customization errors found on 'bram_conv_y'. Restoring to previous valid configuration.

ERROR: [BD 41-241] Message from IP propagation TCL of /bram_conv_dy: set_property error: Validation failed for parameter 'Write Width A(Write_Width_A)' for BD Cell 'bram_conv_dy'. Value '16' is out of the range (32,1024)
Customization errors found on 'bram_conv_dy'. Restoring to previous valid configuration.

ERROR: [BD 41-241] Message from IP propagation TCL of /bram_relu_dy: set_property error: Validation failed for parameter 'Write Width A(Write_Width_A)' for BD Cell 'bram_relu_dy'. Value '16' is out of the range (32,1024)
Customization errors found on 'bram_relu_dy'. Restoring to previous valid configuration.

ERROR: [Common 17-39] 'validate_bd_design' failed due to earlier errors.
WARNING: [IP_Flow 19-4067] Ignoring invalid widget type specified checkbox.Providing a default widget
WARNING: [IP_Flow 19-4067] Ignoring invalid widget type specified checkbox.Providing a default widget
WARNING: [IP_Flow 19-4067] Ignoring invalid widget type specified checkbox.Providing a default widget
WARNING: [IP_Flow 19-4067] Ignoring invalid widget type specified checkbox.Providing a default widget
startgroup
create_bd_cell -type ip -vlnv xilinx.com:ip:blk_mem_gen:8.4 blk_mem_gen_0
endgroup
set_property CONFIG.Read_Width_A 16 [get_bd_cells /blk_mem_gen_0]
ERROR: [IP_Flow 19-3461] Value '16' is out of the range for parameter 'Read Width A(Read_Width_A)' for BD Cell 'blk_mem_gen_0' . Valid values are - 32
INFO: [IP_Flow 19-3438] Customization errors found on 'blk_mem_gen_0'. Restoring to previous valid configuration.
ERROR: [BD 41-245] set_property error - Value '16' is out of the range for parameter 'Read Width A(Read_Width_A)' for BD Cell 'blk_mem_gen_0' . Valid values are - 32
Customization errors found on 'blk_mem_gen_0'. Restoring to previous valid configuration.

ERROR: [Common 17-39] 'set_property' failed due to earlier errors.
delete_bd_objs [get_bd_cells blk_mem_gen_0]
startgroup
create_bd_cell -type ip -vlnv xilinx.com:ip:axi_bram_ctrl:4.1 axi_bram_ctrl_0
INFO: [xilinx.com:ip:axi_bram_ctrl:4.1-2] nn_axi_bram_ctrl_0_1: In IP Integrator, please note that memory depth value gets calculated based on the Data Width of the IP and Address range selected in the Address Editor.Incase a validation error occured on the range of this parameter, please check if the selected Data width and the Address Range are valid. For valid Data width and memory depth values, please refer to the AXI BRAM Controller Product Guide.
INFO: [xilinx.com:ip:axi_bram_ctrl:4.1-1] nn_axi_bram_ctrl_0_1: In IP Integrator, The Maximum address range supported is 2G. Selecting the address range more than 2G in the address editor may resets the value of Memory depth to default value (1024). please refer to the AXI BRAM Controller Product Guide.
endgroup
set_property -dict [list CONFIG.SINGLE_PORT_BRAM {1}] [get_bd_cells axi_bram_ctrl_0]
set_property -dict [list CONFIG.SINGLE_PORT_BRAM {0}] [get_bd_cells axi_bram_ctrl_0]
startgroup
apply_bd_automation -rule xilinx.com:bd_rule:bram_cntlr -config {BRAM "/bram_x" }  [get_bd_intf_pins axi_bram_ctrl_0/BRAM_PORTA]
apply_bd_automation -rule xilinx.com:bd_rule:bram_cntlr -config {BRAM "/bram_dx" }  [get_bd_intf_pins axi_bram_ctrl_0/BRAM_PORTB]
endgroup
apply_bd_automation -rule xilinx.com:bd_rule:axi4 -config { Clk_master {/processing_system7_0/FCLK_CLK0 (100 MHz)} Clk_slave {Auto} Clk_xbar {/processing_system7_0/FCLK_CLK0 (100 MHz)} Master {/processing_system7_0/M_AXI_GP0} Slave {/axi_bram_ctrl_0/S_AXI} ddr_seg {Auto} intc_ip {/ps7_0_axi_periph} master_apm {0}}  [get_bd_intf_pins axi_bram_ctrl_0/S_AXI]
Slave segment '/axi_bram_ctrl_0/S_AXI/Mem0' is being assigned into address space '/processing_system7_0/Data' at <0x4002_0000 [ 8K ]>.
regenerate_bd_layout
set_property CONFIG.Read_Width_A 16 [get_bd_cells /bram_x]
ERROR: [IP_Flow 19-3461] Value '16' is out of the range for parameter 'Read Width A(Read_Width_A)' for BD Cell 'bram_x' . Valid values are - 32
INFO: [IP_Flow 19-3438] Customization errors found on 'bram_x'. Restoring to previous valid configuration.
ERROR: [BD 41-245] set_property error - Value '16' is out of the range for parameter 'Read Width A(Read_Width_A)' for BD Cell 'bram_x' . Valid values are - 32
Customization errors found on 'bram_x'. Restoring to previous valid configuration.

ERROR: [Common 17-39] 'set_property' failed due to earlier errors.
set_property CONFIG.Read_Width_A 16 [get_bd_cells /bram_x]
ERROR: [IP_Flow 19-3461] Value '16' is out of the range for parameter 'Read Width A(Read_Width_A)' for BD Cell 'bram_x' . Valid values are - 32
INFO: [IP_Flow 19-3438] Customization errors found on 'bram_x'. Restoring to previous valid configuration.
ERROR: [BD 41-245] set_property error - Value '16' is out of the range for parameter 'Read Width A(Read_Width_A)' for BD Cell 'bram_x' . Valid values are - 32
Customization errors found on 'bram_x'. Restoring to previous valid configuration.

ERROR: [Common 17-39] 'set_property' failed due to earlier errors.
validate_bd_design
WARNING: [BD 41-702] Propagation TCL tries to overwrite USER strength parameter PCW_M_AXI_GP0_FREQMHZ(10) on '/processing_system7_0' with propagated value(100). Command ignored
WARNING: [BD 41-702] Propagation TCL tries to overwrite USER strength parameter PCW_S_AXI_HP0_FREQMHZ(10) on '/processing_system7_0' with propagated value(100). Command ignored
ERROR: [IP_Flow 19-3458] Validation failed for parameter 'Write Width A(Write_Width_A)' for BD Cell 'bram_dx'. Value '16' is out of the range (32,1024)
INFO: [IP_Flow 19-3438] Customization errors found on 'bram_dx'. Restoring to previous valid configuration.
ERROR: [Common 17-39] 'set_property' failed due to earlier errors.
ERROR: [BD 41-1273] Error running post_propagate TCL procedure: ERROR: [Common 17-39] 'set_property' failed due to earlier errors.
    ::xilinx.com_ip_blk_mem_gen_8.4::post_propagate Line 46
ERROR: [IP_Flow 19-3458] Validation failed for parameter 'Write Width A(Write_Width_A)' for BD Cell 'bram_fcc_dy'. Value '16' is out of the range (32,1024)
INFO: [IP_Flow 19-3438] Customization errors found on 'bram_fcc_dy'. Restoring to previous valid configuration.
ERROR: [Common 17-39] 'set_property' failed due to earlier errors.
ERROR: [IP_Flow 19-3458] Validation failed for parameter 'Write Width A(Write_Width_A)' for BD Cell 'bram_x'. Value '16' is out of the range (32,1024)
INFO: [IP_Flow 19-3438] Customization errors found on 'bram_x'. Restoring to previous valid configuration.
ERROR: [Common 17-39] 'set_property' failed due to earlier errors.
ERROR: [IP_Flow 19-3458] Validation failed for parameter 'Write Width A(Write_Width_A)' for BD Cell 'bram_fcc_y'. Value '16' is out of the range (32,1024)
INFO: [IP_Flow 19-3438] Customization errors found on 'bram_fcc_y'. Restoring to previous valid configuration.
ERROR: [Common 17-39] 'set_property' failed due to earlier errors.
ERROR: [IP_Flow 19-3458] Validation failed for parameter 'Write Width A(Write_Width_A)' for BD Cell 'bram_conv_dy'. Value '16' is out of the range (32,1024)
INFO: [IP_Flow 19-3438] Customization errors found on 'bram_conv_dy'. Restoring to previous valid configuration.
ERROR: [Common 17-39] 'set_property' failed due to earlier errors.
ERROR: [IP_Flow 19-3458] Validation failed for parameter 'Write Width A(Write_Width_A)' for BD Cell 'bram_conv_y'. Value '16' is out of the range (32,1024)
INFO: [IP_Flow 19-3438] Customization errors found on 'bram_conv_y'. Restoring to previous valid configuration.
ERROR: [Common 17-39] 'set_property' failed due to earlier errors.
ERROR: [IP_Flow 19-3458] Validation failed for parameter 'Write Width A(Write_Width_A)' for BD Cell 'bram_relu_dy'. Value '16' is out of the range (32,1024)
INFO: [IP_Flow 19-3438] Customization errors found on 'bram_relu_dy'. Restoring to previous valid configuration.
ERROR: [Common 17-39] 'set_property' failed due to earlier errors.
ERROR: [IP_Flow 19-3458] Validation failed for parameter 'Write Width A(Write_Width_A)' for BD Cell 'bram_relu_y'. Value '16' is out of the range (32,1024)
INFO: [IP_Flow 19-3438] Customization errors found on 'bram_relu_y'. Restoring to previous valid configuration.
ERROR: [Common 17-39] 'set_property' failed due to earlier errors.
ERROR: [BD 41-241] Message from IP propagation TCL of /bram_fcc_y: set_property error: Validation failed for parameter 'Write Width A(Write_Width_A)' for BD Cell 'bram_fcc_y'. Value '16' is out of the range (32,1024)
Customization errors found on 'bram_fcc_y'. Restoring to previous valid configuration.

ERROR: [BD 41-241] Message from IP propagation TCL of /bram_x: set_property error: Validation failed for parameter 'Write Width A(Write_Width_A)' for BD Cell 'bram_x'. Value '16' is out of the range (32,1024)
Customization errors found on 'bram_x'. Restoring to previous valid configuration.

ERROR: [BD 41-241] Message from IP propagation TCL of /bram_fcc_dy: set_property error: Validation failed for parameter 'Write Width A(Write_Width_A)' for BD Cell 'bram_fcc_dy'. Value '16' is out of the range (32,1024)
Customization errors found on 'bram_fcc_dy'. Restoring to previous valid configuration.

ERROR: [BD 41-241] Message from IP propagation TCL of /bram_relu_y: set_property error: Validation failed for parameter 'Write Width A(Write_Width_A)' for BD Cell 'bram_relu_y'. Value '16' is out of the range (32,1024)
Customization errors found on 'bram_relu_y'. Restoring to previous valid configuration.

ERROR: [BD 41-241] Message from IP propagation TCL of /bram_dx: set_property error: Validation failed for parameter 'Write Width A(Write_Width_A)' for BD Cell 'bram_dx'. Value '16' is out of the range (32,1024)
Customization errors found on 'bram_dx'. Restoring to previous valid configuration.

ERROR: [BD 41-241] Message from IP propagation TCL of /bram_conv_y: set_property error: Validation failed for parameter 'Write Width A(Write_Width_A)' for BD Cell 'bram_conv_y'. Value '16' is out of the range (32,1024)
Customization errors found on 'bram_conv_y'. Restoring to previous valid configuration.

ERROR: [BD 41-241] Message from IP propagation TCL of /bram_conv_dy: set_property error: Validation failed for parameter 'Write Width A(Write_Width_A)' for BD Cell 'bram_conv_dy'. Value '16' is out of the range (32,1024)
Customization errors found on 'bram_conv_dy'. Restoring to previous valid configuration.

ERROR: [BD 41-241] Message from IP propagation TCL of /bram_relu_dy: set_property error: Validation failed for parameter 'Write Width A(Write_Width_A)' for BD Cell 'bram_relu_dy'. Value '16' is out of the range (32,1024)
Customization errors found on 'bram_relu_dy'. Restoring to previous valid configuration.

ERROR: [Common 17-39] 'validate_bd_design' failed due to earlier errors.
write_bd_tcl -force /home/anubhav/Desktop/nn.tcl
INFO: [BD 5-148] Tcl file written out </home/anubhav/Desktop/nn.tcl>.

WARNING: [BD 5-339] The block design <nn> has not been validated, therefore, a block design created using this Tcl file
</home/anubhav/Desktop/nn.tcl> may result in errors during validation.
delete_bd_objs [get_bd_intf_nets conv_combined_0_dy_PORTA] [get_bd_intf_nets relu_combined_0_dx_PORTA] [get_bd_intf_nets conv_combined_0_x_PORTA] [get_bd_intf_nets relu_combined_0_dy_PORTA] [get_bd_intf_nets fcc_combined_0_dy_PORTA] [get_bd_intf_nets conv_combined_0_dx_PORTA] [get_bd_intf_nets conv_y] [get_bd_intf_nets axi_bram_ctrl_0_BRAM_PORTB] [get_bd_intf_nets axi_bram_ctrl_0_BRAM_PORTA] [get_bd_intf_nets fcc_combined_0_dx_PORTA] [get_bd_intf_nets fcc_combined_0_x_PORTA] [get_bd_intf_nets relu_combined_0_x_PORTA] [get_bd_intf_nets fcc_combined_0_y_PORTA] [get_bd_cells bram_dx] [get_bd_cells bram_x] [get_bd_cells bram_conv_y] [get_bd_cells bram_fcc_y] [get_bd_cells bram_fcc_dy] [get_bd_cells bram_conv_dy] [get_bd_cells bram_relu_dy]
startgroup
create_bd_cell -type ip -vlnv xilinx.com:ip:blk_mem_gen:8.4 blk_mem_gen_0
endgroup
delete_bd_objs [get_bd_intf_nets relu_combined_0_y_PORTA] [get_bd_cells bram_relu_y]
regenerate_bd_layout
set_property location {1 272 587} [get_bd_cells blk_mem_gen_0]
WARNING: [IP_Flow 19-4067] Ignoring invalid widget type specified checkbox.Providing a default widget
WARNING: [IP_Flow 19-4067] Ignoring invalid widget type specified checkbox.Providing a default widget
set_property -dict [list CONFIG.Memory_Type {True_Dual_Port_RAM} CONFIG.Enable_B {Use_ENB_Pin} CONFIG.Use_RSTB_Pin {true} CONFIG.Port_B_Clock {100} CONFIG.Port_B_Write_Rate {50} CONFIG.Port_B_Enable_Rate {100}] [get_bd_cells blk_mem_gen_0]
open_bd_design {/home/anubhav/xilinx_projects/nn_v2/nn_v2/nn_v2.srcs/sources_1/bd/nn/nn.bd}
open_bd_design {/home/anubhav/xilinx_projects/nn_v2/nn_v2/nn_v2.srcs/sources_1/bd/nn/nn.bd}
open_bd_design {/home/anubhav/xilinx_projects/nn_v2/nn_v2/nn_v2.srcs/sources_1/bd/nn/nn.bd}
open_bd_design {/home/anubhav/xilinx_projects/nn_v2/nn_v2/nn_v2.srcs/sources_1/bd/nn/nn.bd}
open_bd_design {/home/anubhav/xilinx_projects/nn_v2/nn_v2/nn_v2.srcs/sources_1/bd/nn/nn.bd}
open_bd_design {/home/anubhav/xilinx_projects/nn_v2/nn_v2/nn_v2.srcs/sources_1/bd/nn/nn.bd}
save_bd_design
Wrote  : </home/anubhav/xilinx_projects/nn_v2/nn_v2/nn_v2.srcs/sources_1/bd/nn/nn.bd> 
Wrote  : </home/anubhav/xilinx_projects/nn_v2/nn_v2/nn_v2.srcs/sources_1/bd/nn/ui/bd_34476740.ui> 
exit
INFO: [Common 17-206] Exiting Vivado at Sun May  8 15:49:12 2022...
