#-----------------------------------------------------------
# Vivado v2020.2 (64-bit)
# SW Build 3064766 on Wed Nov 18 09:12:47 MST 2020
# IP Build 3064653 on Wed Nov 18 14:17:31 MST 2020
# Start of session at: Tue Feb 22 16:44:05 2022
# Process ID: 25761
# Current directory: /home/anubhav/workspace
# Command line: vivado
# Log file: /home/anubhav/workspace/vivado.log
# Journal file: /home/anubhav/workspace/vivado.jou
#-----------------------------------------------------------
start_gui
open_project /home/anubhav/workspace/neural_net/neural_net/neural_net.xpr
WARNING: [filemgmt 56-3] Board Part Repository Path: Could not find the directory '/home/anubhav/.Xilinx/Vivado/2019.2/xhub/board_store'.
Scanning sources...
Finished scanning sources
INFO: [IP_Flow 19-234] Refreshing IP repositories
INFO: [IP_Flow 19-1700] Loaded user IP repository '/home/anubhav/workspace/ip_repo'.
INFO: [IP_Flow 19-2313] Loaded Vivado IP repository '/tools/Xilinx/Vivado/2020.2/data/ip'.
WARNING: [IP_Flow 19-3664] IP 'design_1_xbar_0' generated file not found '/home/anubhav/workspace/neural_net/neural_net/neural_net.gen/sources_1/bd/design_1/ip/design_1_xbar_0/design_1_xbar_0.dcp'. Please regenerate to continue.
WARNING: [IP_Flow 19-3664] IP 'design_1_xbar_0' generated file not found '/home/anubhav/workspace/neural_net/neural_net/neural_net.gen/sources_1/bd/design_1/ip/design_1_xbar_0/design_1_xbar_0_stub.v'. Please regenerate to continue.
WARNING: [IP_Flow 19-3664] IP 'design_1_xbar_0' generated file not found '/home/anubhav/workspace/neural_net/neural_net/neural_net.gen/sources_1/bd/design_1/ip/design_1_xbar_0/design_1_xbar_0_stub.vhdl'. Please regenerate to continue.
WARNING: [IP_Flow 19-3664] IP 'design_1_xbar_0' generated file not found '/home/anubhav/workspace/neural_net/neural_net/neural_net.gen/sources_1/bd/design_1/ip/design_1_xbar_0/design_1_xbar_0_sim_netlist.v'. Please regenerate to continue.
WARNING: [IP_Flow 19-3664] IP 'design_1_xbar_0' generated file not found '/home/anubhav/workspace/neural_net/neural_net/neural_net.gen/sources_1/bd/design_1/ip/design_1_xbar_0/design_1_xbar_0_sim_netlist.vhdl'. Please regenerate to continue.
WARNING: [IP_Flow 19-3664] IP 'design_1_activation_fwd_0_0' generated file not found '/home/anubhav/workspace/neural_net/neural_net/neural_net.gen/sources_1/bd/design_1/ip/design_1_activation_fwd_0_0/design_1_activation_fwd_0_0.dcp'. Please regenerate to continue.
WARNING: [IP_Flow 19-3664] IP 'design_1_activation_fwd_0_0' generated file not found '/home/anubhav/workspace/neural_net/neural_net/neural_net.gen/sources_1/bd/design_1/ip/design_1_activation_fwd_0_0/design_1_activation_fwd_0_0_stub.v'. Please regenerate to continue.
WARNING: [IP_Flow 19-3664] IP 'design_1_activation_fwd_0_0' generated file not found '/home/anubhav/workspace/neural_net/neural_net/neural_net.gen/sources_1/bd/design_1/ip/design_1_activation_fwd_0_0/design_1_activation_fwd_0_0_stub.vhdl'. Please regenerate to continue.
WARNING: [IP_Flow 19-3664] IP 'design_1_activation_fwd_0_0' generated file not found '/home/anubhav/workspace/neural_net/neural_net/neural_net.gen/sources_1/bd/design_1/ip/design_1_activation_fwd_0_0/design_1_activation_fwd_0_0_sim_netlist.v'. Please regenerate to continue.
WARNING: [IP_Flow 19-3664] IP 'design_1_activation_fwd_0_0' generated file not found '/home/anubhav/workspace/neural_net/neural_net/neural_net.gen/sources_1/bd/design_1/ip/design_1_activation_fwd_0_0/design_1_activation_fwd_0_0_sim_netlist.vhdl'. Please regenerate to continue.
INFO: [IP_Flow 19-3899] Cannot get the environment domain name variable for the component vendor name. Setting the vendor name to 'user.org'.
open_project: Time (s): cpu = 00:00:19 ; elapsed = 00:00:10 . Memory (MB): peak = 7269.605 ; gain = 120.133 ; free physical = 4989 ; free virtual = 7963
open_bd_design {/home/anubhav/workspace/neural_net/neural_net/neural_net.srcs/sources_1/bd/design_1/design_1.bd}
Reading block design file </home/anubhav/workspace/neural_net/neural_net/neural_net.srcs/sources_1/bd/design_1/design_1.bd>...
Adding component instance block -- xilinx.com:ip:axi_interconnect:2.1 - ps7_0_axi_periph
Adding component instance block -- xilinx.com:ip:axi_crossbar:2.1 - xbar
Adding component instance block -- xilinx.com:ip:axi_protocol_converter:2.1 - auto_pc
Adding component instance block -- xilinx.com:ip:axi_protocol_converter:2.1 - auto_pc
Adding component instance block -- xilinx.com:ip:axi_protocol_converter:2.1 - auto_pc
Adding component instance block -- xilinx.com:ip:axi_protocol_converter:2.1 - auto_pc
Adding component instance block -- xilinx.com:ip:axi_protocol_converter:2.1 - auto_pc
Adding component instance block -- xilinx.com:ip:axi_mmu:2.1 - s00_mmu
Adding component instance block -- xilinx.com:ip:axi_mmu:2.1 - s01_mmu
Adding component instance block -- xilinx.com:ip:axi_mmu:2.1 - s02_mmu
Adding component instance block -- xilinx.com:ip:axi_mmu:2.1 - s03_mmu
Adding component instance block -- xilinx.com:ip:axi_mmu:2.1 - s04_mmu
Adding component instance block -- xilinx.com:ip:axi_bram_ctrl:4.1 - axi_bram_ctrl_0
Adding component instance block -- xilinx.com:ip:blk_mem_gen:8.4 - axi_bram_ctrl_0_bram
Adding component instance block -- xilinx.com:ip:processing_system7:5.5 - processing_system7_0
Adding component instance block -- xilinx.com:ip:proc_sys_reset:5.0 - rst_ps7_0_100M
Adding component instance block -- xilinx.com:hls:backward_fcc:1.0 - backward_fcc_0
Adding component instance block -- xilinx.com:hls:forward_fcc:1.0 - forward_fcc_0
Adding component instance block -- xilinx.com:hls:activation_fwd:1.0 - activation_fwd_0
Adding component instance block -- xilinx.com:hls:activation_bckwd:1.0 - activation_bckwd_0
Excluding slave segment /backward_fcc_0/s_axi_control/Reg from address space /backward_fcc_0/Data_m_axi_gmem.
Successfully read diagram <design_1> from block design file </home/anubhav/workspace/neural_net/neural_net/neural_net.srcs/sources_1/bd/design_1/design_1.bd>
open_bd_design: Time (s): cpu = 00:00:11 ; elapsed = 00:00:10 . Memory (MB): peak = 7671.801 ; gain = 0.000 ; free physical = 4907 ; free virtual = 7926
update_compile_order -fileset sources_1
reset_run design_1_xbar_0_synth_1
reset_run design_1_activation_fwd_0_0_synth_1
reset_run synth_1
launch_runs synth_1 -jobs 10
INFO: [IP_Flow 19-7066] Running IP cache check for IP design_1_activation_fwd_0_0
INFO: [IP_Flow 19-7066] Running IP cache check for IP design_1_xbar_0
[Tue Feb 22 16:48:17 2022] Launched design_1_xbar_0_synth_1, design_1_activation_fwd_0_0_synth_1...
Run output will be captured here:
design_1_xbar_0_synth_1: /home/anubhav/workspace/neural_net/neural_net/neural_net.runs/design_1_xbar_0_synth_1/runme.log
design_1_activation_fwd_0_0_synth_1: /home/anubhav/workspace/neural_net/neural_net/neural_net.runs/design_1_activation_fwd_0_0_synth_1/runme.log
[Tue Feb 22 16:48:17 2022] Launched synth_1...
Run output will be captured here: /home/anubhav/workspace/neural_net/neural_net/neural_net.runs/synth_1/runme.log
launch_runs impl_1 -jobs 10
[Tue Feb 22 16:50:55 2022] Launched impl_1...
Run output will be captured here: /home/anubhav/workspace/neural_net/neural_net/neural_net.runs/impl_1/runme.log
launch_runs impl_1 -to_step write_bitstream -jobs 10
[Tue Feb 22 16:54:30 2022] Launched impl_1...
Run output will be captured here: /home/anubhav/workspace/neural_net/neural_net/neural_net.runs/impl_1/runme.log
open_run impl_1
INFO: [Device 21-403] Loading part xc7z020clg400-1
Netlist sorting complete. Time (s): cpu = 00:00:00.36 ; elapsed = 00:00:00.36 . Memory (MB): peak = 8955.016 ; gain = 0.000 ; free physical = 4278 ; free virtual = 7525
INFO: [Netlist 29-17] Analyzing 1226 Unisim elements for replacement
INFO: [Netlist 29-28] Unisim Transformation completed in 0 CPU seconds
INFO: [Project 1-479] Netlist was created with Vivado 2020.2
INFO: [Project 1-570] Preparing netlist for logic optimization
INFO: [Timing 38-478] Restoring timing data from binary archive.
INFO: [Timing 38-479] Binary timing data restore complete.
INFO: [Project 1-856] Restoring constraints from binary archive.
INFO: [Project 1-853] Binary constraint restore complete.
Reading XDEF placement.
Reading placer database...
Reading XDEF routing.
Read XDEF File: Time (s): cpu = 00:00:01 ; elapsed = 00:00:01 . Memory (MB): peak = 9333.414 ; gain = 12.672 ; free physical = 3678 ; free virtual = 6925
Restored from archive | CPU: 1.480000 secs | Memory: 28.121384 MB |
Finished XDEF File Restore: Time (s): cpu = 00:00:01 ; elapsed = 00:00:01 . Memory (MB): peak = 9333.414 ; gain = 12.672 ; free physical = 3678 ; free virtual = 6925
Generating merged BMM file for the design top 'design_1_wrapper'...
Netlist sorting complete. Time (s): cpu = 00:00:00 ; elapsed = 00:00:00 . Memory (MB): peak = 9333.414 ; gain = 0.000 ; free physical = 3680 ; free virtual = 6927
INFO: [Project 1-111] Unisim Transformation Summary:
  A total of 21 instances were transformed.
  SRLC32E => SRL16E: 21 instances

open_run: Time (s): cpu = 00:00:36 ; elapsed = 00:00:24 . Memory (MB): peak = 9580.820 ; gain = 625.805 ; free physical = 3529 ; free virtual = 6781
open_report: Time (s): cpu = 00:00:13 ; elapsed = 00:00:07 . Memory (MB): peak = 9580.820 ; gain = 0.000 ; free physical = 3418 ; free virtual = 6678
open_bd_design {/home/anubhav/workspace/neural_net/neural_net/neural_net.srcs/sources_1/bd/design_1/design_1.bd}
WARNING: [IP_Flow 19-4067] Ignoring invalid widget type specified checkbox.Providing a default widget
WARNING: [IP_Flow 19-4067] Ignoring invalid widget type specified checkbox.Providing a default widget
WARNING: [IP_Flow 19-4067] Ignoring invalid widget type specified checkbox.Providing a default widget
WARNING: [IP_Flow 19-4067] Ignoring invalid widget type specified checkbox.Providing a default widget
regenerate_bd_layout
