#-----------------------------------------------------------
# Vivado v2020.2 (64-bit)
# SW Build 3064766 on Wed Nov 18 09:12:47 MST 2020
# IP Build 3064653 on Wed Nov 18 14:17:31 MST 2020
# Start of session at: Tue May 10 14:11:47 2022
# Process ID: 132967
# Current directory: /home/anubhav/xilinx_projects
# Command line: vivado
# Log file: /home/anubhav/xilinx_projects/vivado.log
# Journal file: /home/anubhav/xilinx_projects/vivado.jou
#-----------------------------------------------------------
start_gui
open_project /home/anubhav/xilinx_projects/nn_v2/nn_v2/nn_v2.xpr
Scanning sources...
Finished scanning sources
INFO: [IP_Flow 19-234] Refreshing IP repositories
INFO: [IP_Flow 19-1700] Loaded user IP repository '/home/anubhav/xilinx_projects/ip_repo'.
INFO: [IP_Flow 19-2313] Loaded Vivado IP repository '/tools/Xilinx/Vivado/2020.2/data/ip'.
INFO: [IP_Flow 19-3899] Cannot get the environment domain name variable for the component vendor name. Setting the vendor name to 'user.org'.
open_project: Time (s): cpu = 00:00:15 ; elapsed = 00:00:06 . Memory (MB): peak = 7474.699 ; gain = 159.395 ; free physical = 19915 ; free virtual = 30273
update_compile_order -fileset sources_1
open_bd_design {/home/anubhav/xilinx_projects/nn_v2/nn_v2/nn_v2.srcs/sources_1/bd/nn/nn.bd}
Reading block design file </home/anubhav/xilinx_projects/nn_v2/nn_v2/nn_v2.srcs/sources_1/bd/nn/nn.bd>...
Adding component instance block -- xilinx.com:ip:axi_interconnect:2.1 - axi_mem_intercon
Adding component instance block -- xilinx.com:ip:axi_crossbar:2.1 - xbar
Adding component instance block -- xilinx.com:ip:axi_dwidth_converter:2.1 - auto_us
Adding component instance block -- xilinx.com:ip:axi_dwidth_converter:2.1 - auto_us
Adding component instance block -- xilinx.com:ip:axi_protocol_converter:2.1 - auto_pc
Adding component instance block -- xilinx.com:ip:processing_system7:5.5 - processing_system7_0
Adding component instance block -- xilinx.com:ip:axi_interconnect:2.1 - ps7_0_axi_periph
Adding component instance block -- xilinx.com:ip:axi_crossbar:2.1 - xbar
Adding component instance block -- xilinx.com:ip:axi_protocol_converter:2.1 - auto_pc
Adding component instance block -- xilinx.com:ip:axi_protocol_converter:2.1 - auto_pc
Adding component instance block -- xilinx.com:ip:axi_protocol_converter:2.1 - auto_pc
Adding component instance block -- xilinx.com:ip:axi_protocol_converter:2.1 - auto_pc
Adding component instance block -- xilinx.com:ip:proc_sys_reset:5.0 - rst_ps7_0_100M
Adding component instance block -- xilinx.com:ip:blk_mem_gen:8.4 - fcc_dx
Adding component instance block -- xilinx.com:ip:blk_mem_gen:8.4 - fcc_dy
Adding component instance block -- xilinx.com:ip:blk_mem_gen:8.4 - fcc_x
Adding component instance block -- xilinx.com:ip:blk_mem_gen:8.4 - fcc_y
Adding component instance block -- xilinx.com:ip:blk_mem_gen:8.4 - conv_dy
Adding component instance block -- xilinx.com:ip:blk_mem_gen:8.4 - conv_y
Adding component instance block -- xilinx.com:hls:conv_combined:1.0 - conv_combined_0
Adding component instance block -- xilinx.com:hls:relu_combined:1.0 - relu_combined_0
Adding component instance block -- xilinx.com:hls:fcc_combined:1.0 - fcc_combined_0
Adding component instance block -- xilinx.com:ip:blk_mem_gen:8.4 - relu_dy
Adding component instance block -- xilinx.com:ip:blk_mem_gen:8.4 - relu_y
Successfully read diagram <nn> from block design file </home/anubhav/xilinx_projects/nn_v2/nn_v2/nn_v2.srcs/sources_1/bd/nn/nn.bd>
WARNING: [IP_Flow 19-4067] Ignoring invalid widget type specified checkbox.Providing a default widget
WARNING: [IP_Flow 19-4067] Ignoring invalid widget type specified checkbox.Providing a default widget
startgroup
set_property -dict [list CONFIG.Memory_Type {True_Dual_Port_RAM} CONFIG.Enable_32bit_Address {true} CONFIG.Use_Byte_Write_Enable {true} CONFIG.Byte_Size {8} CONFIG.Write_Width_A {32} CONFIG.Read_Width_A {32} CONFIG.Write_Width_B {32} CONFIG.Read_Width_B {32} CONFIG.Enable_B {Use_ENB_Pin} CONFIG.Register_PortA_Output_of_Memory_Primitives {false} CONFIG.Use_RSTA_Pin {true} CONFIG.Use_RSTB_Pin {true} CONFIG.Port_B_Clock {100} CONFIG.Port_B_Write_Rate {50} CONFIG.Port_B_Enable_Rate {100} CONFIG.use_bram_block {BRAM_Controller} CONFIG.EN_SAFETY_CKT {true}] [get_bd_cells fcc_dx]
endgroup
WARNING: [IP_Flow 19-4067] Ignoring invalid widget type specified checkbox.Providing a default widget
WARNING: [IP_Flow 19-4067] Ignoring invalid widget type specified checkbox.Providing a default widget
startgroup
set_property -dict [list CONFIG.Assume_Synchronous_Clk {true}] [get_bd_cells fcc_dx]
endgroup
delete_bd_objs [get_bd_intf_nets fcc_combined_0_dx_PORTA]
startgroup
create_bd_cell -type ip -vlnv xilinx.com:ip:axi_dwidth_converter:2.1 axi_dwidth_converter_0
endgroup
WARNING: [IP_Flow 19-4067] Ignoring invalid widget type specified checkbox.Providing a default widget
WARNING: [IP_Flow 19-4067] Ignoring invalid widget type specified checkbox.Providing a default widget
WARNING: [IP_Flow 19-4067] Ignoring invalid widget type specified checkbox.Providing a default widget
WARNING: [IP_Flow 19-4067] Ignoring invalid widget type specified checkbox.Providing a default widget
set_property -dict [list CONFIG.Enable_32bit_Address {false} CONFIG.Use_Byte_Write_Enable {false} CONFIG.Byte_Size {9} CONFIG.Write_Width_A {16} CONFIG.Read_Width_A {16} CONFIG.Write_Width_B {16} CONFIG.Read_Width_B {16} CONFIG.Register_PortA_Output_of_Memory_Primitives {true} CONFIG.Register_PortB_Output_of_Memory_Primitives {true} CONFIG.Use_RSTA_Pin {false} CONFIG.Use_RSTB_Pin {false} CONFIG.use_bram_block {Stand_Alone} CONFIG.EN_SAFETY_CKT {false}] [get_bd_cells fcc_dx]
apply_bd_automation -rule xilinx.com:bd_rule:bram_cntlr -config {BRAM "/fcc_dx" }  [get_bd_intf_pins fcc_combined_0/dx_PORTA]
set_property -dict [list CONFIG.ADDR_WIDTH.VALUE_SRC PROPAGATED] [get_bd_cells axi_dwidth_converter_0]
apply_bd_automation -rule xilinx.com:bd_rule:axi4 -config { Clk_master {Auto} Clk_slave {/processing_system7_0/FCLK_CLK0 (100 MHz)} Clk_xbar {/processing_system7_0/FCLK_CLK0 (100 MHz)} Master {/axi_dwidth_converter_0/M_AXI} Slave {/processing_system7_0/S_AXI_HP0} ddr_seg {Auto} intc_ip {/axi_mem_intercon} master_apm {0}}  [get_bd_intf_pins axi_dwidth_converter_0/M_AXI]
startgroup
create_bd_cell -type ip -vlnv xilinx.com:ip:axi_bram_ctrl:4.1 axi_bram_ctrl_0
INFO: [xilinx.com:ip:axi_bram_ctrl:4.1-2] nn_axi_bram_ctrl_0_0: In IP Integrator, please note that memory depth value gets calculated based on the Data Width of the IP and Address range selected in the Address Editor.Incase a validation error occured on the range of this parameter, please check if the selected Data width and the Address Range are valid. For valid Data width and memory depth values, please refer to the AXI BRAM Controller Product Guide.
INFO: [xilinx.com:ip:axi_bram_ctrl:4.1-1] nn_axi_bram_ctrl_0_0: In IP Integrator, The Maximum address range supported is 2G. Selecting the address range more than 2G in the address editor may resets the value of Memory depth to default value (1024). please refer to the AXI BRAM Controller Product Guide.
endgroup
