#-----------------------------------------------------------
# Vivado v2020.2 (64-bit)
# SW Build 3064766 on Wed Nov 18 09:12:47 MST 2020
# IP Build 3064653 on Wed Nov 18 14:17:31 MST 2020
# Start of session at: Fri May 20 11:54:51 2022
# Process ID: 6867
# Current directory: /home/anubhav/xilinx_projects
# Command line: vivado
# Log file: /home/anubhav/xilinx_projects/vivado.log
# Journal file: /home/anubhav/xilinx_projects/vivado.jou
#-----------------------------------------------------------
start_gui
open_project /home/anubhav/xilinx_projects/nn_v3/nnv3/nnv3.xpr
Scanning sources...
Finished scanning sources
INFO: [IP_Flow 19-234] Refreshing IP repositories
INFO: [IP_Flow 19-1700] Loaded user IP repository '/home/anubhav/xilinx_projects/ip_repo'.
INFO: [IP_Flow 19-2313] Loaded Vivado IP repository '/tools/Xilinx/Vivado/2020.2/data/ip'.
INFO: [IP_Flow 19-3899] Cannot get the environment domain name variable for the component vendor name. Setting the vendor name to 'user.org'.
open_project: Time (s): cpu = 00:00:19 ; elapsed = 00:00:18 . Memory (MB): peak = 7196.691 ; gain = 54.312 ; free physical = 25483 ; free virtual = 31013
update_compile_order -fileset sources_1
open_bd_design {/home/anubhav/xilinx_projects/nn_v3/nnv3/nnv3.srcs/sources_1/bd/nn/nn.bd}
Reading block design file </home/anubhav/xilinx_projects/nn_v3/nnv3/nnv3.srcs/sources_1/bd/nn/nn.bd>...
Adding component instance block -- xilinx.com:ip:axi_interconnect:2.1 - axi_mem_intercon
Adding component instance block -- xilinx.com:ip:axi_crossbar:2.1 - xbar
Adding component instance block -- xilinx.com:ip:axi_dwidth_converter:2.1 - auto_us
Adding component instance block -- xilinx.com:ip:axi_dwidth_converter:2.1 - auto_us
Adding component instance block -- xilinx.com:ip:axi_dwidth_converter:2.1 - auto_us
Adding component instance block -- xilinx.com:ip:axi_dwidth_converter:2.1 - auto_us
Adding component instance block -- xilinx.com:ip:axi_protocol_converter:2.1 - auto_pc
Adding component instance block -- xilinx.com:ip:blk_mem_gen:8.4 - conv_dy
Adding component instance block -- xilinx.com:ip:blk_mem_gen:8.4 - conv_y
Adding component instance block -- xilinx.com:ip:blk_mem_gen:8.4 - fcc_dx
Adding component instance block -- xilinx.com:ip:blk_mem_gen:8.4 - fcc_dy
Adding component instance block -- xilinx.com:ip:blk_mem_gen:8.4 - fcc_x
Adding component instance block -- xilinx.com:ip:blk_mem_gen:8.4 - fcc_y
Adding component instance block -- xilinx.com:ip:processing_system7:5.5 - processing_system7_0
Adding component instance block -- xilinx.com:ip:axi_interconnect:2.1 - ps7_0_axi_periph
Adding component instance block -- xilinx.com:ip:axi_crossbar:2.1 - xbar
Adding component instance block -- xilinx.com:ip:axi_protocol_converter:2.1 - auto_pc
Adding component instance block -- xilinx.com:ip:blk_mem_gen:8.4 - relu_dy
Adding component instance block -- xilinx.com:ip:blk_mem_gen:8.4 - relu_y
Adding component instance block -- xilinx.com:ip:proc_sys_reset:5.0 - rst_ps7_0_100M
Adding component instance block -- xilinx.com:hls:InputLayer:1.0 - InputLayer_0
Adding component instance block -- xilinx.com:hls:InputLayer:1.0 - InputLayer_1
Adding component instance block -- xilinx.com:hls:conv_combined:1.0 - conv_combined_0
Adding component instance block -- xilinx.com:hls:fcc_combined:1.0 - fcc_combined_0
Adding component instance block -- xilinx.com:hls:relu_combined:1.0 - relu_combined_0
Successfully read diagram <nn> from block design file </home/anubhav/xilinx_projects/nn_v3/nnv3/nnv3.srcs/sources_1/bd/nn/nn.bd>
open_bd_design: Time (s): cpu = 00:00:12 ; elapsed = 00:00:11 . Memory (MB): peak = 7478.828 ; gain = 0.000 ; free physical = 25223 ; free virtual = 30883
INFO: [IP_Flow 19-3899] Cannot get the environment domain name variable for the component vendor name. Setting the vendor name to 'user.org'.
update_ip_catalog -rebuild
INFO: [IP_Flow 19-234] Refreshing IP repositories
INFO: [IP_Flow 19-1700] Loaded user IP repository '/home/anubhav/xilinx_projects/ip_repo'.
INFO: [IP_Flow 19-3899] Cannot get the environment domain name variable for the component vendor name. Setting the vendor name to 'user.org'.
INFO: [IP_Flow 19-3899] Cannot get the environment domain name variable for the component vendor name. Setting the vendor name to 'user.org'.
startgroup
create_bd_cell -type ip -vlnv xilinx.com:hls:bram_switch:1.0 bram_switch_0
endgroup
set_property location {2 555 545} [get_bd_cells bram_switch_0]
WARNING: [IP_Flow 19-4318] IP-XACT file does not exist: /home/anubhav/xilinx_projects/ip_repo/bram_switch/solution1/impl/ip/component.xml. It will be created.
delete_bd_objs [get_bd_cells bram_switch_0]
update_ip_catalog -rebuild -scan_changes
INFO: [IP_Flow 19-234] Refreshing IP repositories
INFO: [IP_Flow 19-1700] Loaded user IP repository '/home/anubhav/xilinx_projects/ip_repo'.
