Copyright 1986-2020 Xilinx, Inc. All Rights Reserved.
------------------------------------------------------------------------------------
| Tool Version : Vivado v.2020.2 (lin64) Build 3064766 Wed Nov 18 09:12:47 MST 2020
| Date         : Fri May  6 16:44:35 2022
| Host         : anubhav-acer running 64-bit Ubuntu 20.04.4 LTS
| Command      : upgrade_ip
| Device       : xc7z020clg400-1
------------------------------------------------------------------------------------

Upgrade Log for IP 'nn_fcc_combined_0_0'

1. Summary
----------

CAUTION (success, with warnings) in the upgrade of nn_fcc_combined_0_0 (xilinx.com:hls:fcc_combined:1.0) from (Rev. 2112493302) to (Rev. 2112493363)

After upgrade, an IP may have parameter and port differences compared to the original customization. Please review the parameters within the IP customization GUI to ensure proper functionality. Also, please review the updated IP instantiation template to ensure proper connectivity, and update your design if required.

2. Interface Information
------------------------

Detected external interface differences while upgrading 'nn_fcc_combined_0_0'.


-Upgrade has removed interface 'b_PORTA'

-Upgrade has removed interface 'db_PORTA'

-Upgrade has removed interface 'dw_PORTA'

-Upgrade has removed interface 'w_PORTA'

-Upgrade has added interface 'm_axi_gmem' (xilinx.com:interface:aximm:1.0)

-Upgrade has added interface 's_axi_control' (xilinx.com:interface:aximm:1.0)


3. Connection Warnings
----------------------

Detected external port differences while upgrading 'nn_fcc_combined_0_0'. These changes may impact your design.


-Upgrade has removed port 'b_Addr_A'

-Upgrade has removed port 'b_Clk_A'

-Upgrade has removed port 'b_Din_A'

-Upgrade has removed port 'b_Dout_A'

-Upgrade has removed port 'b_EN_A'

-Upgrade has removed port 'b_Rst_A'

-Upgrade has removed port 'b_WEN_A'

-Upgrade has removed port 'db_Addr_A'

-Upgrade has removed port 'db_Clk_A'

-Upgrade has removed port 'db_Din_A'

-Upgrade has removed port 'db_Dout_A'

-Upgrade has removed port 'db_EN_A'

-Upgrade has removed port 'db_Rst_A'

-Upgrade has removed port 'db_WEN_A'

-Upgrade has removed port 'dw_Addr_A'

-Upgrade has removed port 'dw_Clk_A'

-Upgrade has removed port 'dw_Din_A'

-Upgrade has removed port 'dw_Dout_A'

-Upgrade has removed port 'dw_EN_A'

-Upgrade has removed port 'dw_Rst_A'

-Upgrade has removed port 'dw_WEN_A'

-Upgrade has removed port 'w_Addr_A'

-Upgrade has removed port 'w_Clk_A'

-Upgrade has removed port 'w_Din_A'

-Upgrade has removed port 'w_Dout_A'

-Upgrade has removed port 'w_EN_A'

-Upgrade has removed port 'w_Rst_A'

-Upgrade has removed port 'w_WEN_A'

-Upgrade has added port 'm_axi_gmem_ARADDR'

-Upgrade has added port 'm_axi_gmem_ARBURST'

-Upgrade has added port 'm_axi_gmem_ARCACHE'

-Upgrade has added port 'm_axi_gmem_ARLEN'

-Upgrade has added port 'm_axi_gmem_ARLOCK'

-Upgrade has added port 'm_axi_gmem_ARPROT'

-Upgrade has added port 'm_axi_gmem_ARQOS'

-Upgrade has added port 'm_axi_gmem_ARREADY'

-Upgrade has added port 'm_axi_gmem_ARREGION'

-Upgrade has added port 'm_axi_gmem_ARSIZE'

-Upgrade has added port 'm_axi_gmem_ARVALID'

-Upgrade has added port 'm_axi_gmem_AWADDR'

-Upgrade has added port 'm_axi_gmem_AWBURST'

-Upgrade has added port 'm_axi_gmem_AWCACHE'

-Upgrade has added port 'm_axi_gmem_AWLEN'

-Upgrade has added port 'm_axi_gmem_AWLOCK'

-Upgrade has added port 'm_axi_gmem_AWPROT'

-Upgrade has added port 'm_axi_gmem_AWQOS'

-Upgrade has added port 'm_axi_gmem_AWREADY'

-Upgrade has added port 'm_axi_gmem_AWREGION'

-Upgrade has added port 'm_axi_gmem_AWSIZE'

-Upgrade has added port 'm_axi_gmem_AWVALID'

-Upgrade has added port 'm_axi_gmem_BREADY'

-Upgrade has added port 'm_axi_gmem_BRESP'

-Upgrade has added port 'm_axi_gmem_BVALID'

-Upgrade has added port 'm_axi_gmem_RDATA'

-Upgrade has added port 'm_axi_gmem_RLAST'

-Upgrade has added port 'm_axi_gmem_RREADY'

-Upgrade has added port 'm_axi_gmem_RRESP'

-Upgrade has added port 'm_axi_gmem_RVALID'

-Upgrade has added port 'm_axi_gmem_WDATA'

-Upgrade has added port 'm_axi_gmem_WLAST'

-Upgrade has added port 'm_axi_gmem_WREADY'

-Upgrade has added port 'm_axi_gmem_WSTRB'

-Upgrade has added port 'm_axi_gmem_WVALID'

-Upgrade has added port 's_axi_control_ARADDR'

-Upgrade has added port 's_axi_control_ARREADY'

-Upgrade has added port 's_axi_control_ARVALID'

-Upgrade has added port 's_axi_control_AWADDR'

-Upgrade has added port 's_axi_control_AWREADY'

-Upgrade has added port 's_axi_control_AWVALID'

-Upgrade has added port 's_axi_control_BREADY'

-Upgrade has added port 's_axi_control_BRESP'

-Upgrade has added port 's_axi_control_BVALID'

-Upgrade has added port 's_axi_control_RDATA'

-Upgrade has added port 's_axi_control_RREADY'

-Upgrade has added port 's_axi_control_RRESP'

-Upgrade has added port 's_axi_control_RVALID'

-Upgrade has added port 's_axi_control_WDATA'

-Upgrade has added port 's_axi_control_WREADY'

-Upgrade has added port 's_axi_control_WSTRB'

-Upgrade has added port 's_axi_control_WVALID'


4. Addressing Information
-------------------------

Detected addressing differences while upgrading 'nn_fcc_combined_0_0'. These changes may impact your design.


-Upgrade has added address block 's_axi_control/Reg'







Copyright 1986-2020 Xilinx, Inc. All Rights Reserved.
------------------------------------------------------------------------------------
| Tool Version : Vivado v.2020.2 (lin64) Build 3064766 Wed Nov 18 09:12:47 MST 2020
| Date         : Fri May  6 15:43:00 2022
| Host         : anubhav-acer running 64-bit Ubuntu 20.04.4 LTS
| Command      : upgrade_ip
| Device       : xc7z020clg400-1
------------------------------------------------------------------------------------

Upgrade Log for IP 'nn_fcc_combined_0_0'

1. Summary
----------

CAUTION (success, with warnings) in the upgrade of nn_fcc_combined_0_0 (xilinx.com:hls:fcc_combined:1.0) from (Rev. 2112493294) to (Rev. 2112493302)

After upgrade, an IP may have parameter and port differences compared to the original customization. Please review the parameters within the IP customization GUI to ensure proper functionality. Also, please review the updated IP instantiation template to ensure proper connectivity, and update your design if required.

2. Interface Information
------------------------

Detected external interface differences while upgrading 'nn_fcc_combined_0_0'.


-Upgrade has removed interface 'db_PORTB'


3. Connection Warnings
----------------------

Detected external port differences while upgrading 'nn_fcc_combined_0_0'. These changes may impact your design.


-Upgrade has removed port 'db_Addr_B'

-Upgrade has removed port 'db_Clk_B'

-Upgrade has removed port 'db_Din_B'

-Upgrade has removed port 'db_Dout_B'

-Upgrade has removed port 'db_EN_B'

-Upgrade has removed port 'db_Rst_B'

-Upgrade has removed port 'db_WEN_B'







Copyright 1986-2020 Xilinx, Inc. All Rights Reserved.
------------------------------------------------------------------------------------
| Tool Version : Vivado v.2020.2 (lin64) Build 3064766 Wed Nov 18 09:12:47 MST 2020
| Date         : Fri May  6 15:34:24 2022
| Host         : anubhav-acer running 64-bit Ubuntu 20.04.4 LTS
| Command      : upgrade_ip
| Device       : xc7z020clg400-1
------------------------------------------------------------------------------------

Upgrade Log for IP 'nn_fcc_combined_0_0'

1. Summary
----------

CAUTION (success, with warnings) in the upgrade of nn_fcc_combined_0_0 (xilinx.com:hls:fcc_combined:1.0) from (Rev. 2112493087) to (Rev. 2112493294)

After upgrade, an IP may have parameter and port differences compared to the original customization. Please review the parameters within the IP customization GUI to ensure proper functionality. Also, please review the updated IP instantiation template to ensure proper connectivity, and update your design if required.

2. Interface Information
------------------------

Detected external interface differences while upgrading 'nn_fcc_combined_0_0'.


-Upgrade has removed interface 'b'

-Upgrade has removed interface 'db_i'

-Upgrade has removed interface 'db_o'

-Upgrade has removed interface 'dw_i'

-Upgrade has removed interface 'dw_o'

-Upgrade has removed interface 'dx'

-Upgrade has removed interface 'dy'

-Upgrade has removed interface 'w'

-Upgrade has removed interface 'x'

-Upgrade has removed interface 'y'

-Upgrade has added interface 'b_PORTA' (xilinx.com:interface:bram:1.0)

-Upgrade has added interface 'db_PORTA' (xilinx.com:interface:bram:1.0)

-Upgrade has added interface 'db_PORTB' (xilinx.com:interface:bram:1.0)

-Upgrade has added interface 'dw_PORTA' (xilinx.com:interface:bram:1.0)

-Upgrade has added interface 'dx_PORTA' (xilinx.com:interface:bram:1.0)

-Upgrade has added interface 'dy_PORTA' (xilinx.com:interface:bram:1.0)

-Upgrade has added interface 'w_PORTA' (xilinx.com:interface:bram:1.0)

-Upgrade has added interface 'x_PORTA' (xilinx.com:interface:bram:1.0)

-Upgrade has added interface 'y_PORTA' (xilinx.com:interface:bram:1.0)


3. Connection Warnings
----------------------

Detected external port differences while upgrading 'nn_fcc_combined_0_0'. These changes may impact your design.


-Upgrade has removed port 'b'

-Upgrade has removed port 'db_i'

-Upgrade has removed port 'db_o'

-Upgrade has removed port 'db_o_ap_vld'

-Upgrade has removed port 'dw_i'

-Upgrade has removed port 'dw_o'

-Upgrade has removed port 'dw_o_ap_vld'

-Upgrade has removed port 'dx'

-Upgrade has removed port 'dx_ap_vld'

-Upgrade has removed port 'dy'

-Upgrade has removed port 'w'

-Upgrade has removed port 'x'

-Upgrade has removed port 'y'

-Upgrade has removed port 'y_ap_vld'

-Upgrade has added port 'b_Addr_A'

-Upgrade has added port 'b_Clk_A'

-Upgrade has added port 'b_Din_A'

-Upgrade has added port 'b_Dout_A'

-Upgrade has added port 'b_EN_A'

-Upgrade has added port 'b_Rst_A'

-Upgrade has added port 'b_WEN_A'

-Upgrade has added port 'db_Addr_A'

-Upgrade has added port 'db_Addr_B'

-Upgrade has added port 'db_Clk_A'

-Upgrade has added port 'db_Clk_B'

-Upgrade has added port 'db_Din_A'

-Upgrade has added port 'db_Din_B'

-Upgrade has added port 'db_Dout_A'

-Upgrade has added port 'db_Dout_B'

-Upgrade has added port 'db_EN_A'

-Upgrade has added port 'db_EN_B'

-Upgrade has added port 'db_Rst_A'

-Upgrade has added port 'db_Rst_B'

-Upgrade has added port 'db_WEN_A'

-Upgrade has added port 'db_WEN_B'

-Upgrade has added port 'dw_Addr_A'

-Upgrade has added port 'dw_Clk_A'

-Upgrade has added port 'dw_Din_A'

-Upgrade has added port 'dw_Dout_A'

-Upgrade has added port 'dw_EN_A'

-Upgrade has added port 'dw_Rst_A'

-Upgrade has added port 'dw_WEN_A'

-Upgrade has added port 'dx_Addr_A'

-Upgrade has added port 'dx_Clk_A'

-Upgrade has added port 'dx_Din_A'

-Upgrade has added port 'dx_Dout_A'

-Upgrade has added port 'dx_EN_A'

-Upgrade has added port 'dx_Rst_A'

-Upgrade has added port 'dx_WEN_A'

-Upgrade has added port 'dy_Addr_A'

-Upgrade has added port 'dy_Clk_A'

-Upgrade has added port 'dy_Din_A'

-Upgrade has added port 'dy_Dout_A'

-Upgrade has added port 'dy_EN_A'

-Upgrade has added port 'dy_Rst_A'

-Upgrade has added port 'dy_WEN_A'

-Upgrade has added port 'w_Addr_A'

-Upgrade has added port 'w_Clk_A'

-Upgrade has added port 'w_Din_A'

-Upgrade has added port 'w_Dout_A'

-Upgrade has added port 'w_EN_A'

-Upgrade has added port 'w_Rst_A'

-Upgrade has added port 'w_WEN_A'

-Upgrade has added port 'x_Addr_A'

-Upgrade has added port 'x_Clk_A'

-Upgrade has added port 'x_Din_A'

-Upgrade has added port 'x_Dout_A'

-Upgrade has added port 'x_EN_A'

-Upgrade has added port 'x_Rst_A'

-Upgrade has added port 'x_WEN_A'

-Upgrade has added port 'y_Addr_A'

-Upgrade has added port 'y_Clk_A'

-Upgrade has added port 'y_Din_A'

-Upgrade has added port 'y_Dout_A'

-Upgrade has added port 'y_EN_A'

-Upgrade has added port 'y_Rst_A'

-Upgrade has added port 'y_WEN_A'


