INFO: Applying HLS Y2K22 patch v1.2 for IP revision
INFO: [HLS 200-10] Running '/tools/Xilinx/Vitis_HLS/2020.2/bin/unwrapped/lnx64.o/vitis_hls'
INFO: [HLS 200-10] For user 'anubhav' on host 'timeMachine' (Linux_x86_64 version 4.15.0-166-generic) on Fri Feb 04 01:11:32 IST 2022
INFO: [HLS 200-10] On os Ubuntu 18.04.6 LTS
INFO: [HLS 200-10] In directory '/home/anubhav/workspace/float_vadd/hls'
Sourcing Tcl script '/home/anubhav/workspace/float_vadd/hls/float_vadd/solution1/csim.tcl'
INFO: [HLS 200-1510] Running: open_project float_vadd 
INFO: [HLS 200-10] Opening project '/home/anubhav/workspace/float_vadd/hls/float_vadd'.
INFO: [HLS 200-1510] Running: set_top float_vadd 
INFO: [HLS 200-1510] Running: add_files vadd.cpp 
INFO: [HLS 200-10] Adding design file 'vadd.cpp' to the project
INFO: [HLS 200-1510] Running: add_files -tb tb.cpp 
INFO: [HLS 200-10] Adding test bench file 'tb.cpp' to the project
INFO: [HLS 200-1510] Running: open_solution solution1 -flow_target vivado 
INFO: [HLS 200-10] Opening solution '/home/anubhav/workspace/float_vadd/hls/float_vadd/solution1'.
INFO: [SYN 201-201] Setting up clock 'default' with a period of 10ns.
INFO: [HLS 200-10] Setting target device to 'xc7z020-clg400-1'
INFO: [HLS 200-1505] Using flow_target 'vivado'
Resolution: For help on HLS 200-1505 see www.xilinx.com/cgi-bin/docs/rdoc?v=2020.2;t=hls+guidance;d=200-1505.html
INFO: [HLS 200-1510] Running: set_part xc7z020clg400-1 
INFO: [HLS 200-1510] Running: create_clock -period 10 -name default 
INFO: [SYN 201-201] Setting up clock 'default' with a period of 10ns.
INFO: [HLS 200-1510] Running: set_directive_top -name float_vadd float_vadd 
INFO: [HLS 200-1510] Running: csim_design -quiet 
INFO: [SIM 211-2] *************** CSIM start ***************
INFO: [SIM 211-4] CSIM will launch GCC as the compiler.
   Compiling ../../../../tb.cpp in debug mode
   Compiling ../../../../vadd.cpp in debug mode
   Generating csim.exe
0 0 0
2.5 1.3 3.8
5 2.6 7.6
7.5 3.9 11.4
10 5.2 15.2
12.5 6.5 19
15 7.8 22.8
17.5 9.1 26.6
20 10.4 30.4
22.5 11.7 34.2
INFO: [SIM 211-1] CSim done with 0 errors.
INFO: [SIM 211-3] *************** CSIM finish ***************
INFO: [HLS 200-111] Finished Command csim_design CPU user time: 1.26 seconds. CPU system time: 0.29 seconds. Elapsed time: 0.8 seconds; current allocated memory: 155.885 MB.
