Copyright 1986-2020 Xilinx, Inc. All Rights Reserved.
------------------------------------------------------------------------------------
| Tool Version : Vivado v.2020.2 (lin64) Build 3064766 Wed Nov 18 09:12:47 MST 2020
| Date         : Mon May 23 01:53:15 2022
| Host         : anubhav-acer running 64-bit Ubuntu 20.04.4 LTS
| Command      : upgrade_ip
| Device       : xc7z020clg400-1
------------------------------------------------------------------------------------

Upgrade Log for IP 'nn_update_weights_0_0'

1. Summary
----------

SUCCESS in the upgrade of nn_update_weights_0_0 (xilinx.com:hls:update_weights:1.0) from (Rev. 2112514851) to (Rev. 2112515028)






Copyright 1986-2020 Xilinx, Inc. All Rights Reserved.
------------------------------------------------------------------------------------
| Tool Version : Vivado v.2020.2 (lin64) Build 3064766 Wed Nov 18 09:12:47 MST 2020
| Date         : Fri May 20 15:17:55 2022
| Host         : anubhav-acer running 64-bit Ubuntu 20.04.4 LTS
| Command      : upgrade_ip
| Device       : xc7z020clg400-1
------------------------------------------------------------------------------------

Upgrade Log for IP 'nn_loss_derivative_0_2'

1. Summary
----------

SUCCESS in the upgrade of nn_loss_derivative_0_2 (xilinx.com:hls:loss_derivative:1.0) from (Rev. 2112513292) to (Rev. 2112513436)

