
*** Running vivado
    with args -log nn_relu_combined_0_0.vds -m64 -product Vivado -mode batch -messageDb vivado.pb -notrace -source nn_relu_combined_0_0.tcl


****** Vivado v2020.2 (64-bit)
  **** SW Build 3064766 on Wed Nov 18 09:12:47 MST 2020
  **** IP Build 3064653 on Wed Nov 18 14:17:31 MST 2020
    ** Copyright 1986-2020 Xilinx, Inc. All Rights Reserved.

source nn_relu_combined_0_0.tcl -notrace
INFO: [IP_Flow 19-234] Refreshing IP repositories
INFO: [IP_Flow 19-1700] Loaded user IP repository '/home/anubhav/xilinx_projects/ip_repo'.
INFO: [IP_Flow 19-2313] Loaded Vivado IP repository '/tools/Xilinx/Vivado/2020.2/data/ip'.
Command: synth_design -top nn_relu_combined_0_0 -part xc7z020clg400-1 -mode out_of_context
Starting synth_design
Attempting to get a license for feature 'Synthesis' and/or device 'xc7z020'
INFO: [Common 17-349] Got license for feature 'Synthesis' and/or device 'xc7z020'
INFO: [Device 21-403] Loading part xc7z020clg400-1
INFO: [Synth 8-7079] Multithreading enabled for synth_design using a maximum of 4 processes.
INFO: [Synth 8-7078] Launching helper process for spawning children vivado processes
INFO: [Synth 8-7075] Helper process launched with PID 12668
---------------------------------------------------------------------------------
Starting RTL Elaboration : Time (s): cpu = 00:00:04 ; elapsed = 00:00:05 . Memory (MB): peak = 2349.066 ; gain = 0.000 ; free physical = 12078 ; free virtual = 21442
---------------------------------------------------------------------------------
INFO: [Synth 8-6157] synthesizing module 'nn_relu_combined_0_0' [/home/anubhav/xilinx_projects/nn_v2/nn_v2/nn_v2.gen/sources_1/bd/nn/ip/nn_relu_combined_0_0_1/synth/nn_relu_combined_0_0.v:58]
INFO: [Synth 8-6157] synthesizing module 'relu_combined' [/home/anubhav/xilinx_projects/nn_v2/nn_v2/nn_v2.gen/sources_1/bd/nn/ipshared/a1d0/hdl/verilog/relu_combined.v:12]
	Parameter ap_ST_fsm_state1 bound to: 4'b0001 
	Parameter ap_ST_fsm_pp0_stage0 bound to: 4'b0010 
	Parameter ap_ST_fsm_state5 bound to: 4'b0100 
	Parameter ap_ST_fsm_pp1_stage0 bound to: 4'b1000 
	Parameter C_S_AXI_CTRL_DATA_WIDTH bound to: 32 - type: integer 
	Parameter C_S_AXI_CTRL_ADDR_WIDTH bound to: 5 - type: integer 
	Parameter C_S_AXI_DATA_WIDTH bound to: 32 - type: integer 
	Parameter C_S_AXI_CTRL_WSTRB_WIDTH bound to: 4 - type: integer 
	Parameter C_S_AXI_WSTRB_WIDTH bound to: 4 - type: integer 
INFO: [Synth 8-6157] synthesizing module 'relu_combined_CTRL_s_axi' [/home/anubhav/xilinx_projects/nn_v2/nn_v2/nn_v2.gen/sources_1/bd/nn/ipshared/a1d0/hdl/verilog/relu_combined_CTRL_s_axi.v:6]
	Parameter C_S_AXI_ADDR_WIDTH bound to: 5 - type: integer 
	Parameter C_S_AXI_DATA_WIDTH bound to: 32 - type: integer 
	Parameter ADDR_AP_CTRL bound to: 5'b00000 
	Parameter ADDR_GIE bound to: 5'b00100 
	Parameter ADDR_IER bound to: 5'b01000 
	Parameter ADDR_ISR bound to: 5'b01100 
	Parameter ADDR_DIM_DATA_0 bound to: 5'b10000 
	Parameter ADDR_DIM_CTRL bound to: 5'b10100 
	Parameter ADDR_FWPROP_DATA_0 bound to: 5'b11000 
	Parameter ADDR_FWPROP_CTRL bound to: 5'b11100 
	Parameter WRIDLE bound to: 2'b00 
	Parameter WRDATA bound to: 2'b01 
	Parameter WRRESP bound to: 2'b10 
	Parameter WRRESET bound to: 2'b11 
	Parameter RDIDLE bound to: 2'b00 
	Parameter RDDATA bound to: 2'b01 
	Parameter RDRESET bound to: 2'b10 
	Parameter ADDR_BITS bound to: 5 - type: integer 
INFO: [Synth 8-155] case statement is not full and has no default [/home/anubhav/xilinx_projects/nn_v2/nn_v2/nn_v2.gen/sources_1/bd/nn/ipshared/a1d0/hdl/verilog/relu_combined_CTRL_s_axi.v:200]
INFO: [Synth 8-6155] done synthesizing module 'relu_combined_CTRL_s_axi' (1#1) [/home/anubhav/xilinx_projects/nn_v2/nn_v2/nn_v2.gen/sources_1/bd/nn/ipshared/a1d0/hdl/verilog/relu_combined_CTRL_s_axi.v:6]
INFO: [Synth 8-6155] done synthesizing module 'relu_combined' (2#1) [/home/anubhav/xilinx_projects/nn_v2/nn_v2/nn_v2.gen/sources_1/bd/nn/ipshared/a1d0/hdl/verilog/relu_combined.v:12]
INFO: [Synth 8-6155] done synthesizing module 'nn_relu_combined_0_0' (3#1) [/home/anubhav/xilinx_projects/nn_v2/nn_v2/nn_v2.gen/sources_1/bd/nn/ip/nn_relu_combined_0_0_1/synth/nn_relu_combined_0_0.v:58]
---------------------------------------------------------------------------------
Finished RTL Elaboration : Time (s): cpu = 00:00:05 ; elapsed = 00:00:06 . Memory (MB): peak = 2349.066 ; gain = 0.000 ; free physical = 11550 ; free virtual = 20915
---------------------------------------------------------------------------------
---------------------------------------------------------------------------------
Start Handling Custom Attributes
---------------------------------------------------------------------------------
---------------------------------------------------------------------------------
Finished Handling Custom Attributes : Time (s): cpu = 00:00:05 ; elapsed = 00:00:06 . Memory (MB): peak = 2349.066 ; gain = 0.000 ; free physical = 11071 ; free virtual = 20436
---------------------------------------------------------------------------------
---------------------------------------------------------------------------------
Finished RTL Optimization Phase 1 : Time (s): cpu = 00:00:05 ; elapsed = 00:00:06 . Memory (MB): peak = 2349.066 ; gain = 0.000 ; free physical = 11071 ; free virtual = 20436
---------------------------------------------------------------------------------
Netlist sorting complete. Time (s): cpu = 00:00:00.01 ; elapsed = 00:00:00 . Memory (MB): peak = 2349.066 ; gain = 0.000 ; free physical = 11044 ; free virtual = 20409
INFO: [Project 1-570] Preparing netlist for logic optimization

Processing XDC Constraints
Initializing timing engine
Parsing XDC File [/home/anubhav/xilinx_projects/nn_v2/nn_v2/nn_v2.gen/sources_1/bd/nn/ip/nn_relu_combined_0_0_1/constraints/relu_combined_ooc.xdc] for cell 'inst'
Finished Parsing XDC File [/home/anubhav/xilinx_projects/nn_v2/nn_v2/nn_v2.gen/sources_1/bd/nn/ip/nn_relu_combined_0_0_1/constraints/relu_combined_ooc.xdc] for cell 'inst'
Parsing XDC File [/home/anubhav/xilinx_projects/nn_v2/nn_v2/nn_v2.runs/nn_relu_combined_0_0_synth_1/dont_touch.xdc]
Finished Parsing XDC File [/home/anubhav/xilinx_projects/nn_v2/nn_v2/nn_v2.runs/nn_relu_combined_0_0_synth_1/dont_touch.xdc]
Completed Processing XDC Constraints

Netlist sorting complete. Time (s): cpu = 00:00:00 ; elapsed = 00:00:00 . Memory (MB): peak = 2431.871 ; gain = 0.000 ; free physical = 13599 ; free virtual = 22964
INFO: [Project 1-111] Unisim Transformation Summary:
No Unisim elements were transformed.

Constraint Validation Runtime : Time (s): cpu = 00:00:00.03 ; elapsed = 00:00:00.02 . Memory (MB): peak = 2431.871 ; gain = 0.000 ; free physical = 13593 ; free virtual = 22958
---------------------------------------------------------------------------------
Finished Constraint Validation : Time (s): cpu = 00:00:10 ; elapsed = 00:00:11 . Memory (MB): peak = 2431.871 ; gain = 82.805 ; free physical = 12892 ; free virtual = 22254
---------------------------------------------------------------------------------
---------------------------------------------------------------------------------
Start Loading Part and Timing Information
---------------------------------------------------------------------------------
Loading part: xc7z020clg400-1
---------------------------------------------------------------------------------
Finished Loading Part and Timing Information : Time (s): cpu = 00:00:10 ; elapsed = 00:00:11 . Memory (MB): peak = 2431.871 ; gain = 82.805 ; free physical = 12892 ; free virtual = 22254
---------------------------------------------------------------------------------
---------------------------------------------------------------------------------
Start Applying 'set_property' XDC Constraints
---------------------------------------------------------------------------------
Applied set_property KEEP_HIERARCHY = SOFT for inst. (constraint file  /home/anubhav/xilinx_projects/nn_v2/nn_v2/nn_v2.runs/nn_relu_combined_0_0_synth_1/dont_touch.xdc, line 9).
---------------------------------------------------------------------------------
Finished applying 'set_property' XDC Constraints : Time (s): cpu = 00:00:10 ; elapsed = 00:00:11 . Memory (MB): peak = 2431.871 ; gain = 82.805 ; free physical = 12890 ; free virtual = 22253
---------------------------------------------------------------------------------
INFO: [Synth 8-802] inferred FSM for state register 'wstate_reg' in module 'relu_combined_CTRL_s_axi'
INFO: [Synth 8-802] inferred FSM for state register 'rstate_reg' in module 'relu_combined_CTRL_s_axi'
INFO: [Synth 8-4490] FSM extraction disabled for register 'ap_CS_fsm_reg' through user attribute
---------------------------------------------------------------------------------------------------
                   State |                     New Encoding |                Previous Encoding 
---------------------------------------------------------------------------------------------------
                  iSTATE |                             0001 |                               11
*
                  WRIDLE |                             0010 |                               00
                  WRDATA |                             0100 |                               01
                  WRRESP |                             1000 |                               10
---------------------------------------------------------------------------------------------------
INFO: [Synth 8-3354] encoded FSM with state register 'wstate_reg' using encoding 'one-hot' in module 'relu_combined_CTRL_s_axi'
---------------------------------------------------------------------------------------------------
                   State |                     New Encoding |                Previous Encoding 
---------------------------------------------------------------------------------------------------
                  iSTATE |                              001 |                               10
*
                  RDIDLE |                              010 |                               00
                  RDDATA |                              100 |                               01
---------------------------------------------------------------------------------------------------
INFO: [Synth 8-3354] encoded FSM with state register 'rstate_reg' using encoding 'one-hot' in module 'relu_combined_CTRL_s_axi'
---------------------------------------------------------------------------------
Finished RTL Optimization Phase 2 : Time (s): cpu = 00:00:10 ; elapsed = 00:00:11 . Memory (MB): peak = 2431.871 ; gain = 82.805 ; free physical = 12824 ; free virtual = 22189
---------------------------------------------------------------------------------
---------------------------------------------------------------------------------
Start RTL Component Statistics 
---------------------------------------------------------------------------------
Detailed RTL Component Info : 
+---XORs : 
	   2 Input      1 Bit         XORs := 2     
+---Registers : 
	               32 Bit    Registers := 2     
	               31 Bit    Registers := 2     
	               22 Bit    Registers := 1     
	               15 Bit    Registers := 1     
	               10 Bit    Registers := 4     
	                5 Bit    Registers := 1     
	                4 Bit    Registers := 1     
	                2 Bit    Registers := 1     
	                1 Bit    Registers := 18    
+---Muxes : 
	   2 Input   16 Bit        Muxes := 1     
	   2 Input   15 Bit        Muxes := 1     
	   2 Input   10 Bit        Muxes := 1     
	   4 Input    4 Bit        Muxes := 1     
	   2 Input    4 Bit        Muxes := 4     
	   3 Input    4 Bit        Muxes := 1     
	   3 Input    3 Bit        Muxes := 3     
	   2 Input    3 Bit        Muxes := 2     
	   2 Input    1 Bit        Muxes := 5     
---------------------------------------------------------------------------------
Finished RTL Component Statistics 
---------------------------------------------------------------------------------
---------------------------------------------------------------------------------
Start Part Resource Summary
---------------------------------------------------------------------------------
Part Resources:
DSPs: 220 (col length:60)
BRAMs: 280 (col length: RAMB18 60 RAMB36 30)
---------------------------------------------------------------------------------
Finished Part Resource Summary
---------------------------------------------------------------------------------
---------------------------------------------------------------------------------
Start Cross Boundary and Area Optimization
---------------------------------------------------------------------------------
---------------------------------------------------------------------------------
Finished Cross Boundary and Area Optimization : Time (s): cpu = 00:00:11 ; elapsed = 00:00:12 . Memory (MB): peak = 2431.871 ; gain = 82.805 ; free physical = 12618 ; free virtual = 21987
---------------------------------------------------------------------------------
---------------------------------------------------------------------------------
Start Applying XDC Timing Constraints
---------------------------------------------------------------------------------
---------------------------------------------------------------------------------
Finished Applying XDC Timing Constraints : Time (s): cpu = 00:00:15 ; elapsed = 00:00:17 . Memory (MB): peak = 2431.871 ; gain = 82.805 ; free physical = 13524 ; free virtual = 22903
---------------------------------------------------------------------------------
---------------------------------------------------------------------------------
Start Timing Optimization
---------------------------------------------------------------------------------
---------------------------------------------------------------------------------
Finished Timing Optimization : Time (s): cpu = 00:00:15 ; elapsed = 00:00:17 . Memory (MB): peak = 2431.871 ; gain = 82.805 ; free physical = 12907 ; free virtual = 22286
---------------------------------------------------------------------------------
---------------------------------------------------------------------------------
Start Technology Mapping
---------------------------------------------------------------------------------
---------------------------------------------------------------------------------
Finished Technology Mapping : Time (s): cpu = 00:00:15 ; elapsed = 00:00:17 . Memory (MB): peak = 2431.871 ; gain = 82.805 ; free physical = 12806 ; free virtual = 22185
---------------------------------------------------------------------------------
---------------------------------------------------------------------------------
Start IO Insertion
---------------------------------------------------------------------------------
---------------------------------------------------------------------------------
Start Flattening Before IO Insertion
---------------------------------------------------------------------------------
---------------------------------------------------------------------------------
Finished Flattening Before IO Insertion
---------------------------------------------------------------------------------
---------------------------------------------------------------------------------
Start Final Netlist Cleanup
---------------------------------------------------------------------------------
---------------------------------------------------------------------------------
Finished Final Netlist Cleanup
---------------------------------------------------------------------------------
---------------------------------------------------------------------------------
Finished IO Insertion : Time (s): cpu = 00:00:17 ; elapsed = 00:00:19 . Memory (MB): peak = 2431.871 ; gain = 82.805 ; free physical = 13477 ; free virtual = 22855
---------------------------------------------------------------------------------
---------------------------------------------------------------------------------
Start Renaming Generated Instances
---------------------------------------------------------------------------------
---------------------------------------------------------------------------------
Finished Renaming Generated Instances : Time (s): cpu = 00:00:17 ; elapsed = 00:00:19 . Memory (MB): peak = 2431.871 ; gain = 82.805 ; free physical = 13477 ; free virtual = 22855
---------------------------------------------------------------------------------
---------------------------------------------------------------------------------
Start Rebuilding User Hierarchy
---------------------------------------------------------------------------------
---------------------------------------------------------------------------------
Finished Rebuilding User Hierarchy : Time (s): cpu = 00:00:18 ; elapsed = 00:00:19 . Memory (MB): peak = 2431.871 ; gain = 82.805 ; free physical = 13477 ; free virtual = 22855
---------------------------------------------------------------------------------
---------------------------------------------------------------------------------
Start Renaming Generated Ports
---------------------------------------------------------------------------------
---------------------------------------------------------------------------------
Finished Renaming Generated Ports : Time (s): cpu = 00:00:18 ; elapsed = 00:00:19 . Memory (MB): peak = 2431.871 ; gain = 82.805 ; free physical = 13477 ; free virtual = 22855
---------------------------------------------------------------------------------
---------------------------------------------------------------------------------
Start Handling Custom Attributes
---------------------------------------------------------------------------------
---------------------------------------------------------------------------------
Finished Handling Custom Attributes : Time (s): cpu = 00:00:18 ; elapsed = 00:00:19 . Memory (MB): peak = 2431.871 ; gain = 82.805 ; free physical = 13477 ; free virtual = 22854
---------------------------------------------------------------------------------
---------------------------------------------------------------------------------
Start Renaming Generated Nets
---------------------------------------------------------------------------------
---------------------------------------------------------------------------------
Finished Renaming Generated Nets : Time (s): cpu = 00:00:18 ; elapsed = 00:00:19 . Memory (MB): peak = 2431.871 ; gain = 82.805 ; free physical = 13477 ; free virtual = 22854
---------------------------------------------------------------------------------
---------------------------------------------------------------------------------
Start Writing Synthesis Report
---------------------------------------------------------------------------------

Report BlackBoxes: 
+-+--------------+----------+
| |BlackBox name |Instances |
+-+--------------+----------+
+-+--------------+----------+

Report Cell Usage: 
+------+-------+------+
|      |Cell   |Count |
+------+-------+------+
|1     |CARRY4 |    28|
|2     |LUT1   |     3|
|3     |LUT2   |    76|
|4     |LUT3   |    43|
|5     |LUT4   |    23|
|6     |LUT5   |    15|
|7     |LUT6   |    34|
|8     |FDRE   |   276|
|9     |FDSE   |     1|
+------+-------+------+
---------------------------------------------------------------------------------
Finished Writing Synthesis Report : Time (s): cpu = 00:00:18 ; elapsed = 00:00:19 . Memory (MB): peak = 2431.871 ; gain = 82.805 ; free physical = 13477 ; free virtual = 22854
---------------------------------------------------------------------------------
Synthesis finished with 0 errors, 0 critical warnings and 0 warnings.
Synthesis Optimization Runtime : Time (s): cpu = 00:00:16 ; elapsed = 00:00:17 . Memory (MB): peak = 2431.871 ; gain = 0.000 ; free physical = 13514 ; free virtual = 22899
Synthesis Optimization Complete : Time (s): cpu = 00:00:18 ; elapsed = 00:00:19 . Memory (MB): peak = 2431.871 ; gain = 82.805 ; free physical = 13513 ; free virtual = 22898
INFO: [Project 1-571] Translating synthesized netlist
Netlist sorting complete. Time (s): cpu = 00:00:00 ; elapsed = 00:00:00 . Memory (MB): peak = 2431.871 ; gain = 0.000 ; free physical = 13594 ; free virtual = 22980
INFO: [Netlist 29-17] Analyzing 28 Unisim elements for replacement
INFO: [Netlist 29-28] Unisim Transformation completed in 0 CPU seconds
INFO: [Project 1-570] Preparing netlist for logic optimization
INFO: [Opt 31-138] Pushed 0 inverter(s) to 0 load pin(s).
Netlist sorting complete. Time (s): cpu = 00:00:00 ; elapsed = 00:00:00 . Memory (MB): peak = 2431.871 ; gain = 0.000 ; free physical = 13536 ; free virtual = 22922
INFO: [Project 1-111] Unisim Transformation Summary:
No Unisim elements were transformed.

INFO: [Common 17-83] Releasing license: Synthesis
29 Infos, 0 Warnings, 0 Critical Warnings and 0 Errors encountered.
synth_design completed successfully
synth_design: Time (s): cpu = 00:00:26 ; elapsed = 00:00:24 . Memory (MB): peak = 2431.871 ; gain = 82.875 ; free physical = 13678 ; free virtual = 23064
INFO: [Common 17-1381] The checkpoint '/home/anubhav/xilinx_projects/nn_v2/nn_v2/nn_v2.runs/nn_relu_combined_0_0_synth_1/nn_relu_combined_0_0.dcp' has been generated.
WARNING: [Common 17-576] 'use_project_ipc' is deprecated. This option is deprecated and no longer used.
INFO: [Coretcl 2-1648] Added synthesis output to IP cache for IP nn_relu_combined_0_0, cache-ID = e46d1cb076fe9138
INFO: [Coretcl 2-1174] Renamed 2 cell refs.
INFO: [Common 17-1381] The checkpoint '/home/anubhav/xilinx_projects/nn_v2/nn_v2/nn_v2.runs/nn_relu_combined_0_0_synth_1/nn_relu_combined_0_0.dcp' has been generated.
INFO: [runtcl-4] Executing : report_utilization -file nn_relu_combined_0_0_utilization_synth.rpt -pb nn_relu_combined_0_0_utilization_synth.pb
INFO: [Common 17-206] Exiting Vivado at Tue May 10 01:46:34 2022...
