

================================================================
== Synthesis Summary Report of 'relu_combined'
================================================================
+ General Information: 
    * Date:           Sun Jun  5 23:14:21 2022
    * Version:        2020.2 (Build 3064766 on Wed Nov 18 09:12:47 MST 2020)
    * Project:        relu_combined
    * Solution:       solution1 (Vivado IP Flow Target)
    * Product family: zynq
    * Target device:  xc7z020-clg400-1
    

+ Performance & Resource Estimates: 
    
    PS: '+' for module; 'o' for loop; '*' for dataflow
    +--------------------+--------+-------+---------+--------+----------+---------+------+----------+--------+----+-----------+-----------+-----+
    |       Modules      |  Issue |       | Latency | Latency| Iteration|         | Trip |          |        |    |           |           |     |
    |       & Loops      |  Type  | Slack | (cycles)|  (ns)  |  Latency | Interval| Count| Pipelined|  BRAM  | DSP|     FF    |    LUT    | URAM|
    +--------------------+--------+-------+---------+--------+----------+---------+------+----------+--------+----+-----------+-----------+-----+
    |+ relu_combined     |  Timing|   0.00|        -|       -|         -|        -|     -|        no|  6 (2%)|   -|  1440 (1%)|  1939 (3%)|    -|
    | o VITIS_LOOP_23_1  |       -|  -7.30|        -|       -|         3|        1|     -|       yes|       -|   -|          -|          -|    -|
    | o VITIS_LOOP_26_2  |       -|  -7.30|        -|       -|         3|        1|     -|       yes|       -|   -|          -|          -|    -|
    | o VITIS_LOOP_33_3  |       -|  -7.30|        -|       -|         3|        1|     -|       yes|       -|   -|          -|          -|    -|
    | o VITIS_LOOP_42_4  |       -|  -7.30|        -|       -|         3|        1|     -|       yes|       -|   -|          -|          -|    -|
    | o VITIS_LOOP_48_5  |       -|  -7.30|        -|       -|         3|        1|     -|       yes|       -|   -|          -|          -|    -|
    | o VITIS_LOOP_56_6  |       -|  -7.30|        -|       -|         3|        1|     -|       yes|       -|   -|          -|          -|    -|
    +--------------------+--------+-------+---------+--------+----------+---------+------+----------+--------+----+-----------+-----------+-----+

