

================================================================
== Vitis HLS Report for 'exp_16_3_s'
================================================================
* Date:           Tue May 24 23:17:24 2022

* Version:        2020.2 (Build 3064766 on Wed Nov 18 09:12:47 MST 2020)
* Project:        lossfun
* Solution:       solution1 (Vivado IP Flow Target)
* Product family: zynq
* Target device:  xc7z020-clg400-1


================================================================
== Performance Estimates
================================================================
+ Timing: 
    * Summary: 
    +--------+----------+----------+------------+
    |  Clock |  Target  | Estimated| Uncertainty|
    +--------+----------+----------+------------+
    |ap_clk  |  10.00 ns|  5.907 ns|     2.70 ns|
    +--------+----------+----------+------------+

+ Latency: 
    * Summary: 
    +---------+---------+----------+----------+-----+-----+---------+
    |  Latency (cycles) |  Latency (absolute) |  Interval | Pipeline|
    |   min   |   max   |    min   |    max   | min | max |   Type  |
    +---------+---------+----------+----------+-----+-----+---------+
    |       13|       13|  0.130 us|  0.130 us|    1|    1|      yes|
    +---------+---------+----------+----------+-----+-----+---------+

    + Detail: 
        * Instance: 
        N/A

        * Loop: 
        N/A



================================================================
== Utilization Estimates
================================================================
* Summary: 
+-----------------+---------+-----+--------+-------+-----+
|       Name      | BRAM_18K| DSP |   FF   |  LUT  | URAM|
+-----------------+---------+-----+--------+-------+-----+
|DSP              |        -|    -|       -|      -|    -|
|Expression       |        -|    -|       0|    245|    -|
|FIFO             |        -|    -|       -|      -|    -|
|Instance         |        -|    2|     680|    172|    -|
|Memory           |        5|    -|       0|      0|    -|
|Multiplexer      |        -|    -|       -|      -|    -|
|Register         |        -|    -|     726|    192|    -|
+-----------------+---------+-----+--------+-------+-----+
|Total            |        5|    2|    1406|    609|    0|
+-----------------+---------+-----+--------+-------+-----+
|Available        |      280|  220|  106400|  53200|    0|
+-----------------+---------+-----+--------+-------+-----+
|Utilization (%)  |        1|   ~0|       1|      1|    0|
+-----------------+---------+-----+--------+-------+-----+

+ Detail: 
    * Instance: 
    +--------------------------+-----------------------+---------+----+-----+----+-----+
    |         Instance         |         Module        | BRAM_18K| DSP|  FF | LUT| URAM|
    +--------------------------+-----------------------+---------+----+-----+----+-----+
    |mul_50ns_47ns_97_5_1_U1   |mul_50ns_47ns_97_5_1   |        0|   1|  340|  86|    0|
    |mul_50ns_50ns_100_5_1_U2  |mul_50ns_50ns_100_5_1  |        0|   1|  340|  86|    0|
    +--------------------------+-----------------------+---------+----+-----+----+-----+
    |Total                     |                       |        0|   2|  680| 172|    0|
    +--------------------------+-----------------------+---------+----+-----+----+-----+

    * DSP: 
    N/A

    * Memory: 
    +-----------------------+--------------------------------+---------+---+----+-----+------+-----+------+-------------+
    |         Memory        |             Module             | BRAM_18K| FF| LUT| URAM| Words| Bits| Banks| W*Bits*Banks|
    +-----------------------+--------------------------------+---------+---+----+-----+------+-----+------+-------------+
    |exp_x_msb_1_table_V_U  |exp_16_3_s_exp_x_msb_1_table_V  |        2|  0|   0|    0|   256|   50|     1|        12800|
    |f_x_msb_2_table_V_U    |exp_16_3_s_f_x_msb_2_table_V    |        2|  0|   0|    0|   256|   46|     1|        11776|
    |f_x_msb_3_table_V_U    |exp_16_3_s_f_x_msb_3_table_V    |        1|  0|   0|    0|    32|   32|     1|         1024|
    +-----------------------+--------------------------------+---------+---+----+-----+------+-----+------+-------------+
    |Total                  |                                |        5|  0|   0|    0|   544|  128|     3|        25600|
    +-----------------------+--------------------------------+---------+---+----+-----+------+-----+------+-------------+

    * FIFO: 
    N/A

    * Expression: 
    +------------------------+----------+----+---+----+------------+------------+
    |      Variable Name     | Operation| DSP| FF| LUT| Bitwidth P0| Bitwidth P1|
    +------------------------+----------+----+---+----+------------+------------+
    |ret_V_7_fu_220_p2       |         +|   0|  0|  14|           9|           9|
    |ret_V_8_fu_296_p2       |         +|   0|  0|  56|          56|          56|
    |ret_V_fu_305_p2         |         +|   0|  0|  56|          56|          56|
    |y_l_V_fu_346_p2         |         +|   0|  0|  57|          50|          50|
    |icmp_ln533_1_fu_413_p2  |      icmp|   0|  0|   9|           5|           1|
    |icmp_ln533_2_fu_435_p2  |      icmp|   0|  0|  11|          10|           1|
    |icmp_ln533_fu_391_p2    |      icmp|   0|  0|   8|           3|           1|
    |overf_fu_361_p2         |      icmp|   0|  0|   8|           2|           1|
    |or_ln533_1_fu_397_p2    |        or|   0|  0|   2|           1|           1|
    |or_ln533_2_fu_419_p2    |        or|   0|  0|   2|           1|           1|
    |or_ln533_fu_375_p2      |        or|   0|  0|   2|           1|           1|
    |overf_1_fu_441_p2       |        or|   0|  0|   2|           1|           1|
    |ap_return               |    select|   0|  0|  16|           1|          15|
    |ap_enable_pp0           |       xor|   0|  0|   2|           1|           2|
    +------------------------+----------+----+---+----+------------+------------+
    |Total                   |          |   0|  0| 245|         197|         196|
    +------------------------+----------+----+---+----+------------+------------+

    * Multiplexer: 
    N/A

    * Register: 
    +-----------------------------------+----+----+-----+-----------+
    |                Name               | FF | LUT| Bits| Const Bits|
    +-----------------------------------+----+----+-----+-----------+
    |ap_CS_fsm                          |   1|   0|    1|          0|
    |ap_enable_reg_pp0_iter1            |   1|   0|    1|          0|
    |ap_enable_reg_pp0_iter10           |   1|   0|    1|          0|
    |ap_enable_reg_pp0_iter11           |   1|   0|    1|          0|
    |ap_enable_reg_pp0_iter12           |   1|   0|    1|          0|
    |ap_enable_reg_pp0_iter13           |   1|   0|    1|          0|
    |ap_enable_reg_pp0_iter2            |   1|   0|    1|          0|
    |ap_enable_reg_pp0_iter3            |   1|   0|    1|          0|
    |ap_enable_reg_pp0_iter4            |   1|   0|    1|          0|
    |ap_enable_reg_pp0_iter5            |   1|   0|    1|          0|
    |ap_enable_reg_pp0_iter6            |   1|   0|    1|          0|
    |ap_enable_reg_pp0_iter7            |   1|   0|    1|          0|
    |ap_enable_reg_pp0_iter8            |   1|   0|    1|          0|
    |ap_enable_reg_pp0_iter9            |   1|   0|    1|          0|
    |exp_x_msb_1_V_reg_542              |  50|   0|   50|          0|
    |exp_x_msb_2_3_4_lsb_m_1_V_reg_537  |  50|   0|   50|          0|
    |f_x_msb_3_V_reg_495                |  32|   0|   32|          0|
    |ret_V_7_reg_500                    |   9|   0|    9|          0|
    |rhs_2_reg_512                      |  34|   0|   47|         13|
    |tmp_46_reg_465                     |   1|   0|    1|          0|
    |tmp_55_reg_475                     |   8|   0|    8|          0|
    |tmp_reg_470                        |   6|   0|    6|          0|
    |trunc_ln640_1_reg_506              |  41|   0|   41|          0|
    |trunc_ln640_reg_480                |   2|   0|    2|          0|
    |trunc_ln640_reg_480_pp0_iter1_reg  |   2|   0|    2|          0|
    |trunc_ln703_2_reg_558              |  48|   0|   48|          0|
    |trunc_ln_reg_527                   |  45|   0|   45|          0|
    |exp_x_msb_1_V_reg_542              |  64|  32|   50|          0|
    |ret_V_7_reg_500                    |  64|  32|    9|          0|
    |rhs_2_reg_512                      |  64|  32|   47|         13|
    |tmp_46_reg_465                     |  64|  32|    1|          0|
    |tmp_reg_470                        |  64|  32|    6|          0|
    |trunc_ln640_1_reg_506              |  64|  32|   41|          0|
    +-----------------------------------+----+----+-----+-----------+
    |Total                              | 726| 192|  509|         26|
    +-----------------------------------+----+----+-----+-----------+



================================================================
== Interface
================================================================
* Summary: 
+-----------+-----+-----+------------+--------------+--------------+
| RTL Ports | Dir | Bits|  Protocol  | Source Object|    C Type    |
+-----------+-----+-----+------------+--------------+--------------+
|ap_clk     |   in|    1|  ap_ctrl_hs|    exp<16, 3>|  return value|
|ap_rst     |   in|    1|  ap_ctrl_hs|    exp<16, 3>|  return value|
|ap_start   |   in|    1|  ap_ctrl_hs|    exp<16, 3>|  return value|
|ap_done    |  out|    1|  ap_ctrl_hs|    exp<16, 3>|  return value|
|ap_idle    |  out|    1|  ap_ctrl_hs|    exp<16, 3>|  return value|
|ap_ready   |  out|    1|  ap_ctrl_hs|    exp<16, 3>|  return value|
|ap_ce      |   in|    1|  ap_ctrl_hs|    exp<16, 3>|  return value|
|ap_return  |  out|   16|  ap_ctrl_hs|    exp<16, 3>|  return value|
|x          |   in|   16|     ap_none|             x|        scalar|
+-----------+-----+-----+------------+--------------+--------------+

