

================================================================
== Vitis HLS Report for 'exp_16_9_s'
================================================================
* Date:           Tue May  3 12:52:36 2022

* Version:        2020.2 (Build 3064766 on Wed Nov 18 09:12:47 MST 2020)
* Project:        lossfun
* Solution:       solution1 (Vivado IP Flow Target)
* Product family: zynq
* Target device:  xc7z020-clg400-1


================================================================
== Performance Estimates
================================================================
+ Timing: 
    * Summary: 
    +--------+----------+----------+------------+
    |  Clock |  Target  | Estimated| Uncertainty|
    +--------+----------+----------+------------+
    |ap_clk  |  10.00 ns|  6.650 ns|     2.70 ns|
    +--------+----------+----------+------------+

+ Latency: 
    * Summary: 
    +---------+---------+-----------+-----------+-----+-----+---------+
    |  Latency (cycles) |   Latency (absolute)  |  Interval | Pipeline|
    |   min   |   max   |    min    |    max    | min | max |   Type  |
    +---------+---------+-----------+-----------+-----+-----+---------+
    |        5|        5|  50.000 ns|  50.000 ns|    1|    1|      yes|
    +---------+---------+-----------+-----------+-----+-----+---------+

    + Detail: 
        * Instance: 
        N/A

        * Loop: 
        N/A



================================================================
== Utilization Estimates
================================================================
* Summary: 
+-----------------+---------+-----+--------+-------+-----+
|       Name      | BRAM_18K| DSP |   FF   |  LUT  | URAM|
+-----------------+---------+-----+--------+-------+-----+
|DSP              |        -|    -|       -|      -|    -|
|Expression       |        -|    -|       0|    187|    -|
|FIFO             |        -|    -|       -|      -|    -|
|Instance         |        -|    2|       0|     94|    -|
|Memory           |        0|    -|      61|     32|    -|
|Multiplexer      |        -|    -|       -|      -|    -|
|Register         |        -|    -|     465|    128|    -|
+-----------------+---------+-----+--------+-------+-----+
|Total            |        0|    2|     526|    441|    0|
+-----------------+---------+-----+--------+-------+-----+
|Available        |      280|  220|  106400|  53200|    0|
+-----------------+---------+-----+--------+-------+-----+
|Utilization (%)  |        0|   ~0|      ~0|     ~0|    0|
+-----------------+---------+-----+--------+-------+-----+

+ Detail: 
    * Instance: 
    +-------------------------+----------------------+---------+----+---+----+-----+
    |         Instance        |        Module        | BRAM_18K| DSP| FF| LUT| URAM|
    +-------------------------+----------------------+---------+----+---+----+-----+
    |mul_25ns_18ns_43_1_1_U1  |mul_25ns_18ns_43_1_1  |        0|   1|  0|  47|    0|
    |mul_25ns_25ns_50_1_1_U2  |mul_25ns_25ns_50_1_1  |        0|   1|  0|  47|    0|
    +-------------------------+----------------------+---------+----+---+----+-----+
    |Total                    |                      |        0|   2|  0|  94|    0|
    +-------------------------+----------------------+---------+----+---+----+-----+

    * DSP: 
    N/A

    * Memory: 
    +---------------------------+------------------------------------+---------+----+----+-----+------+-----+------+-------------+
    |           Memory          |               Module               | BRAM_18K| FF | LUT| URAM| Words| Bits| Banks| W*Bits*Banks|
    +---------------------------+------------------------------------+---------+----+----+-----+------+-----+------+-------------+
    |exp_x_msb_1_table_V_U      |exp_16_9_s_exp_x_msb_1_table_V      |        0|  25|  13|    0|    32|   25|     1|          800|
    |exp_x_msb_2_m_1_table_V_U  |exp_16_9_s_exp_x_msb_2_m_1_table_V  |        0|  25|  13|    0|    32|   25|     1|          800|
    |f_x_lsb_table_V_U          |exp_16_9_s_f_x_lsb_table_V          |        0|  11|   6|    0|    32|   11|     1|          352|
    +---------------------------+------------------------------------+---------+----+----+-----+------+-----+------+-------------+
    |Total                      |                                    |        0|  61|  32|    0|    96|   61|     3|         1952|
    +---------------------------+------------------------------------+---------+----+----+-----+------+-----+------+-------------+

    * FIFO: 
    N/A

    * Expression: 
    +---------------------------------+----------+----+---+----+------------+------------+
    |          Variable Name          | Operation| DSP| FF| LUT| Bitwidth P0| Bitwidth P1|
    +---------------------------------+----------+----+---+----+------------+------------+
    |exp_x_msb_2_lsb_m_1_V_fu_402_p2  |         +|   0|  0|  32|          25|          25|
    |ret_V_fu_392_p2                  |         +|   0|  0|  27|          20|          20|
    |y_l_V_fu_442_p2                  |         +|   0|  0|  32|          25|          25|
    |and_ln202_fu_261_p2              |       and|   0|  0|   2|           1|           1|
    |icmp_ln1494_fu_255_p2            |      icmp|   0|  0|  11|          11|          11|
    |icmp_ln1498_fu_249_p2            |      icmp|   0|  0|   9|           4|           3|
    |overf_1_fu_478_p2                |      icmp|   0|  0|   8|           2|           1|
    |or_ln202_1_fu_315_p2             |        or|   0|  0|   2|           1|           1|
    |or_ln202_2_fu_321_p2             |        or|   0|  0|   2|           1|           1|
    |or_ln202_3_fu_327_p2             |        or|   0|  0|   2|           1|           1|
    |or_ln202_4_fu_456_p2             |        or|   0|  0|   2|           1|           1|
    |or_ln202_fu_309_p2               |        or|   0|  0|   2|           1|           1|
    |overf_2_fu_492_p2                |        or|   0|  0|   2|           1|           1|
    |ap_return                        |    select|   0|  0|  16|           1|          15|
    |p_Val2_s_fu_460_p3               |    select|   0|  0|  22|           1|          22|
    |select_ln640_fu_434_p3           |    select|   0|  0|   2|           1|           2|
    |ap_enable_pp0                    |       xor|   0|  0|   2|           1|           2|
    |overf_fu_187_p2                  |       xor|   0|  0|   2|           1|           1|
    |xor_ln222_1_fu_215_p2            |       xor|   0|  0|   2|           1|           1|
    |xor_ln222_2_fu_229_p2            |       xor|   0|  0|   2|           1|           1|
    |xor_ln222_3_fu_243_p2            |       xor|   0|  0|   2|           1|           1|
    |xor_ln222_fu_201_p2              |       xor|   0|  0|   2|           1|           1|
    |xor_ln640_fu_429_p2              |       xor|   0|  0|   2|           1|           2|
    +---------------------------------+----------+----+---+----+------------+------------+
    |Total                            |          |   0|  0| 187|         104|         140|
    +---------------------------------+----------+----+---+----+------------+------------+

    * Multiplexer: 
    N/A

    * Register: 
    +-----------------------------------------+----+----+-----+-----------+
    |                   Name                  | FF | LUT| Bits| Const Bits|
    +-----------------------------------------+----+----+-----+-----------+
    |ap_CS_fsm                                |   1|   0|    1|          0|
    |ap_enable_reg_pp0_iter1                  |   1|   0|    1|          0|
    |ap_enable_reg_pp0_iter2                  |   1|   0|    1|          0|
    |ap_enable_reg_pp0_iter3                  |   1|   0|    1|          0|
    |ap_enable_reg_pp0_iter4                  |   1|   0|    1|          0|
    |ap_enable_reg_pp0_iter5                  |   1|   0|    1|          0|
    |exp_x_msb_1_V_reg_580                    |  25|   0|   25|          0|
    |exp_x_msb_1_V_reg_580_pp0_iter4_reg      |  25|   0|   25|          0|
    |exp_x_msb_2_lsb_m_1_V_reg_575            |  25|   0|   25|          0|
    |exp_x_msb_2_m_1_V_reg_559                |  25|   0|   25|          0|
    |exp_x_msb_2_m_1_V_reg_559_pp0_iter2_reg  |  25|   0|   25|          0|
    |f_x_lsb_V_reg_553                        |  11|   0|   11|          0|
    |f_x_lsb_V_reg_553_pp0_iter2_reg          |  11|   0|   11|          0|
    |or_ln202_1_reg_543                       |   1|   0|    1|          0|
    |or_ln202_3_reg_548                       |   1|   0|    1|          0|
    |p_Result_s_reg_522                       |   4|   0|    4|          0|
    |p_Result_s_reg_522_pp0_iter1_reg         |   4|   0|    4|          0|
    |tmp_reg_516                              |   1|   0|    1|          0|
    |trunc_ln640_1_reg_527                    |   1|   0|    1|          0|
    |trunc_ln6_reg_565                        |  19|   0|   19|          0|
    |y_lo_s_V_reg_586                         |  25|   0|   25|          0|
    |or_ln202_1_reg_543                       |  64|  32|    1|          0|
    |or_ln202_3_reg_548                       |  64|  32|    1|          0|
    |tmp_reg_516                              |  64|  32|    1|          0|
    |trunc_ln640_1_reg_527                    |  64|  32|    1|          0|
    +-----------------------------------------+----+----+-----+-----------+
    |Total                                    | 465| 128|  213|          0|
    +-----------------------------------------+----+----+-----+-----------+



================================================================
== Interface
================================================================
* Summary: 
+-----------+-----+-----+------------+--------------+--------------+
| RTL Ports | Dir | Bits|  Protocol  | Source Object|    C Type    |
+-----------+-----+-----+------------+--------------+--------------+
|ap_clk     |   in|    1|  ap_ctrl_hs|    exp<16, 9>|  return value|
|ap_rst     |   in|    1|  ap_ctrl_hs|    exp<16, 9>|  return value|
|ap_start   |   in|    1|  ap_ctrl_hs|    exp<16, 9>|  return value|
|ap_done    |  out|    1|  ap_ctrl_hs|    exp<16, 9>|  return value|
|ap_idle    |  out|    1|  ap_ctrl_hs|    exp<16, 9>|  return value|
|ap_ready   |  out|    1|  ap_ctrl_hs|    exp<16, 9>|  return value|
|ap_ce      |   in|    1|  ap_ctrl_hs|    exp<16, 9>|  return value|
|ap_return  |  out|   16|  ap_ctrl_hs|    exp<16, 9>|  return value|
|x          |   in|   16|     ap_none|             x|        scalar|
+-----------+-----+-----+------------+--------------+--------------+

