

================================================================
== Vitis HLS Report for 'conv_bckwd'
================================================================
* Date:           Thu May  5 15:25:52 2022

* Version:        2020.2 (Build 3064766 on Wed Nov 18 09:12:47 MST 2020)
* Project:        conv_bckwd
* Solution:       solution1 (Vivado IP Flow Target)
* Product family: zynq
* Target device:  xc7z020-clg400-1


================================================================
== Performance Estimates
================================================================
+ Timing: 
    * Summary: 
    +--------+----------+----------+------------+
    |  Clock |  Target  | Estimated| Uncertainty|
    +--------+----------+----------+------------+
    |ap_clk  |  10.00 ns|  7.300 ns|     2.70 ns|
    +--------+----------+----------+------------+

+ Latency: 
    * Summary: 
    +---------+---------+----------+----------+-----+-----+---------+
    |  Latency (cycles) |  Latency (absolute) |  Interval | Pipeline|
    |   min   |   max   |    min   |    max   | min | max |   Type  |
    +---------+---------+----------+----------+-----+-----+---------+
    |        ?|        ?|         ?|         ?|    ?|    ?|     none|
    +---------+---------+----------+----------+-----+-----+---------+

    + Detail: 
        * Instance: 
        N/A

        * Loop: 
        +--------------------------------------------------------------+---------+---------+----------+-----------+-----------+-------+----------+
        |                                                              |  Latency (cycles) | Iteration|  Initiation Interval  |  Trip |          |
        |                           Loop Name                          |   min   |   max   |  Latency |  achieved |   target  | Count | Pipelined|
        +--------------------------------------------------------------+---------+---------+----------+-----------+-----------+-------+----------+
        |- VITIS_LOOP_33_1_VITIS_LOOP_34_2                             |        ?|        ?|     5 ~ ?|          -|          -|      ?|        no|
        | + VITIS_LOOP_35_3                                            |        2|        ?|         3|          1|          1|  1 ~ ?|       yes|
        |- VITIS_LOOP_43_4_VITIS_LOOP_44_5_VITIS_LOOP_45_6             |        ?|        ?|     8 ~ ?|          -|          -|      ?|        no|
        | + VITIS_LOOP_46_7                                            |        2|        ?|         3|          1|          1|  1 ~ ?|       yes|
        |- VITIS_LOOP_62_8_VITIS_LOOP_63_9                             |        ?|        ?|         ?|          -|          -|      ?|        no|
        | + VITIS_LOOP_64_10                                           |        ?|        ?|         3|          1|          1|      ?|       yes|
        |- VITIS_LOOP_78_11_VITIS_LOOP_79_12_VITIS_LOOP_80_13          |        ?|        ?|     8 ~ ?|          -|          -|      ?|        no|
        | + VITIS_LOOP_81_14                                           |        2|        ?|         3|          1|          1|  1 ~ ?|       yes|
        |- VITIS_LOOP_88_15_VITIS_LOOP_89_16                           |        ?|        ?|     5 ~ ?|          -|          -|      ?|        no|
        | + VITIS_LOOP_90_17                                           |        2|        ?|         3|          1|          1|  1 ~ ?|       yes|
        |- VITIS_LOOP_97_18                                            |        2|        ?|         3|          1|          1|  1 ~ ?|       yes|
        |- VITIS_LOOP_103_19                                           |        ?|        ?|         ?|          -|          -|  1 ~ ?|        no|
        | + VITIS_LOOP_104_20                                          |        ?|        ?|         ?|          -|          -|      ?|        no|
        |  ++ VITIS_LOOP_105_21                                        |        ?|        ?|         ?|          -|          -|      ?|        no|
        |   +++ VITIS_LOOP_106_22_VITIS_LOOP_107_23_VITIS_LOOP_108_24  |        ?|        ?|        12|          2|          1|      ?|       yes|
        |- VITIS_LOOP_121_25_VITIS_LOOP_122_26_VITIS_LOOP_123_27       |        ?|        ?|    13 ~ ?|          -|          -|      ?|        no|
        | + VITIS_LOOP_124_28                                          |        2|        ?|         3|          1|          1|  1 ~ ?|       yes|
        |- VITIS_LOOP_131_29_VITIS_LOOP_132_30                         |        ?|        ?|     5 ~ ?|          -|          -|      ?|        no|
        | + VITIS_LOOP_133_31                                          |        2|        ?|         3|          1|          1|  1 ~ ?|       yes|
        |- VITIS_LOOP_140_32                                           |        2|        ?|         3|          1|          1|  1 ~ ?|       yes|
        +--------------------------------------------------------------+---------+---------+----------+-----------+-----------+-------+----------+



================================================================
== Utilization Estimates
================================================================
* Summary: 
+-----------------+---------+-----+--------+-------+-----+
|       Name      | BRAM_18K| DSP |   FF   |  LUT  | URAM|
+-----------------+---------+-----+--------+-------+-----+
|DSP              |        -|    9|       -|      -|    -|
|Expression       |        -|    -|       0|   6364|    -|
|FIFO             |        -|    -|       -|      -|    -|
|Instance         |        2|    6|    6420|   3812|    -|
|Memory           |      194|    -|      32|      2|    -|
|Multiplexer      |        -|    -|       -|   1767|    -|
|Register         |        -|    -|    7710|     64|    -|
+-----------------+---------+-----+--------+-------+-----+
|Total            |      196|   15|   14162|  12009|    0|
+-----------------+---------+-----+--------+-------+-----+
|Available        |      280|  220|  106400|  53200|    0|
+-----------------+---------+-----+--------+-------+-----+
|Utilization (%)  |       70|    6|      13|     22|    0|
+-----------------+---------+-----+--------+-------+-----+

+ Detail: 
    * Instance: 
    +--------------------------+----------------------+---------+----+-----+-----+-----+
    |         Instance         |        Module        | BRAM_18K| DSP|  FF | LUT | URAM|
    +--------------------------+----------------------+---------+----+-----+-----+-----+
    |CTRL_s_axi_U              |CTRL_s_axi            |        0|   0|  492|  808|    0|
    |gmem_m_axi_U              |gmem_m_axi            |        2|   0|  537|  677|    0|
    |mul_31ns_32ns_63_2_1_U14  |mul_31ns_32ns_63_2_1  |        0|   0|  165|   50|    0|
    |mul_31ns_64ns_95_5_1_U7   |mul_31ns_64ns_95_5_1  |        0|   2|  441|  256|    0|
    |mul_31ns_64ns_95_5_1_U29  |mul_31ns_64ns_95_5_1  |        0|   2|  441|  256|    0|
    |mul_31s_31s_31_2_1_U1     |mul_31s_31s_31_2_1    |        0|   0|  141|   48|    0|
    |mul_31s_31s_31_2_1_U4     |mul_31s_31s_31_2_1    |        0|   0|  141|   48|    0|
    |mul_31s_31s_31_2_1_U5     |mul_31s_31s_31_2_1    |        0|   0|  141|   48|    0|
    |mul_31s_31s_31_2_1_U8     |mul_31s_31s_31_2_1    |        0|   0|  141|   48|    0|
    |mul_31s_31s_31_2_1_U9     |mul_31s_31s_31_2_1    |        0|   0|  141|   48|    0|
    |mul_31s_31s_31_2_1_U10    |mul_31s_31s_31_2_1    |        0|   0|  141|   48|    0|
    |mul_31s_31s_31_2_1_U11    |mul_31s_31s_31_2_1    |        0|   0|  141|   48|    0|
    |mul_31s_31s_31_2_1_U12    |mul_31s_31s_31_2_1    |        0|   0|  141|   48|    0|
    |mul_31s_31s_31_2_1_U13    |mul_31s_31s_31_2_1    |        0|   0|  141|   48|    0|
    |mul_31s_31s_31_2_1_U15    |mul_31s_31s_31_2_1    |        0|   0|  141|   48|    0|
    |mul_31s_31s_31_2_1_U16    |mul_31s_31s_31_2_1    |        0|   0|  141|   48|    0|
    |mul_31s_31s_31_2_1_U18    |mul_31s_31s_31_2_1    |        0|   0|  141|   48|    0|
    |mul_31s_31s_31_2_1_U19    |mul_31s_31s_31_2_1    |        0|   0|  141|   48|    0|
    |mul_31s_31s_31_2_1_U20    |mul_31s_31s_31_2_1    |        0|   0|  141|   48|    0|
    |mul_31s_31s_31_2_1_U21    |mul_31s_31s_31_2_1    |        0|   0|  141|   48|    0|
    |mul_31s_31s_31_2_1_U22    |mul_31s_31s_31_2_1    |        0|   0|  141|   48|    0|
    |mul_31s_31s_31_2_1_U23    |mul_31s_31s_31_2_1    |        0|   0|  141|   48|    0|
    |mul_31s_31s_31_2_1_U30    |mul_31s_31s_31_2_1    |        0|   0|  141|   48|    0|
    |mul_31s_31s_31_2_1_U31    |mul_31s_31s_31_2_1    |        0|   0|  141|   48|    0|
    |mul_31s_31s_31_2_1_U32    |mul_31s_31s_31_2_1    |        0|   0|  141|   48|    0|
    |mul_31s_31s_31_2_1_U33    |mul_31s_31s_31_2_1    |        0|   0|  141|   48|    0|
    |mul_31s_31s_31_2_1_U34    |mul_31s_31s_31_2_1    |        0|   0|  141|   48|    0|
    |mul_31s_31s_31_2_1_U35    |mul_31s_31s_31_2_1    |        0|   0|  141|   48|    0|
    |mul_32ns_32ns_64_2_1_U2   |mul_32ns_32ns_64_2_1  |        0|   0|  165|   50|    0|
    |mul_32ns_32ns_64_2_1_U3   |mul_32ns_32ns_64_2_1  |        0|   0|  165|   50|    0|
    |mul_32ns_32ns_64_2_1_U25  |mul_32ns_32ns_64_2_1  |        0|   0|  165|   50|    0|
    |mul_32ns_32ns_64_2_1_U28  |mul_32ns_32ns_64_2_1  |        0|   0|  165|   50|    0|
    |mul_32ns_64ns_96_5_1_U26  |mul_32ns_64ns_96_5_1  |        0|   2|  441|  256|    0|
    |mul_3ns_8ns_10_1_1_U6     |mul_3ns_8ns_10_1_1    |        0|   0|    0|   41|    0|
    |mul_3ns_8ns_10_1_1_U17    |mul_3ns_8ns_10_1_1    |        0|   0|    0|   41|    0|
    |mul_3ns_8ns_10_1_1_U24    |mul_3ns_8ns_10_1_1    |        0|   0|    0|   41|    0|
    |mul_3ns_8ns_10_1_1_U27    |mul_3ns_8ns_10_1_1    |        0|   0|    0|   41|    0|
    |mul_3ns_8ns_10_1_1_U36    |mul_3ns_8ns_10_1_1    |        0|   0|    0|   41|    0|
    +--------------------------+----------------------+---------+----+-----+-----+-----+
    |Total                     |                      |        2|   6| 6420| 3812|    0|
    +--------------------------+----------------------+---------+----+-----+-----+-----+

    * DSP: 
    +-------------------------------------+---------------------------------+----------------+
    |               Instance              |              Module             |   Expression   |
    +-------------------------------------+---------------------------------+----------------+
    |am_addmul_10ns_9ns_8ns_16_4_1_U37    |am_addmul_10ns_9ns_8ns_16_4_1    |  (i0 + i1) * i2|
    |am_addmul_10ns_9ns_8ns_16_4_1_U38    |am_addmul_10ns_9ns_8ns_16_4_1    |  (i0 + i1) * i2|
    |am_addmul_10ns_9ns_8ns_16_4_1_U39    |am_addmul_10ns_9ns_8ns_16_4_1    |  (i0 + i1) * i2|
    |am_addmul_10ns_9ns_8ns_16_4_1_U40    |am_addmul_10ns_9ns_8ns_16_4_1    |  (i0 + i1) * i2|
    |am_addmul_10ns_9ns_8ns_16_4_1_U45    |am_addmul_10ns_9ns_8ns_16_4_1    |  (i0 + i1) * i2|
    |mac_muladd_12ns_8ns_16ns_16_4_1_U42  |mac_muladd_12ns_8ns_16ns_16_4_1  |    i0 * i1 + i2|
    |mac_muladd_16s_16s_23ns_23_4_1_U43   |mac_muladd_16s_16s_23ns_23_4_1   |    i0 + i1 * i2|
    |mac_muladd_16s_16s_23ns_23_4_1_U44   |mac_muladd_16s_16s_23ns_23_4_1   |    i0 + i1 * i2|
    |mac_muladd_5ns_8ns_9ns_12_4_1_U41    |mac_muladd_5ns_8ns_9ns_12_4_1    |    i0 * i1 + i2|
    +-------------------------------------+---------------------------------+----------------+

    * Memory: 
    +-----------+---------+---------+----+----+-----+-------+-----+------+-------------+
    |   Memory  |  Module | BRAM_18K| FF | LUT| URAM| Words | Bits| Banks| W*Bits*Banks|
    +-----------+---------+---------+----+----+-----+-------+-----+------+-------------+
    |dbbuf_V_U  |dbbuf_V  |        0|  32|   2|    0|      5|   16|     1|           80|
    |dxbuf_V_U  |dxbuf_V  |       64|   0|   0|    0|  50000|   16|     1|       800000|
    |wbuf_V_U   |wbuf_V   |        1|   0|   0|    0|    625|   16|     1|        10000|
    |dwbuf_V_U  |wbuf_V   |        1|   0|   0|    0|    625|   16|     1|        10000|
    |xbuf_V_U   |xbuf_V   |       64|   0|   0|    0|  50000|   16|     1|       800000|
    |dybuf_V_U  |xbuf_V   |       64|   0|   0|    0|  50000|   16|     1|       800000|
    +-----------+---------+---------+----+----+-----+-------+-----+------+-------------+
    |Total      |         |      194|  32|   2|    0| 151255|   96|     6|      2420080|
    +-----------+---------+---------+----+----+-----+-------+-----+------+-------------+

    * FIFO: 
    N/A

    * Expression: 
    +-----------------------------------+----------+----+---+-----+------------+------------+
    |           Variable Name           | Operation| DSP| FF| LUT | Bitwidth P0| Bitwidth P1|
    +-----------------------------------+----------+----+---+-----+------------+------------+
    |add_ln103_1_fu_2470_p2             |         +|   0|  0|   38|          31|           1|
    |add_ln103_fu_2439_p2               |         +|   0|  0|   39|          32|           1|
    |add_ln104_fu_2534_p2               |         +|   0|  0|   39|          32|           1|
    |add_ln105_fu_2553_p2               |         +|   0|  0|   39|          32|           1|
    |add_ln106_1_fu_2592_p2             |         +|   0|  0|  103|          96|           1|
    |add_ln106_fu_2603_p2               |         +|   0|  0|   39|          32|           1|
    |add_ln107_1_fu_2630_p2             |         +|   0|  0|   71|          64|           1|
    |add_ln107_fu_2676_p2               |         +|   0|  0|   39|          32|           1|
    |add_ln108_fu_2793_p2               |         +|   0|  0|   39|          32|           1|
    |add_ln1118_1_fu_2788_p2            |         +|   0|  0|   23|          16|          16|
    |add_ln1118_2_fu_2510_p2            |         +|   0|  0|   14|           6|           6|
    |add_ln1118_3_fu_2716_p2            |         +|   0|  0|   14|           7|           7|
    |add_ln1118_4_fu_2737_p2            |         +|   0|  0|   31|          30|          30|
    |add_ln1118_5_fu_2758_p2            |         +|   0|  0|   31|          30|          30|
    |add_ln1118_6_fu_2806_p2            |         +|   0|  0|   31|          10|          10|
    |add_ln1118_7_fu_2694_p2            |         +|   0|  0|   14|           9|           9|
    |add_ln1118_9_fu_2814_p2            |         +|   0|  0|   31|          10|          10|
    |add_ln1118_fu_2640_p2              |         +|   0|  0|   14|           9|           9|
    |add_ln121_1_fu_2921_p2             |         +|   0|  0|  102|          95|           1|
    |add_ln121_fu_2950_p2               |         +|   0|  0|   38|          31|           1|
    |add_ln122_1_fu_3237_p2             |         +|   0|  0|   71|          64|           1|
    |add_ln122_fu_3036_p2               |         +|   0|  0|   39|          32|           1|
    |add_ln123_fu_3232_p2               |         +|   0|  0|   39|          32|           1|
    |add_ln124_fu_3203_p2               |         +|   0|  0|   38|          31|           1|
    |add_ln125_1_fu_3074_p2             |         +|   0|  0|   14|           7|           7|
    |add_ln125_2_fu_3130_p2             |         +|   0|  0|   37|          30|          30|
    |add_ln125_3_fu_3175_p2             |         +|   0|  0|   37|          30|          30|
    |add_ln125_4_fu_3197_p2             |         +|   0|  0|   13|          10|          10|
    |add_ln125_5_fu_3222_p2             |         +|   0|  0|   13|          10|          10|
    |add_ln125_fu_3015_p2               |         +|   0|  0|   14|           6|           6|
    |add_ln131_1_fu_3250_p2             |         +|   0|  0|   71|          64|           1|
    |add_ln131_fu_3261_p2               |         +|   0|  0|   39|          32|           1|
    |add_ln132_fu_3403_p2               |         +|   0|  0|   39|          32|           1|
    |add_ln133_fu_3374_p2               |         +|   0|  0|   38|          31|           1|
    |add_ln134_1_fu_3393_p2             |         +|   0|  0|   23|          16|          16|
    |add_ln140_fu_3411_p2               |         +|   0|  0|   38|          31|           1|
    |add_ln33_1_fu_1183_p2              |         +|   0|  0|   71|          64|           1|
    |add_ln33_fu_1194_p2                |         +|   0|  0|   39|          32|           1|
    |add_ln34_fu_1339_p2                |         +|   0|  0|   39|          32|           1|
    |add_ln35_fu_1311_p2                |         +|   0|  0|   38|          31|           1|
    |add_ln36_1_fu_1330_p2              |         +|   0|  0|   23|          16|          16|
    |add_ln43_1_fu_1389_p2              |         +|   0|  0|  102|          95|           1|
    |add_ln43_fu_1419_p2                |         +|   0|  0|   38|          31|           1|
    |add_ln44_1_fu_1697_p2              |         +|   0|  0|   71|          64|           1|
    |add_ln44_fu_1486_p2                |         +|   0|  0|   39|          32|           1|
    |add_ln45_fu_1692_p2                |         +|   0|  0|   39|          32|           1|
    |add_ln46_fu_1664_p2                |         +|   0|  0|   38|          31|           1|
    |add_ln47_1_fu_1525_p2              |         +|   0|  0|   14|           7|           7|
    |add_ln47_2_fu_1591_p2              |         +|   0|  0|   37|          30|          30|
    |add_ln47_3_fu_1636_p2              |         +|   0|  0|   37|          30|          30|
    |add_ln47_4_fu_1658_p2              |         +|   0|  0|   13|          10|          10|
    |add_ln47_5_fu_1683_p2              |         +|   0|  0|   13|          10|          10|
    |add_ln47_fu_1459_p2                |         +|   0|  0|   14|           6|           6|
    |add_ln55_fu_1959_p2                |         +|   0|  0|   39|          32|           1|
    |add_ln62_1_fu_1405_p2              |         +|   0|  0|   31|          32|           1|
    |add_ln62_2_fu_1753_p2              |         +|   0|  0|   38|          31|           1|
    |add_ln62_3_fu_1742_p2              |         +|   0|  0|   70|          63|           1|
    |add_ln63_fu_1877_p2                |         +|   0|  0|   39|          32|           1|
    |add_ln64_fu_1852_p2                |         +|   0|  0|   39|          32|           1|
    |add_ln65_1_fu_1868_p2              |         +|   0|  0|   23|          16|          16|
    |add_ln703_fu_2901_p2               |         +|   0|  0|   23|          16|          16|
    |add_ln78_1_fu_1882_p2              |         +|   0|  0|  102|          95|           1|
    |add_ln78_fu_1906_p2                |         +|   0|  0|   38|          31|           1|
    |add_ln79_1_fu_2198_p2              |         +|   0|  0|   71|          64|           1|
    |add_ln79_fu_2010_p2                |         +|   0|  0|   39|          32|           1|
    |add_ln80_fu_2193_p2                |         +|   0|  0|   39|          32|           1|
    |add_ln81_fu_2165_p2                |         +|   0|  0|   38|          31|           1|
    |add_ln82_1_fu_2035_p2              |         +|   0|  0|   14|           7|           7|
    |add_ln82_2_fu_2092_p2              |         +|   0|  0|   37|          30|          30|
    |add_ln82_3_fu_2137_p2              |         +|   0|  0|   37|          30|          30|
    |add_ln82_4_fu_2159_p2              |         +|   0|  0|   13|          10|          10|
    |add_ln82_5_fu_2184_p2              |         +|   0|  0|   13|          10|          10|
    |add_ln82_fu_1994_p2                |         +|   0|  0|   14|           6|           6|
    |add_ln88_1_fu_2211_p2              |         +|   0|  0|   71|          64|           1|
    |add_ln88_fu_2222_p2                |         +|   0|  0|   39|          32|           1|
    |add_ln89_fu_2354_p2                |         +|   0|  0|   39|          32|           1|
    |add_ln90_fu_2326_p2                |         +|   0|  0|   38|          31|           1|
    |add_ln91_1_fu_2345_p2              |         +|   0|  0|   23|          16|          16|
    |add_ln97_fu_2373_p2                |         +|   0|  0|   38|          31|           1|
    |empty_102_fu_3330_p2               |         +|   0|  0|   38|          31|          31|
    |empty_103_fu_3342_p2               |         +|   0|  0|   39|          32|          32|
    |empty_51_fu_1267_p2                |         +|   0|  0|   38|          31|          31|
    |empty_52_fu_1279_p2                |         +|   0|  0|   39|          32|          32|
    |empty_60_fu_1571_p2                |         +|   0|  0|   31|          31|          31|
    |empty_61_fu_1604_p2                |         +|   0|  0|   39|          32|          32|
    |empty_66_fu_1820_p2                |         +|   0|  0|   39|          32|          32|
    |empty_71_fu_2072_p2                |         +|   0|  0|   31|          31|          31|
    |empty_72_fu_2105_p2                |         +|   0|  0|   39|          32|          32|
    |empty_76_fu_2282_p2                |         +|   0|  0|   38|          31|          31|
    |empty_77_fu_2294_p2                |         +|   0|  0|   39|          32|          32|
    |empty_88_fu_2568_p2                |         +|   0|  0|   23|          16|          16|
    |empty_97_fu_3143_p2                |         +|   0|  0|   39|          32|          32|
    |grp_fu_1103_p2                     |         +|   0|  0|   31|          32|           1|
    |outW_fu_1726_p2                    |         +|   0|  0|   31|          32|           1|
    |tmp1_fu_1567_p2                    |         +|   0|  0|   31|          31|          31|
    |tmp2_fu_2068_p2                    |         +|   0|  0|   31|          31|          31|
    |tmp6_fu_2941_p2                    |         +|   0|  0|   38|          31|          31|
    |tmp6_mid1_fu_3046_p2               |         +|   0|  0|   38|          31|          31|
    |tmp8_fu_3107_p2                    |         +|   0|  0|   38|          31|          31|
    |tmp_fu_1791_p2                     |         +|   0|  0|   38|          31|          31|
    |grp_fu_1108_p2                     |         -|   0|  0|   31|          32|          32|
    |outH_fu_1964_p2                    |         -|   0|  0|   39|          32|          32|
    |sub_ln103_fu_2444_p2               |         -|   0|  0|   39|          32|          32|
    |sub_ln56_fu_1722_p2                |         -|   0|  0|   31|          32|          32|
    |sub_ln62_1_fu_1410_p2              |         -|   0|  0|   31|          32|          32|
    |ap_block_pp0_stage0_11001          |       and|   0|  0|    2|           1|           1|
    |ap_block_pp1_stage0_11001          |       and|   0|  0|    2|           1|           1|
    |ap_block_pp2_stage0_11001          |       and|   0|  0|    2|           1|           1|
    |ap_block_pp3_stage0_11001          |       and|   0|  0|    2|           1|           1|
    |ap_block_pp4_stage0_11001          |       and|   0|  0|    2|           1|           1|
    |ap_block_pp5_stage0_11001          |       and|   0|  0|    2|           1|           1|
    |ap_block_pp7_stage0_11001          |       and|   0|  0|    2|           1|           1|
    |ap_block_pp8_stage0_11001          |       and|   0|  0|    2|           1|           1|
    |ap_block_pp9_stage0_11001          |       and|   0|  0|    2|           1|           1|
    |ap_block_state100_io               |       and|   0|  0|    2|           1|           1|
    |ap_block_state149_io               |       and|   0|  0|    2|           1|           1|
    |ap_block_state154                  |       and|   0|  0|    2|           1|           1|
    |ap_block_state164_io               |       and|   0|  0|    2|           1|           1|
    |ap_block_state169                  |       and|   0|  0|    2|           1|           1|
    |ap_block_state16_pp0_stage0_iter1  |       and|   0|  0|    2|           1|           1|
    |ap_block_state173_io               |       and|   0|  0|    2|           1|           1|
    |ap_block_state178                  |       and|   0|  0|    2|           1|           1|
    |ap_block_state41_pp1_stage0_iter1  |       and|   0|  0|    2|           1|           1|
    |ap_block_state61_pp2_stage0_iter1  |       and|   0|  0|    2|           1|           1|
    |ap_block_state79_pp3_stage0_iter1  |       and|   0|  0|    2|           1|           1|
    |ap_block_state94_pp4_stage0_iter1  |       and|   0|  0|    2|           1|           1|
    |addr_cmp_fu_2836_p2                |      icmp|   0|  0|   18|          32|          32|
    |cmp106372_fu_1732_p2               |      icmp|   0|  0|   18|          32|           1|
    |cmp229322_fu_2393_p2               |      icmp|   0|  0|   18|          32|           1|
    |cmp231317_fu_2398_p2               |      icmp|   0|  0|   18|          32|           1|
    |cmp56407_fu_1178_p2                |      icmp|   0|  0|   18|          32|           1|
    |grp_fu_1113_p2                     |      icmp|   0|  0|   18|          32|           1|
    |grp_fu_1118_p2                     |      icmp|   0|  0|   18|          32|           1|
    |icmp_ln103_fu_2476_p2              |      icmp|   0|  0|   17|          31|          31|
    |icmp_ln104_1_fu_2540_p2            |      icmp|   0|  0|   18|          32|          32|
    |icmp_ln104_fu_2404_p2              |      icmp|   0|  0|   18|          32|          32|
    |icmp_ln105_1_fu_2559_p2            |      icmp|   0|  0|   18|          32|          32|
    |icmp_ln105_fu_2452_p2              |      icmp|   0|  0|   18|          32|          32|
    |icmp_ln106_fu_2598_p2              |      icmp|   0|  0|   39|          96|          96|
    |icmp_ln107_fu_2609_p2              |      icmp|   0|  0|   29|          64|          64|
    |icmp_ln108_1_fu_2665_p2            |      icmp|   0|  0|   18|          32|          32|
    |icmp_ln108_fu_2465_p2              |      icmp|   0|  0|   18|          32|           1|
    |icmp_ln121_fu_2932_p2              |      icmp|   0|  0|   39|          95|          95|
    |icmp_ln122_fu_2956_p2              |      icmp|   0|  0|   29|          64|          64|
    |icmp_ln123_1_fu_2973_p2            |      icmp|   0|  0|   18|          32|          32|
    |icmp_ln124_fu_3213_p2              |      icmp|   0|  0|   18|          32|          32|
    |icmp_ln131_fu_3256_p2              |      icmp|   0|  0|   29|          64|          64|
    |icmp_ln132_fu_3267_p2              |      icmp|   0|  0|   18|          32|          32|
    |icmp_ln133_fu_3384_p2              |      icmp|   0|  0|   18|          32|          32|
    |icmp_ln140_fu_3417_p2              |      icmp|   0|  0|   17|          31|          31|
    |icmp_ln33_fu_1189_p2               |      icmp|   0|  0|   29|          64|          64|
    |icmp_ln34_fu_1200_p2               |      icmp|   0|  0|   18|          32|          32|
    |icmp_ln35_fu_1321_p2               |      icmp|   0|  0|   18|          32|          32|
    |icmp_ln43_1_fu_1395_p2             |      icmp|   0|  0|   39|          95|          95|
    |icmp_ln43_fu_1233_p2               |      icmp|   0|  0|   18|          32|           1|
    |icmp_ln44_fu_1400_p2               |      icmp|   0|  0|   29|          64|          64|
    |icmp_ln45_1_fu_1475_p2             |      icmp|   0|  0|   18|          32|          32|
    |icmp_ln46_fu_1674_p2               |      icmp|   0|  0|   18|          32|          32|
    |icmp_ln62_fu_1748_p2               |      icmp|   0|  0|   28|          63|          63|
    |icmp_ln63_fu_1759_p2               |      icmp|   0|  0|   18|          32|          32|
    |icmp_ln64_fu_1858_p2               |      icmp|   0|  0|   18|          32|          32|
    |icmp_ln78_fu_1901_p2               |      icmp|   0|  0|   39|          95|          95|
    |icmp_ln79_fu_1912_p2               |      icmp|   0|  0|   29|          64|          64|
    |icmp_ln80_fu_1929_p2               |      icmp|   0|  0|   18|          32|          32|
    |icmp_ln81_fu_2175_p2               |      icmp|   0|  0|   18|          32|          32|
    |icmp_ln88_fu_2217_p2               |      icmp|   0|  0|   29|          64|          64|
    |icmp_ln89_fu_2228_p2               |      icmp|   0|  0|   18|          32|          32|
    |icmp_ln90_fu_2336_p2               |      icmp|   0|  0|   18|          32|          32|
    |icmp_ln97_fu_2379_p2               |      icmp|   0|  0|   17|          31|          31|
    |or_ln107_fu_2743_p2                |        or|   0|  0|    2|           1|           1|
    |or_ln122_fu_3091_p2                |        or|   0|  0|    2|           1|           1|
    |or_ln44_fu_1492_p2                 |        or|   0|  0|    2|           1|           1|
    |or_ln79_fu_1941_p2                 |        or|   0|  0|    2|           1|           1|
    |lhs_2_fu_2850_p3                   |    select|   0|  0|   16|           1|          16|
    |select_ln104_fu_2408_p3            |    select|   0|  0|   32|           1|          32|
    |select_ln105_fu_2457_p3            |    select|   0|  0|   32|           1|          32|
    |select_ln106_1_fu_2614_p3          |    select|   0|  0|   32|           1|          32|
    |select_ln106_2_fu_2652_p3          |    select|   0|  0|    9|           1|           1|
    |select_ln106_3_fu_2659_p3          |    select|   0|  0|    9|           1|           9|
    |select_ln106_4_fu_2670_p3          |    select|   0|  0|    2|           1|           1|
    |select_ln106_fu_2645_p3            |    select|   0|  0|   32|           1|           1|
    |select_ln107_1_fu_2686_p3          |    select|   0|  0|    9|           1|           9|
    |select_ln107_2_fu_2699_p3          |    select|   0|  0|    9|           1|           9|
    |select_ln107_3_fu_2775_p3          |    select|   0|  0|   32|           1|          32|
    |select_ln107_4_fu_2707_p3          |    select|   0|  0|   64|           1|           1|
    |select_ln107_fu_2747_p3            |    select|   0|  0|   32|           1|           1|
    |select_ln121_1_fu_2996_p3          |    select|   0|  0|   31|           1|          31|
    |select_ln121_2_fu_2961_p3          |    select|   0|  0|   31|           1|          31|
    |select_ln121_3_fu_3025_p3          |    select|   0|  0|   31|           1|          31|
    |select_ln121_4_fu_3030_p3          |    select|   0|  0|    5|           1|           1|
    |select_ln121_5_fu_2978_p3          |    select|   0|  0|    2|           1|           1|
    |select_ln121_fu_2989_p3            |    select|   0|  0|   32|           1|           1|
    |select_ln122_1_fu_3052_p3          |    select|   0|  0|   31|           1|          31|
    |select_ln122_2_fu_3063_p3          |    select|   0|  0|    5|           1|           5|
    |select_ln122_3_fu_3080_p3          |    select|   0|  0|   32|           1|          32|
    |select_ln122_4_fu_3243_p3          |    select|   0|  0|   64|           1|           1|
    |select_ln122_fu_3095_p3            |    select|   0|  0|   32|           1|           1|
    |select_ln131_1_fu_3280_p3          |    select|   0|  0|   32|           1|          32|
    |select_ln131_fu_3272_p3            |    select|   0|  0|   32|           1|           1|
    |select_ln33_1_fu_1213_p3           |    select|   0|  0|   32|           1|          32|
    |select_ln33_fu_1205_p3             |    select|   0|  0|   32|           1|           1|
    |select_ln43_1_fu_1432_p3           |    select|   0|  0|   31|           1|          31|
    |select_ln43_2_fu_1555_p3           |    select|   0|  0|   31|           1|           1|
    |select_ln43_3_fu_1469_p3           |    select|   0|  0|    5|           1|           1|
    |select_ln43_4_fu_1480_p3           |    select|   0|  0|    2|           1|           1|
    |select_ln43_fu_1425_p3             |    select|   0|  0|   32|           1|           1|
    |select_ln44_1_fu_1561_p3           |    select|   0|  0|   31|           1|          31|
    |select_ln44_2_fu_1513_p3           |    select|   0|  0|    5|           1|           5|
    |select_ln44_3_fu_1531_p3           |    select|   0|  0|   32|           1|          32|
    |select_ln44_4_fu_1703_p3           |    select|   0|  0|   64|           1|           1|
    |select_ln44_fu_1497_p3             |    select|   0|  0|   32|           1|           1|
    |select_ln62_1_fu_1764_p3           |    select|   0|  0|   31|           1|          31|
    |select_ln62_fu_1780_p3             |    select|   0|  0|   32|           1|           1|
    |select_ln78_1_fu_1917_p3           |    select|   0|  0|   31|           1|          31|
    |select_ln78_2_fu_2056_p3           |    select|   0|  0|   31|           1|           1|
    |select_ln78_3_fu_2004_p3           |    select|   0|  0|    5|           1|           1|
    |select_ln78_4_fu_1934_p3           |    select|   0|  0|    2|           1|           1|
    |select_ln78_fu_1969_p3             |    select|   0|  0|   32|           1|           1|
    |select_ln79_1_fu_2062_p3           |    select|   0|  0|   31|           1|          31|
    |select_ln79_2_fu_2024_p3           |    select|   0|  0|    5|           1|           5|
    |select_ln79_3_fu_2041_p3           |    select|   0|  0|   32|           1|          32|
    |select_ln79_4_fu_2204_p3           |    select|   0|  0|   64|           1|           1|
    |select_ln79_fu_1947_p3             |    select|   0|  0|   32|           1|           1|
    |select_ln88_1_fu_2241_p3           |    select|   0|  0|   32|           1|          32|
    |select_ln88_fu_2233_p3             |    select|   0|  0|   32|           1|           1|
    |ap_enable_pp0                      |       xor|   0|  0|    2|           1|           2|
    |ap_enable_pp1                      |       xor|   0|  0|    2|           1|           2|
    |ap_enable_pp2                      |       xor|   0|  0|    2|           1|           2|
    |ap_enable_pp3                      |       xor|   0|  0|    2|           1|           2|
    |ap_enable_pp4                      |       xor|   0|  0|    2|           1|           2|
    |ap_enable_pp5                      |       xor|   0|  0|    2|           1|           2|
    |ap_enable_pp6                      |       xor|   0|  0|    2|           1|           2|
    |ap_enable_pp7                      |       xor|   0|  0|    2|           1|           2|
    |ap_enable_pp8                      |       xor|   0|  0|    2|           1|           2|
    |ap_enable_pp9                      |       xor|   0|  0|    2|           1|           2|
    |ap_enable_reg_pp0_iter1            |       xor|   0|  0|    2|           2|           1|
    |ap_enable_reg_pp1_iter1            |       xor|   0|  0|    2|           2|           1|
    |ap_enable_reg_pp2_iter1            |       xor|   0|  0|    2|           2|           1|
    |ap_enable_reg_pp3_iter1            |       xor|   0|  0|    2|           2|           1|
    |ap_enable_reg_pp4_iter1            |       xor|   0|  0|    2|           2|           1|
    |ap_enable_reg_pp5_iter1            |       xor|   0|  0|    2|           2|           1|
    |ap_enable_reg_pp6_iter1            |       xor|   0|  0|    2|           2|           1|
    |ap_enable_reg_pp7_iter1            |       xor|   0|  0|    2|           2|           1|
    |ap_enable_reg_pp8_iter1            |       xor|   0|  0|    2|           2|           1|
    |ap_enable_reg_pp9_iter1            |       xor|   0|  0|    2|           2|           1|
    +-----------------------------------+----------+----+---+-----+------------+------------+
    |Total                              |          |   0|  0| 6364|        5278|        3647|
    +-----------------------------------+----------+----+---+-----+------------+------------+

    * Multiplexer: 
    +--------------------------------------------+-----+-----------+-----+-----------+
    |                    Name                    | LUT | Input Size| Bits| Total Bits|
    +--------------------------------------------+-----+-----------+-----+-----------+
    |add100645_reg_802                           |    9|          2|   32|         64|
    |ap_NS_fsm                                   |  806|        151|    1|        151|
    |ap_enable_reg_pp0_iter1                     |    9|          2|    1|          2|
    |ap_enable_reg_pp0_iter2                     |    9|          2|    1|          2|
    |ap_enable_reg_pp1_iter1                     |    9|          2|    1|          2|
    |ap_enable_reg_pp1_iter2                     |    9|          2|    1|          2|
    |ap_enable_reg_pp2_iter1                     |    9|          2|    1|          2|
    |ap_enable_reg_pp2_iter2                     |    9|          2|    1|          2|
    |ap_enable_reg_pp3_iter1                     |    9|          2|    1|          2|
    |ap_enable_reg_pp3_iter2                     |    9|          2|    1|          2|
    |ap_enable_reg_pp4_iter1                     |    9|          2|    1|          2|
    |ap_enable_reg_pp4_iter2                     |    9|          2|    1|          2|
    |ap_enable_reg_pp5_iter1                     |    9|          2|    1|          2|
    |ap_enable_reg_pp5_iter2                     |    9|          2|    1|          2|
    |ap_enable_reg_pp6_iter1                     |    9|          2|    1|          2|
    |ap_enable_reg_pp6_iter5                     |    9|          2|    1|          2|
    |ap_enable_reg_pp7_iter1                     |    9|          2|    1|          2|
    |ap_enable_reg_pp7_iter2                     |    9|          2|    1|          2|
    |ap_enable_reg_pp8_iter1                     |    9|          2|    1|          2|
    |ap_enable_reg_pp8_iter2                     |    9|          2|    1|          2|
    |ap_enable_reg_pp9_iter1                     |    9|          2|    1|          2|
    |ap_enable_reg_pp9_iter2                     |    9|          2|    1|          2|
    |ap_phi_mux_c_phi_fu_937_p4                  |    9|          2|   32|         64|
    |ap_phi_mux_fh_phi_fu_959_p4                 |    9|          2|   32|         64|
    |ap_phi_mux_fw_phi_fu_970_p4                 |    9|          2|   32|         64|
    |ap_phi_mux_indvar_flatten116_phi_fu_926_p4  |    9|          2|   96|        192|
    |ap_phi_mux_indvar_flatten96_phi_fu_948_p4   |    9|          2|   64|        128|
    |c_reg_933                                   |    9|          2|   32|         64|
    |dbbuf_V_address0                            |   20|          4|    3|         12|
    |dwbuf_V_address0                            |   25|          5|   10|         50|
    |dwbuf_V_d0                                  |   14|          3|   16|         48|
    |dxbuf_V_address0                            |   14|          3|   16|         48|
    |dxbuf_V_address1                            |   14|          3|   16|         48|
    |dxbuf_V_d0                                  |   14|          3|   16|         48|
    |dybuf_V_address0                            |   14|          3|   16|         48|
    |empty_86_reg_911                            |    9|          2|   16|         32|
    |f_reg_878                                   |    9|          2|   31|         62|
    |fh_reg_955                                  |    9|          2|   32|         64|
    |fw_reg_966                                  |    9|          2|   32|         64|
    |gmem_ARADDR                                 |   31|          6|   32|        192|
    |gmem_ARLEN                                  |   20|          4|   32|        128|
    |gmem_AWADDR                                 |   25|          5|   32|        160|
    |gmem_AWLEN                                  |   20|          4|   32|        128|
    |gmem_WDATA                                  |   20|          4|   16|         64|
    |gmem_blk_n_AR                               |    9|          2|    1|          2|
    |gmem_blk_n_AW                               |    9|          2|    1|          2|
    |gmem_blk_n_B                                |    9|          2|    1|          2|
    |gmem_blk_n_R                                |    9|          2|    1|          2|
    |gmem_blk_n_W                                |    9|          2|    1|          2|
    |h_reg_889                                   |    9|          2|   32|         64|
    |i_1_reg_653                                 |    9|          2|   31|         62|
    |i_2_reg_711                                 |    9|          2|   31|         62|
    |i_3_reg_768                                 |    9|          2|   31|         62|
    |i_4_reg_834                                 |    9|          2|   32|         64|
    |i_5_reg_867                                 |    9|          2|   31|         62|
    |i_6_reg_989                                 |    9|          2|   31|         62|
    |i_7_reg_1059                                |    9|          2|   32|         64|
    |i_8_reg_1092                                |    9|          2|   31|         62|
    |i_reg_597                                   |    9|          2|   32|         64|
    |indvar_flatten10_reg_665                    |    9|          2|   64|        128|
    |indvar_flatten116_reg_922                   |    9|          2|   96|        192|
    |indvar_flatten124_reg_1001                  |    9|          2|   64|        128|
    |indvar_flatten149_reg_978                   |    9|          2|   95|        190|
    |indvar_flatten160_reg_1048                  |    9|          2|   64|        128|
    |indvar_flatten33_reg_642                    |    9|          2|   95|        190|
    |indvar_flatten44_reg_700                    |    9|          2|   63|        126|
    |indvar_flatten55_reg_779                    |    9|          2|   64|        128|
    |indvar_flatten78_reg_745                    |    9|          2|   95|        190|
    |indvar_flatten89_reg_823                    |    9|          2|   64|        128|
    |indvar_flatten96_reg_944                    |    9|          2|   64|        128|
    |indvar_flatten_reg_586                      |    9|          2|   64|        128|
    |j_1_reg_630                                 |    9|          2|   32|         64|
    |j_2_reg_722                                 |    9|          2|   32|         64|
    |j_3_reg_756                                 |    9|          2|   32|         64|
    |j_4_reg_845                                 |    9|          2|   32|         64|
    |j_5_reg_1013                                |    9|          2|   32|         64|
    |j_6_reg_1070                                |    9|          2|   32|         64|
    |j_reg_608                                   |    9|          2|   32|         64|
    |k_1_reg_677                                 |    9|          2|   32|         64|
    |k_2_reg_734                                 |    9|          2|   32|         64|
    |k_3_reg_791                                 |    9|          2|   32|         64|
    |k_4_reg_856                                 |    9|          2|   31|         62|
    |k_5_reg_1025                                |    9|          2|   32|         64|
    |k_6_reg_1081                                |    9|          2|   31|         62|
    |k_reg_619                                   |    9|          2|   31|         62|
    |l_1_reg_812                                 |    9|          2|   31|         62|
    |l_2_reg_1037                                |    9|          2|   31|         62|
    |l_reg_689                                   |    9|          2|   31|         62|
    |reuse_addr_reg_fu_230                       |    9|          2|   32|         64|
    |reuse_reg_fu_234                            |    9|          2|   16|         32|
    |w_1_reg_900                                 |    9|          2|   32|         64|
    |wbuf_V_address0                             |   14|          3|   10|         30|
    |xbuf_V_address0                             |   14|          3|   16|         48|
    +--------------------------------------------+-----+-----------+-----+-----------+
    |Total                                       | 1767|        360| 2544|       5763|
    +--------------------------------------------+-----+-----------+-----+-----------+

    * Register: 
    +-------------------------------------+-----+----+-----+-----------+
    |                 Name                |  FF | LUT| Bits| Const Bits|
    +-------------------------------------+-----+----+-----+-----------+
    |C_read_reg_3573                      |   32|   0|   32|          0|
    |FH_read_reg_3534                     |   32|   0|   32|          0|
    |FW_read_reg_3514                     |   32|   0|   32|          0|
    |F_read_reg_3579                      |   32|   0|   32|          0|
    |H_read_reg_3563                      |   32|   0|   32|          0|
    |W_read_reg_3549                      |   32|   0|   32|          0|
    |add100645_reg_802                    |   32|   0|   32|          0|
    |add_ln103_1_reg_4406                 |   31|   0|   31|          0|
    |add_ln104_reg_4429                   |   32|   0|   32|          0|
    |add_ln105_reg_4449                   |   32|   0|   32|          0|
    |add_ln106_1_reg_4478                 |   96|   0|   96|          0|
    |add_ln107_1_reg_4512                 |   64|   0|   64|          0|
    |add_ln107_reg_4528                   |   32|   0|   32|          0|
    |add_ln108_reg_4578                   |   32|   0|   32|          0|
    |add_ln1118_1_reg_4573                |   16|   0|   16|          0|
    |add_ln1118_1_reg_4573_pp6_iter2_reg  |   16|   0|   16|          0|
    |add_ln1118_2_cast_reg_4414           |    6|   0|    7|          1|
    |add_ln1118_9_reg_4588                |   10|   0|   10|          0|
    |add_ln121_1_reg_4684                 |   95|   0|   95|          0|
    |add_ln121_reg_4709                   |   31|   0|   31|          0|
    |add_ln125_1_reg_4754                 |    7|   0|    7|          0|
    |add_ln125_4_reg_4792                 |   10|   0|   10|          0|
    |add_ln131_1_reg_4821                 |   64|   0|   64|          0|
    |add_ln33_1_reg_3671                  |   64|   0|   64|          0|
    |add_ln36_1_reg_3749                  |   16|   0|   16|          0|
    |add_ln36_1_reg_3749_pp0_iter1_reg    |   16|   0|   16|          0|
    |add_ln43_1_reg_3839                  |   95|   0|   95|          0|
    |add_ln47_1_reg_3896                  |    7|   0|    7|          0|
    |add_ln47_4_reg_3938                  |   10|   0|   10|          0|
    |add_ln47_5_reg_3952                  |   10|   0|   10|          0|
    |add_ln47_5_reg_3952_pp1_iter1_reg    |   10|   0|   10|          0|
    |add_ln55_reg_4148                    |   32|   0|   32|          0|
    |add_ln62_3_reg_4001                  |   63|   0|   63|          0|
    |add_ln65_1_reg_4071                  |   16|   0|   16|          0|
    |add_ln65_1_reg_4071_pp2_iter1_reg    |   16|   0|   16|          0|
    |add_ln78_1_reg_4086                  |   95|   0|   95|          0|
    |add_ln82_1_reg_4164                  |    7|   0|    7|          0|
    |add_ln82_4_reg_4201                  |   10|   0|   10|          0|
    |add_ln82_5_reg_4215                  |   10|   0|   10|          0|
    |add_ln82_5_reg_4215_pp3_iter1_reg    |   10|   0|   10|          0|
    |add_ln88_1_reg_4235                  |   64|   0|   64|          0|
    |add_ln91_1_reg_4304                  |   16|   0|   16|          0|
    |add_ln91_1_reg_4304_pp4_iter1_reg    |   16|   0|   16|          0|
    |addr_cmp_reg_4619                    |    1|   0|    1|          0|
    |ap_CS_fsm                            |  150|   0|  150|          0|
    |ap_enable_reg_pp0_iter0              |    1|   0|    1|          0|
    |ap_enable_reg_pp0_iter1              |    1|   0|    1|          0|
    |ap_enable_reg_pp0_iter2              |    1|   0|    1|          0|
    |ap_enable_reg_pp1_iter0              |    1|   0|    1|          0|
    |ap_enable_reg_pp1_iter1              |    1|   0|    1|          0|
    |ap_enable_reg_pp1_iter2              |    1|   0|    1|          0|
    |ap_enable_reg_pp2_iter0              |    1|   0|    1|          0|
    |ap_enable_reg_pp2_iter1              |    1|   0|    1|          0|
    |ap_enable_reg_pp2_iter2              |    1|   0|    1|          0|
    |ap_enable_reg_pp3_iter0              |    1|   0|    1|          0|
    |ap_enable_reg_pp3_iter1              |    1|   0|    1|          0|
    |ap_enable_reg_pp3_iter2              |    1|   0|    1|          0|
    |ap_enable_reg_pp4_iter0              |    1|   0|    1|          0|
    |ap_enable_reg_pp4_iter1              |    1|   0|    1|          0|
    |ap_enable_reg_pp4_iter2              |    1|   0|    1|          0|
    |ap_enable_reg_pp5_iter0              |    1|   0|    1|          0|
    |ap_enable_reg_pp5_iter1              |    1|   0|    1|          0|
    |ap_enable_reg_pp5_iter2              |    1|   0|    1|          0|
    |ap_enable_reg_pp6_iter0              |    1|   0|    1|          0|
    |ap_enable_reg_pp6_iter1              |    1|   0|    1|          0|
    |ap_enable_reg_pp6_iter2              |    1|   0|    1|          0|
    |ap_enable_reg_pp6_iter3              |    1|   0|    1|          0|
    |ap_enable_reg_pp6_iter4              |    1|   0|    1|          0|
    |ap_enable_reg_pp6_iter5              |    1|   0|    1|          0|
    |ap_enable_reg_pp7_iter0              |    1|   0|    1|          0|
    |ap_enable_reg_pp7_iter1              |    1|   0|    1|          0|
    |ap_enable_reg_pp7_iter2              |    1|   0|    1|          0|
    |ap_enable_reg_pp8_iter0              |    1|   0|    1|          0|
    |ap_enable_reg_pp8_iter1              |    1|   0|    1|          0|
    |ap_enable_reg_pp8_iter2              |    1|   0|    1|          0|
    |ap_enable_reg_pp9_iter0              |    1|   0|    1|          0|
    |ap_enable_reg_pp9_iter1              |    1|   0|    1|          0|
    |ap_enable_reg_pp9_iter2              |    1|   0|    1|          0|
    |bound121_reg_4649                    |   64|   0|   64|          0|
    |bound129_reg_4674                    |   95|   0|   95|          0|
    |bound15_reg_3817                     |   95|   0|   95|          0|
    |bound4_reg_3764                      |   64|   0|   64|          0|
    |bound_reg_3664                       |   64|   0|   64|          0|
    |c_reg_933                            |   32|   0|   32|          0|
    |cast_reg_3641                        |   32|   0|   64|         32|
    |cmp106372_reg_3987                   |    1|   0|    1|          0|
    |cmp229322_reg_4346                   |    1|   0|    1|          0|
    |cmp231317_reg_4350                   |    1|   0|    1|          0|
    |cmp234302_reg_4665                   |    1|   0|    1|          0|
    |cmp56407_reg_3653                    |    1|   0|    1|          0|
    |cmp74387_reg_3807                    |    1|   0|    1|          0|
    |db_read_reg_3594                     |   32|   0|   32|          0|
    |dbbuf_V_addr_1_reg_4424              |    3|   0|    3|          0|
    |dw_read_reg_3599                     |   32|   0|   32|          0|
    |dwbuf_V_addr_2_reg_4598              |   10|   0|   10|          0|
    |dx_read_reg_3605                     |   32|   0|   32|          0|
    |dxbuf_V_addr_2_reg_4613              |   16|   0|   16|          0|
    |dxbuf_V_load_reg_4901                |   16|   0|   16|          0|
    |dy_read_reg_3589                     |   32|   0|   32|          0|
    |empty_101_reg_4871                   |   31|   0|   31|          0|
    |empty_47_reg_3657                    |   31|   0|   31|          0|
    |empty_50_reg_3719                    |   31|   0|   31|          0|
    |empty_53_reg_3771                    |   31|   0|   31|          0|
    |empty_54_reg_3798                    |   31|   0|   31|          0|
    |empty_55_reg_3811                    |   31|   0|   31|          0|
    |empty_56_reg_3844                    |   31|   0|   31|          0|
    |empty_59_reg_3922                    |   31|   0|   31|          0|
    |empty_60_reg_3927                    |   31|   0|   31|          0|
    |empty_62_reg_3869                    |   31|   0|   31|          0|
    |empty_63_reg_3991                    |   31|   0|   31|          0|
    |empty_65_reg_4041                    |   31|   0|   31|          0|
    |empty_67_reg_4105                    |   31|   0|   31|          0|
    |empty_70_reg_4180                    |   31|   0|   31|          0|
    |empty_71_reg_4190                    |   31|   0|   31|          0|
    |empty_75_reg_4274                    |   31|   0|   31|          0|
    |empty_84_reg_4437                    |    9|   0|    9|          0|
    |empty_86_reg_911                     |   16|   0|   16|          0|
    |empty_87_reg_4457                    |   16|   0|   16|          0|
    |empty_91_reg_4669                    |   31|   0|   31|          0|
    |empty_92_reg_4693                    |   31|   0|   31|          0|
    |empty_96_reg_4781                    |   31|   0|   31|          0|
    |empty_reg_3634                       |   31|   0|   31|          0|
    |f_reg_878                            |   31|   0|   31|          0|
    |fh_reg_955                           |   32|   0|   32|          0|
    |fw_reg_966                           |   32|   0|   32|          0|
    |gmem_addr_1_read_reg_4076            |   16|   0|   16|          0|
    |gmem_addr_1_reg_4051                 |   32|   0|   32|          0|
    |gmem_addr_2_read_reg_3957            |   16|   0|   16|          0|
    |gmem_addr_2_reg_3932                 |   32|   0|   32|          0|
    |gmem_addr_4_read_reg_4220            |   16|   0|   16|          0|
    |gmem_addr_4_reg_4195                 |   32|   0|   32|          0|
    |gmem_addr_5_read_reg_4309            |   16|   0|   16|          0|
    |gmem_addr_5_reg_4284                 |   32|   0|   32|          0|
    |gmem_addr_6_reg_4855                 |   32|   0|   32|          0|
    |gmem_addr_7_reg_4786                 |   32|   0|   32|          0|
    |gmem_addr_8_reg_4876                 |   32|   0|   32|          0|
    |gmem_addr_read_reg_3754              |   16|   0|   16|          0|
    |gmem_addr_reg_3729                   |   32|   0|   32|          0|
    |h_reg_889                            |   32|   0|   32|          0|
    |i_1_reg_653                          |   31|   0|   31|          0|
    |i_2_reg_711                          |   31|   0|   31|          0|
    |i_3_reg_768                          |   31|   0|   31|          0|
    |i_4_reg_834                          |   32|   0|   32|          0|
    |i_5_reg_867                          |   31|   0|   31|          0|
    |i_6_reg_989                          |   31|   0|   31|          0|
    |i_7_reg_1059                         |   32|   0|   32|          0|
    |i_8_reg_1092                         |   31|   0|   31|          0|
    |i_reg_597                            |   32|   0|   32|          0|
    |icmp_ln106_reg_4483                  |    1|   0|    1|          0|
    |icmp_ln107_reg_4487                  |    1|   0|    1|          0|
    |icmp_ln108_reg_4401                  |    1|   0|    1|          0|
    |icmp_ln121_reg_4689                  |    1|   0|    1|          0|
    |icmp_ln122_reg_4714                  |    1|   0|    1|          0|
    |icmp_ln123_reg_4679                  |    1|   0|    1|          0|
    |icmp_ln124_reg_4802                  |    1|   0|    1|          0|
    |icmp_ln124_reg_4802_pp7_iter1_reg    |    1|   0|    1|          0|
    |icmp_ln133_reg_4892                  |    1|   0|    1|          0|
    |icmp_ln133_reg_4892_pp8_iter1_reg    |    1|   0|    1|          0|
    |icmp_ln140_reg_4921                  |    1|   0|    1|          0|
    |icmp_ln140_reg_4921_pp9_iter1_reg    |    1|   0|    1|          0|
    |icmp_ln35_reg_3745                   |    1|   0|    1|          0|
    |icmp_ln35_reg_3745_pp0_iter1_reg     |    1|   0|    1|          0|
    |icmp_ln43_reg_3705                   |    1|   0|    1|          0|
    |icmp_ln44_reg_3852                   |    1|   0|    1|          0|
    |icmp_ln45_reg_3823                   |    1|   0|    1|          0|
    |icmp_ln46_reg_3948                   |    1|   0|    1|          0|
    |icmp_ln46_reg_3948_pp1_iter1_reg     |    1|   0|    1|          0|
    |icmp_ln63_reg_4009                   |    1|   0|    1|          0|
    |icmp_ln64_reg_4067                   |    1|   0|    1|          0|
    |icmp_ln64_reg_4067_pp2_iter1_reg     |    1|   0|    1|          0|
    |icmp_ln78_reg_4101                   |    1|   0|    1|          0|
    |icmp_ln79_reg_4110                   |    1|   0|    1|          0|
    |icmp_ln81_reg_4211                   |    1|   0|    1|          0|
    |icmp_ln81_reg_4211_pp3_iter1_reg     |    1|   0|    1|          0|
    |icmp_ln90_reg_4300                   |    1|   0|    1|          0|
    |icmp_ln90_reg_4300_pp4_iter1_reg     |    1|   0|    1|          0|
    |icmp_ln97_reg_4337                   |    1|   0|    1|          0|
    |icmp_ln97_reg_4337_pp5_iter1_reg     |    1|   0|    1|          0|
    |indvar_flatten10_reg_665             |   64|   0|   64|          0|
    |indvar_flatten116_reg_922            |   96|   0|   96|          0|
    |indvar_flatten124_reg_1001           |   64|   0|   64|          0|
    |indvar_flatten149_reg_978            |   95|   0|   95|          0|
    |indvar_flatten160_reg_1048           |   64|   0|   64|          0|
    |indvar_flatten33_reg_642             |   95|   0|   95|          0|
    |indvar_flatten44_reg_700             |   63|   0|   63|          0|
    |indvar_flatten55_reg_779             |   64|   0|   64|          0|
    |indvar_flatten78_reg_745             |   95|   0|   95|          0|
    |indvar_flatten89_reg_823             |   64|   0|   64|          0|
    |indvar_flatten96_reg_944             |   64|   0|   64|          0|
    |indvar_flatten_reg_586               |   64|   0|   64|          0|
    |j_1_reg_630                          |   32|   0|   32|          0|
    |j_2_reg_722                          |   32|   0|   32|          0|
    |j_3_reg_756                          |   32|   0|   32|          0|
    |j_4_reg_845                          |   32|   0|   32|          0|
    |j_5_reg_1013                         |   32|   0|   32|          0|
    |j_6_reg_1070                         |   32|   0|   32|          0|
    |j_reg_608                            |   32|   0|   32|          0|
    |k_1_reg_677                          |   32|   0|   32|          0|
    |k_2_reg_734                          |   32|   0|   32|          0|
    |k_3_reg_791                          |   32|   0|   32|          0|
    |k_4_reg_856                          |   31|   0|   31|          0|
    |k_5_reg_1025                         |   32|   0|   32|          0|
    |k_6_reg_1081                         |   31|   0|   31|          0|
    |k_reg_619                            |   31|   0|   31|          0|
    |l_1_reg_812                          |   31|   0|   31|          0|
    |l_2_reg_1037                         |   31|   0|   31|          0|
    |l_reg_689                            |   31|   0|   31|          0|
    |mul_ln103_1_reg_4396                 |   96|   0|   96|          0|
    |mul_ln103_reg_4370                   |   64|   0|   64|          0|
    |mul_ln105_reg_4444                   |   16|   0|   16|          0|
    |mul_ln122_reg_4765                   |   31|   0|   31|          0|
    |mul_ln131_reg_4861                   |   31|   0|   31|          0|
    |mul_ln133_reg_4882                   |   16|   0|   16|          0|
    |mul_ln134_reg_4866                   |   10|   0|   10|          0|
    |mul_ln33_reg_3714                    |   31|   0|   31|          0|
    |mul_ln35_reg_3735                    |   16|   0|   16|          0|
    |mul_ln43_reg_3912                    |   31|   0|   31|          0|
    |mul_ln56_reg_3996                    |   63|   0|   63|          0|
    |mul_ln62_reg_4025                    |   31|   0|   31|          0|
    |mul_ln64_reg_4057                    |   16|   0|   16|          0|
    |mul_ln78_reg_4175                    |   31|   0|   31|          0|
    |mul_ln88_reg_4269                    |   31|   0|   31|          0|
    |mul_ln90_reg_4290                    |   16|   0|   16|          0|
    |outH_reg_4153                        |   32|   0|   32|          0|
    |outW_reg_3982                        |   32|   0|   32|          0|
    |p_cast_reg_4419                      |   10|   0|   11|          1|
    |p_mid1135_reg_4743                   |   31|   0|   31|          0|
    |p_mid153_reg_4185                    |   31|   0|   31|          0|
    |p_mid18_reg_3917                     |   31|   0|   31|          0|
    |r_V_reg_4467                         |   16|   0|   16|          0|
    |reg_1132                             |   32|   0|   32|          0|
    |reg_1138                             |   16|   0|   16|          0|
    |reg_1145                             |   16|   0|   16|          0|
    |reuse_addr_reg_fu_230                |   32|   0|   32|          0|
    |reuse_reg_fu_234                     |   16|   0|   16|          0|
    |select_ln104_reg_4354                |   32|   0|   32|          0|
    |select_ln105_reg_4391                |   32|   0|   32|          0|
    |select_ln106_1_reg_4497              |   32|   0|   32|          0|
    |select_ln106_4_reg_4522              |    1|   0|    1|          0|
    |select_ln106_reg_4517                |   32|   0|   32|          0|
    |select_ln107_1_reg_4533              |    9|   0|    9|          0|
    |select_ln107_2_reg_4538              |    9|   0|    9|          0|
    |select_ln107_3_reg_4563              |   32|   0|   32|          0|
    |select_ln107_4_reg_4543              |   64|   0|   64|          0|
    |select_ln121_2_reg_4724              |   31|   0|   31|          0|
    |select_ln121_5_reg_4735              |    1|   0|    1|          0|
    |select_ln122_1_reg_4749              |   31|   0|   31|          0|
    |select_ln122_3_reg_4760              |   32|   0|   32|          0|
    |select_ln122_reg_4770                |   32|   0|   32|          0|
    |select_ln131_1_reg_4835              |   32|   0|   32|          0|
    |select_ln131_reg_4829                |   32|   0|   32|          0|
    |select_ln33_1_reg_3685               |   32|   0|   32|          0|
    |select_ln33_reg_3679                 |   32|   0|   32|          0|
    |select_ln43_1_reg_3874               |   31|   0|   31|          0|
    |select_ln43_4_reg_3880               |    1|   0|    1|          0|
    |select_ln44_3_reg_3902               |   32|   0|   32|          0|
    |select_ln44_reg_3885                 |   32|   0|   32|          0|
    |select_ln62_1_reg_4014               |   31|   0|   31|          0|
    |select_ln62_reg_4030                 |   32|   0|   32|          0|
    |select_ln78_1_reg_4118               |   31|   0|   31|          0|
    |select_ln78_4_reg_4130               |    1|   0|    1|          0|
    |select_ln79_3_reg_4170               |   32|   0|   32|          0|
    |select_ln79_reg_4137                 |   32|   0|   32|          0|
    |select_ln88_1_reg_4249               |   32|   0|   32|          0|
    |select_ln88_reg_4243                 |   32|   0|   32|          0|
    |sext_ln1118_1_reg_4472               |   23|   0|   23|          0|
    |sub_ln62_1_reg_3863                  |   32|   0|   32|          0|
    |tmp6_reg_4699                        |   31|   0|   31|          0|
    |tmp8_reg_4776                        |   31|   0|   31|          0|
    |tmp_reg_4036                         |   31|   0|   31|          0|
    |trunc_ln103_reg_4386                 |   31|   0|   31|          0|
    |trunc_ln106_reg_4502                 |    5|   0|    5|          0|
    |trunc_ln1118_1_reg_4553              |    8|   0|    8|          0|
    |trunc_ln1118_2_reg_4568              |   10|   0|   10|          0|
    |trunc_ln1118_reg_4548                |   10|   0|   10|          0|
    |trunc_ln121_reg_4729                 |    3|   0|    3|          0|
    |trunc_ln125_reg_4704                 |    5|   0|    5|          0|
    |trunc_ln131_1_reg_4845               |    3|   0|    3|          0|
    |trunc_ln131_reg_4840                 |   31|   0|   31|          0|
    |trunc_ln132_reg_4850                 |   31|   0|   31|          0|
    |trunc_ln140_reg_4911                 |   31|   0|   31|          0|
    |trunc_ln33_1_reg_3629                |   31|   0|   31|          0|
    |trunc_ln33_2_reg_3690                |   31|   0|   31|          0|
    |trunc_ln33_3_reg_3695                |    3|   0|    3|          0|
    |trunc_ln33_reg_3621                  |   31|   0|   31|          0|
    |trunc_ln34_reg_3700                  |   31|   0|   31|          0|
    |trunc_ln43_reg_3786                  |   31|   0|   31|          0|
    |trunc_ln44_1_reg_3891                |   31|   0|   31|          0|
    |trunc_ln45_reg_3907                  |   31|   0|   31|          0|
    |trunc_ln47_reg_3834                  |    5|   0|    5|          0|
    |trunc_ln62_reg_4020                  |    3|   0|    3|          0|
    |trunc_ln78_reg_4124                  |    3|   0|    3|          0|
    |trunc_ln79_1_reg_4159                |   31|   0|   31|          0|
    |trunc_ln80_reg_4143                  |   31|   0|   31|          0|
    |trunc_ln82_reg_4096                  |    5|   0|    5|          0|
    |trunc_ln88_1_reg_4259                |    3|   0|    3|          0|
    |trunc_ln88_reg_4254                  |   31|   0|   31|          0|
    |trunc_ln89_reg_4264                  |   31|   0|   31|          0|
    |trunc_ln97_reg_4319                  |   31|   0|   31|          0|
    |w_1_reg_900                          |   32|   0|   32|          0|
    |w_read_reg_3611                      |   32|   0|   32|          0|
    |x_read_reg_3616                      |   32|   0|   32|          0|
    |xbuf_V_load_reg_4624                 |   16|   0|   16|          0|
    |zext_ln103_reg_4359                  |   32|   0|   64|         32|
    |zext_ln34_reg_3724                   |   10|   0|   11|          1|
    |zext_ln63_reg_4046                   |   10|   0|   11|          1|
    |zext_ln89_reg_4279                   |   10|   0|   11|          1|
    |dwbuf_V_addr_2_reg_4598              |   64|  32|   10|          0|
    |icmp_ln106_reg_4483                  |   64|  32|    1|          0|
    +-------------------------------------+-----+----+-----+-----------+
    |Total                                | 7710|  64| 7662|         69|
    +-------------------------------------+-----+----+-----+-----------+



================================================================
== Interface
================================================================
* Summary: 
+---------------------+-----+-----+------------+--------------+--------------+
|      RTL Ports      | Dir | Bits|  Protocol  | Source Object|    C Type    |
+---------------------+-----+-----+------------+--------------+--------------+
|s_axi_CTRL_AWVALID   |   in|    1|       s_axi|          CTRL|        scalar|
|s_axi_CTRL_AWREADY   |  out|    1|       s_axi|          CTRL|        scalar|
|s_axi_CTRL_AWADDR    |   in|    7|       s_axi|          CTRL|        scalar|
|s_axi_CTRL_WVALID    |   in|    1|       s_axi|          CTRL|        scalar|
|s_axi_CTRL_WREADY    |  out|    1|       s_axi|          CTRL|        scalar|
|s_axi_CTRL_WDATA     |   in|   32|       s_axi|          CTRL|        scalar|
|s_axi_CTRL_WSTRB     |   in|    4|       s_axi|          CTRL|        scalar|
|s_axi_CTRL_ARVALID   |   in|    1|       s_axi|          CTRL|        scalar|
|s_axi_CTRL_ARREADY   |  out|    1|       s_axi|          CTRL|        scalar|
|s_axi_CTRL_ARADDR    |   in|    7|       s_axi|          CTRL|        scalar|
|s_axi_CTRL_RVALID    |  out|    1|       s_axi|          CTRL|        scalar|
|s_axi_CTRL_RREADY    |   in|    1|       s_axi|          CTRL|        scalar|
|s_axi_CTRL_RDATA     |  out|   32|       s_axi|          CTRL|        scalar|
|s_axi_CTRL_RRESP     |  out|    2|       s_axi|          CTRL|        scalar|
|s_axi_CTRL_BVALID    |  out|    1|       s_axi|          CTRL|        scalar|
|s_axi_CTRL_BREADY    |   in|    1|       s_axi|          CTRL|        scalar|
|s_axi_CTRL_BRESP     |  out|    2|       s_axi|          CTRL|        scalar|
|ap_clk               |   in|    1|  ap_ctrl_hs|    conv_bckwd|  return value|
|ap_rst_n             |   in|    1|  ap_ctrl_hs|    conv_bckwd|  return value|
|interrupt            |  out|    1|  ap_ctrl_hs|    conv_bckwd|  return value|
|m_axi_gmem_AWVALID   |  out|    1|       m_axi|          gmem|       pointer|
|m_axi_gmem_AWREADY   |   in|    1|       m_axi|          gmem|       pointer|
|m_axi_gmem_AWADDR    |  out|   32|       m_axi|          gmem|       pointer|
|m_axi_gmem_AWID      |  out|    1|       m_axi|          gmem|       pointer|
|m_axi_gmem_AWLEN     |  out|    8|       m_axi|          gmem|       pointer|
|m_axi_gmem_AWSIZE    |  out|    3|       m_axi|          gmem|       pointer|
|m_axi_gmem_AWBURST   |  out|    2|       m_axi|          gmem|       pointer|
|m_axi_gmem_AWLOCK    |  out|    2|       m_axi|          gmem|       pointer|
|m_axi_gmem_AWCACHE   |  out|    4|       m_axi|          gmem|       pointer|
|m_axi_gmem_AWPROT    |  out|    3|       m_axi|          gmem|       pointer|
|m_axi_gmem_AWQOS     |  out|    4|       m_axi|          gmem|       pointer|
|m_axi_gmem_AWREGION  |  out|    4|       m_axi|          gmem|       pointer|
|m_axi_gmem_AWUSER    |  out|    1|       m_axi|          gmem|       pointer|
|m_axi_gmem_WVALID    |  out|    1|       m_axi|          gmem|       pointer|
|m_axi_gmem_WREADY    |   in|    1|       m_axi|          gmem|       pointer|
|m_axi_gmem_WDATA     |  out|   32|       m_axi|          gmem|       pointer|
|m_axi_gmem_WSTRB     |  out|    4|       m_axi|          gmem|       pointer|
|m_axi_gmem_WLAST     |  out|    1|       m_axi|          gmem|       pointer|
|m_axi_gmem_WID       |  out|    1|       m_axi|          gmem|       pointer|
|m_axi_gmem_WUSER     |  out|    1|       m_axi|          gmem|       pointer|
|m_axi_gmem_ARVALID   |  out|    1|       m_axi|          gmem|       pointer|
|m_axi_gmem_ARREADY   |   in|    1|       m_axi|          gmem|       pointer|
|m_axi_gmem_ARADDR    |  out|   32|       m_axi|          gmem|       pointer|
|m_axi_gmem_ARID      |  out|    1|       m_axi|          gmem|       pointer|
|m_axi_gmem_ARLEN     |  out|    8|       m_axi|          gmem|       pointer|
|m_axi_gmem_ARSIZE    |  out|    3|       m_axi|          gmem|       pointer|
|m_axi_gmem_ARBURST   |  out|    2|       m_axi|          gmem|       pointer|
|m_axi_gmem_ARLOCK    |  out|    2|       m_axi|          gmem|       pointer|
|m_axi_gmem_ARCACHE   |  out|    4|       m_axi|          gmem|       pointer|
|m_axi_gmem_ARPROT    |  out|    3|       m_axi|          gmem|       pointer|
|m_axi_gmem_ARQOS     |  out|    4|       m_axi|          gmem|       pointer|
|m_axi_gmem_ARREGION  |  out|    4|       m_axi|          gmem|       pointer|
|m_axi_gmem_ARUSER    |  out|    1|       m_axi|          gmem|       pointer|
|m_axi_gmem_RVALID    |   in|    1|       m_axi|          gmem|       pointer|
|m_axi_gmem_RREADY    |  out|    1|       m_axi|          gmem|       pointer|
|m_axi_gmem_RDATA     |   in|   32|       m_axi|          gmem|       pointer|
|m_axi_gmem_RLAST     |   in|    1|       m_axi|          gmem|       pointer|
|m_axi_gmem_RID       |   in|    1|       m_axi|          gmem|       pointer|
|m_axi_gmem_RUSER     |   in|    1|       m_axi|          gmem|       pointer|
|m_axi_gmem_RRESP     |   in|    2|       m_axi|          gmem|       pointer|
|m_axi_gmem_BVALID    |   in|    1|       m_axi|          gmem|       pointer|
|m_axi_gmem_BREADY    |  out|    1|       m_axi|          gmem|       pointer|
|m_axi_gmem_BRESP     |   in|    2|       m_axi|          gmem|       pointer|
|m_axi_gmem_BID       |   in|    1|       m_axi|          gmem|       pointer|
|m_axi_gmem_BUSER     |   in|    1|       m_axi|          gmem|       pointer|
+---------------------+-----+-----+------------+--------------+--------------+

