

================================================================
== Synthesis Summary Report of 'conv_bckwd'
================================================================
+ General Information: 
    * Date:           Wed Apr 27 12:12:37 2022
    * Version:        2020.2 (Build 3064766 on Wed Nov 18 09:12:47 MST 2020)
    * Project:        conv_bckwd
    * Solution:       solution1 (Vivado IP Flow Target)
    * Product family: zynq
    * Target device:  xc7z020-clg400-1
    

+ Performance & Resource Estimates: 
    
    PS: '+' for module; 'o' for loop; '*' for dataflow
    +-------------------------------------------------------------+--------+-------+---------+--------+----------+---------+------+----------+------------+---------+-------------+-------------+-----+
    |                           Modules                           |  Issue |       | Latency | Latency| Iteration|         | Trip |          |            |         |             |             |     |
    |                           & Loops                           |  Type  | Slack | (cycles)|  (ns)  |  Latency | Interval| Count| Pipelined|    BRAM    |   DSP   |      FF     |     LUT     | URAM|
    +-------------------------------------------------------------+--------+-------+---------+--------+----------+---------+------+----------+------------+---------+-------------+-------------+-----+
    |+ conv_bckwd                                                 |  Timing|   0.00|        -|       -|         -|        -|     -|        no|  786 (280%)|  18 (8%)|  14468 (13%)|  12831 (24%)|    -|
    | o VITIS_LOOP_37_1_VITIS_LOOP_38_2                           |       -|  -7.30|        -|       -|         -|        -|     -|        no|           -|        -|            -|            -|    -|
    |  o VITIS_LOOP_39_3                                          |       -|  -7.30|        -|       -|         3|        1|     -|       yes|           -|        -|            -|            -|    -|
    | o VITIS_LOOP_47_4_VITIS_LOOP_48_5_VITIS_LOOP_49_6           |       -|  -7.30|        -|       -|         -|        -|     -|        no|           -|        -|            -|            -|    -|
    |  o VITIS_LOOP_50_7                                          |       -|  -7.30|        -|       -|         3|        1|     -|       yes|           -|        -|            -|            -|    -|
    | o VITIS_LOOP_66_8_VITIS_LOOP_67_9                           |       -|  -7.30|        -|       -|         -|        -|     -|        no|           -|        -|            -|            -|    -|
    |  o VITIS_LOOP_68_10                                         |       -|  -7.30|        -|       -|         3|        1|     -|       yes|           -|        -|            -|            -|    -|
    | o VITIS_LOOP_82_11_VITIS_LOOP_83_12_VITIS_LOOP_84_13        |       -|  -7.30|        -|       -|         -|        -|     -|        no|           -|        -|            -|            -|    -|
    |  o VITIS_LOOP_85_14                                         |       -|  -7.30|        -|       -|         3|        1|     -|       yes|           -|        -|            -|            -|    -|
    | o VITIS_LOOP_92_15_VITIS_LOOP_93_16                         |       -|  -7.30|        -|       -|         -|        -|     -|        no|           -|        -|            -|            -|    -|
    |  o VITIS_LOOP_94_17                                         |       -|  -7.30|        -|       -|         3|        1|     -|       yes|           -|        -|            -|            -|    -|
    | o VITIS_LOOP_101_18                                         |       -|  -7.30|        -|       -|         3|        1|     -|       yes|           -|        -|            -|            -|    -|
    | o VITIS_LOOP_107_19                                         |       -|  -7.30|        -|       -|         -|        -|     -|        no|           -|        -|            -|            -|    -|
    |  o VITIS_LOOP_108_20                                        |       -|  -7.30|        -|       -|         -|        -|     -|        no|           -|        -|            -|            -|    -|
    |   o VITIS_LOOP_109_21                                       |       -|  -7.30|        -|       -|         -|        -|     -|        no|           -|        -|            -|            -|    -|
    |    o VITIS_LOOP_110_22_VITIS_LOOP_111_23_VITIS_LOOP_112_24  |      II|  -7.30|        -|       -|        18|        6|     -|       yes|           -|        -|            -|            -|    -|
    | o VITIS_LOOP_125_25_VITIS_LOOP_126_26_VITIS_LOOP_127_27     |       -|  -7.30|        -|       -|         -|        -|     -|        no|           -|        -|            -|            -|    -|
    |  o VITIS_LOOP_128_28                                        |       -|  -7.30|        -|       -|         3|        1|     -|       yes|           -|        -|            -|            -|    -|
    | o VITIS_LOOP_135_29_VITIS_LOOP_136_30                       |       -|  -7.30|        -|       -|         -|        -|     -|        no|           -|        -|            -|            -|    -|
    |  o VITIS_LOOP_137_31                                        |       -|  -7.30|        -|       -|         3|        1|     -|       yes|           -|        -|            -|            -|    -|
    | o VITIS_LOOP_144_32                                         |       -|  -7.30|        -|       -|         3|        1|     -|       yes|           -|        -|            -|            -|    -|
    +-------------------------------------------------------------+--------+-------+---------+--------+----------+---------+------+----------+------------+---------+-------------+-------------+-----+

