

================================================================
== Synthesis Summary Report of 'loss_derivative'
================================================================
+ General Information: 
    * Date:           Sun Jun  5 23:28:19 2022
    * Version:        2020.2 (Build 3064766 on Wed Nov 18 09:12:47 MST 2020)
    * Project:        lossfun
    * Solution:       solution1 (Vivado IP Flow Target)
    * Product family: zynq
    * Target device:  xc7z020-clg400-1
    

+ Performance & Resource Estimates: 
    
    PS: '+' for module; 'o' for loop; '*' for dataflow
    +--------------------------+--------+-------+---------+---------+----------+---------+------+----------+---------+---------+-----------+------------+-----+
    |          Modules         |  Issue |       | Latency | Latency | Iteration|         | Trip |          |         |         |           |            |     |
    |          & Loops         |  Type  | Slack | (cycles)|   (ns)  |  Latency | Interval| Count| Pipelined|  BRAM   |   DSP   |     FF    |     LUT    | URAM|
    +--------------------------+--------+-------+---------+---------+----------+---------+------+----------+---------+---------+-----------+------------+-----+
    |+ loss_derivative         |  Timing|   0.00|        -|        -|         -|        -|     -|        no|   8 (2%)|   5 (2%)|  5810 (5%)|  5337 (10%)|    -|
    | + grp_exp_16_3_s_fu_402  |      II|  -1.39|       13|  130.000|         -|        1|     -|       yes|   5 (1%)|  2 (~0%)|  1406 (1%)|    609 (1%)|    -|
    | + grp_log_16_3_s_fu_414  |      II|  -0.67|       10|  100.000|         -|        1|     -|       yes|  1 (~0%)|   3 (1%)|  662 (~0%)|    969 (1%)|    -|
    | o VITIS_LOOP_32_1        |       -|  -7.30|        -|        -|         3|        1|     -|       yes|        -|        -|          -|           -|    -|
    | o VITIS_LOOP_36_2        |       -|  -7.30|        -|        -|         2|        1|     -|       yes|        -|        -|          -|           -|    -|
    | o VITIS_LOOP_42_3        |       -|  -7.30|        -|        -|         2|        1|     -|       yes|        -|        -|          -|           -|    -|
    | o VITIS_LOOP_48_4        |       -|  -7.30|        -|        -|        16|        1|     -|       yes|        -|        -|          -|           -|    -|
    | o VITIS_LOOP_52_5        |       -|  -7.30|        -|        -|        48|        1|     -|       yes|        -|        -|          -|           -|    -|
    | o VITIS_LOOP_58_6        |       -|  -7.30|        -|        -|         2|        1|     -|       yes|        -|        -|          -|           -|    -|
    | o VITIS_LOOP_67_7        |       -|  -7.30|        -|        -|         3|        1|     -|       yes|        -|        -|          -|           -|    -|
    +--------------------------+--------+-------+---------+---------+----------+---------+------+----------+---------+---------+-----------+------------+-----+

