

================================================================
== Synthesis Summary Report of 'OutputLayer'
================================================================
+ General Information: 
    * Date:           Sat May 14 16:00:10 2022
    * Version:        2020.2 (Build 3064766 on Wed Nov 18 09:12:47 MST 2020)
    * Project:        OutputLayer
    * Solution:       solution1 (Vivado IP Flow Target)
    * Product family: zynq
    * Target device:  xc7z020-clg400-1
    

+ Performance & Resource Estimates: 
    
    PS: '+' for module; 'o' for loop; '*' for dataflow
    +---------------+--------+-------+---------+--------+----------+---------+------+----------+---------+----+-----------+-----------+-----+
    |    Modules    |  Issue |       | Latency | Latency| Iteration|         | Trip |          |         |    |           |           |     |
    |    & Loops    |  Type  | Slack | (cycles)|  (ns)  |  Latency | Interval| Count| Pipelined|  BRAM   | DSP|     FF    |    LUT    | URAM|
    +---------------+--------+-------+---------+--------+----------+---------+------+----------+---------+----+-----------+-----------+-----+
    |+ OutputLayer  |  Timing|   0.00|        -|       -|         -|        -|     -|        no|  2 (~0%)|   -|  1783 (1%)|  2729 (5%)|    -|
    | o Loop 1      |       -|  -7.30|        -|       -|         3|        1|     -|       yes|        -|   -|          -|          -|    -|
    | o Loop 2      |       -|  -7.30|        7|  70.000|         8|        1|     1|       yes|        -|   -|          -|          -|    -|
    | o Loop 3      |       -|  -7.30|        -|       -|         3|        1|     -|       yes|        -|   -|          -|          -|    -|
    | o Loop 4      |       -|  -7.30|        -|       -|         3|        1|     -|       yes|        -|   -|          -|          -|    -|
    | o Loop 5      |       -|  -7.30|        9|  90.000|        10|        1|     1|       yes|        -|   -|          -|          -|    -|
    | o Loop 6      |       -|  -7.30|        -|       -|         3|        1|     -|       yes|        -|   -|          -|          -|    -|
    +---------------+--------+-------+---------+--------+----------+---------+------+----------+---------+----+-----------+-----------+-----+

