

================================================================
== Synthesis Summary Report of 'dot_matrix'
================================================================
+ General Information: 
    * Date:           Sat Jan 22 18:32:57 2022
    * Version:        2020.2 (Build 3064766 on Wed Nov 18 09:12:47 MST 2020)
    * Project:        dot_mat
    * Solution:       solution1 (Vivado IP Flow Target)
    * Product family: zynq
    * Target device:  xc7z020-clg400-1
    

+ Performance & Resource Estimates: 
    
    PS: '+' for module; 'o' for loop; '*' for dataflow
    +--------------+--------+-------+---------+-----------+----------+---------+------+----------+---------+----+-----------+-----------+-----+
    |    Modules   |  Issue |       | Latency |  Latency  | Iteration|         | Trip |          |         |    |           |           |     |
    |    & Loops   |  Type  | Slack | (cycles)|    (ns)   |  Latency | Interval| Count| Pipelined|  BRAM   | DSP|     FF    |    LUT    | URAM|
    +--------------+--------+-------+---------+-----------+----------+---------+------+----------+---------+----+-----------+-----------+-----+
    |+ dot_matrix  |  Timing|   0.00|      214|  2.140e+03|         -|      215|     -|        no|  2 (~0%)|   -|  1374 (1%)|  1460 (2%)|    -|
    | o i_cycle    |       -|  -7.30|      213|  2.130e+03|        71|        -|     3|        no|        -|   -|          -|          -|    -|
    |  o j_cycle   |       -|  -7.30|       63|    630.000|        21|        -|     3|        no|        -|   -|          -|          -|    -|
    |   o k_cycle  |       -|  -7.30|       17|    170.000|        13|        2|     3|       yes|        -|   -|          -|          -|    -|
    +--------------+--------+-------+---------+-----------+----------+---------+------+----------+---------+----+-----------+-----------+-----+

