

================================================================
== Vitis HLS Report for 'relu_bckwd'
================================================================
* Date:           Thu Apr 28 14:32:19 2022

* Version:        2020.2 (Build 3064766 on Wed Nov 18 09:12:47 MST 2020)
* Project:        relu_bckwd
* Solution:       solution1 (Vivado IP Flow Target)
* Product family: zynq
* Target device:  xc7z020-clg400-1


================================================================
== Performance Estimates
================================================================
+ Timing: 
    * Summary: 
    +--------+----------+----------+------------+
    |  Clock |  Target  | Estimated| Uncertainty|
    +--------+----------+----------+------------+
    |ap_clk  |  10.00 ns|  7.300 ns|     2.70 ns|
    +--------+----------+----------+------------+

+ Latency: 
    * Summary: 
    +---------+---------+-----------+----------+-----+-----+---------+
    |  Latency (cycles) |  Latency (absolute)  |  Interval | Pipeline|
    |   min   |   max   |    min    |    max   | min | max |   Type  |
    +---------+---------+-----------+----------+-----+-----+---------+
    |        1|        ?|  10.000 ns|         ?|    2|    ?|     none|
    +---------+---------+-----------+----------+-----+-----+---------+

    + Detail: 
        * Instance: 
        N/A

        * Loop: 
        +-------------------+---------+---------+----------+-----------+-----------+---------+----------+
        |                   |  Latency (cycles) | Iteration|  Initiation Interval  |   Trip  |          |
        |     Loop Name     |   min   |   max   |  Latency |  achieved |   target  |  Count  | Pipelined|
        +-------------------+---------+---------+----------+-----------+-----------+---------+----------+
        |- VITIS_LOOP_19_1  |       11|        ?|        12|          2|          1|    1 ~ ?|       yes|
        |- VITIS_LOOP_31_2  |        2|      128|         3|          1|          1|  1 ~ 127|       yes|
        +-------------------+---------+---------+----------+-----------+-----------+---------+----------+

============================================================
+ Verbose Summary: Synthesis Manager
============================================================
InlineROM: 1
ExposeGlobal: 0
============================================================
+ Verbose Summary: CDFG Model
============================================================
IsTopModel: 1
ResetActiveHigh: 1
IsCombinational: 0
IsDatapathOnly: 0
HasWiredReturn: 1
HasMFsm: 0
HasVarLatency: 1
IsPipeline: 0
IsRtlPipelined: 0
IsInstanceOverlapped: 0
IsDontTouch: 0
HasImplIP: 0
IsGatedGlobalClock: 0

+ Individual pipeline summary: 
  * Pipeline-0: initiation interval (II) = 2, depth = 12
  * Pipeline-1: initiation interval (II) = 1, depth = 3


============================================================
+ Verbose Summary: Schedule
============================================================
* Number of FSM states : 22
* Pipeline : 2
  Pipeline-0 : II = 2, D = 12, States = { 2 3 4 5 6 7 8 9 10 11 12 13 }
  Pipeline-1 : II = 1, D = 3, States = { 15 16 17 }
* Dataflow Pipeline: 0

* FSM state transitions: 
1 --> 22 2 
2 --> 14 3 
3 --> 4 
4 --> 5 
5 --> 6 
6 --> 7 
7 --> 8 
8 --> 9 
9 --> 10 
10 --> 11 
11 --> 12 
12 --> 13 
13 --> 2 
14 --> 15 
15 --> 18 16 
16 --> 17 
17 --> 15 
18 --> 19 
19 --> 20 
20 --> 21 
21 --> 22 
22 --> 

* FSM state operations: 

State 1 <SV = 0> <Delay = 3.47>
ST_1 : Operation 23 [1/1] (0.00ns)   --->   "%spectopmodule_ln0 = spectopmodule void @_ssdm_op_SpecTopModule, void @empty_5"   --->   Operation 23 'spectopmodule' 'spectopmodule_ln0' <Predicate = true> <Delay = 0.00>
ST_1 : Operation 24 [1/1] (0.00ns)   --->   "%specinterface_ln0 = specinterface void @_ssdm_op_SpecInterface, i32 %gmem, void @empty_10, i32 0, i32 0, void @empty_8, i32 0, i32 200, void @empty_12, void @empty, void @empty_8, i32 16, i32 16, i32 16, i32 16, void @empty_8, void @empty_8"   --->   Operation 24 'specinterface' 'specinterface_ln0' <Predicate = true> <Delay = 0.00>
ST_1 : Operation 25 [1/1] (0.00ns)   --->   "%specbitsmap_ln0 = specbitsmap void @_ssdm_op_SpecBitsMap, i32 %gmem"   --->   Operation 25 'specbitsmap' 'specbitsmap_ln0' <Predicate = true> <Delay = 0.00>
ST_1 : Operation 26 [1/1] (0.00ns)   --->   "%specinterface_ln0 = specinterface void @_ssdm_op_SpecInterface, i64 %x, void @empty_0, i32 0, i32 0, void @empty_8, i32 0, i32 0, void @empty_1, void @empty_9, void @empty_8, i32 0, i32 0, i32 0, i32 0, void @empty_8, void @empty_2"   --->   Operation 26 'specinterface' 'specinterface_ln0' <Predicate = true> <Delay = 0.00>
ST_1 : Operation 27 [1/1] (0.00ns)   --->   "%specinterface_ln0 = specinterface void @_ssdm_op_SpecInterface, i64 %x, void @empty_3, i32 0, i32 0, void @empty_8, i32 0, i32 0, void @empty_8, void @empty_8, void @empty_8, i32 0, i32 0, i32 0, i32 0, void @empty_8, void @empty_2"   --->   Operation 27 'specinterface' 'specinterface_ln0' <Predicate = true> <Delay = 0.00>
ST_1 : Operation 28 [1/1] (0.00ns)   --->   "%specinterface_ln0 = specinterface void @_ssdm_op_SpecInterface, i64 %dx, void @empty_0, i32 0, i32 0, void @empty_8, i32 0, i32 0, void @empty_1, void @empty_11, void @empty_8, i32 0, i32 0, i32 0, i32 0, void @empty_8, void @empty_2"   --->   Operation 28 'specinterface' 'specinterface_ln0' <Predicate = true> <Delay = 0.00>
ST_1 : Operation 29 [1/1] (0.00ns)   --->   "%specinterface_ln0 = specinterface void @_ssdm_op_SpecInterface, i64 %dx, void @empty_3, i32 0, i32 0, void @empty_8, i32 0, i32 0, void @empty_8, void @empty_8, void @empty_8, i32 0, i32 0, i32 0, i32 0, void @empty_8, void @empty_2"   --->   Operation 29 'specinterface' 'specinterface_ln0' <Predicate = true> <Delay = 0.00>
ST_1 : Operation 30 [1/1] (0.00ns)   --->   "%specinterface_ln0 = specinterface void @_ssdm_op_SpecInterface, i64 %dy, void @empty_0, i32 0, i32 0, void @empty_8, i32 0, i32 0, void @empty_1, void @empty_13, void @empty_8, i32 0, i32 0, i32 0, i32 0, void @empty_8, void @empty_2"   --->   Operation 30 'specinterface' 'specinterface_ln0' <Predicate = true> <Delay = 0.00>
ST_1 : Operation 31 [1/1] (0.00ns)   --->   "%specinterface_ln0 = specinterface void @_ssdm_op_SpecInterface, i64 %dy, void @empty_3, i32 0, i32 0, void @empty_8, i32 0, i32 0, void @empty_8, void @empty_8, void @empty_8, i32 0, i32 0, i32 0, i32 0, void @empty_8, void @empty_2"   --->   Operation 31 'specinterface' 'specinterface_ln0' <Predicate = true> <Delay = 0.00>
ST_1 : Operation 32 [1/1] (0.00ns)   --->   "%specbitsmap_ln0 = specbitsmap void @_ssdm_op_SpecBitsMap, i32 %dim"   --->   Operation 32 'specbitsmap' 'specbitsmap_ln0' <Predicate = true> <Delay = 0.00>
ST_1 : Operation 33 [1/1] (0.00ns)   --->   "%specinterface_ln0 = specinterface void @_ssdm_op_SpecInterface, i32 %dim, void @empty_0, i32 0, i32 0, void @empty_8, i32 0, i32 0, void @empty_1, void @empty_4, void @empty_8, i32 0, i32 0, i32 0, i32 0, void @empty_8, void @empty_8"   --->   Operation 33 'specinterface' 'specinterface_ln0' <Predicate = true> <Delay = 0.00>
ST_1 : Operation 34 [1/1] (0.00ns)   --->   "%specinterface_ln0 = specinterface void @_ssdm_op_SpecInterface, i32 %dim, void @empty_3, i32 0, i32 0, void @empty_8, i32 0, i32 0, void @empty_8, void @empty_8, void @empty_8, i32 0, i32 0, i32 0, i32 0, void @empty_8, void @empty_8"   --->   Operation 34 'specinterface' 'specinterface_ln0' <Predicate = true> <Delay = 0.00>
ST_1 : Operation 35 [1/1] (0.00ns)   --->   "%specinterface_ln0 = specinterface void @_ssdm_op_SpecInterface, i32 0, void @empty_0, i32 0, i32 0, void @empty_8, i32 0, i32 0, void @empty_1, void @empty_8, void @empty_8, i32 0, i32 0, i32 0, i32 0, void @empty_8, void @empty_8"   --->   Operation 35 'specinterface' 'specinterface_ln0' <Predicate = true> <Delay = 0.00>
ST_1 : Operation 36 [1/1] (1.00ns)   --->   "%dim_read = read i32 @_ssdm_op_Read.s_axilite.i32, i32 %dim"   --->   Operation 36 'read' 'dim_read' <Predicate = true> <Delay = 1.00> <CoreInst = "s_axilite">   --->   Core 114 's_axilite' <Latency = 0> <II = 1> <Delay = 1.00> <Adapter> <Opcode : 'read' 'write'>
ST_1 : Operation 37 [1/1] (1.00ns)   --->   "%dy_read = read i64 @_ssdm_op_Read.s_axilite.i64, i64 %dy"   --->   Operation 37 'read' 'dy_read' <Predicate = true> <Delay = 1.00> <CoreInst = "s_axilite">   --->   Core 114 's_axilite' <Latency = 0> <II = 1> <Delay = 1.00> <Adapter> <Opcode : 'read' 'write'>
ST_1 : Operation 38 [1/1] (1.00ns)   --->   "%dx_read = read i64 @_ssdm_op_Read.s_axilite.i64, i64 %dx"   --->   Operation 38 'read' 'dx_read' <Predicate = true> <Delay = 1.00> <CoreInst = "s_axilite">   --->   Core 114 's_axilite' <Latency = 0> <II = 1> <Delay = 1.00> <Adapter> <Opcode : 'read' 'write'>
ST_1 : Operation 39 [1/1] (1.00ns)   --->   "%x_read = read i64 @_ssdm_op_Read.s_axilite.i64, i64 %x"   --->   Operation 39 'read' 'x_read' <Predicate = true> <Delay = 1.00> <CoreInst = "s_axilite">   --->   Core 114 's_axilite' <Latency = 0> <II = 1> <Delay = 1.00> <Adapter> <Opcode : 'read' 'write'>
ST_1 : Operation 40 [1/1] (0.00ns)   --->   "%dxbuf = alloca i64 1" [relu_bckwd/main.cpp:16]   --->   Operation 40 'alloca' 'dxbuf' <Predicate = true> <Delay = 0.00> <CoreInst = "RAM">   --->   Core 82 'RAM' <Latency = 1> <II = 1> <Delay = 3.25> <Storage> <Opcode : 'load' 'store'> <Ports = 2> <Width = 32> <Depth = 100> <RAM>
ST_1 : Operation 41 [1/1] (2.47ns)   --->   "%icmp_ln19 = icmp_sgt  i32 %dim_read, i32 0" [relu_bckwd/main.cpp:19]   --->   Operation 41 'icmp' 'icmp_ln19' <Predicate = true> <Delay = 2.47> <CoreInst = "Cmp">   --->   Core 9 'Cmp' <Latency = 0> <II = 1> <Delay = 2.47> <FuncUnit> <Opcode : 'icmp'> <InPorts = 2> <OutPorts = 1>
ST_1 : Operation 42 [1/1] (0.00ns)   --->   "%br_ln19 = br i1 %icmp_ln19, void %._crit_edge, void %.lr.ph6" [relu_bckwd/main.cpp:19]   --->   Operation 42 'br' 'br_ln19' <Predicate = true> <Delay = 0.00>
ST_1 : Operation 43 [1/1] (0.00ns)   --->   "%trunc_ln19 = trunc i32 %dim_read" [relu_bckwd/main.cpp:19]   --->   Operation 43 'trunc' 'trunc_ln19' <Predicate = (icmp_ln19)> <Delay = 0.00>
ST_1 : Operation 44 [1/1] (0.00ns)   --->   "%trunc_ln = partselect i62 @_ssdm_op_PartSelect.i62.i64.i32.i32, i64 %x_read, i32 2, i32 63" [relu_bckwd/main.cpp:19]   --->   Operation 44 'partselect' 'trunc_ln' <Predicate = (icmp_ln19)> <Delay = 0.00>
ST_1 : Operation 45 [1/1] (0.00ns)   --->   "%sext_ln19 = sext i62 %trunc_ln" [relu_bckwd/main.cpp:19]   --->   Operation 45 'sext' 'sext_ln19' <Predicate = (icmp_ln19)> <Delay = 0.00>
ST_1 : Operation 46 [1/1] (0.00ns)   --->   "%trunc_ln19_1 = partselect i62 @_ssdm_op_PartSelect.i62.i64.i32.i32, i64 %dy_read, i32 2, i32 63" [relu_bckwd/main.cpp:19]   --->   Operation 46 'partselect' 'trunc_ln19_1' <Predicate = (icmp_ln19)> <Delay = 0.00>
ST_1 : Operation 47 [1/1] (0.00ns)   --->   "%sext_ln19_1 = sext i62 %trunc_ln19_1" [relu_bckwd/main.cpp:19]   --->   Operation 47 'sext' 'sext_ln19_1' <Predicate = (icmp_ln19)> <Delay = 0.00>
ST_1 : Operation 48 [1/1] (1.58ns)   --->   "%br_ln19 = br void" [relu_bckwd/main.cpp:19]   --->   Operation 48 'br' 'br_ln19' <Predicate = (icmp_ln19)> <Delay = 1.58>

State 2 <SV = 1> <Delay = 3.46>
ST_2 : Operation 49 [1/1] (0.00ns)   --->   "%i = phi i7 0, void %.lr.ph6, i7 %add_ln19, void %.split2" [relu_bckwd/main.cpp:19]   --->   Operation 49 'phi' 'i' <Predicate = true> <Delay = 0.00>
ST_2 : Operation 50 [1/1] (1.87ns)   --->   "%add_ln19 = add i7 %i, i7 1" [relu_bckwd/main.cpp:19]   --->   Operation 50 'add' 'add_ln19' <Predicate = true> <Delay = 1.87> <CoreInst = "Adder">   --->   Core 1 'Adder' <Latency = 0> <II = 1> <Delay = 1.87> <FuncUnit> <Opcode : 'add' 'sub'> <InPorts = 2> <OutPorts = 1>
ST_2 : Operation 51 [1/1] (0.00ns)   --->   "%i_cast = zext i7 %i" [relu_bckwd/main.cpp:19]   --->   Operation 51 'zext' 'i_cast' <Predicate = true> <Delay = 0.00>
ST_2 : Operation 52 [1/1] (0.00ns)   --->   "%specpipeline_ln0 = specpipeline void @_ssdm_op_SpecPipeline, i32 4294967295, i32 0, i32 1, i32 0, void @p_str"   --->   Operation 52 'specpipeline' 'specpipeline_ln0' <Predicate = true> <Delay = 0.00>
ST_2 : Operation 53 [1/1] (2.47ns)   --->   "%icmp_ln19_1 = icmp_eq  i31 %i_cast, i31 %trunc_ln19" [relu_bckwd/main.cpp:19]   --->   Operation 53 'icmp' 'icmp_ln19_1' <Predicate = true> <Delay = 2.47> <CoreInst = "Cmp">   --->   Core 9 'Cmp' <Latency = 0> <II = 1> <Delay = 2.47> <FuncUnit> <Opcode : 'icmp'> <InPorts = 2> <OutPorts = 1>
ST_2 : Operation 54 [1/1] (0.00ns)   --->   "%empty = speclooptripcount i32 @_ssdm_op_SpecLoopTripCount, i64 1, i64 18446744073709551615, i64 0"   --->   Operation 54 'speclooptripcount' 'empty' <Predicate = true> <Delay = 0.00>
ST_2 : Operation 55 [1/1] (0.00ns)   --->   "%br_ln19 = br i1 %icmp_ln19_1, void %.split2, void %.lr.ph" [relu_bckwd/main.cpp:19]   --->   Operation 55 'br' 'br_ln19' <Predicate = true> <Delay = 0.00>
ST_2 : Operation 56 [1/1] (0.00ns)   --->   "%i_cast1 = zext i7 %i" [relu_bckwd/main.cpp:19]   --->   Operation 56 'zext' 'i_cast1' <Predicate = (!icmp_ln19_1)> <Delay = 0.00>
ST_2 : Operation 57 [1/1] (3.46ns)   --->   "%add_ln20 = add i63 %i_cast1, i63 %sext_ln19" [relu_bckwd/main.cpp:20]   --->   Operation 57 'add' 'add_ln20' <Predicate = (!icmp_ln19_1)> <Delay = 3.46> <CoreInst = "Adder">   --->   Core 1 'Adder' <Latency = 0> <II = 1> <Delay = 1.87> <FuncUnit> <Opcode : 'add' 'sub'> <InPorts = 2> <OutPorts = 1>
ST_2 : Operation 58 [1/1] (0.00ns)   --->   "%sext_ln20 = sext i63 %add_ln20" [relu_bckwd/main.cpp:20]   --->   Operation 58 'sext' 'sext_ln20' <Predicate = (!icmp_ln19_1)> <Delay = 0.00>
ST_2 : Operation 59 [1/1] (0.00ns)   --->   "%gmem_addr_1 = getelementptr i32 %gmem, i64 %sext_ln20" [relu_bckwd/main.cpp:20]   --->   Operation 59 'getelementptr' 'gmem_addr_1' <Predicate = (!icmp_ln19_1)> <Delay = 0.00>
ST_2 : Operation 60 [1/1] (3.46ns)   --->   "%add_ln21 = add i63 %i_cast1, i63 %sext_ln19_1" [relu_bckwd/main.cpp:21]   --->   Operation 60 'add' 'add_ln21' <Predicate = (!icmp_ln19_1)> <Delay = 3.46> <CoreInst = "Adder">   --->   Core 1 'Adder' <Latency = 0> <II = 1> <Delay = 1.87> <FuncUnit> <Opcode : 'add' 'sub'> <InPorts = 2> <OutPorts = 1>
ST_2 : Operation 61 [1/1] (0.00ns)   --->   "%sext_ln21 = sext i63 %add_ln21" [relu_bckwd/main.cpp:21]   --->   Operation 61 'sext' 'sext_ln21' <Predicate = (!icmp_ln19_1)> <Delay = 0.00>
ST_2 : Operation 62 [1/1] (0.00ns)   --->   "%gmem_addr_2 = getelementptr i32 %gmem, i64 %sext_ln21" [relu_bckwd/main.cpp:21]   --->   Operation 62 'getelementptr' 'gmem_addr_2' <Predicate = (!icmp_ln19_1)> <Delay = 0.00>

State 3 <SV = 2> <Delay = 7.30>
ST_3 : Operation 63 [7/7] (7.30ns)   --->   "%gmem_load_req = readreq i1 @_ssdm_op_ReadReq.m_axi.i32P1A, i32 %gmem_addr_1, i32 1" [relu_bckwd/main.cpp:20]   --->   Operation 63 'readreq' 'gmem_load_req' <Predicate = (!icmp_ln19_1)> <Delay = 7.30> <CoreInst = "m_axi">   --->   Core 113 'm_axi' <Latency = 6> <II = 1> <Delay = 1.00> <Adapter> <Opcode : 'read' 'write' 'readreq' 'writereq' 'writeresp'>

State 4 <SV = 3> <Delay = 7.30>
ST_4 : Operation 64 [6/7] (7.30ns)   --->   "%gmem_load_req = readreq i1 @_ssdm_op_ReadReq.m_axi.i32P1A, i32 %gmem_addr_1, i32 1" [relu_bckwd/main.cpp:20]   --->   Operation 64 'readreq' 'gmem_load_req' <Predicate = (!icmp_ln19_1)> <Delay = 7.30> <CoreInst = "m_axi">   --->   Core 113 'm_axi' <Latency = 6> <II = 1> <Delay = 1.00> <Adapter> <Opcode : 'read' 'write' 'readreq' 'writereq' 'writeresp'>
ST_4 : Operation 65 [7/7] (7.30ns)   --->   "%gmem_load_1_req = readreq i1 @_ssdm_op_ReadReq.m_axi.i32P1A, i32 %gmem_addr_2, i32 1" [relu_bckwd/main.cpp:21]   --->   Operation 65 'readreq' 'gmem_load_1_req' <Predicate = (!icmp_ln19_1)> <Delay = 7.30> <CoreInst = "m_axi">   --->   Core 113 'm_axi' <Latency = 6> <II = 1> <Delay = 1.00> <Adapter> <Opcode : 'read' 'write' 'readreq' 'writereq' 'writeresp'>

State 5 <SV = 4> <Delay = 7.30>
ST_5 : Operation 66 [5/7] (7.30ns)   --->   "%gmem_load_req = readreq i1 @_ssdm_op_ReadReq.m_axi.i32P1A, i32 %gmem_addr_1, i32 1" [relu_bckwd/main.cpp:20]   --->   Operation 66 'readreq' 'gmem_load_req' <Predicate = (!icmp_ln19_1)> <Delay = 7.30> <CoreInst = "m_axi">   --->   Core 113 'm_axi' <Latency = 6> <II = 1> <Delay = 1.00> <Adapter> <Opcode : 'read' 'write' 'readreq' 'writereq' 'writeresp'>
ST_5 : Operation 67 [6/7] (7.30ns)   --->   "%gmem_load_1_req = readreq i1 @_ssdm_op_ReadReq.m_axi.i32P1A, i32 %gmem_addr_2, i32 1" [relu_bckwd/main.cpp:21]   --->   Operation 67 'readreq' 'gmem_load_1_req' <Predicate = (!icmp_ln19_1)> <Delay = 7.30> <CoreInst = "m_axi">   --->   Core 113 'm_axi' <Latency = 6> <II = 1> <Delay = 1.00> <Adapter> <Opcode : 'read' 'write' 'readreq' 'writereq' 'writeresp'>

State 6 <SV = 5> <Delay = 7.30>
ST_6 : Operation 68 [4/7] (7.30ns)   --->   "%gmem_load_req = readreq i1 @_ssdm_op_ReadReq.m_axi.i32P1A, i32 %gmem_addr_1, i32 1" [relu_bckwd/main.cpp:20]   --->   Operation 68 'readreq' 'gmem_load_req' <Predicate = (!icmp_ln19_1)> <Delay = 7.30> <CoreInst = "m_axi">   --->   Core 113 'm_axi' <Latency = 6> <II = 1> <Delay = 1.00> <Adapter> <Opcode : 'read' 'write' 'readreq' 'writereq' 'writeresp'>
ST_6 : Operation 69 [5/7] (7.30ns)   --->   "%gmem_load_1_req = readreq i1 @_ssdm_op_ReadReq.m_axi.i32P1A, i32 %gmem_addr_2, i32 1" [relu_bckwd/main.cpp:21]   --->   Operation 69 'readreq' 'gmem_load_1_req' <Predicate = (!icmp_ln19_1)> <Delay = 7.30> <CoreInst = "m_axi">   --->   Core 113 'm_axi' <Latency = 6> <II = 1> <Delay = 1.00> <Adapter> <Opcode : 'read' 'write' 'readreq' 'writereq' 'writeresp'>

State 7 <SV = 6> <Delay = 7.30>
ST_7 : Operation 70 [3/7] (7.30ns)   --->   "%gmem_load_req = readreq i1 @_ssdm_op_ReadReq.m_axi.i32P1A, i32 %gmem_addr_1, i32 1" [relu_bckwd/main.cpp:20]   --->   Operation 70 'readreq' 'gmem_load_req' <Predicate = (!icmp_ln19_1)> <Delay = 7.30> <CoreInst = "m_axi">   --->   Core 113 'm_axi' <Latency = 6> <II = 1> <Delay = 1.00> <Adapter> <Opcode : 'read' 'write' 'readreq' 'writereq' 'writeresp'>
ST_7 : Operation 71 [4/7] (7.30ns)   --->   "%gmem_load_1_req = readreq i1 @_ssdm_op_ReadReq.m_axi.i32P1A, i32 %gmem_addr_2, i32 1" [relu_bckwd/main.cpp:21]   --->   Operation 71 'readreq' 'gmem_load_1_req' <Predicate = (!icmp_ln19_1)> <Delay = 7.30> <CoreInst = "m_axi">   --->   Core 113 'm_axi' <Latency = 6> <II = 1> <Delay = 1.00> <Adapter> <Opcode : 'read' 'write' 'readreq' 'writereq' 'writeresp'>

State 8 <SV = 7> <Delay = 7.30>
ST_8 : Operation 72 [2/7] (7.30ns)   --->   "%gmem_load_req = readreq i1 @_ssdm_op_ReadReq.m_axi.i32P1A, i32 %gmem_addr_1, i32 1" [relu_bckwd/main.cpp:20]   --->   Operation 72 'readreq' 'gmem_load_req' <Predicate = (!icmp_ln19_1)> <Delay = 7.30> <CoreInst = "m_axi">   --->   Core 113 'm_axi' <Latency = 6> <II = 1> <Delay = 1.00> <Adapter> <Opcode : 'read' 'write' 'readreq' 'writereq' 'writeresp'>
ST_8 : Operation 73 [3/7] (7.30ns)   --->   "%gmem_load_1_req = readreq i1 @_ssdm_op_ReadReq.m_axi.i32P1A, i32 %gmem_addr_2, i32 1" [relu_bckwd/main.cpp:21]   --->   Operation 73 'readreq' 'gmem_load_1_req' <Predicate = (!icmp_ln19_1)> <Delay = 7.30> <CoreInst = "m_axi">   --->   Core 113 'm_axi' <Latency = 6> <II = 1> <Delay = 1.00> <Adapter> <Opcode : 'read' 'write' 'readreq' 'writereq' 'writeresp'>

State 9 <SV = 8> <Delay = 7.30>
ST_9 : Operation 74 [1/7] (7.30ns)   --->   "%gmem_load_req = readreq i1 @_ssdm_op_ReadReq.m_axi.i32P1A, i32 %gmem_addr_1, i32 1" [relu_bckwd/main.cpp:20]   --->   Operation 74 'readreq' 'gmem_load_req' <Predicate = (!icmp_ln19_1)> <Delay = 7.30> <CoreInst = "m_axi">   --->   Core 113 'm_axi' <Latency = 6> <II = 1> <Delay = 1.00> <Adapter> <Opcode : 'read' 'write' 'readreq' 'writereq' 'writeresp'>
ST_9 : Operation 75 [2/7] (7.30ns)   --->   "%gmem_load_1_req = readreq i1 @_ssdm_op_ReadReq.m_axi.i32P1A, i32 %gmem_addr_2, i32 1" [relu_bckwd/main.cpp:21]   --->   Operation 75 'readreq' 'gmem_load_1_req' <Predicate = (!icmp_ln19_1)> <Delay = 7.30> <CoreInst = "m_axi">   --->   Core 113 'm_axi' <Latency = 6> <II = 1> <Delay = 1.00> <Adapter> <Opcode : 'read' 'write' 'readreq' 'writereq' 'writeresp'>

State 10 <SV = 9> <Delay = 7.30>
ST_10 : Operation 76 [1/1] (7.30ns)   --->   "%gmem_addr_1_read = read i32 @_ssdm_op_Read.m_axi.i32P1A, i32 %gmem_addr_1" [relu_bckwd/main.cpp:20]   --->   Operation 76 'read' 'gmem_addr_1_read' <Predicate = (!icmp_ln19_1)> <Delay = 7.30> <CoreInst = "m_axi">   --->   Core 113 'm_axi' <Latency = 6> <II = 1> <Delay = 1.00> <Adapter> <Opcode : 'read' 'write' 'readreq' 'writereq' 'writeresp'>
ST_10 : Operation 77 [1/7] (7.30ns)   --->   "%gmem_load_1_req = readreq i1 @_ssdm_op_ReadReq.m_axi.i32P1A, i32 %gmem_addr_2, i32 1" [relu_bckwd/main.cpp:21]   --->   Operation 77 'readreq' 'gmem_load_1_req' <Predicate = (!icmp_ln19_1)> <Delay = 7.30> <CoreInst = "m_axi">   --->   Core 113 'm_axi' <Latency = 6> <II = 1> <Delay = 1.00> <Adapter> <Opcode : 'read' 'write' 'readreq' 'writereq' 'writeresp'>
ST_10 : Operation 78 [1/1] (0.00ns)   --->   "%tmp = partselect i8 @_ssdm_op_PartSelect.i8.i32.i32.i32, i32 %gmem_addr_1_read, i32 23, i32 30" [relu_bckwd/main.cpp:23]   --->   Operation 78 'partselect' 'tmp' <Predicate = (!icmp_ln19_1)> <Delay = 0.00>
ST_10 : Operation 79 [1/1] (0.00ns)   --->   "%trunc_ln23 = trunc i32 %gmem_addr_1_read" [relu_bckwd/main.cpp:23]   --->   Operation 79 'trunc' 'trunc_ln23' <Predicate = (!icmp_ln19_1)> <Delay = 0.00>

State 11 <SV = 10> <Delay = 7.30>
ST_11 : Operation 80 [1/1] (0.00ns)   --->   "%xbuf = bitcast i32 %gmem_addr_1_read" [relu_bckwd/main.cpp:20]   --->   Operation 80 'bitcast' 'xbuf' <Predicate = (!icmp_ln19_1)> <Delay = 0.00>
ST_11 : Operation 81 [1/1] (7.30ns)   --->   "%gmem_addr_2_read = read i32 @_ssdm_op_Read.m_axi.i32P1A, i32 %gmem_addr_2" [relu_bckwd/main.cpp:21]   --->   Operation 81 'read' 'gmem_addr_2_read' <Predicate = (!icmp_ln19_1)> <Delay = 7.30> <CoreInst = "m_axi">   --->   Core 113 'm_axi' <Latency = 6> <II = 1> <Delay = 1.00> <Adapter> <Opcode : 'read' 'write' 'readreq' 'writereq' 'writeresp'>
ST_11 : Operation 82 [1/1] (1.55ns)   --->   "%icmp_ln23 = icmp_ne  i8 %tmp, i8 255" [relu_bckwd/main.cpp:23]   --->   Operation 82 'icmp' 'icmp_ln23' <Predicate = (!icmp_ln19_1)> <Delay = 1.55> <CoreInst = "Cmp">   --->   Core 9 'Cmp' <Latency = 0> <II = 1> <Delay = 2.47> <FuncUnit> <Opcode : 'icmp'> <InPorts = 2> <OutPorts = 1>
ST_11 : Operation 83 [1/1] (2.44ns)   --->   "%icmp_ln23_1 = icmp_eq  i23 %trunc_ln23, i23 0" [relu_bckwd/main.cpp:23]   --->   Operation 83 'icmp' 'icmp_ln23_1' <Predicate = (!icmp_ln19_1)> <Delay = 2.44> <CoreInst = "Cmp">   --->   Core 9 'Cmp' <Latency = 0> <II = 1> <Delay = 2.47> <FuncUnit> <Opcode : 'icmp'> <InPorts = 2> <OutPorts = 1>
ST_11 : Operation 84 [2/2] (5.43ns)   --->   "%tmp_1 = fcmp_ogt  i32 %xbuf, i32 0" [relu_bckwd/main.cpp:23]   --->   Operation 84 'fcmp' 'tmp_1' <Predicate = (!icmp_ln19_1)> <Delay = 5.43> <CoreInst = "FCompare">   --->   Core 19 'FCompare' <Latency = 1> <II = 1> <Delay = 5.43> <FuncUnit> <Opcode : 'fcmp'> <InPorts = 2> <OutPorts = 1>

State 12 <SV = 11> <Delay = 6.40>
ST_12 : Operation 85 [1/1] (0.00ns) (grouped into LUT with out node dybuf_1)   --->   "%dybuf = bitcast i32 %gmem_addr_2_read" [relu_bckwd/main.cpp:21]   --->   Operation 85 'bitcast' 'dybuf' <Predicate = (!icmp_ln19_1)> <Delay = 0.00>
ST_12 : Operation 86 [1/1] (0.00ns) (grouped into LUT with out node dybuf_1)   --->   "%or_ln23 = or i1 %icmp_ln23_1, i1 %icmp_ln23" [relu_bckwd/main.cpp:23]   --->   Operation 86 'or' 'or_ln23' <Predicate = (!icmp_ln19_1)> <Delay = 0.00> <CoreInst = "LogicGate">   --->   Core 74 'LogicGate' <Latency = 0> <II = 1> <Delay = 0.97> <FuncUnit> <Opcode : 'and' 'or' 'xor'> <InPorts = 2> <OutPorts = 1>
ST_12 : Operation 87 [1/2] (5.43ns)   --->   "%tmp_1 = fcmp_ogt  i32 %xbuf, i32 0" [relu_bckwd/main.cpp:23]   --->   Operation 87 'fcmp' 'tmp_1' <Predicate = (!icmp_ln19_1)> <Delay = 5.43> <CoreInst = "FCompare">   --->   Core 19 'FCompare' <Latency = 1> <II = 1> <Delay = 5.43> <FuncUnit> <Opcode : 'fcmp'> <InPorts = 2> <OutPorts = 1>
ST_12 : Operation 88 [1/1] (0.00ns) (grouped into LUT with out node dybuf_1)   --->   "%and_ln23 = and i1 %or_ln23, i1 %tmp_1" [relu_bckwd/main.cpp:23]   --->   Operation 88 'and' 'and_ln23' <Predicate = (!icmp_ln19_1)> <Delay = 0.00> <CoreInst = "LogicGate">   --->   Core 74 'LogicGate' <Latency = 0> <II = 1> <Delay = 0.97> <FuncUnit> <Opcode : 'and' 'or' 'xor'> <InPorts = 2> <OutPorts = 1>
ST_12 : Operation 89 [1/1] (0.97ns) (out node of the LUT)   --->   "%dybuf_1 = select i1 %and_ln23, i32 %dybuf, i32 0" [relu_bckwd/main.cpp:23]   --->   Operation 89 'select' 'dybuf_1' <Predicate = (!icmp_ln19_1)> <Delay = 0.97> <CoreInst = "Sel">   --->   Core 73 'Sel' <Latency = 0> <II = 1> <Delay = 0.69> <FuncUnit> <Opcode : 'select'> <InPorts = 3> <OutPorts = 1>

State 13 <SV = 12> <Delay = 3.25>
ST_13 : Operation 90 [1/1] (0.00ns)   --->   "%i_cast2 = zext i7 %i" [relu_bckwd/main.cpp:19]   --->   Operation 90 'zext' 'i_cast2' <Predicate = (!icmp_ln19_1)> <Delay = 0.00>
ST_13 : Operation 91 [1/1] (0.00ns)   --->   "%specloopname_ln19 = specloopname void @_ssdm_op_SpecLoopName, void @empty_7" [relu_bckwd/main.cpp:19]   --->   Operation 91 'specloopname' 'specloopname_ln19' <Predicate = (!icmp_ln19_1)> <Delay = 0.00>
ST_13 : Operation 92 [1/1] (0.00ns)   --->   "%dxbuf_addr = getelementptr i32 %dxbuf, i64 0, i64 %i_cast2" [relu_bckwd/main.cpp:19]   --->   Operation 92 'getelementptr' 'dxbuf_addr' <Predicate = (!icmp_ln19_1)> <Delay = 0.00>
ST_13 : Operation 93 [1/1] (3.25ns)   --->   "%store_ln24 = store i32 %dybuf_1, i7 %dxbuf_addr" [relu_bckwd/main.cpp:24]   --->   Operation 93 'store' 'store_ln24' <Predicate = (!icmp_ln19_1)> <Delay = 3.25> <CoreInst = "RAM">   --->   Core 82 'RAM' <Latency = 1> <II = 1> <Delay = 3.25> <Storage> <Opcode : 'load' 'store'> <Ports = 2> <Width = 32> <Depth = 100> <RAM>
ST_13 : Operation 94 [1/1] (0.00ns)   --->   "%br_ln0 = br void"   --->   Operation 94 'br' 'br_ln0' <Predicate = (!icmp_ln19_1)> <Delay = 0.00>

State 14 <SV = 2> <Delay = 7.30>
ST_14 : Operation 95 [1/1] (0.00ns)   --->   "%trunc_ln1 = partselect i62 @_ssdm_op_PartSelect.i62.i64.i32.i32, i64 %dx_read, i32 2, i32 63" [relu_bckwd/main.cpp:31]   --->   Operation 95 'partselect' 'trunc_ln1' <Predicate = true> <Delay = 0.00>
ST_14 : Operation 96 [1/1] (0.00ns)   --->   "%sext_ln31 = sext i62 %trunc_ln1" [relu_bckwd/main.cpp:31]   --->   Operation 96 'sext' 'sext_ln31' <Predicate = true> <Delay = 0.00>
ST_14 : Operation 97 [1/1] (0.00ns)   --->   "%gmem_addr = getelementptr i32 %gmem, i64 %sext_ln31" [relu_bckwd/main.cpp:31]   --->   Operation 97 'getelementptr' 'gmem_addr' <Predicate = true> <Delay = 0.00>
ST_14 : Operation 98 [1/1] (7.30ns)   --->   "%empty_21 = writereq i1 @_ssdm_op_WriteReq.m_axi.p1i32, i32 %gmem_addr, i32 %dim_read" [relu_bckwd/main.cpp:31]   --->   Operation 98 'writereq' 'empty_21' <Predicate = true> <Delay = 7.30> <CoreInst = "m_axi">   --->   Core 113 'm_axi' <Latency = 6> <II = 1> <Delay = 1.00> <Adapter> <Opcode : 'read' 'write' 'readreq' 'writereq' 'writeresp'>
ST_14 : Operation 99 [1/1] (1.58ns)   --->   "%br_ln31 = br void" [relu_bckwd/main.cpp:31]   --->   Operation 99 'br' 'br_ln31' <Predicate = true> <Delay = 1.58>

State 15 <SV = 3> <Delay = 3.25>
ST_15 : Operation 100 [1/1] (0.00ns)   --->   "%i_1 = phi i7 %add_ln31, void %.split, i7 0, void %.lr.ph" [relu_bckwd/main.cpp:31]   --->   Operation 100 'phi' 'i_1' <Predicate = true> <Delay = 0.00>
ST_15 : Operation 101 [1/1] (1.87ns)   --->   "%add_ln31 = add i7 %i_1, i7 1" [relu_bckwd/main.cpp:31]   --->   Operation 101 'add' 'add_ln31' <Predicate = true> <Delay = 1.87> <CoreInst = "Adder">   --->   Core 1 'Adder' <Latency = 0> <II = 1> <Delay = 1.87> <FuncUnit> <Opcode : 'add' 'sub'> <InPorts = 2> <OutPorts = 1>
ST_15 : Operation 102 [1/1] (0.00ns)   --->   "%i_1_cast11 = zext i7 %i_1" [relu_bckwd/main.cpp:31]   --->   Operation 102 'zext' 'i_1_cast11' <Predicate = true> <Delay = 0.00>
ST_15 : Operation 103 [1/1] (0.00ns)   --->   "%specpipeline_ln0 = specpipeline void @_ssdm_op_SpecPipeline, i32 4294967295, i32 0, i32 1, i32 0, void @p_str"   --->   Operation 103 'specpipeline' 'specpipeline_ln0' <Predicate = true> <Delay = 0.00>
ST_15 : Operation 104 [1/1] (2.47ns)   --->   "%icmp_ln31 = icmp_eq  i31 %i_1_cast11, i31 %trunc_ln19" [relu_bckwd/main.cpp:31]   --->   Operation 104 'icmp' 'icmp_ln31' <Predicate = true> <Delay = 2.47> <CoreInst = "Cmp">   --->   Core 9 'Cmp' <Latency = 0> <II = 1> <Delay = 2.47> <FuncUnit> <Opcode : 'icmp'> <InPorts = 2> <OutPorts = 1>
ST_15 : Operation 105 [1/1] (0.00ns)   --->   "%empty_22 = speclooptripcount i32 @_ssdm_op_SpecLoopTripCount, i64 1, i64 127, i64 0"   --->   Operation 105 'speclooptripcount' 'empty_22' <Predicate = true> <Delay = 0.00>
ST_15 : Operation 106 [1/1] (0.00ns)   --->   "%br_ln31 = br i1 %icmp_ln31, void %.split, void %._crit_edge.loopexit" [relu_bckwd/main.cpp:31]   --->   Operation 106 'br' 'br_ln31' <Predicate = true> <Delay = 0.00>
ST_15 : Operation 107 [1/1] (0.00ns)   --->   "%i_1_cast = zext i7 %i_1" [relu_bckwd/main.cpp:31]   --->   Operation 107 'zext' 'i_1_cast' <Predicate = (!icmp_ln31)> <Delay = 0.00>
ST_15 : Operation 108 [1/1] (0.00ns)   --->   "%dxbuf_addr_1 = getelementptr i32 %dxbuf, i64 0, i64 %i_1_cast" [relu_bckwd/main.cpp:32]   --->   Operation 108 'getelementptr' 'dxbuf_addr_1' <Predicate = (!icmp_ln31)> <Delay = 0.00>
ST_15 : Operation 109 [2/2] (3.25ns)   --->   "%dxbuf_load = load i7 %dxbuf_addr_1" [relu_bckwd/main.cpp:32]   --->   Operation 109 'load' 'dxbuf_load' <Predicate = (!icmp_ln31)> <Delay = 3.25> <CoreInst = "RAM">   --->   Core 82 'RAM' <Latency = 1> <II = 1> <Delay = 3.25> <Storage> <Opcode : 'load' 'store'> <Ports = 2> <Width = 32> <Depth = 100> <RAM>

State 16 <SV = 4> <Delay = 3.25>
ST_16 : Operation 110 [1/2] (3.25ns)   --->   "%dxbuf_load = load i7 %dxbuf_addr_1" [relu_bckwd/main.cpp:32]   --->   Operation 110 'load' 'dxbuf_load' <Predicate = (!icmp_ln31)> <Delay = 3.25> <CoreInst = "RAM">   --->   Core 82 'RAM' <Latency = 1> <II = 1> <Delay = 3.25> <Storage> <Opcode : 'load' 'store'> <Ports = 2> <Width = 32> <Depth = 100> <RAM>

State 17 <SV = 5> <Delay = 7.30>
ST_17 : Operation 111 [1/1] (0.00ns)   --->   "%specloopname_ln31 = specloopname void @_ssdm_op_SpecLoopName, void @empty_6" [relu_bckwd/main.cpp:31]   --->   Operation 111 'specloopname' 'specloopname_ln31' <Predicate = (!icmp_ln31)> <Delay = 0.00>
ST_17 : Operation 112 [1/1] (0.00ns)   --->   "%bitcast_ln32 = bitcast i32 %dxbuf_load" [relu_bckwd/main.cpp:32]   --->   Operation 112 'bitcast' 'bitcast_ln32' <Predicate = (!icmp_ln31)> <Delay = 0.00>
ST_17 : Operation 113 [1/1] (7.30ns)   --->   "%write_ln32 = write void @_ssdm_op_Write.m_axi.p1i32, i32 %gmem_addr, i32 %bitcast_ln32, i4 15" [relu_bckwd/main.cpp:32]   --->   Operation 113 'write' 'write_ln32' <Predicate = (!icmp_ln31)> <Delay = 7.30> <CoreInst = "m_axi">   --->   Core 113 'm_axi' <Latency = 6> <II = 1> <Delay = 1.00> <Adapter> <Opcode : 'read' 'write' 'readreq' 'writereq' 'writeresp'>
ST_17 : Operation 114 [1/1] (0.00ns)   --->   "%br_ln0 = br void"   --->   Operation 114 'br' 'br_ln0' <Predicate = (!icmp_ln31)> <Delay = 0.00>

State 18 <SV = 4> <Delay = 7.30>
ST_18 : Operation 115 [5/5] (7.30ns)   --->   "%empty_23 = writeresp i1 @_ssdm_op_WriteResp.m_axi.p1i32, i32 %gmem_addr" [relu_bckwd/main.cpp:35]   --->   Operation 115 'writeresp' 'empty_23' <Predicate = true> <Delay = 7.30> <CoreInst = "m_axi">   --->   Core 113 'm_axi' <Latency = 6> <II = 1> <Delay = 1.00> <Adapter> <Opcode : 'read' 'write' 'readreq' 'writereq' 'writeresp'>

State 19 <SV = 5> <Delay = 7.30>
ST_19 : Operation 116 [4/5] (7.30ns)   --->   "%empty_23 = writeresp i1 @_ssdm_op_WriteResp.m_axi.p1i32, i32 %gmem_addr" [relu_bckwd/main.cpp:35]   --->   Operation 116 'writeresp' 'empty_23' <Predicate = true> <Delay = 7.30> <CoreInst = "m_axi">   --->   Core 113 'm_axi' <Latency = 6> <II = 1> <Delay = 1.00> <Adapter> <Opcode : 'read' 'write' 'readreq' 'writereq' 'writeresp'>

State 20 <SV = 6> <Delay = 7.30>
ST_20 : Operation 117 [3/5] (7.30ns)   --->   "%empty_23 = writeresp i1 @_ssdm_op_WriteResp.m_axi.p1i32, i32 %gmem_addr" [relu_bckwd/main.cpp:35]   --->   Operation 117 'writeresp' 'empty_23' <Predicate = true> <Delay = 7.30> <CoreInst = "m_axi">   --->   Core 113 'm_axi' <Latency = 6> <II = 1> <Delay = 1.00> <Adapter> <Opcode : 'read' 'write' 'readreq' 'writereq' 'writeresp'>

State 21 <SV = 7> <Delay = 7.30>
ST_21 : Operation 118 [2/5] (7.30ns)   --->   "%empty_23 = writeresp i1 @_ssdm_op_WriteResp.m_axi.p1i32, i32 %gmem_addr" [relu_bckwd/main.cpp:35]   --->   Operation 118 'writeresp' 'empty_23' <Predicate = true> <Delay = 7.30> <CoreInst = "m_axi">   --->   Core 113 'm_axi' <Latency = 6> <II = 1> <Delay = 1.00> <Adapter> <Opcode : 'read' 'write' 'readreq' 'writereq' 'writeresp'>

State 22 <SV = 8> <Delay = 7.30>
ST_22 : Operation 119 [1/5] (7.30ns)   --->   "%empty_23 = writeresp i1 @_ssdm_op_WriteResp.m_axi.p1i32, i32 %gmem_addr" [relu_bckwd/main.cpp:35]   --->   Operation 119 'writeresp' 'empty_23' <Predicate = (icmp_ln19)> <Delay = 7.30> <CoreInst = "m_axi">   --->   Core 113 'm_axi' <Latency = 6> <II = 1> <Delay = 1.00> <Adapter> <Opcode : 'read' 'write' 'readreq' 'writereq' 'writeresp'>
ST_22 : Operation 120 [1/1] (0.00ns)   --->   "%br_ln35 = br void %._crit_edge" [relu_bckwd/main.cpp:35]   --->   Operation 120 'br' 'br_ln35' <Predicate = (icmp_ln19)> <Delay = 0.00>
ST_22 : Operation 121 [1/1] (0.00ns)   --->   "%ret_ln35 = ret" [relu_bckwd/main.cpp:35]   --->   Operation 121 'ret' 'ret_ln35' <Predicate = true> <Delay = 0.00>


============================================================
+ Verbose Summary: Timing violations
============================================================
Target clock period: 10ns, clock uncertainty: 2.7ns.

 <State 1>: 3.47ns
The critical path consists of the following:
	s_axi read on port 'dim' [19]  (1 ns)
	'icmp' operation ('icmp_ln19', relu_bckwd/main.cpp:19) [24]  (2.47 ns)

 <State 2>: 3.47ns
The critical path consists of the following:
	'phi' operation ('i', relu_bckwd/main.cpp:19) with incoming values : ('add_ln19', relu_bckwd/main.cpp:19) [34]  (0 ns)
	'add' operation ('add_ln20', relu_bckwd/main.cpp:20) [45]  (3.47 ns)

 <State 3>: 7.3ns
The critical path consists of the following:
	bus request on port 'gmem' (relu_bckwd/main.cpp:20) [48]  (7.3 ns)

 <State 4>: 7.3ns
The critical path consists of the following:
	bus request on port 'gmem' (relu_bckwd/main.cpp:20) [48]  (7.3 ns)

 <State 5>: 7.3ns
The critical path consists of the following:
	bus request on port 'gmem' (relu_bckwd/main.cpp:20) [48]  (7.3 ns)

 <State 6>: 7.3ns
The critical path consists of the following:
	bus request on port 'gmem' (relu_bckwd/main.cpp:20) [48]  (7.3 ns)

 <State 7>: 7.3ns
The critical path consists of the following:
	bus request on port 'gmem' (relu_bckwd/main.cpp:20) [48]  (7.3 ns)

 <State 8>: 7.3ns
The critical path consists of the following:
	bus request on port 'gmem' (relu_bckwd/main.cpp:20) [48]  (7.3 ns)

 <State 9>: 7.3ns
The critical path consists of the following:
	bus request on port 'gmem' (relu_bckwd/main.cpp:20) [48]  (7.3 ns)

 <State 10>: 7.3ns
The critical path consists of the following:
	bus read on port 'gmem' (relu_bckwd/main.cpp:20) [49]  (7.3 ns)

 <State 11>: 7.3ns
The critical path consists of the following:
	bus read on port 'gmem' (relu_bckwd/main.cpp:21) [55]  (7.3 ns)

 <State 12>: 6.41ns
The critical path consists of the following:
	'fcmp' operation ('tmp_1', relu_bckwd/main.cpp:23) [62]  (5.43 ns)
	'and' operation ('and_ln23', relu_bckwd/main.cpp:23) [63]  (0 ns)
	'select' operation ('dybuf', relu_bckwd/main.cpp:23) [65]  (0.978 ns)

 <State 13>: 3.25ns
The critical path consists of the following:
	'getelementptr' operation ('dxbuf_addr', relu_bckwd/main.cpp:19) [64]  (0 ns)
	'store' operation ('store_ln24', relu_bckwd/main.cpp:24) of variable 'dybuf', relu_bckwd/main.cpp:23 on array 'dxbuf', relu_bckwd/main.cpp:16 [66]  (3.25 ns)

 <State 14>: 7.3ns
The critical path consists of the following:
	'getelementptr' operation ('gmem_addr', relu_bckwd/main.cpp:31) [71]  (0 ns)
	bus request on port 'gmem' (relu_bckwd/main.cpp:31) [72]  (7.3 ns)

 <State 15>: 3.25ns
The critical path consists of the following:
	'phi' operation ('i', relu_bckwd/main.cpp:31) with incoming values : ('add_ln31', relu_bckwd/main.cpp:31) [75]  (0 ns)
	'getelementptr' operation ('dxbuf_addr_1', relu_bckwd/main.cpp:32) [85]  (0 ns)
	'load' operation ('dxbuf_load', relu_bckwd/main.cpp:32) on array 'dxbuf', relu_bckwd/main.cpp:16 [86]  (3.25 ns)

 <State 16>: 3.25ns
The critical path consists of the following:
	'load' operation ('dxbuf_load', relu_bckwd/main.cpp:32) on array 'dxbuf', relu_bckwd/main.cpp:16 [86]  (3.25 ns)

 <State 17>: 7.3ns
The critical path consists of the following:
	bus write on port 'gmem' (relu_bckwd/main.cpp:32) [88]  (7.3 ns)

 <State 18>: 7.3ns
The critical path consists of the following:
	bus response on port 'gmem' (relu_bckwd/main.cpp:35) [91]  (7.3 ns)

 <State 19>: 7.3ns
The critical path consists of the following:
	bus response on port 'gmem' (relu_bckwd/main.cpp:35) [91]  (7.3 ns)

 <State 20>: 7.3ns
The critical path consists of the following:
	bus response on port 'gmem' (relu_bckwd/main.cpp:35) [91]  (7.3 ns)

 <State 21>: 7.3ns
The critical path consists of the following:
	bus response on port 'gmem' (relu_bckwd/main.cpp:35) [91]  (7.3 ns)

 <State 22>: 7.3ns
The critical path consists of the following:
	bus response on port 'gmem' (relu_bckwd/main.cpp:35) [91]  (7.3 ns)


============================================================
+ Verbose Summary: Binding
============================================================
N/A
* FSMD analyzer results:
  - Output states:
 - Input state : 
  - Chain level:
	State 1
	State 2
	State 3
	State 4
	State 5
	State 6
	State 7
	State 8
	State 9
	State 10
	State 11
	State 12
	State 13
	State 14
	State 15
	State 16
	State 17
	State 18
	State 19
	State 20
	State 21
	State 22


============================================================
+ Verbose Summary: Datapath Resource usage 
============================================================
N/A
