

================================================================
== Synthesis Summary Report of 'update_weights'
================================================================
+ General Information: 
    * Date:           Sat May 21 17:44:04 2022
    * Version:        2020.2 (Build 3064766 on Wed Nov 18 09:12:47 MST 2020)
    * Project:        update_weights
    * Solution:       solution1 (Vivado IP Flow Target)
    * Product family: zynq
    * Target device:  xc7z020-clg400-1
    

+ Performance & Resource Estimates: 
    
    PS: '+' for module; 'o' for loop; '*' for dataflow
    +-----------------------+--------+-------+---------+--------+----------+---------+------+----------+--------+---------+-----------+-----------+-----+
    |        Modules        |  Issue |       | Latency | Latency| Iteration|         | Trip |          |        |         |           |           |     |
    |        & Loops        |  Type  | Slack | (cycles)|  (ns)  |  Latency | Interval| Count| Pipelined|  BRAM  |   DSP   |     FF    |    LUT    | URAM|
    +-----------------------+--------+-------+---------+--------+----------+---------+------+----------+--------+---------+-----------+-----------+-----+
    |+ update_weights       |  Timing|   0.00|        -|       -|         -|        -|     -|        no|  4 (1%)|  1 (~0%)|  1864 (1%)|  2742 (5%)|    -|
    | o VITIS_LOOP_25_1     |       -|  -7.30|        -|       -|         -|        -|     -|        no|       -|        -|          -|          -|    -|
    |  o VITIS_LOOP_25_1.1  |       -|  -7.30|        -|       -|         3|        1|     -|       yes|       -|        -|          -|          -|    -|
    |  o VITIS_LOOP_25_1.2  |       -|  -7.30|        -|       -|         3|        1|     -|       yes|       -|        -|          -|          -|    -|
    |  o VITIS_LOOP_40_2    |       -|  -7.30|        -|       -|         5|        1|     -|       yes|       -|        -|          -|          -|    -|
    |  o VITIS_LOOP_25_1.4  |       -|  -7.30|        -|       -|         3|        1|     -|       yes|       -|        -|          -|          -|    -|
    |  o VITIS_LOOP_25_1.5  |       -|  -7.30|        -|       -|         3|        1|     -|       yes|       -|        -|          -|          -|    -|
    +-----------------------+--------+-------+---------+--------+----------+---------+------+----------+--------+---------+-----------+-----------+-----+

