

================================================================
== Synthesis Summary Report of 'float_vadd'
================================================================
+ General Information: 
    * Date:           Fri Feb  4 01:11:15 2022
    * Version:        2020.2 (Build 3064766 on Wed Nov 18 09:12:47 MST 2020)
    * Project:        float_vadd
    * Solution:       solution1 (Vivado IP Flow Target)
    * Product family: zynq
    * Target device:  xc7z020-clg400-1
    

+ Performance & Resource Estimates: 
    
    PS: '+' for module; 'o' for loop; '*' for dataflow
    +--------------------+--------+-------+---------+-----------+----------+---------+------+----------+--------+---------+-----------+-----------+-----+
    |       Modules      |  Issue |       | Latency |  Latency  | Iteration|         | Trip |          |        |         |           |           |     |
    |       & Loops      |  Type  | Slack | (cycles)|    (ns)   |  Latency | Interval| Count| Pipelined|  BRAM  |   DSP   |     FF    |    LUT    | URAM|
    +--------------------+--------+-------+---------+-----------+----------+---------+------+----------+--------+---------+-----------+-----------+-----+
    |+ float_vadd        |  Timing|   0.00|        -|          -|         -|        -|     -|        no|  5 (1%)|  2 (~0%)|  1659 (1%)|  2048 (3%)|    -|
    | o Loop 1           |       -|  -7.30|        -|          -|         3|        1|     -|       yes|       -|        -|          -|          -|    -|
    | o Loop 2           |       -|  -7.30|      128|  1.280e+03|         3|        1|   127|       yes|       -|        -|          -|          -|    -|
    | o VITIS_LOOP_27_1  |       -|  -7.30|      133|  1.330e+03|         8|        1|   127|       yes|       -|        -|          -|          -|    -|
    | o Loop 4           |       -|  -7.30|      128|  1.280e+03|         3|        1|   127|       yes|       -|        -|          -|          -|    -|
    +--------------------+--------+-------+---------+-----------+----------+---------+------+----------+--------+---------+-----------+-----------+-----+

