18:36:22 INFO  : Launching XSCT server: xsct -n  -interactive /home/anubhav/workspace/vadd_2/vitis/temp_xsdb_launch_script.tcl
18:36:22 INFO  : Registering command handlers for Vitis TCF services
18:36:27 INFO  : Platform repository initialization has completed.
18:36:28 INFO  : XSCT server has started successfully.
18:36:28 INFO  : Successfully done setting XSCT server connection channel  
18:36:28 INFO  : plnx-install-location is set to ''
18:36:28 INFO  : Successfully done setting workspace for the tool. 
18:36:28 INFO  : Successfully done query RDI_DATADIR 
18:37:06 INFO  : Result from executing command 'getProjects': vadd2_wrapper
18:37:06 INFO  : Result from executing command 'getPlatforms': ULTRA96V2|/opt/xilinx/platforms/ULTRA96V2/ULTRA96V2.xpfm;u96v2_sbc_base|/opt/xilinx/platforms/u96v2_sbc_base/u96v2_sbc_base.xpfm
18:37:06 WARN  : An unexpected exception occurred in the module 'platform project logging'
18:37:07 INFO  : Platform 'vadd2_wrapper' is added to custom repositories.
18:37:17 INFO  : Platform 'vadd2_wrapper' is added to custom repositories.
18:40:09 INFO  : Result from executing command 'getProjects': vadd2_wrapper
18:40:09 INFO  : Result from executing command 'getPlatforms': ULTRA96V2|/opt/xilinx/platforms/ULTRA96V2/ULTRA96V2.xpfm;u96v2_sbc_base|/opt/xilinx/platforms/u96v2_sbc_base/u96v2_sbc_base.xpfm;vadd2_wrapper|/home/anubhav/workspace/vadd_2/vitis/vadd2_wrapper/export/vadd2_wrapper/vadd2_wrapper.xpfm
18:40:12 INFO  : Checking for BSP changes to sync application flags for project 'vadd2'...
18:41:44 INFO  : Hardware specification for platform project 'vadd2_wrapper' is updated.
18:42:11 INFO  : Hardware specification for platform project 'vadd2_wrapper' is updated.
19:04:50 INFO  : Connected to target on host '127.0.0.1' and port '3121'.
19:04:57 INFO  : Jtag cable 'Xilinx TUL 1234-tulA' is selected.
19:04:57 INFO  : 'jtag frequency' command is executed.
19:04:57 INFO  : Context for 'APU' is selected.
19:04:57 INFO  : System reset is completed.
19:05:00 INFO  : 'after 3000' command is executed.
19:05:00 INFO  : 'targets -set -filter {jtag_cable_name =~ "Xilinx TUL 1234-tulA" && level==0 && jtag_device_ctx=="jsn-TUL-1234-tulA-23727093-0"}' command is executed.
19:05:02 INFO  : Device configured successfully with "/home/anubhav/workspace/vadd_2/vitis/vadd2/_ide/bitstream/vadd2_wrapper.bit"
19:05:02 INFO  : Context for 'APU' is selected.
19:05:02 INFO  : Hardware design and registers information is loaded from '/home/anubhav/workspace/vadd_2/vitis/vadd2_wrapper/export/vadd2_wrapper/hw/vadd2_wrapper.xsa'.
19:05:02 INFO  : 'configparams force-mem-access 1' command is executed.
19:05:02 INFO  : Context for 'APU' is selected.
19:05:02 INFO  : Sourcing of '/home/anubhav/workspace/vadd_2/vitis/vadd2/_ide/psinit/ps7_init.tcl' is done.
19:05:03 INFO  : 'ps7_init' command is executed.
19:05:03 INFO  : 'ps7_post_config' command is executed.
19:05:03 INFO  : Context for processor 'ps7_cortexa9_0' is selected.
19:05:03 INFO  : The application '/home/anubhav/workspace/vadd_2/vitis/vadd2/Debug/vadd2.elf' is downloaded to processor 'ps7_cortexa9_0'.
19:05:03 INFO  : 'configparams force-mem-access 0' command is executed.
19:05:03 INFO  : ----------------XSDB Script----------------
connect -url tcp:127.0.0.1:3121
targets -set -nocase -filter {name =~"APU*"}
rst -system
after 3000
targets -set -filter {jtag_cable_name =~ "Xilinx TUL 1234-tulA" && level==0 && jtag_device_ctx=="jsn-TUL-1234-tulA-23727093-0"}
fpga -file /home/anubhav/workspace/vadd_2/vitis/vadd2/_ide/bitstream/vadd2_wrapper.bit
targets -set -nocase -filter {name =~"APU*"}
loadhw -hw /home/anubhav/workspace/vadd_2/vitis/vadd2_wrapper/export/vadd2_wrapper/hw/vadd2_wrapper.xsa -mem-ranges [list {0x40000000 0xbfffffff}] -regs
configparams force-mem-access 1
targets -set -nocase -filter {name =~"APU*"}
source /home/anubhav/workspace/vadd_2/vitis/vadd2/_ide/psinit/ps7_init.tcl
ps7_init
ps7_post_config
targets -set -nocase -filter {name =~ "*A9*#0"}
dow /home/anubhav/workspace/vadd_2/vitis/vadd2/Debug/vadd2.elf
configparams force-mem-access 0
----------------End of Script----------------

19:05:03 INFO  : Context for processor 'ps7_cortexa9_0' is selected.
19:05:03 INFO  : 'con' command is executed.
19:05:03 INFO  : ----------------XSDB Script (After Launch)----------------
targets -set -nocase -filter {name =~ "*A9*#0"}
con
----------------End of Script----------------

19:05:03 INFO  : Launch script is exported to file '/home/anubhav/workspace/vadd_2/vitis/vadd2_system/_ide/scripts/systemdebugger_vadd2_system_standalone.tcl'
19:19:30 INFO  : Result from executing command 'getProjects': vadd2_wrapper
19:19:30 INFO  : Result from executing command 'getPlatforms': ULTRA96V2|/opt/xilinx/platforms/ULTRA96V2/ULTRA96V2.xpfm;u96v2_sbc_base|/opt/xilinx/platforms/u96v2_sbc_base/u96v2_sbc_base.xpfm;vadd2_wrapper|/home/anubhav/workspace/vadd_2/vitis/vadd2_wrapper/export/vadd2_wrapper/vadd2_wrapper.xpfm
19:19:33 INFO  : Checking for BSP changes to sync application flags for project 'vadd2'...
19:19:41 INFO  : Checking for BSP changes to sync application flags for project 'vadd2'...
19:19:41 INFO  : The hardware specfication used by project 'vadd2' is out of sync with the platform. Resource files extracted from the hardware specfiication will be updated.
19:19:41 INFO  : The file '/home/anubhav/workspace/vadd_2/vitis/vadd2/_ide/bitstream/vadd2_wrapper.bit' stored in project is removed.
19:19:41 INFO  : The file '/home/anubhav/workspace/vadd_2/vitis/vadd2/_ide/bitstream/vadd2_wrapper.mmi' stored in project is removed.
19:19:41 INFO  : The updated bitstream files are copied from platform to folder '/home/anubhav/workspace/vadd_2/vitis/vadd2/_ide/bitstream' in project 'vadd2'.
19:19:41 INFO  : The file '/home/anubhav/workspace/vadd_2/vitis/vadd2/_ide/psinit/ps7_init.tcl' stored in project is removed.
19:19:48 INFO  : The updated ps init files are copied from platform to folder '/home/anubhav/workspace/vadd_2/vitis/vadd2/_ide/psinit' in project 'vadd2'.
19:20:12 INFO  : Disconnected from the channel tcfchan#2.
19:20:12 INFO  : Connected to target on host '127.0.0.1' and port '3121'.
19:20:12 INFO  : Jtag cable 'Xilinx TUL 1234-tulA' is selected.
19:20:12 INFO  : 'jtag frequency' command is executed.
19:20:12 INFO  : Context for 'APU' is selected.
19:20:12 INFO  : System reset is completed.
19:20:15 INFO  : 'after 3000' command is executed.
19:20:16 INFO  : 'targets -set -filter {jtag_cable_name =~ "Xilinx TUL 1234-tulA" && level==0 && jtag_device_ctx=="jsn-TUL-1234-tulA-23727093-0"}' command is executed.
19:20:18 INFO  : Device configured successfully with "/home/anubhav/workspace/vadd_2/vitis/vadd2/_ide/bitstream/vadd2.bit"
19:20:18 INFO  : Context for 'APU' is selected.
19:20:18 INFO  : Hardware design and registers information is loaded from '/home/anubhav/workspace/vadd_2/vitis/vadd2_wrapper/export/vadd2_wrapper/hw/vadd2.xsa'.
19:20:18 INFO  : 'configparams force-mem-access 1' command is executed.
19:20:18 INFO  : Context for 'APU' is selected.
19:20:18 INFO  : Sourcing of '/home/anubhav/workspace/vadd_2/vitis/vadd2/_ide/psinit/ps7_init.tcl' is done.
19:20:18 INFO  : 'ps7_init' command is executed.
19:20:18 INFO  : 'ps7_post_config' command is executed.
19:20:18 INFO  : Context for processor 'ps7_cortexa9_0' is selected.
19:20:18 INFO  : The application '/home/anubhav/workspace/vadd_2/vitis/vadd2/Debug/vadd2.elf' is downloaded to processor 'ps7_cortexa9_0'.
19:20:18 INFO  : 'configparams force-mem-access 0' command is executed.
19:20:18 INFO  : ----------------XSDB Script----------------
connect -url tcp:127.0.0.1:3121
targets -set -nocase -filter {name =~"APU*"}
rst -system
after 3000
targets -set -filter {jtag_cable_name =~ "Xilinx TUL 1234-tulA" && level==0 && jtag_device_ctx=="jsn-TUL-1234-tulA-23727093-0"}
fpga -file /home/anubhav/workspace/vadd_2/vitis/vadd2/_ide/bitstream/vadd2.bit
targets -set -nocase -filter {name =~"APU*"}
loadhw -hw /home/anubhav/workspace/vadd_2/vitis/vadd2_wrapper/export/vadd2_wrapper/hw/vadd2.xsa -mem-ranges [list {0x40000000 0xbfffffff}] -regs
configparams force-mem-access 1
targets -set -nocase -filter {name =~"APU*"}
source /home/anubhav/workspace/vadd_2/vitis/vadd2/_ide/psinit/ps7_init.tcl
ps7_init
ps7_post_config
targets -set -nocase -filter {name =~ "*A9*#0"}
dow /home/anubhav/workspace/vadd_2/vitis/vadd2/Debug/vadd2.elf
configparams force-mem-access 0
----------------End of Script----------------

19:20:19 INFO  : Context for processor 'ps7_cortexa9_0' is selected.
19:20:19 INFO  : 'con' command is executed.
19:20:19 INFO  : ----------------XSDB Script (After Launch)----------------
targets -set -nocase -filter {name =~ "*A9*#0"}
con
----------------End of Script----------------

19:20:19 INFO  : Launch script is exported to file '/home/anubhav/workspace/vadd_2/vitis/vadd2_system/_ide/scripts/systemdebugger_vadd2_system_standalone.tcl'
19:41:17 INFO  : Hardware specification for platform project 'vadd2_wrapper' is updated.
19:42:11 INFO  : Hardware specification for platform project 'vadd2_wrapper' is updated.
19:43:53 INFO  : Hardware specification for platform project 'vadd2_wrapper' is updated.
19:46:24 INFO  : Result from executing command 'getProjects': vadd2_wrapper
19:46:24 INFO  : Result from executing command 'getPlatforms': ULTRA96V2|/opt/xilinx/platforms/ULTRA96V2/ULTRA96V2.xpfm;u96v2_sbc_base|/opt/xilinx/platforms/u96v2_sbc_base/u96v2_sbc_base.xpfm;vadd2_wrapper|/home/anubhav/workspace/vadd_2/vitis/vadd2_wrapper/export/vadd2_wrapper/vadd2_wrapper.xpfm
19:48:54 INFO  : Result from executing command 'getProjects': vadd2_wrapper
19:48:54 INFO  : Result from executing command 'getPlatforms': ULTRA96V2|/opt/xilinx/platforms/ULTRA96V2/ULTRA96V2.xpfm;u96v2_sbc_base|/opt/xilinx/platforms/u96v2_sbc_base/u96v2_sbc_base.xpfm;vadd2_wrapper|/home/anubhav/workspace/vadd_2/vitis/vadd2_wrapper/export/vadd2_wrapper/vadd2_wrapper.xpfm
19:50:49 INFO  : Checking for BSP changes to sync application flags for project 'vadd2'...
19:51:06 INFO  : Checking for BSP changes to sync application flags for project 'vadd2'...
19:51:57 INFO  : Result from executing command 'getProjects': vadd2_wrapper
19:51:57 INFO  : Result from executing command 'getPlatforms': ULTRA96V2|/opt/xilinx/platforms/ULTRA96V2/ULTRA96V2.xpfm;u96v2_sbc_base|/opt/xilinx/platforms/u96v2_sbc_base/u96v2_sbc_base.xpfm;vadd2_wrapper|/home/anubhav/workspace/vadd_2/vitis/vadd2_wrapper/export/vadd2_wrapper/vadd2_wrapper.xpfm
19:52:00 INFO  : Checking for BSP changes to sync application flags for project 'vadd2'...
19:52:03 INFO  : The hardware specfication used by project 'vadd2' is out of sync with the platform. Resource files extracted from the hardware specfiication will be updated.
19:52:03 INFO  : The file '/home/anubhav/workspace/vadd_2/vitis/vadd2/_ide/bitstream/vadd2.mmi' stored in project is removed.
19:52:03 INFO  : The file '/home/anubhav/workspace/vadd_2/vitis/vadd2/_ide/bitstream/vadd2.bit' stored in project is removed.
19:52:03 INFO  : The updated bitstream files are copied from platform to folder '/home/anubhav/workspace/vadd_2/vitis/vadd2/_ide/bitstream' in project 'vadd2'.
19:52:03 INFO  : The file '/home/anubhav/workspace/vadd_2/vitis/vadd2/_ide/psinit/ps7_init.tcl' stored in project is removed.
19:52:13 INFO  : The updated ps init files are copied from platform to folder '/home/anubhav/workspace/vadd_2/vitis/vadd2/_ide/psinit' in project 'vadd2'.
19:53:03 INFO  : Result from executing command 'getProjects': vadd2_wrapper
19:53:03 INFO  : Result from executing command 'getPlatforms': ULTRA96V2|/opt/xilinx/platforms/ULTRA96V2/ULTRA96V2.xpfm;u96v2_sbc_base|/opt/xilinx/platforms/u96v2_sbc_base/u96v2_sbc_base.xpfm;vadd2_wrapper|/home/anubhav/workspace/vadd_2/vitis/vadd2_wrapper/export/vadd2_wrapper/vadd2_wrapper.xpfm
19:53:20 INFO  : Checking for BSP changes to sync application flags for project 'vadd2'...
19:54:45 INFO  : Checking for BSP changes to sync application flags for project 'vadd2'...
19:54:45 ERROR : Failed to get platform details for the project 'vadd2'. Cannot sync application flags.
19:57:10 INFO  : Result from executing command 'getProjects': vadd2_platform
19:57:10 INFO  : Result from executing command 'getPlatforms': ULTRA96V2|/opt/xilinx/platforms/ULTRA96V2/ULTRA96V2.xpfm;u96v2_sbc_base|/opt/xilinx/platforms/u96v2_sbc_base/u96v2_sbc_base.xpfm
19:57:35 INFO  : Result from executing command 'getProjects': vadd2_platform
19:57:35 INFO  : Result from executing command 'getPlatforms': ULTRA96V2|/opt/xilinx/platforms/ULTRA96V2/ULTRA96V2.xpfm;u96v2_sbc_base|/opt/xilinx/platforms/u96v2_sbc_base/u96v2_sbc_base.xpfm;vadd2_platform|/home/anubhav/workspace/vadd_2/vitis/vadd2_platform/export/vadd2_platform/vadd2_platform.xpfm
19:57:51 INFO  : Checking for BSP changes to sync application flags for project 'vadd2'...
19:57:51 ERROR : Failed to get platform details for the project 'vadd2'. Cannot sync application flags.
19:58:13 INFO  : Checking for BSP changes to sync application flags for project 'vadd2'...
19:58:13 ERROR : Failed to get platform details for the project 'vadd2'. Cannot sync application flags.
19:59:06 INFO  : Checking for BSP changes to sync application flags for project 'vadd2'...
19:59:32 ERROR : XSCT server calls should not be made from TCF thread.
java.lang.RuntimeException: XSCT server calls should not be made from TCF thread.
	at com.xilinx.sdk.xsdb.XSDBCommandManager.issueAndWait(XSDBCommandManager.java:391)
	at com.xilinx.sdk.xsdb.XsdbCommandUtils.executeAndRespond(XsdbCommandUtils.java:325)
	at com.xilinx.sdk.hw.internal.HwPlatform.populateDesignProps(HwPlatform.java:522)
	at com.xilinx.sdk.hw.internal.HwPlatform.isZynq(HwPlatform.java:1102)
	at com.xilinx.sdk.hw.internal.HwPlatform.getArchFamily(HwPlatform.java:588)
	at com.xilinx.sdk.tcf.internal.debug.ui.common.BaseLaunchConfigModel.readCrossTriggerModel(BaseLaunchConfigModel.java:174)
	at com.xilinx.sdk.tcf.internal.debug.ui.common.BaseLaunchConfigModel.readAndSetAttributes(BaseLaunchConfigModel.java:156)
	at com.xilinx.sdx.sdsoc.debug.ui.SdsLaunchConfigModel.newInstance(SdsLaunchConfigModel.java:104)
	at com.xilinx.sdx.sdsoc.debug.launch.SdsTcfLaunchDelegate.createConfigModel(SdsTcfLaunchDelegate.java:85)
	at com.xilinx.sdx.sdsoc.debug.launch.SdsTcfLaunchDelegate.generateReports(SdsTcfLaunchDelegate.java:634)
	at com.xilinx.sdx.sdsoc.debug.launch.SdsTcfLaunchDelegate.onDisconnected(SdsTcfLaunchDelegate.java:608)
	at org.eclipse.tcf.internal.debug.ui.model.TCFModelManager$1.onDisconnected(TCFModelManager.java:79)
	at org.eclipse.tcf.internal.debug.model.TCFLaunch.onDisconnected(TCFLaunch.java:532)
	at org.eclipse.tcf.internal.debug.model.TCFLaunch$43.onChannelClosed(TCFLaunch.java:1643)
	at org.eclipse.tcf.core.AbstractChannel$9.run(AbstractChannel.java:858)
	at org.eclipse.tcf.EventQueue.run(EventQueue.java:98)
	at java.base/java.lang.Thread.run(Thread.java:834)
19:59:32 INFO  : Disconnected from the channel tcfchan#5.
19:59:33 INFO  : Connected to target on host '127.0.0.1' and port '3121'.
19:59:33 INFO  : Jtag cable 'Xilinx TUL 1234-tulA' is selected.
19:59:33 INFO  : 'jtag frequency' command is executed.
19:59:33 INFO  : Context for 'APU' is selected.
19:59:33 INFO  : System reset is completed.
19:59:36 INFO  : 'after 3000' command is executed.
19:59:36 INFO  : 'targets -set -filter {jtag_cable_name =~ "Xilinx TUL 1234-tulA" && level==0 && jtag_device_ctx=="jsn-TUL-1234-tulA-23727093-0"}' command is executed.
19:59:39 INFO  : Device configured successfully with "/home/anubhav/workspace/vadd_2/vitis/vadd2/_ide/bitstream/vadd2.bit"
19:59:39 INFO  : Context for 'APU' is selected.
19:59:39 INFO  : Hardware design and registers information is loaded from '/home/anubhav/workspace/vadd_2/vitis/vadd2_platform/export/vadd2_platform/hw/vadd2.xsa'.
19:59:39 INFO  : 'configparams force-mem-access 1' command is executed.
19:59:39 INFO  : Context for 'APU' is selected.
19:59:39 INFO  : Sourcing of '/home/anubhav/workspace/vadd_2/vitis/vadd2/_ide/psinit/ps7_init.tcl' is done.
19:59:39 INFO  : 'ps7_init' command is executed.
19:59:39 INFO  : 'ps7_post_config' command is executed.
19:59:39 INFO  : Context for processor 'ps7_cortexa9_0' is selected.
19:59:39 INFO  : The application '/home/anubhav/workspace/vadd_2/vitis/vadd2/Debug/vadd2.elf' is downloaded to processor 'ps7_cortexa9_0'.
19:59:39 INFO  : 'configparams force-mem-access 0' command is executed.
19:59:39 INFO  : ----------------XSDB Script----------------
connect -url tcp:127.0.0.1:3121
targets -set -nocase -filter {name =~"APU*"}
rst -system
after 3000
targets -set -filter {jtag_cable_name =~ "Xilinx TUL 1234-tulA" && level==0 && jtag_device_ctx=="jsn-TUL-1234-tulA-23727093-0"}
fpga -file /home/anubhav/workspace/vadd_2/vitis/vadd2/_ide/bitstream/vadd2.bit
targets -set -nocase -filter {name =~"APU*"}
loadhw -hw /home/anubhav/workspace/vadd_2/vitis/vadd2_platform/export/vadd2_platform/hw/vadd2.xsa -mem-ranges [list {0x40000000 0xbfffffff}] -regs
configparams force-mem-access 1
targets -set -nocase -filter {name =~"APU*"}
source /home/anubhav/workspace/vadd_2/vitis/vadd2/_ide/psinit/ps7_init.tcl
ps7_init
ps7_post_config
targets -set -nocase -filter {name =~ "*A9*#0"}
dow /home/anubhav/workspace/vadd_2/vitis/vadd2/Debug/vadd2.elf
configparams force-mem-access 0
----------------End of Script----------------

19:59:39 INFO  : Context for processor 'ps7_cortexa9_0' is selected.
19:59:39 INFO  : 'con' command is executed.
19:59:39 INFO  : ----------------XSDB Script (After Launch)----------------
targets -set -nocase -filter {name =~ "*A9*#0"}
con
----------------End of Script----------------

19:59:39 INFO  : Launch script is exported to file '/home/anubhav/workspace/vadd_2/vitis/vadd2_system/_ide/scripts/systemdebugger_vadd2_system_standalone.tcl'
20:01:50 INFO  : Disconnected from the channel tcfchan#17.
20:01:51 INFO  : Connected to target on host '127.0.0.1' and port '3121'.
20:01:51 INFO  : Jtag cable 'Xilinx TUL 1234-tulA' is selected.
20:01:51 INFO  : 'jtag frequency' command is executed.
20:01:51 INFO  : Context for 'APU' is selected.
20:01:51 INFO  : System reset is completed.
20:01:54 INFO  : 'after 3000' command is executed.
20:01:54 INFO  : 'targets -set -filter {jtag_cable_name =~ "Xilinx TUL 1234-tulA" && level==0 && jtag_device_ctx=="jsn-TUL-1234-tulA-23727093-0"}' command is executed.
20:01:56 INFO  : Device configured successfully with "/home/anubhav/workspace/vadd_2/vitis/vadd2/_ide/bitstream/vadd2.bit"
20:01:56 INFO  : Context for 'APU' is selected.
20:01:56 INFO  : Hardware design and registers information is loaded from '/home/anubhav/workspace/vadd_2/vitis/vadd2_platform/export/vadd2_platform/hw/vadd2.xsa'.
20:01:56 INFO  : 'configparams force-mem-access 1' command is executed.
20:01:56 INFO  : Context for 'APU' is selected.
20:01:56 INFO  : Sourcing of '/home/anubhav/workspace/vadd_2/vitis/vadd2/_ide/psinit/ps7_init.tcl' is done.
20:01:57 INFO  : 'ps7_init' command is executed.
20:01:57 INFO  : 'ps7_post_config' command is executed.
20:01:57 INFO  : Context for processor 'ps7_cortexa9_0' is selected.
20:01:57 INFO  : The application '/home/anubhav/workspace/vadd_2/vitis/vadd2/Debug/vadd2.elf' is downloaded to processor 'ps7_cortexa9_0'.
20:01:57 INFO  : 'configparams force-mem-access 0' command is executed.
20:01:57 INFO  : ----------------XSDB Script----------------
connect -url tcp:127.0.0.1:3121
targets -set -nocase -filter {name =~"APU*"}
rst -system
after 3000
targets -set -filter {jtag_cable_name =~ "Xilinx TUL 1234-tulA" && level==0 && jtag_device_ctx=="jsn-TUL-1234-tulA-23727093-0"}
fpga -file /home/anubhav/workspace/vadd_2/vitis/vadd2/_ide/bitstream/vadd2.bit
targets -set -nocase -filter {name =~"APU*"}
loadhw -hw /home/anubhav/workspace/vadd_2/vitis/vadd2_platform/export/vadd2_platform/hw/vadd2.xsa -mem-ranges [list {0x40000000 0xbfffffff}] -regs
configparams force-mem-access 1
targets -set -nocase -filter {name =~"APU*"}
source /home/anubhav/workspace/vadd_2/vitis/vadd2/_ide/psinit/ps7_init.tcl
ps7_init
ps7_post_config
targets -set -nocase -filter {name =~ "*A9*#0"}
dow /home/anubhav/workspace/vadd_2/vitis/vadd2/Debug/vadd2.elf
configparams force-mem-access 0
----------------End of Script----------------

20:01:57 INFO  : Context for processor 'ps7_cortexa9_0' is selected.
20:01:57 INFO  : 'con' command is executed.
20:01:57 INFO  : ----------------XSDB Script (After Launch)----------------
targets -set -nocase -filter {name =~ "*A9*#0"}
con
----------------End of Script----------------

20:01:57 INFO  : Launch script is exported to file '/home/anubhav/workspace/vadd_2/vitis/vadd2_system/_ide/scripts/systemdebugger_vadd2_system_standalone.tcl'
20:03:56 INFO  : Disconnected from the channel tcfchan#18.
20:03:56 INFO  : Connected to target on host '127.0.0.1' and port '3121'.
20:03:57 INFO  : Jtag cable 'Xilinx TUL 1234-tulA' is selected.
20:03:57 INFO  : 'jtag frequency' command is executed.
20:03:57 INFO  : Context for 'APU' is selected.
20:03:57 INFO  : System reset is completed.
20:04:00 INFO  : 'after 3000' command is executed.
20:04:00 INFO  : 'targets -set -filter {jtag_cable_name =~ "Xilinx TUL 1234-tulA" && level==0 && jtag_device_ctx=="jsn-TUL-1234-tulA-23727093-0"}' command is executed.
20:04:02 INFO  : Device configured successfully with "/home/anubhav/workspace/vadd_2/vitis/vadd2/_ide/bitstream/vadd2.bit"
20:04:02 INFO  : Context for 'APU' is selected.
20:04:02 INFO  : Hardware design and registers information is loaded from '/home/anubhav/workspace/vadd_2/vitis/vadd2_platform/export/vadd2_platform/hw/vadd2.xsa'.
20:04:02 INFO  : 'configparams force-mem-access 1' command is executed.
20:04:02 INFO  : Context for 'APU' is selected.
20:04:02 INFO  : Sourcing of '/home/anubhav/workspace/vadd_2/vitis/vadd2/_ide/psinit/ps7_init.tcl' is done.
20:04:03 INFO  : 'ps7_init' command is executed.
20:04:03 INFO  : 'ps7_post_config' command is executed.
20:04:03 INFO  : Context for processor 'ps7_cortexa9_0' is selected.
20:04:03 INFO  : The application '/home/anubhav/workspace/vadd_2/vitis/vadd2/Debug/vadd2.elf' is downloaded to processor 'ps7_cortexa9_0'.
20:04:03 INFO  : 'configparams force-mem-access 0' command is executed.
20:04:03 INFO  : ----------------XSDB Script----------------
connect -url tcp:127.0.0.1:3121
targets -set -nocase -filter {name =~"APU*"}
rst -system
after 3000
targets -set -filter {jtag_cable_name =~ "Xilinx TUL 1234-tulA" && level==0 && jtag_device_ctx=="jsn-TUL-1234-tulA-23727093-0"}
fpga -file /home/anubhav/workspace/vadd_2/vitis/vadd2/_ide/bitstream/vadd2.bit
targets -set -nocase -filter {name =~"APU*"}
loadhw -hw /home/anubhav/workspace/vadd_2/vitis/vadd2_platform/export/vadd2_platform/hw/vadd2.xsa -mem-ranges [list {0x40000000 0xbfffffff}] -regs
configparams force-mem-access 1
targets -set -nocase -filter {name =~"APU*"}
source /home/anubhav/workspace/vadd_2/vitis/vadd2/_ide/psinit/ps7_init.tcl
ps7_init
ps7_post_config
targets -set -nocase -filter {name =~ "*A9*#0"}
dow /home/anubhav/workspace/vadd_2/vitis/vadd2/Debug/vadd2.elf
configparams force-mem-access 0
----------------End of Script----------------

20:04:03 INFO  : Context for processor 'ps7_cortexa9_0' is selected.
20:04:03 INFO  : 'con' command is executed.
20:04:03 INFO  : ----------------XSDB Script (After Launch)----------------
targets -set -nocase -filter {name =~ "*A9*#0"}
con
----------------End of Script----------------

20:04:03 INFO  : Launch script is exported to file '/home/anubhav/workspace/vadd_2/vitis/vadd2_system/_ide/scripts/systemdebugger_vadd2_system_standalone.tcl'
20:58:58 INFO  : Hardware specification for platform project 'vadd2_platform' is updated.
20:59:20 INFO  : Result from executing command 'getProjects': vadd2_platform
20:59:20 INFO  : Result from executing command 'getPlatforms': ULTRA96V2|/opt/xilinx/platforms/ULTRA96V2/ULTRA96V2.xpfm;u96v2_sbc_base|/opt/xilinx/platforms/u96v2_sbc_base/u96v2_sbc_base.xpfm;vadd2_platform|/home/anubhav/workspace/vadd_2/vitis/vadd2_platform/export/vadd2_platform/vadd2_platform.xpfm
21:00:46 INFO  : Hardware specification for platform project 'vadd2_platform' is updated.
21:00:54 INFO  : Result from executing command 'getProjects': vadd2_platform
21:00:54 INFO  : Result from executing command 'getPlatforms': ULTRA96V2|/opt/xilinx/platforms/ULTRA96V2/ULTRA96V2.xpfm;u96v2_sbc_base|/opt/xilinx/platforms/u96v2_sbc_base/u96v2_sbc_base.xpfm;vadd2_platform|/home/anubhav/workspace/vadd_2/vitis/vadd2_platform/export/vadd2_platform/vadd2_platform.xpfm
21:01:43 INFO  : Result from executing command 'getProjects': vadd2_platform
21:01:43 INFO  : Result from executing command 'getPlatforms': ULTRA96V2|/opt/xilinx/platforms/ULTRA96V2/ULTRA96V2.xpfm;u96v2_sbc_base|/opt/xilinx/platforms/u96v2_sbc_base/u96v2_sbc_base.xpfm;vadd2_platform|/home/anubhav/workspace/vadd_2/vitis/vadd2_platform/export/vadd2_platform/vadd2_platform.xpfm
21:01:47 INFO  : Checking for BSP changes to sync application flags for project 'vadd2'...
21:01:49 INFO  : The hardware specfication used by project 'vadd2' is out of sync with the platform. Resource files extracted from the hardware specfiication will be updated.
21:01:49 INFO  : The file '/home/anubhav/workspace/vadd_2/vitis/vadd2/_ide/bitstream/vadd2.mmi' stored in project is removed.
21:01:49 INFO  : The file '/home/anubhav/workspace/vadd_2/vitis/vadd2/_ide/bitstream/vadd2.bit' stored in project is removed.
21:01:50 INFO  : The updated bitstream files are copied from platform to folder '/home/anubhav/workspace/vadd_2/vitis/vadd2/_ide/bitstream' in project 'vadd2'.
21:01:50 INFO  : The file '/home/anubhav/workspace/vadd_2/vitis/vadd2/_ide/psinit/ps7_init.tcl' stored in project is removed.
21:01:57 INFO  : The updated ps init files are copied from platform to folder '/home/anubhav/workspace/vadd_2/vitis/vadd2/_ide/psinit' in project 'vadd2'.
21:04:25 ERROR : Failed to create platform.
21:04:25 ERROR : An unexpected exception occurred in the module 'reading platform'
21:05:22 INFO  : Result from executing command 'getProjects': vadd2_platform
21:05:22 INFO  : Result from executing command 'getPlatforms': ULTRA96V2|/opt/xilinx/platforms/ULTRA96V2/ULTRA96V2.xpfm;u96v2_sbc_base|/opt/xilinx/platforms/u96v2_sbc_base/u96v2_sbc_base.xpfm
21:05:57 INFO  : Checking for BSP changes to sync application flags for project 'vadd2'...
21:06:59 INFO  : Result from executing command 'getProjects': vadd2_platform
21:06:59 INFO  : Result from executing command 'getPlatforms': ULTRA96V2|/opt/xilinx/platforms/ULTRA96V2/ULTRA96V2.xpfm;u96v2_sbc_base|/opt/xilinx/platforms/u96v2_sbc_base/u96v2_sbc_base.xpfm;vadd2_platform|/home/anubhav/workspace/vadd_2/vitis/vadd2_platform/export/vadd2_platform/vadd2_platform.xpfm
21:07:15 INFO  : Checking for BSP changes to sync application flags for project 'vadd2'...
21:07:43 INFO  : Checking for BSP changes to sync application flags for project 'vadd2'...
21:08:03 INFO  : Checking for BSP changes to sync application flags for project 'vadd2'...
21:08:20 ERROR : XSCT server calls should not be made from TCF thread.
java.lang.RuntimeException: XSCT server calls should not be made from TCF thread.
	at com.xilinx.sdk.xsdb.XSDBCommandManager.issueAndWait(XSDBCommandManager.java:391)
	at com.xilinx.sdk.xsdb.XsdbCommandUtils.executeAndRespond(XsdbCommandUtils.java:325)
	at com.xilinx.sdk.hw.internal.HwPlatform.populateDesignProps(HwPlatform.java:522)
	at com.xilinx.sdk.hw.internal.HwPlatform.isZynq(HwPlatform.java:1102)
	at com.xilinx.sdk.hw.internal.HwPlatform.getArchFamily(HwPlatform.java:588)
	at com.xilinx.sdk.tcf.internal.debug.ui.common.BaseLaunchConfigModel.readCrossTriggerModel(BaseLaunchConfigModel.java:174)
	at com.xilinx.sdk.tcf.internal.debug.ui.common.BaseLaunchConfigModel.readAndSetAttributes(BaseLaunchConfigModel.java:156)
	at com.xilinx.sdx.sdsoc.debug.ui.SdsLaunchConfigModel.newInstance(SdsLaunchConfigModel.java:104)
	at com.xilinx.sdx.sdsoc.debug.launch.SdsTcfLaunchDelegate.createConfigModel(SdsTcfLaunchDelegate.java:85)
	at com.xilinx.sdx.sdsoc.debug.launch.SdsTcfLaunchDelegate.generateReports(SdsTcfLaunchDelegate.java:634)
	at com.xilinx.sdx.sdsoc.debug.launch.SdsTcfLaunchDelegate.onDisconnected(SdsTcfLaunchDelegate.java:608)
	at org.eclipse.tcf.internal.debug.ui.model.TCFModelManager$1.onDisconnected(TCFModelManager.java:79)
	at org.eclipse.tcf.internal.debug.model.TCFLaunch.onDisconnected(TCFLaunch.java:532)
	at org.eclipse.tcf.internal.debug.model.TCFLaunch$43.onChannelClosed(TCFLaunch.java:1643)
	at org.eclipse.tcf.core.AbstractChannel$9.run(AbstractChannel.java:858)
	at org.eclipse.tcf.EventQueue.run(EventQueue.java:98)
	at java.base/java.lang.Thread.run(Thread.java:834)
21:08:20 INFO  : Disconnected from the channel tcfchan#19.
21:08:20 INFO  : Connected to target on host '127.0.0.1' and port '3121'.
21:08:20 INFO  : Jtag cable 'Xilinx TUL 1234-tulA' is selected.
21:08:20 INFO  : 'jtag frequency' command is executed.
21:08:20 INFO  : Context for 'APU' is selected.
21:08:20 INFO  : System reset is completed.
21:08:23 INFO  : 'after 3000' command is executed.
21:08:23 INFO  : 'targets -set -filter {jtag_cable_name =~ "Xilinx TUL 1234-tulA" && level==0 && jtag_device_ctx=="jsn-TUL-1234-tulA-23727093-0"}' command is executed.
21:08:26 INFO  : Device configured successfully with "/home/anubhav/workspace/vadd_2/vitis/vadd2/_ide/bitstream/vadd2.bit"
21:08:26 INFO  : Context for 'APU' is selected.
21:08:26 INFO  : Hardware design and registers information is loaded from '/home/anubhav/workspace/vadd_2/vitis/vadd2_platform/export/vadd2_platform/hw/vadd2.xsa'.
21:08:26 INFO  : 'configparams force-mem-access 1' command is executed.
21:08:26 INFO  : Context for 'APU' is selected.
21:08:26 INFO  : Sourcing of '/home/anubhav/workspace/vadd_2/vitis/vadd2/_ide/psinit/ps7_init.tcl' is done.
21:08:26 INFO  : 'ps7_init' command is executed.
21:08:26 INFO  : 'ps7_post_config' command is executed.
21:08:26 INFO  : Context for processor 'ps7_cortexa9_0' is selected.
21:08:26 INFO  : The application '/home/anubhav/workspace/vadd_2/vitis/vadd2/Debug/vadd2.elf' is downloaded to processor 'ps7_cortexa9_0'.
21:08:26 INFO  : 'configparams force-mem-access 0' command is executed.
21:08:26 INFO  : ----------------XSDB Script----------------
connect -url tcp:127.0.0.1:3121
targets -set -nocase -filter {name =~"APU*"}
rst -system
after 3000
targets -set -filter {jtag_cable_name =~ "Xilinx TUL 1234-tulA" && level==0 && jtag_device_ctx=="jsn-TUL-1234-tulA-23727093-0"}
fpga -file /home/anubhav/workspace/vadd_2/vitis/vadd2/_ide/bitstream/vadd2.bit
targets -set -nocase -filter {name =~"APU*"}
loadhw -hw /home/anubhav/workspace/vadd_2/vitis/vadd2_platform/export/vadd2_platform/hw/vadd2.xsa -mem-ranges [list {0x40000000 0xbfffffff}] -regs
configparams force-mem-access 1
targets -set -nocase -filter {name =~"APU*"}
source /home/anubhav/workspace/vadd_2/vitis/vadd2/_ide/psinit/ps7_init.tcl
ps7_init
ps7_post_config
targets -set -nocase -filter {name =~ "*A9*#0"}
dow /home/anubhav/workspace/vadd_2/vitis/vadd2/Debug/vadd2.elf
configparams force-mem-access 0
----------------End of Script----------------

21:08:26 INFO  : Context for processor 'ps7_cortexa9_0' is selected.
21:08:26 INFO  : 'con' command is executed.
21:08:26 INFO  : ----------------XSDB Script (After Launch)----------------
targets -set -nocase -filter {name =~ "*A9*#0"}
con
----------------End of Script----------------

21:08:26 INFO  : Launch script is exported to file '/home/anubhav/workspace/vadd_2/vitis/vadd2_system/_ide/scripts/systemdebugger_vadd2_system_standalone.tcl'
21:10:50 INFO  : Checking for BSP changes to sync application flags for project 'vadd2'...
21:11:18 INFO  : Checking for BSP changes to sync application flags for project 'vadd2'...
21:11:28 INFO  : Checking for BSP changes to sync application flags for project 'vadd2'...
21:11:43 INFO  : Disconnected from the channel tcfchan#30.
21:11:43 INFO  : Connected to target on host '127.0.0.1' and port '3121'.
21:11:43 INFO  : Jtag cable 'Xilinx TUL 1234-tulA' is selected.
21:11:43 INFO  : 'jtag frequency' command is executed.
21:11:43 INFO  : Context for 'APU' is selected.
21:11:43 INFO  : System reset is completed.
21:11:46 INFO  : 'after 3000' command is executed.
21:11:46 INFO  : 'targets -set -filter {jtag_cable_name =~ "Xilinx TUL 1234-tulA" && level==0 && jtag_device_ctx=="jsn-TUL-1234-tulA-23727093-0"}' command is executed.
21:11:49 INFO  : Device configured successfully with "/home/anubhav/workspace/vadd_2/vitis/vadd2/_ide/bitstream/vadd2.bit"
21:11:49 INFO  : Context for 'APU' is selected.
21:11:49 INFO  : Hardware design and registers information is loaded from '/home/anubhav/workspace/vadd_2/vitis/vadd2_platform/export/vadd2_platform/hw/vadd2.xsa'.
21:11:49 INFO  : 'configparams force-mem-access 1' command is executed.
21:11:49 INFO  : Context for 'APU' is selected.
21:11:49 INFO  : Sourcing of '/home/anubhav/workspace/vadd_2/vitis/vadd2/_ide/psinit/ps7_init.tcl' is done.
21:11:49 INFO  : 'ps7_init' command is executed.
21:11:49 INFO  : 'ps7_post_config' command is executed.
21:11:49 INFO  : Context for processor 'ps7_cortexa9_0' is selected.
21:11:49 INFO  : The application '/home/anubhav/workspace/vadd_2/vitis/vadd2/Debug/vadd2.elf' is downloaded to processor 'ps7_cortexa9_0'.
21:11:49 INFO  : 'configparams force-mem-access 0' command is executed.
21:11:49 INFO  : ----------------XSDB Script----------------
connect -url tcp:127.0.0.1:3121
targets -set -nocase -filter {name =~"APU*"}
rst -system
after 3000
targets -set -filter {jtag_cable_name =~ "Xilinx TUL 1234-tulA" && level==0 && jtag_device_ctx=="jsn-TUL-1234-tulA-23727093-0"}
fpga -file /home/anubhav/workspace/vadd_2/vitis/vadd2/_ide/bitstream/vadd2.bit
targets -set -nocase -filter {name =~"APU*"}
loadhw -hw /home/anubhav/workspace/vadd_2/vitis/vadd2_platform/export/vadd2_platform/hw/vadd2.xsa -mem-ranges [list {0x40000000 0xbfffffff}] -regs
configparams force-mem-access 1
targets -set -nocase -filter {name =~"APU*"}
source /home/anubhav/workspace/vadd_2/vitis/vadd2/_ide/psinit/ps7_init.tcl
ps7_init
ps7_post_config
targets -set -nocase -filter {name =~ "*A9*#0"}
dow /home/anubhav/workspace/vadd_2/vitis/vadd2/Debug/vadd2.elf
configparams force-mem-access 0
----------------End of Script----------------

21:11:49 INFO  : Context for processor 'ps7_cortexa9_0' is selected.
21:11:49 INFO  : 'con' command is executed.
21:11:49 INFO  : ----------------XSDB Script (After Launch)----------------
targets -set -nocase -filter {name =~ "*A9*#0"}
con
----------------End of Script----------------

21:11:49 INFO  : Launch script is exported to file '/home/anubhav/workspace/vadd_2/vitis/vadd2_system/_ide/scripts/systemdebugger_vadd2_system_standalone.tcl'
21:12:26 INFO  : Disconnected from the channel tcfchan#32.
21:12:26 INFO  : Connected to target on host '127.0.0.1' and port '3121'.
21:12:26 INFO  : Jtag cable 'Xilinx TUL 1234-tulA' is selected.
21:12:26 INFO  : 'jtag frequency' command is executed.
21:12:26 INFO  : Context for 'APU' is selected.
21:12:27 INFO  : System reset is completed.
21:12:30 INFO  : 'after 3000' command is executed.
21:12:30 INFO  : 'targets -set -filter {jtag_cable_name =~ "Xilinx TUL 1234-tulA" && level==0 && jtag_device_ctx=="jsn-TUL-1234-tulA-23727093-0"}' command is executed.
21:12:32 INFO  : Device configured successfully with "/home/anubhav/workspace/vadd_2/vitis/vadd2/_ide/bitstream/vadd2.bit"
21:12:32 INFO  : Context for 'APU' is selected.
21:12:32 INFO  : Hardware design and registers information is loaded from '/home/anubhav/workspace/vadd_2/vitis/vadd2_platform/export/vadd2_platform/hw/vadd2.xsa'.
21:12:32 INFO  : 'configparams force-mem-access 1' command is executed.
21:12:32 INFO  : Context for 'APU' is selected.
21:12:32 INFO  : Sourcing of '/home/anubhav/workspace/vadd_2/vitis/vadd2/_ide/psinit/ps7_init.tcl' is done.
21:12:32 INFO  : 'ps7_init' command is executed.
21:12:32 INFO  : 'ps7_post_config' command is executed.
21:12:32 INFO  : Context for processor 'ps7_cortexa9_0' is selected.
21:12:33 INFO  : The application '/home/anubhav/workspace/vadd_2/vitis/vadd2/Debug/vadd2.elf' is downloaded to processor 'ps7_cortexa9_0'.
21:12:33 INFO  : 'configparams force-mem-access 0' command is executed.
21:12:33 INFO  : ----------------XSDB Script----------------
connect -url tcp:127.0.0.1:3121
targets -set -nocase -filter {name =~"APU*"}
rst -system
after 3000
targets -set -filter {jtag_cable_name =~ "Xilinx TUL 1234-tulA" && level==0 && jtag_device_ctx=="jsn-TUL-1234-tulA-23727093-0"}
fpga -file /home/anubhav/workspace/vadd_2/vitis/vadd2/_ide/bitstream/vadd2.bit
targets -set -nocase -filter {name =~"APU*"}
loadhw -hw /home/anubhav/workspace/vadd_2/vitis/vadd2_platform/export/vadd2_platform/hw/vadd2.xsa -mem-ranges [list {0x40000000 0xbfffffff}] -regs
configparams force-mem-access 1
targets -set -nocase -filter {name =~"APU*"}
source /home/anubhav/workspace/vadd_2/vitis/vadd2/_ide/psinit/ps7_init.tcl
ps7_init
ps7_post_config
targets -set -nocase -filter {name =~ "*A9*#0"}
dow /home/anubhav/workspace/vadd_2/vitis/vadd2/Debug/vadd2.elf
configparams force-mem-access 0
----------------End of Script----------------

21:12:33 INFO  : Context for processor 'ps7_cortexa9_0' is selected.
21:12:33 INFO  : 'con' command is executed.
21:12:33 INFO  : ----------------XSDB Script (After Launch)----------------
targets -set -nocase -filter {name =~ "*A9*#0"}
con
----------------End of Script----------------

21:12:33 INFO  : Launch script is exported to file '/home/anubhav/workspace/vadd_2/vitis/vadd2_system/_ide/scripts/systemdebugger_vadd2_system_standalone.tcl'
21:13:28 INFO  : Checking for BSP changes to sync application flags for project 'vadd2'...
21:13:37 INFO  : Disconnected from the channel tcfchan#33.
21:13:38 INFO  : Connected to target on host '127.0.0.1' and port '3121'.
21:13:38 INFO  : Jtag cable 'Xilinx TUL 1234-tulA' is selected.
21:13:38 INFO  : 'jtag frequency' command is executed.
21:13:38 INFO  : Context for 'APU' is selected.
21:13:38 INFO  : System reset is completed.
21:13:41 INFO  : 'after 3000' command is executed.
21:13:41 INFO  : 'targets -set -filter {jtag_cable_name =~ "Xilinx TUL 1234-tulA" && level==0 && jtag_device_ctx=="jsn-TUL-1234-tulA-23727093-0"}' command is executed.
21:13:43 INFO  : Device configured successfully with "/home/anubhav/workspace/vadd_2/vitis/vadd2/_ide/bitstream/vadd2.bit"
21:13:43 INFO  : Context for 'APU' is selected.
21:13:43 INFO  : Hardware design and registers information is loaded from '/home/anubhav/workspace/vadd_2/vitis/vadd2_platform/export/vadd2_platform/hw/vadd2.xsa'.
21:13:43 INFO  : 'configparams force-mem-access 1' command is executed.
21:13:43 INFO  : Context for 'APU' is selected.
21:13:43 INFO  : Sourcing of '/home/anubhav/workspace/vadd_2/vitis/vadd2/_ide/psinit/ps7_init.tcl' is done.
21:13:44 INFO  : 'ps7_init' command is executed.
21:13:44 INFO  : 'ps7_post_config' command is executed.
21:13:44 INFO  : Context for processor 'ps7_cortexa9_0' is selected.
21:13:44 INFO  : The application '/home/anubhav/workspace/vadd_2/vitis/vadd2/Debug/vadd2.elf' is downloaded to processor 'ps7_cortexa9_0'.
21:13:44 INFO  : 'configparams force-mem-access 0' command is executed.
21:13:44 INFO  : ----------------XSDB Script----------------
connect -url tcp:127.0.0.1:3121
targets -set -nocase -filter {name =~"APU*"}
rst -system
after 3000
targets -set -filter {jtag_cable_name =~ "Xilinx TUL 1234-tulA" && level==0 && jtag_device_ctx=="jsn-TUL-1234-tulA-23727093-0"}
fpga -file /home/anubhav/workspace/vadd_2/vitis/vadd2/_ide/bitstream/vadd2.bit
targets -set -nocase -filter {name =~"APU*"}
loadhw -hw /home/anubhav/workspace/vadd_2/vitis/vadd2_platform/export/vadd2_platform/hw/vadd2.xsa -mem-ranges [list {0x40000000 0xbfffffff}] -regs
configparams force-mem-access 1
targets -set -nocase -filter {name =~"APU*"}
source /home/anubhav/workspace/vadd_2/vitis/vadd2/_ide/psinit/ps7_init.tcl
ps7_init
ps7_post_config
targets -set -nocase -filter {name =~ "*A9*#0"}
dow /home/anubhav/workspace/vadd_2/vitis/vadd2/Debug/vadd2.elf
configparams force-mem-access 0
----------------End of Script----------------

21:13:44 INFO  : Context for processor 'ps7_cortexa9_0' is selected.
21:13:44 INFO  : 'con' command is executed.
21:13:44 INFO  : ----------------XSDB Script (After Launch)----------------
targets -set -nocase -filter {name =~ "*A9*#0"}
con
----------------End of Script----------------

21:13:44 INFO  : Launch script is exported to file '/home/anubhav/workspace/vadd_2/vitis/vadd2_system/_ide/scripts/systemdebugger_vadd2_system_standalone.tcl'
01:10:56 INFO  : Launching XSCT server: xsct -n  -interactive /home/anubhav/workspace/vadd_2/vitis/temp_xsdb_launch_script.tcl
01:11:00 INFO  : XSCT server has started successfully.
01:11:00 INFO  : Successfully done setting XSCT server connection channel  
01:11:00 INFO  : plnx-install-location is set to ''
01:11:00 INFO  : Successfully done setting workspace for the tool. 
01:11:03 INFO  : Platform repository initialization has completed.
01:11:03 INFO  : Successfully done query RDI_DATADIR 
01:11:04 INFO  : Registering command handlers for Vitis TCF services
01:11:19 INFO  : Checking for BSP changes to sync application flags for project 'vadd2'...
01:11:50 INFO  : Connected to target on host '127.0.0.1' and port '3121'.
01:11:50 INFO  : Jtag cable 'Xilinx TUL 1234-tulA' is selected.
01:11:50 INFO  : 'jtag frequency' command is executed.
01:11:50 INFO  : Context for 'APU' is selected.
01:11:50 INFO  : System reset is completed.
01:11:53 INFO  : 'after 3000' command is executed.
01:11:53 INFO  : 'targets -set -filter {jtag_cable_name =~ "Xilinx TUL 1234-tulA" && level==0 && jtag_device_ctx=="jsn-TUL-1234-tulA-23727093-0"}' command is executed.
01:11:56 INFO  : Device configured successfully with "/home/anubhav/workspace/vadd_2/vitis/vadd2/_ide/bitstream/vadd2.bit"
01:11:56 INFO  : Context for 'APU' is selected.
01:11:56 INFO  : Hardware design and registers information is loaded from '/home/anubhav/workspace/vadd_2/vitis/vadd2_platform/export/vadd2_platform/hw/vadd2.xsa'.
01:11:56 INFO  : 'configparams force-mem-access 1' command is executed.
01:11:56 INFO  : Context for 'APU' is selected.
01:11:56 INFO  : Sourcing of '/home/anubhav/workspace/vadd_2/vitis/vadd2/_ide/psinit/ps7_init.tcl' is done.
01:11:56 INFO  : 'ps7_init' command is executed.
01:11:56 INFO  : 'ps7_post_config' command is executed.
01:11:56 INFO  : Context for processor 'ps7_cortexa9_0' is selected.
01:11:56 INFO  : The application '/home/anubhav/workspace/vadd_2/vitis/vadd2/Debug/vadd2.elf' is downloaded to processor 'ps7_cortexa9_0'.
01:11:56 INFO  : 'configparams force-mem-access 0' command is executed.
01:11:56 INFO  : ----------------XSDB Script----------------
connect -url tcp:127.0.0.1:3121
targets -set -nocase -filter {name =~"APU*"}
rst -system
after 3000
targets -set -filter {jtag_cable_name =~ "Xilinx TUL 1234-tulA" && level==0 && jtag_device_ctx=="jsn-TUL-1234-tulA-23727093-0"}
fpga -file /home/anubhav/workspace/vadd_2/vitis/vadd2/_ide/bitstream/vadd2.bit
targets -set -nocase -filter {name =~"APU*"}
loadhw -hw /home/anubhav/workspace/vadd_2/vitis/vadd2_platform/export/vadd2_platform/hw/vadd2.xsa -mem-ranges [list {0x40000000 0xbfffffff}] -regs
configparams force-mem-access 1
targets -set -nocase -filter {name =~"APU*"}
source /home/anubhav/workspace/vadd_2/vitis/vadd2/_ide/psinit/ps7_init.tcl
ps7_init
ps7_post_config
targets -set -nocase -filter {name =~ "*A9*#0"}
dow /home/anubhav/workspace/vadd_2/vitis/vadd2/Debug/vadd2.elf
configparams force-mem-access 0
----------------End of Script----------------

01:11:57 INFO  : Context for processor 'ps7_cortexa9_0' is selected.
01:11:57 INFO  : 'con' command is executed.
01:11:57 INFO  : ----------------XSDB Script (After Launch)----------------
targets -set -nocase -filter {name =~ "*A9*#0"}
con
----------------End of Script----------------

01:11:57 INFO  : Launch script is exported to file '/home/anubhav/workspace/vadd_2/vitis/vadd2_system/_ide/scripts/systemdebugger_vadd2_system_standalone.tcl'
01:24:08 INFO  : Disconnected from the channel tcfchan#1.
