19:29:17 INFO  : Launching XSCT server: xsct -n  -interactive /home/anubhav/workspace/dot_mul/temp_xsdb_launch_script.tcl
19:29:17 INFO  : Registering command handlers for Vitis TCF services
19:29:21 INFO  : XSCT server has started successfully.
19:29:21 INFO  : plnx-install-location is set to ''
19:29:21 INFO  : Successfully done setting XSCT server connection channel  
19:29:21 INFO  : Successfully done setting workspace for the tool. 
19:29:21 INFO  : Successfully done query RDI_DATADIR 
19:29:22 INFO  : Platform repository initialization has completed.
20:29:14 INFO  : Result from executing command 'getProjects': dot_mul
20:29:14 INFO  : Result from executing command 'getPlatforms': ULTRA96V2|/opt/xilinx/platforms/ULTRA96V2/ULTRA96V2.xpfm;u96v2_sbc_base|/opt/xilinx/platforms/u96v2_sbc_base/u96v2_sbc_base.xpfm
20:29:14 WARN  : An unexpected exception occurred in the module 'platform project logging'
20:29:14 INFO  : Platform 'dot_mul' is added to custom repositories.
20:29:24 INFO  : Platform 'dot_mul' is added to custom repositories.
03:07:11 ERROR : (XSDB Server)Hangup

11:49:53 INFO  : Launching XSCT server: xsct -n  -interactive /home/anubhav/workspace/dot_mul/temp_xsdb_launch_script.tcl
11:49:57 INFO  : XSCT server has started successfully.
11:49:57 INFO  : plnx-install-location is set to ''
11:49:57 INFO  : Successfully done setting XSCT server connection channel  
11:49:57 INFO  : Successfully done setting workspace for the tool. 
11:49:59 INFO  : Platform repository initialization has completed.
11:50:00 INFO  : Registering command handlers for Vitis TCF services
11:50:00 INFO  : Successfully done query RDI_DATADIR 
15:55:15 INFO  : Result from executing command 'getProjects': dot_mul
15:55:15 INFO  : Result from executing command 'getPlatforms': ULTRA96V2|/opt/xilinx/platforms/ULTRA96V2/ULTRA96V2.xpfm;dot_mul|/home/anubhav/workspace/dot_mul/dot_mul/export/dot_mul/dot_mul.xpfm;u96v2_sbc_base|/opt/xilinx/platforms/u96v2_sbc_base/u96v2_sbc_base.xpfm
15:55:18 INFO  : Checking for BSP changes to sync application flags for project 'dotmul'...
15:56:14 INFO  : Checking for BSP changes to sync application flags for project 'dotmul'...
15:56:53 INFO  : Checking for BSP changes to sync application flags for project 'dotmul'...
15:57:27 INFO  : Checking for BSP changes to sync application flags for project 'dotmul'...
15:59:49 INFO  : Checking for BSP changes to sync application flags for project 'dotmul'...
16:00:08 INFO  : Checking for BSP changes to sync application flags for project 'dotmul'...
16:01:12 INFO  : Checking for BSP changes to sync application flags for project 'dotmul'...
16:15:21 INFO  : Checking for BSP changes to sync application flags for project 'dotmul'...
16:15:34 INFO  : Checking for BSP changes to sync application flags for project 'dotmul'...
16:16:11 INFO  : Checking for BSP changes to sync application flags for project 'dotmul'...
16:16:27 INFO  : Checking for BSP changes to sync application flags for project 'dotmul'...
16:17:28 INFO  : Checking for BSP changes to sync application flags for project 'dotmul'...
16:34:27 INFO  : Checking for BSP changes to sync application flags for project 'dotmul'...
16:41:10 INFO  : Connected to target on host '127.0.0.1' and port '3121'.
16:41:17 INFO  : Connected to target on host '127.0.0.1' and port '3121'.
16:41:17 INFO  : 'targets -set -filter {jtag_cable_name =~ "Xilinx TUL 1234-tulA" && level==0 && jtag_device_ctx=="jsn-TUL-1234-tulA-23727093-0"}' command is executed.
16:41:19 INFO  : Device configured successfully with "/home/anubhav/workspace/dot_mul/dotmul/_ide/bitstream/dot_mul.bit"
16:41:40 INFO  : Connected to target on host '127.0.0.1' and port '3121'.
16:43:24 INFO  : Connected to target on host '127.0.0.1' and port '3121'.
16:43:24 INFO  : 'targets -set -filter {jtag_cable_name =~ "Xilinx TUL 1234-tulA" && level==0 && jtag_device_ctx=="jsn-TUL-1234-tulA-23727093-0"}' command is executed.
16:43:26 INFO  : Device configured successfully with "/home/anubhav/workspace/dot_mul/dotmul/_ide/bitstream/dot_mul.bit"
16:43:40 INFO  : Connected through redirection to target on host '127.0.0.1' and port '3121'.
16:43:40 INFO  : Jtag cable 'Xilinx TUL 1234-tulA' is selected.
16:43:40 INFO  : 'jtag frequency' command is executed.
16:43:40 INFO  : Context for 'APU' is selected.
16:43:40 INFO  : System reset is completed.
16:43:43 INFO  : 'after 3000' command is executed.
16:43:43 INFO  : 'targets -set -filter {jtag_cable_name =~ "Xilinx TUL 1234-tulA" && level==0 && jtag_device_ctx=="jsn-TUL-1234-tulA-23727093-0"}' command is executed.
16:43:46 INFO  : Device configured successfully with "/home/anubhav/workspace/dot_mul/dotmul/_ide/bitstream/dot_mul.bit"
16:43:46 INFO  : Context for 'APU' is selected.
16:43:46 INFO  : Hardware design and registers information is loaded from '/home/anubhav/workspace/dot_mul/dot_mul/export/dot_mul/hw/dot_mul.xsa'.
16:43:46 INFO  : 'configparams force-mem-access 1' command is executed.
16:43:46 INFO  : Context for 'APU' is selected.
16:43:46 INFO  : Sourcing of '/home/anubhav/workspace/dot_mul/dotmul/_ide/psinit/ps7_init.tcl' is done.
16:43:46 INFO  : 'ps7_init' command is executed.
16:43:46 INFO  : 'ps7_post_config' command is executed.
16:43:46 INFO  : Context for processor 'ps7_cortexa9_0' is selected.
16:43:47 INFO  : The application '/home/anubhav/workspace/dot_mul/dotmul/Debug/dotmul.elf' is downloaded to processor 'ps7_cortexa9_0'.
16:43:47 INFO  : 'configparams force-mem-access 0' command is executed.
16:43:47 INFO  : ----------------XSDB Script----------------
connect -path [list tcp::1534 tcp:127.0.0.1:3121]
targets -set -nocase -filter {name =~"APU*"}
rst -system
after 3000
targets -set -filter {jtag_cable_name =~ "Xilinx TUL 1234-tulA" && level==0 && jtag_device_ctx=="jsn-TUL-1234-tulA-23727093-0"}
fpga -file /home/anubhav/workspace/dot_mul/dotmul/_ide/bitstream/dot_mul.bit
targets -set -nocase -filter {name =~"APU*"}
loadhw -hw /home/anubhav/workspace/dot_mul/dot_mul/export/dot_mul/hw/dot_mul.xsa -mem-ranges [list {0x40000000 0xbfffffff}] -regs
configparams force-mem-access 1
targets -set -nocase -filter {name =~"APU*"}
source /home/anubhav/workspace/dot_mul/dotmul/_ide/psinit/ps7_init.tcl
ps7_init
ps7_post_config
targets -set -nocase -filter {name =~ "*A9*#0"}
dow /home/anubhav/workspace/dot_mul/dotmul/Debug/dotmul.elf
configparams force-mem-access 0
----------------End of Script----------------

16:43:47 INFO  : Context for processor 'ps7_cortexa9_0' is selected.
16:43:47 INFO  : 'con' command is executed.
16:43:47 INFO  : ----------------XSDB Script (After Launch)----------------
targets -set -nocase -filter {name =~ "*A9*#0"}
con
----------------End of Script----------------

16:43:47 INFO  : Launch script is exported to file '/home/anubhav/workspace/dot_mul/dotmul_system/_ide/scripts/systemdebugger_dotmul_system_standalone.tcl'
16:45:57 INFO  : Disconnected from the channel tcfchan#3.
16:45:57 INFO  : Connected through redirection to target on host '127.0.0.1' and port '3121'.
16:45:57 INFO  : Jtag cable 'Xilinx TUL 1234-tulA' is selected.
16:45:57 INFO  : 'jtag frequency' command is executed.
16:45:57 INFO  : Context for 'APU' is selected.
16:45:57 INFO  : System reset is completed.
16:46:00 INFO  : 'after 3000' command is executed.
16:46:00 INFO  : 'targets -set -filter {jtag_cable_name =~ "Xilinx TUL 1234-tulA" && level==0 && jtag_device_ctx=="jsn-TUL-1234-tulA-23727093-0"}' command is executed.
16:46:03 INFO  : Device configured successfully with "/home/anubhav/workspace/dot_mul/dotmul/_ide/bitstream/dot_mul.bit"
16:46:03 INFO  : Context for 'APU' is selected.
16:46:03 INFO  : Hardware design and registers information is loaded from '/home/anubhav/workspace/dot_mul/dot_mul/export/dot_mul/hw/dot_mul.xsa'.
16:46:03 INFO  : 'configparams force-mem-access 1' command is executed.
16:46:03 INFO  : Context for 'APU' is selected.
16:46:03 INFO  : Sourcing of '/home/anubhav/workspace/dot_mul/dotmul/_ide/psinit/ps7_init.tcl' is done.
16:46:03 INFO  : 'ps7_init' command is executed.
16:46:03 INFO  : 'ps7_post_config' command is executed.
16:46:03 INFO  : Context for processor 'ps7_cortexa9_0' is selected.
16:46:03 INFO  : The application '/home/anubhav/workspace/dot_mul/dotmul/Debug/dotmul.elf' is downloaded to processor 'ps7_cortexa9_0'.
16:46:03 INFO  : 'configparams force-mem-access 0' command is executed.
16:46:03 INFO  : ----------------XSDB Script----------------
connect -path [list tcp::1534 tcp:127.0.0.1:3121]
targets -set -nocase -filter {name =~"APU*"}
rst -system
after 3000
targets -set -filter {jtag_cable_name =~ "Xilinx TUL 1234-tulA" && level==0 && jtag_device_ctx=="jsn-TUL-1234-tulA-23727093-0"}
fpga -file /home/anubhav/workspace/dot_mul/dotmul/_ide/bitstream/dot_mul.bit
targets -set -nocase -filter {name =~"APU*"}
loadhw -hw /home/anubhav/workspace/dot_mul/dot_mul/export/dot_mul/hw/dot_mul.xsa -mem-ranges [list {0x40000000 0xbfffffff}] -regs
configparams force-mem-access 1
targets -set -nocase -filter {name =~"APU*"}
source /home/anubhav/workspace/dot_mul/dotmul/_ide/psinit/ps7_init.tcl
ps7_init
ps7_post_config
targets -set -nocase -filter {name =~ "*A9*#0"}
dow /home/anubhav/workspace/dot_mul/dotmul/Debug/dotmul.elf
configparams force-mem-access 0
----------------End of Script----------------

16:46:03 INFO  : Context for processor 'ps7_cortexa9_0' is selected.
16:46:04 INFO  : 'con' command is executed.
16:46:04 INFO  : ----------------XSDB Script (After Launch)----------------
targets -set -nocase -filter {name =~ "*A9*#0"}
con
----------------End of Script----------------

16:46:04 INFO  : Launch script is exported to file '/home/anubhav/workspace/dot_mul/dotmul_system/_ide/scripts/systemdebugger_dotmul_system_standalone.tcl'
16:47:22 INFO  : Disconnected from the channel tcfchan#4.
16:47:22 INFO  : Connected through redirection to target on host '127.0.0.1' and port '3121'.
16:47:23 INFO  : Jtag cable 'Xilinx TUL 1234-tulA' is selected.
16:47:23 INFO  : 'jtag frequency' command is executed.
16:47:23 INFO  : Context for 'APU' is selected.
16:47:23 INFO  : System reset is completed.
16:47:26 INFO  : 'after 3000' command is executed.
16:47:26 INFO  : 'targets -set -filter {jtag_cable_name =~ "Xilinx TUL 1234-tulA" && level==0 && jtag_device_ctx=="jsn-TUL-1234-tulA-23727093-0"}' command is executed.
16:47:28 INFO  : Device configured successfully with "/home/anubhav/workspace/dot_mul/dotmul/_ide/bitstream/dot_mul.bit"
16:47:28 INFO  : Context for 'APU' is selected.
16:47:28 INFO  : Hardware design and registers information is loaded from '/home/anubhav/workspace/dot_mul/dot_mul/export/dot_mul/hw/dot_mul.xsa'.
16:47:28 INFO  : 'configparams force-mem-access 1' command is executed.
16:47:28 INFO  : Context for 'APU' is selected.
16:47:28 INFO  : Sourcing of '/home/anubhav/workspace/dot_mul/dotmul/_ide/psinit/ps7_init.tcl' is done.
16:47:28 INFO  : 'ps7_init' command is executed.
16:47:28 INFO  : 'ps7_post_config' command is executed.
16:47:28 INFO  : Context for processor 'ps7_cortexa9_0' is selected.
16:47:29 INFO  : The application '/home/anubhav/workspace/dot_mul/dotmul/Debug/dotmul.elf' is downloaded to processor 'ps7_cortexa9_0'.
16:47:29 INFO  : 'configparams force-mem-access 0' command is executed.
16:47:29 INFO  : ----------------XSDB Script----------------
connect -path [list tcp::1534 tcp:127.0.0.1:3121]
targets -set -nocase -filter {name =~"APU*"}
rst -system
after 3000
targets -set -filter {jtag_cable_name =~ "Xilinx TUL 1234-tulA" && level==0 && jtag_device_ctx=="jsn-TUL-1234-tulA-23727093-0"}
fpga -file /home/anubhav/workspace/dot_mul/dotmul/_ide/bitstream/dot_mul.bit
targets -set -nocase -filter {name =~"APU*"}
loadhw -hw /home/anubhav/workspace/dot_mul/dot_mul/export/dot_mul/hw/dot_mul.xsa -mem-ranges [list {0x40000000 0xbfffffff}] -regs
configparams force-mem-access 1
targets -set -nocase -filter {name =~"APU*"}
source /home/anubhav/workspace/dot_mul/dotmul/_ide/psinit/ps7_init.tcl
ps7_init
ps7_post_config
targets -set -nocase -filter {name =~ "*A9*#0"}
dow /home/anubhav/workspace/dot_mul/dotmul/Debug/dotmul.elf
configparams force-mem-access 0
----------------End of Script----------------

16:47:29 INFO  : Context for processor 'ps7_cortexa9_0' is selected.
16:47:29 INFO  : 'con' command is executed.
16:47:29 INFO  : ----------------XSDB Script (After Launch)----------------
targets -set -nocase -filter {name =~ "*A9*#0"}
con
----------------End of Script----------------

16:47:29 INFO  : Launch script is exported to file '/home/anubhav/workspace/dot_mul/dotmul_system/_ide/scripts/systemdebugger_dotmul_system_standalone.tcl'
16:50:58 INFO  : Disconnected from the channel tcfchan#5.
16:50:58 INFO  : Connected through redirection to target on host '127.0.0.1' and port '3121'.
16:50:59 INFO  : Jtag cable 'Xilinx TUL 1234-tulA' is selected.
16:50:59 INFO  : 'jtag frequency' command is executed.
16:50:59 INFO  : Context for 'APU' is selected.
16:50:59 INFO  : System reset is completed.
16:51:02 INFO  : 'after 3000' command is executed.
16:51:02 INFO  : 'targets -set -filter {jtag_cable_name =~ "Xilinx TUL 1234-tulA" && level==0 && jtag_device_ctx=="jsn-TUL-1234-tulA-23727093-0"}' command is executed.
16:51:04 INFO  : Device configured successfully with "/home/anubhav/workspace/dot_mul/dotmul/_ide/bitstream/dot_mul.bit"
16:51:04 INFO  : Context for 'APU' is selected.
16:51:04 INFO  : Hardware design and registers information is loaded from '/home/anubhav/workspace/dot_mul/dot_mul/export/dot_mul/hw/dot_mul.xsa'.
16:51:04 INFO  : 'configparams force-mem-access 1' command is executed.
16:51:04 INFO  : Context for 'APU' is selected.
16:51:04 INFO  : Sourcing of '/home/anubhav/workspace/dot_mul/dotmul/_ide/psinit/ps7_init.tcl' is done.
16:51:04 INFO  : 'ps7_init' command is executed.
16:51:04 INFO  : 'ps7_post_config' command is executed.
16:51:04 INFO  : Context for processor 'ps7_cortexa9_0' is selected.
16:51:05 INFO  : The application '/home/anubhav/workspace/dot_mul/dotmul/Debug/dotmul.elf' is downloaded to processor 'ps7_cortexa9_0'.
16:51:05 INFO  : 'configparams force-mem-access 0' command is executed.
16:51:05 INFO  : ----------------XSDB Script----------------
connect -path [list tcp::1534 tcp:127.0.0.1:3121]
targets -set -nocase -filter {name =~"APU*"}
rst -system
after 3000
targets -set -filter {jtag_cable_name =~ "Xilinx TUL 1234-tulA" && level==0 && jtag_device_ctx=="jsn-TUL-1234-tulA-23727093-0"}
fpga -file /home/anubhav/workspace/dot_mul/dotmul/_ide/bitstream/dot_mul.bit
targets -set -nocase -filter {name =~"APU*"}
loadhw -hw /home/anubhav/workspace/dot_mul/dot_mul/export/dot_mul/hw/dot_mul.xsa -mem-ranges [list {0x40000000 0xbfffffff}] -regs
configparams force-mem-access 1
targets -set -nocase -filter {name =~"APU*"}
source /home/anubhav/workspace/dot_mul/dotmul/_ide/psinit/ps7_init.tcl
ps7_init
ps7_post_config
targets -set -nocase -filter {name =~ "*A9*#0"}
dow /home/anubhav/workspace/dot_mul/dotmul/Debug/dotmul.elf
configparams force-mem-access 0
----------------End of Script----------------

16:51:05 INFO  : Context for processor 'ps7_cortexa9_0' is selected.
16:51:05 INFO  : 'con' command is executed.
16:51:05 INFO  : ----------------XSDB Script (After Launch)----------------
targets -set -nocase -filter {name =~ "*A9*#0"}
con
----------------End of Script----------------

16:51:05 INFO  : Launch script is exported to file '/home/anubhav/workspace/dot_mul/dotmul_system/_ide/scripts/systemdebugger_dotmul_system_standalone.tcl'
20:26:27 INFO  : Disconnected from the channel tcfchan#6.
21:07:15 INFO  : Launching XSCT server: xsct -n  -interactive /home/anubhav/workspace/dot_mul/temp_xsdb_launch_script.tcl
21:07:19 INFO  : XSCT server has started successfully.
21:07:19 INFO  : plnx-install-location is set to ''
21:07:19 INFO  : Successfully done setting XSCT server connection channel  
21:07:19 INFO  : Successfully done setting workspace for the tool. 
21:07:22 INFO  : Platform repository initialization has completed.
21:07:22 INFO  : Successfully done query RDI_DATADIR 
21:07:22 INFO  : Registering command handlers for Vitis TCF services
21:08:49 INFO  : Checking for BSP changes to sync application flags for project 'dotmul'...
21:08:57 ERROR : (XSDB Server)ERROR: [Hsi 55-1571] The design file /home/anubhav/workspace/dot_mul/dot_mul/export/dot_mul/hw/dot_mul.xsa is already opened

21:09:04 ERROR : Failed to redirect connection to hardware server on host '127.0.0.1' and port '3121'.
Reason: Connection refused
21:09:04 INFO  : ----------------XSDB Script----------------
connect -path [list tcp::1534 tcp:127.0.0.1:3121]
----------------End of Script----------------

21:09:04 ERROR : Failed to redirect connection to hardware server on host '127.0.0.1' and port '3121'.
Reason: Connection refused
21:09:19 ERROR : Failed to redirect connection to hardware server on host '127.0.0.1' and port '3121'.
Reason: Connection refused
21:09:19 INFO  : ----------------XSDB Script----------------
connect -path [list tcp::1534 tcp:127.0.0.1:3121]
----------------End of Script----------------

21:09:19 ERROR : Failed to redirect connection to hardware server on host '127.0.0.1' and port '3121'.
Reason: Connection refused
21:09:27 ERROR : Failed to redirect connection to hardware server on host '127.0.0.1' and port '3121'.
Reason: Connection refused
21:09:27 INFO  : ----------------XSDB Script----------------
connect -path [list tcp::1534 tcp:127.0.0.1:3121]
----------------End of Script----------------

21:09:27 ERROR : Failed to redirect connection to hardware server on host '127.0.0.1' and port '3121'.
Reason: Connection refused
21:09:43 ERROR : Failed to redirect connection to hardware server on host '127.0.0.1' and port '3121'.
Reason: Connection refused
21:09:43 INFO  : ----------------XSDB Script----------------
connect -path [list tcp::1534 tcp:127.0.0.1:3121]
----------------End of Script----------------

21:09:43 ERROR : Failed to redirect connection to hardware server on host '127.0.0.1' and port '3121'.
Reason: Connection refused
21:09:53 ERROR : Failed to redirect connection to hardware server on host '127.0.0.1' and port '3121'.
Reason: Connection refused
21:09:53 INFO  : ----------------XSDB Script----------------
connect -path [list tcp::1534 tcp:127.0.0.1:3121]
----------------End of Script----------------

21:09:53 ERROR : Failed to redirect connection to hardware server on host '127.0.0.1' and port '3121'.
Reason: Connection refused
21:10:03 INFO  : Connected to target on host '127.0.0.1' and port '3121'.
21:10:17 INFO  : Connected through redirection to target on host '127.0.0.1' and port '3121'.
21:10:23 INFO  : Connected through redirection to target on host '127.0.0.1' and port '3121'.
21:10:38 INFO  : ----------------XSDB Script----------------
connect -path [list tcp::1534 tcp:127.0.0.1:3121]
----------------End of Script----------------

21:10:38 ERROR : Could not find ARM device on the board for connection 'Local'.
Check if the target is in:
1. Split JTAG - No operations are possible with ARM DAP.
2. Non JTAG bootmode - Bootrom may need time to enable DAP.
Please try again.


Troubleshooting hints:
1. Check whether board is connected to system properly.
2. In case of zynq board, check whether Digilent/Xilinx cable switch settings are correct.
3. If you are using Xilinx Platform Cable USB, ensure that status LED is green.
21:10:46 INFO  : Jtag cable 'Xilinx TUL 1234-tulA' is selected.
21:10:46 INFO  : 'jtag frequency' command is executed.
21:10:46 INFO  : Context for 'APU' is selected.
21:10:46 INFO  : System reset is completed.
21:10:49 INFO  : 'after 3000' command is executed.
21:10:49 INFO  : 'targets -set -filter {jtag_cable_name =~ "Xilinx TUL 1234-tulA" && level==0 && jtag_device_ctx=="jsn-TUL-1234-tulA-23727093-0"}' command is executed.
21:10:51 INFO  : Device configured successfully with "/home/anubhav/workspace/dot_mul/dotmul/_ide/bitstream/dot_mul.bit"
21:10:51 INFO  : Context for 'APU' is selected.
21:10:51 INFO  : Hardware design and registers information is loaded from '/home/anubhav/workspace/dot_mul/dot_mul/export/dot_mul/hw/dot_mul.xsa'.
21:10:51 INFO  : 'configparams force-mem-access 1' command is executed.
21:10:52 INFO  : Context for 'APU' is selected.
21:10:52 INFO  : Sourcing of '/home/anubhav/workspace/dot_mul/dotmul/_ide/psinit/ps7_init.tcl' is done.
21:10:52 INFO  : 'ps7_init' command is executed.
21:10:52 INFO  : 'ps7_post_config' command is executed.
21:10:52 INFO  : Context for processor 'ps7_cortexa9_0' is selected.
21:10:52 INFO  : The application '/home/anubhav/workspace/dot_mul/dotmul/Debug/dotmul.elf' is downloaded to processor 'ps7_cortexa9_0'.
21:10:52 INFO  : 'configparams force-mem-access 0' command is executed.
21:10:52 INFO  : ----------------XSDB Script----------------
connect -path [list tcp::1534 tcp:127.0.0.1:3121]
targets -set -nocase -filter {name =~"APU*"}
rst -system
after 3000
targets -set -filter {jtag_cable_name =~ "Xilinx TUL 1234-tulA" && level==0 && jtag_device_ctx=="jsn-TUL-1234-tulA-23727093-0"}
fpga -file /home/anubhav/workspace/dot_mul/dotmul/_ide/bitstream/dot_mul.bit
targets -set -nocase -filter {name =~"APU*"}
loadhw -hw /home/anubhav/workspace/dot_mul/dot_mul/export/dot_mul/hw/dot_mul.xsa -mem-ranges [list {0x40000000 0xbfffffff}] -regs
configparams force-mem-access 1
targets -set -nocase -filter {name =~"APU*"}
source /home/anubhav/workspace/dot_mul/dotmul/_ide/psinit/ps7_init.tcl
ps7_init
ps7_post_config
targets -set -nocase -filter {name =~ "*A9*#0"}
dow /home/anubhav/workspace/dot_mul/dotmul/Debug/dotmul.elf
configparams force-mem-access 0
----------------End of Script----------------

21:10:52 INFO  : Context for processor 'ps7_cortexa9_0' is selected.
21:10:52 INFO  : 'con' command is executed.
21:10:52 INFO  : ----------------XSDB Script (After Launch)----------------
targets -set -nocase -filter {name =~ "*A9*#0"}
con
----------------End of Script----------------

21:10:52 INFO  : Launch script is exported to file '/home/anubhav/workspace/dot_mul/dotmul_system/_ide/scripts/systemdebugger_dotmul_system_standalone.tcl'
21:10:55 INFO  : Disconnected from the channel tcfchan#8.
21:10:56 INFO  : Connected through redirection to target on host '127.0.0.1' and port '3121'.
21:10:56 INFO  : Jtag cable 'Xilinx TUL 1234-tulA' is selected.
21:10:56 INFO  : 'jtag frequency' command is executed.
21:10:56 INFO  : Context for 'APU' is selected.
21:10:57 INFO  : System reset is completed.
21:11:00 INFO  : 'after 3000' command is executed.
21:11:00 INFO  : 'targets -set -filter {jtag_cable_name =~ "Xilinx TUL 1234-tulA" && level==0 && jtag_device_ctx=="jsn-TUL-1234-tulA-23727093-0"}' command is executed.
21:11:02 INFO  : Device configured successfully with "/home/anubhav/workspace/dot_mul/dotmul/_ide/bitstream/dot_mul.bit"
21:11:02 INFO  : Context for 'APU' is selected.
21:11:04 INFO  : Hardware design and registers information is loaded from '/home/anubhav/workspace/dot_mul/dot_mul/export/dot_mul/hw/dot_mul.xsa'.
21:11:04 INFO  : 'configparams force-mem-access 1' command is executed.
21:11:04 INFO  : Context for 'APU' is selected.
21:11:04 INFO  : Sourcing of '/home/anubhav/workspace/dot_mul/dotmul/_ide/psinit/ps7_init.tcl' is done.
21:11:04 INFO  : 'ps7_init' command is executed.
21:11:04 INFO  : 'ps7_post_config' command is executed.
21:11:04 INFO  : Context for processor 'ps7_cortexa9_0' is selected.
21:11:04 INFO  : The application '/home/anubhav/workspace/dot_mul/dotmul/Debug/dotmul.elf' is downloaded to processor 'ps7_cortexa9_0'.
21:11:04 INFO  : 'configparams force-mem-access 0' command is executed.
21:11:04 INFO  : ----------------XSDB Script----------------
connect -path [list tcp::1534 tcp:127.0.0.1:3121]
targets -set -nocase -filter {name =~"APU*"}
rst -system
after 3000
targets -set -filter {jtag_cable_name =~ "Xilinx TUL 1234-tulA" && level==0 && jtag_device_ctx=="jsn-TUL-1234-tulA-23727093-0"}
fpga -file /home/anubhav/workspace/dot_mul/dotmul/_ide/bitstream/dot_mul.bit
targets -set -nocase -filter {name =~"APU*"}
loadhw -hw /home/anubhav/workspace/dot_mul/dot_mul/export/dot_mul/hw/dot_mul.xsa -mem-ranges [list {0x40000000 0xbfffffff}] -regs
configparams force-mem-access 1
targets -set -nocase -filter {name =~"APU*"}
source /home/anubhav/workspace/dot_mul/dotmul/_ide/psinit/ps7_init.tcl
ps7_init
ps7_post_config
targets -set -nocase -filter {name =~ "*A9*#0"}
dow /home/anubhav/workspace/dot_mul/dotmul/Debug/dotmul.elf
configparams force-mem-access 0
----------------End of Script----------------

21:11:04 INFO  : Context for processor 'ps7_cortexa9_0' is selected.
21:11:05 INFO  : 'con' command is executed.
21:11:05 INFO  : ----------------XSDB Script (After Launch)----------------
targets -set -nocase -filter {name =~ "*A9*#0"}
con
----------------End of Script----------------

21:11:05 INFO  : Launch script is exported to file '/home/anubhav/workspace/dot_mul/dotmul_system/_ide/scripts/systemdebugger_dotmul_system_standalone.tcl'
21:12:56 INFO  : Disconnected from the channel tcfchan#9.
