

================================================================
== Vitis HLS Report for 'conv_combined'
================================================================
* Date:           Sun Jun  5 23:07:01 2022

* Version:        2020.2 (Build 3064766 on Wed Nov 18 09:12:47 MST 2020)
* Project:        conv_combined
* Solution:       solution1 (Vivado IP Flow Target)
* Product family: zynq
* Target device:  xc7z020-clg400-1


================================================================
== Performance Estimates
================================================================
+ Timing: 
    * Summary: 
    +--------+----------+----------+------------+
    |  Clock |  Target  | Estimated| Uncertainty|
    +--------+----------+----------+------------+
    |ap_clk  |  10.00 ns|  7.300 ns|     2.70 ns|
    +--------+----------+----------+------------+

+ Latency: 
    * Summary: 
    +---------+---------+----------+----------+-----+-----+---------+
    |  Latency (cycles) |  Latency (absolute) |  Interval | Pipeline|
    |   min   |   max   |    min   |    max   | min | max |   Type  |
    +---------+---------+----------+----------+-----+-----+---------+
    |        ?|        ?|         ?|         ?|    ?|    ?|     none|
    +---------+---------+----------+----------+-----+-----+---------+

    + Detail: 
        * Instance: 
        N/A

        * Loop: 
        +------------------------------------------------------------+---------+---------+----------+-----------+-----------+-------+----------+
        |                                                            |  Latency (cycles) | Iteration|  Initiation Interval  |  Trip |          |
        |                          Loop Name                         |   min   |   max   |  Latency |  achieved |   target  | Count | Pipelined|
        +------------------------------------------------------------+---------+---------+----------+-----------+-----------+-------+----------+
        |- VITIS_LOOP_46_1_VITIS_LOOP_47_2_VITIS_LOOP_48_3           |        ?|        ?|    13 ~ ?|          -|          -|      ?|        no|
        | + VITIS_LOOP_49_4                                          |        2|        ?|         3|          1|          1|  1 ~ ?|       yes|
        |- VITIS_LOOP_59_5                                           |        2|        ?|         3|          1|          1|  1 ~ ?|       yes|
        |- VITIS_LOOP_63_6                                           |        2|        ?|         3|          1|          1|  1 ~ ?|       yes|
        |- VITIS_LOOP_71_7                                           |        1|        ?|         1|          1|          1|  1 ~ ?|       yes|
        |- VITIS_LOOP_75_8_VITIS_LOOP_77_10_VITIS_LOOP_78_11         |        ?|        ?|         ?|          -|          -|      ?|        no|
        | + VITIS_LOOP_80_12                                         |        ?|        ?|     3 ~ ?|          -|          -|      ?|        no|
        |  ++ VITIS_LOOP_81_13                                       |        2|        ?|         2|          1|          1|  1 ~ ?|       yes|
        |- VITIS_LOOP_90_14                                          |        ?|        ?|         3|          1|          1|      ?|       yes|
        |- VITIS_LOOP_97_15                                          |        2|        ?|         3|          1|          1|  1 ~ ?|       yes|
        |- VITIS_LOOP_102_16_VITIS_LOOP_103_17_VITIS_LOOP_104_18     |        ?|        ?|     8 ~ ?|          -|          -|      ?|        no|
        | + VITIS_LOOP_105_19                                        |        2|        ?|         3|          1|          1|  1 ~ ?|       yes|
        |- VITIS_LOOP_112_20_VITIS_LOOP_113_21                       |        ?|        ?|         ?|          -|          -|      ?|        no|
        | + VITIS_LOOP_114_22                                        |        ?|        ?|         ?|          -|          -|      ?|        no|
        |  ++ VITIS_LOOP_115_23_VITIS_LOOP_116_24_VITIS_LOOP_117_25  |        ?|        ?|        11|          2|          1|      ?|       yes|
        |- VITIS_LOOP_129_26_VITIS_LOOP_130_27_VITIS_LOOP_131_28     |        ?|        ?|     8 ~ ?|          -|          -|      ?|        no|
        | + VITIS_LOOP_132_29                                        |        2|        ?|         3|          1|          1|  1 ~ ?|       yes|
        |- VITIS_LOOP_140_30                                         |        2|        ?|         3|          1|          1|  1 ~ ?|       yes|
        |- VITIS_LOOP_144_31                                         |        2|        ?|         3|          1|          1|  1 ~ ?|       yes|
        +------------------------------------------------------------+---------+---------+----------+-----------+-----------+-------+----------+



================================================================
== Utilization Estimates
================================================================
* Summary: 
+-----------------+---------+-----+--------+-------+-----+
|       Name      | BRAM_18K| DSP |   FF   |  LUT  | URAM|
+-----------------+---------+-----+--------+-------+-----+
|DSP              |        -|    5|       -|      -|    -|
|Expression       |        -|    -|       0|   6107|    -|
|FIFO             |        -|    -|       -|      -|    -|
|Instance         |        2|   11|    7106|   4525|    -|
|Memory           |       36|    -|      64|     16|    -|
|Multiplexer      |        -|    -|       -|   1896|    -|
|Register         |        -|    -|    7437|     64|    -|
+-----------------+---------+-----+--------+-------+-----+
|Total            |       38|   16|   14607|  12608|    0|
+-----------------+---------+-----+--------+-------+-----+
|Available        |      280|  220|  106400|  53200|    0|
+-----------------+---------+-----+--------+-------+-----+
|Utilization (%)  |       13|    7|      13|     23|    0|
+-----------------+---------+-----+--------+-------+-----+

+ Detail: 
    * Instance: 
    +---------------------------+-----------------------+---------+----+-----+-----+-----+
    |          Instance         |         Module        | BRAM_18K| DSP|  FF | LUT | URAM|
    +---------------------------+-----------------------+---------+----+-----+-----+-----+
    |control_s_axi_U            |control_s_axi          |        0|   0|  575|  938|    0|
    |gmem_m_axi_U               |gmem_m_axi             |        2|   0|  537|  677|    0|
    |mul_31ns_32ns_63_2_1_U19   |mul_31ns_32ns_63_2_1   |        0|   0|  165|   50|    0|
    |mul_31ns_64ns_95_5_1_U2    |mul_31ns_64ns_95_5_1   |        0|   2|  441|  256|    0|
    |mul_31ns_64ns_95_5_1_U10   |mul_31ns_64ns_95_5_1   |        0|   2|  441|  256|    0|
    |mul_31s_31s_31_2_1_U3      |mul_31s_31s_31_2_1     |        0|   0|  141|   48|    0|
    |mul_31s_31s_31_2_1_U4      |mul_31s_31s_31_2_1     |        0|   0|  141|   48|    0|
    |mul_31s_31s_31_2_1_U5      |mul_31s_31s_31_2_1     |        0|   0|  141|   48|    0|
    |mul_31s_31s_31_2_1_U6      |mul_31s_31s_31_2_1     |        0|   0|  141|   48|    0|
    |mul_31s_31s_31_2_1_U11     |mul_31s_31s_31_2_1     |        0|   0|  141|   48|    0|
    |mul_31s_31s_31_2_1_U12     |mul_31s_31s_31_2_1     |        0|   0|  141|   48|    0|
    |mul_31s_31s_31_2_1_U13     |mul_31s_31s_31_2_1     |        0|   0|  141|   48|    0|
    |mul_31s_31s_31_2_1_U15     |mul_31s_31s_31_2_1     |        0|   0|  141|   48|    0|
    |mul_31s_31s_31_2_1_U16     |mul_31s_31s_31_2_1     |        0|   0|  141|   48|    0|
    |mul_31s_31s_31_2_1_U17     |mul_31s_31s_31_2_1     |        0|   0|  141|   48|    0|
    |mul_31s_31s_31_2_1_U23     |mul_31s_31s_31_2_1     |        0|   0|  141|   48|    0|
    |mul_31s_31s_31_2_1_U24     |mul_31s_31s_31_2_1     |        0|   0|  141|   48|    0|
    |mul_31s_31s_31_2_1_U25     |mul_31s_31s_31_2_1     |        0|   0|  141|   48|    0|
    |mul_31s_31s_31_2_1_U26     |mul_31s_31s_31_2_1     |        0|   0|  141|   48|    0|
    |mul_32ns_32ns_64_2_1_U1    |mul_32ns_32ns_64_2_1   |        0|   0|  165|   50|    0|
    |mul_32ns_32ns_64_2_1_U9    |mul_32ns_32ns_64_2_1   |        0|   0|  165|   50|    0|
    |mul_32ns_32ns_64_2_1_U14   |mul_32ns_32ns_64_2_1   |        0|   0|  165|   50|    0|
    |mul_32ns_32ns_64_2_1_U27   |mul_32ns_32ns_64_2_1   |        0|   0|  165|   50|    0|
    |mul_32ns_64ns_96_5_1_U18   |mul_32ns_64ns_96_5_1   |        0|   2|  441|  256|    0|
    |mul_32ns_64ns_96_5_1_U28   |mul_32ns_64ns_96_5_1   |        0|   2|  441|  256|    0|
    |mul_32ns_96ns_128_5_1_U29  |mul_32ns_96ns_128_5_1  |        0|   3|  441|  256|    0|
    |mul_32s_32s_32_2_1_U7      |mul_32s_32s_32_2_1     |        0|   0|  165|   50|    0|
    |mul_32s_32s_32_2_1_U8      |mul_32s_32s_32_2_1     |        0|   0|  165|   50|    0|
    |mul_32s_32s_32_2_1_U33     |mul_32s_32s_32_2_1     |        0|   0|  165|   50|    0|
    |mul_32s_32s_32_2_1_U36     |mul_32s_32s_32_2_1     |        0|   0|  165|   50|    0|
    |mul_32s_32s_32_2_1_U37     |mul_32s_32s_32_2_1     |        0|   0|  165|   50|    0|
    |mul_32s_32s_32_2_1_U38     |mul_32s_32s_32_2_1     |        0|   0|  165|   50|    0|
    |mul_9s_9s_9_1_1_U20        |mul_9s_9s_9_1_1        |        0|   0|    0|   51|    0|
    |mul_9s_9s_9_1_1_U21        |mul_9s_9s_9_1_1        |        0|   0|    0|   51|    0|
    |mul_9s_9s_9_1_1_U22        |mul_9s_9s_9_1_1        |        0|   0|    0|   51|    0|
    |mul_9s_9s_9_1_1_U30        |mul_9s_9s_9_1_1        |        0|   0|    0|   51|    0|
    |mul_9s_9s_9_1_1_U31        |mul_9s_9s_9_1_1        |        0|   0|    0|   51|    0|
    |mul_9s_9s_9_1_1_U32        |mul_9s_9s_9_1_1        |        0|   0|    0|   51|    0|
    |mul_9s_9s_9_1_1_U34        |mul_9s_9s_9_1_1        |        0|   0|    0|   51|    0|
    |mul_9s_9s_9_1_1_U35        |mul_9s_9s_9_1_1        |        0|   0|    0|   51|    0|
    +---------------------------+-----------------------+---------+----+-----+-----+-----+
    |Total                      |                       |        2|  11| 7106| 4525|    0|
    +---------------------------+-----------------------+---------+----+-----+-----+-----+

    * DSP: 
    +------------------------------------+--------------------------------+--------------+
    |              Instance              |             Module             |  Expression  |
    +------------------------------------+--------------------------------+--------------+
    |mac_muladd_16s_16s_29ns_29_4_1_U41  |mac_muladd_16s_16s_29ns_29_4_1  |  i0 + i1 * i2|
    |mac_muladd_16s_16s_29ns_29_4_1_U42  |mac_muladd_16s_16s_29ns_29_4_1  |  i0 + i1 * i2|
    |mac_muladd_9s_9s_9ns_9_4_1_U39      |mac_muladd_9s_9s_9ns_9_4_1      |  i0 + i1 * i2|
    |mac_muladd_9s_9s_9ns_9_4_1_U40      |mac_muladd_9s_9s_9ns_9_4_1      |  i0 * i1 + i2|
    |mac_muladd_9s_9s_9ns_9_4_1_U43      |mac_muladd_9s_9s_9ns_9_4_1      |  i0 + i1 * i2|
    +------------------------------------+--------------------------------+--------------+

    * Memory: 
    +-----------+---------+---------+----+----+-----+------+-----+------+-------------+
    |   Memory  |  Module | BRAM_18K| FF | LUT| URAM| Words| Bits| Banks| W*Bits*Banks|
    +-----------+---------+---------+----+----+-----+------+-----+------+-------------+
    |bbuf_V_U   |bbuf_V   |        0|  32|   8|    0|    32|   16|     1|          512|
    |dbbuf_V_U  |bbuf_V   |        0|  32|   8|    0|    32|   16|     1|          512|
    |dwbuf_V_U  |dwbuf_V  |       16|   0|   0|    0|  9216|   16|     1|       147456|
    |dxbuf_V_U  |dxbuf_V  |        1|   0|   0|    0|   512|   16|     1|         8192|
    |dybuf_V_U  |dybuf_V  |        1|   0|   0|    0|   512|   16|     1|         8192|
    |wbuf_V_U   |wbuf_V   |       16|   0|   0|    0|  9216|   16|     1|       147456|
    |xbuf_V_U   |xbuf_V   |        1|   0|   0|    0|   512|   16|     1|         8192|
    |ybuf_V_U   |xbuf_V   |        1|   0|   0|    0|   512|   16|     1|         8192|
    +-----------+---------+---------+----+----+-----+------+-----+------+-------------+
    |Total      |         |       36|  64|  16|    0| 20544|  128|     8|       328704|
    +-----------+---------+---------+----+----+-----+------+-----+------+-------------+

    * FIFO: 
    N/A

    * Expression: 
    +---------------------------------------+----------+----+---+-----+------------+------------+
    |             Variable Name             | Operation| DSP| FF| LUT | Bitwidth P0| Bitwidth P1|
    +---------------------------------------+----------+----+---+-----+------------+------------+
    |add_ln102_1_fu_1825_p2                 |         +|   0|  0|  102|          95|           1|
    |add_ln102_fu_1854_p2                   |         +|   0|  0|   38|          31|           1|
    |add_ln103_1_fu_2118_p2                 |         +|   0|  0|   71|          64|           1|
    |add_ln103_fu_1907_p2                   |         +|   0|  0|   39|          32|           1|
    |add_ln104_fu_2113_p2                   |         +|   0|  0|   39|          32|           1|
    |add_ln105_fu_2085_p2                   |         +|   0|  0|   38|          31|           1|
    |add_ln106_1_fu_2057_p2                 |         +|   0|  0|   37|          30|          30|
    |add_ln106_2_fu_2104_p2                 |         +|   0|  0|   17|          14|          14|
    |add_ln106_fu_1946_p2                   |         +|   0|  0|   12|          11|          11|
    |add_ln1116_fu_3448_p2                  |         +|   0|  0|   14|           9|           9|
    |add_ln1118_1_fu_2425_p2                |         +|   0|  0|   12|          11|          11|
    |add_ln1118_2_fu_2487_p2                |         +|   0|  0|    9|          30|          30|
    |add_ln1118_3_fu_2545_p2                |         +|   0|  0|    9|          14|          14|
    |add_ln1118_fu_2555_p2                  |         +|   0|  0|   14|           9|           9|
    |add_ln112_2_fu_2188_p2                 |         +|   0|  0|   38|          31|           1|
    |add_ln112_5_fu_2177_p2                 |         +|   0|  0|   70|          63|           1|
    |add_ln112_fu_2162_p2                   |         +|   0|  0|    9|          32|           1|
    |add_ln113_fu_2282_p2                   |         +|   0|  0|   39|          32|           1|
    |add_ln114_fu_2247_p2                   |         +|   0|  0|   39|          32|           1|
    |add_ln115_1_fu_2300_p2                 |         +|   0|  0|  103|          96|           1|
    |add_ln115_fu_2329_p2                   |         +|   0|  0|   39|          32|           1|
    |add_ln116_2_fu_2411_p2                 |         +|   0|  0|   71|          64|           1|
    |add_ln116_fu_2389_p2                   |         +|   0|  0|   39|          32|           1|
    |add_ln117_fu_2521_p2                   |         +|   0|  0|   39|          32|           1|
    |add_ln129_1_fu_2642_p2                 |         +|   0|  0|  102|          95|           1|
    |add_ln129_fu_2701_p2                   |         +|   0|  0|   38|          31|           1|
    |add_ln130_1_fu_2936_p2                 |         +|   0|  0|   71|          64|           1|
    |add_ln130_fu_2743_p2                   |         +|   0|  0|   39|          32|           1|
    |add_ln131_fu_2931_p2                   |         +|   0|  0|   39|          32|           1|
    |add_ln132_fu_2902_p2                   |         +|   0|  0|   38|          31|           1|
    |add_ln133_1_fu_2874_p2                 |         +|   0|  0|   37|          30|          30|
    |add_ln133_2_fu_2921_p2                 |         +|   0|  0|   17|          14|          14|
    |add_ln133_fu_2768_p2                   |         +|   0|  0|   12|          11|          11|
    |add_ln140_fu_2949_p2                   |         +|   0|  0|   38|          31|           1|
    |add_ln144_fu_2992_p2                   |         +|   0|  0|   38|          31|           1|
    |add_ln46_1_fu_1317_p2                  |         +|   0|  0|  102|          95|           1|
    |add_ln46_fu_1346_p2                    |         +|   0|  0|   38|          31|           1|
    |add_ln47_1_fu_1640_p2                  |         +|   0|  0|   71|          64|           1|
    |add_ln47_fu_1437_p2                    |         +|   0|  0|   39|          32|           1|
    |add_ln48_fu_1635_p2                    |         +|   0|  0|   39|          32|           1|
    |add_ln49_fu_1607_p2                    |         +|   0|  0|   38|          31|           1|
    |add_ln50_1_fu_1579_p2                  |         +|   0|  0|   37|          30|          30|
    |add_ln50_2_fu_1626_p2                  |         +|   0|  0|   17|          14|          14|
    |add_ln50_fu_1477_p2                    |         +|   0|  0|   12|          11|          11|
    |add_ln59_fu_1653_p2                    |         +|   0|  0|   38|          31|           1|
    |add_ln63_fu_1707_p2                    |         +|   0|  0|   38|          31|           1|
    |add_ln703_1_fu_3458_p2                 |         +|   0|  0|   23|          16|          16|
    |add_ln703_fu_2637_p2                   |         +|   0|  0|   23|          16|          16|
    |add_ln71_fu_3012_p2                    |         +|   0|  0|   38|          31|           1|
    |add_ln75_2_fu_3139_p2                  |         +|   0|  0|   38|          31|           1|
    |add_ln75_5_fu_3099_p2                  |         +|   0|  0|  135|         128|           1|
    |add_ln75_fu_3036_p2                    |         +|   0|  0|   39|          32|           1|
    |add_ln76_1_fu_3407_p2                  |         +|   0|  0|  103|          96|           1|
    |add_ln76_fu_3216_p2                    |         +|   0|  0|   39|          32|           1|
    |add_ln77_1_fu_3394_p2                  |         +|   0|  0|   71|          64|           1|
    |add_ln77_fu_3298_p2                    |         +|   0|  0|   39|          32|           1|
    |add_ln78_fu_3389_p2                    |         +|   0|  0|   39|          32|           1|
    |add_ln80_fu_3364_p2                    |         +|   0|  0|   39|          32|           1|
    |add_ln81_fu_3429_p2                    |         +|   0|  0|   38|          31|           1|
    |add_ln82_fu_3424_p2                    |         +|   0|  0|   14|           9|           9|
    |add_ln90_fu_3501_p2                    |         +|   0|  0|   39|          32|           1|
    |add_ln97_fu_1749_p2                    |         +|   0|  0|   38|          31|           1|
    |empty_54_fu_1547_p2                    |         +|   0|  0|   39|          32|          32|
    |empty_62_fu_3128_p2                    |         +|   0|  0|   14|           9|           9|
    |empty_63_fu_3384_p2                    |         +|   0|  0|    9|           9|           9|
    |empty_77_fu_1992_p2                    |         +|   0|  0|    9|          31|          31|
    |empty_78_fu_2025_p2                    |         +|   0|  0|   39|          32|          32|
    |empty_80_fu_2262_p2                    |         +|   0|  0|   14|           9|           9|
    |empty_82_fu_2315_p2                    |         +|   0|  0|    9|           9|           9|
    |empty_90_fu_2809_p2                    |         +|   0|  0|    9|          31|          31|
    |empty_91_fu_2842_p2                    |         +|   0|  0|   39|          32|          32|
    |grp_fu_1209_p2                         |         +|   0|  0|    9|          32|           1|
    |grp_fu_1219_p2                         |         +|   0|  0|   14|           9|           1|
    |grp_fu_1224_p2                         |         +|   0|  0|   14|           9|           1|
    |outH_fu_1255_p2                        |         +|   0|  0|   39|          32|           1|
    |outW_fu_1269_p2                        |         +|   0|  0|   39|          32|           1|
    |p_mid1136_fu_2478_p2                   |         +|   0|  0|    9|           9|           9|
    |p_mid1157_fu_2452_p2                   |         +|   0|  0|   14|           9|           9|
    |p_mid131_fu_3315_p2                    |         +|   0|  0|   14|           9|           9|
    |tmp11_fu_1511_p2                       |         +|   0|  0|   38|          31|          31|
    |tmp2_fu_3379_p2                        |         +|   0|  0|    9|           9|           9|
    |tmp5_fu_1988_p2                        |         +|   0|  0|    9|          31|          31|
    |tmp6_fu_2310_p2                        |         +|   0|  0|    9|           9|           9|
    |tmp6_mid1_fu_2474_p2                   |         +|   0|  0|    9|           9|           9|
    |tmp7_fu_2805_p2                        |         +|   0|  0|    9|          31|          31|
    |tmp_fu_1337_p2                         |         +|   0|  0|   38|          31|          31|
    |tmp_mid1_fu_1447_p2                    |         +|   0|  0|   38|          31|          31|
    |grp_fu_1214_p2                         |         -|   0|  0|    9|          32|          32|
    |sub_ln106_1_fu_2079_p2                 |         -|   0|  0|   17|          14|          14|
    |sub_ln106_fu_2012_p2                   |         -|   0|  0|   37|          30|          30|
    |sub_ln1118_1_fu_2540_p2                |         -|   0|  0|    9|          14|          14|
    |sub_ln1118_fu_2446_p2                  |         -|   0|  0|    9|          30|          30|
    |sub_ln112_fu_2167_p2                   |         -|   0|  0|    9|          32|          32|
    |sub_ln133_1_fu_2896_p2                 |         -|   0|  0|   17|          14|          14|
    |sub_ln133_fu_2829_p2                   |         -|   0|  0|   37|          30|          30|
    |sub_ln43_fu_1247_p2                    |         -|   0|  0|   39|          32|          32|
    |sub_ln44_fu_1261_p2                    |         -|   0|  0|   39|          32|          32|
    |sub_ln50_1_fu_1601_p2                  |         -|   0|  0|   17|          14|          14|
    |sub_ln50_fu_1534_p2                    |         -|   0|  0|   37|          30|          30|
    |sub_ln75_fu_3041_p2                    |         -|   0|  0|   39|          32|          32|
    |ap_block_pp0_stage0_11001              |       and|   0|  0|    2|           1|           1|
    |ap_block_pp11_stage0_11001             |       and|   0|  0|    2|           1|           1|
    |ap_block_pp1_stage0_11001              |       and|   0|  0|    2|           1|           1|
    |ap_block_pp2_stage0_11001              |       and|   0|  0|    2|           1|           1|
    |ap_block_pp3_stage0_11001              |       and|   0|  0|    2|           1|           1|
    |ap_block_pp4_stage0_11001              |       and|   0|  0|    2|           1|           1|
    |ap_block_pp6_stage0_11001              |       and|   0|  0|    2|           1|           1|
    |ap_block_pp7_stage0_11001              |       and|   0|  0|    2|           1|           1|
    |ap_block_pp8_stage0_11001              |       and|   0|  0|    2|           1|           1|
    |ap_block_state117_io                   |       and|   0|  0|    2|           1|           1|
    |ap_block_state11_io                    |       and|   0|  0|    2|           1|           1|
    |ap_block_state126_io                   |       and|   0|  0|    2|           1|           1|
    |ap_block_state131                      |       and|   0|  0|    2|           1|           1|
    |ap_block_state134_io                   |       and|   0|  0|    2|           1|           1|
    |ap_block_state139                      |       and|   0|  0|    2|           1|           1|
    |ap_block_state139_io                   |       and|   0|  0|    2|           1|           1|
    |ap_block_state142_io                   |       and|   0|  0|    2|           1|           1|
    |ap_block_state147                      |       and|   0|  0|    2|           1|           1|
    |ap_block_state183_io                   |       and|   0|  0|    2|           1|           1|
    |ap_block_state29_pp0_stage0_iter1      |       and|   0|  0|    2|           1|           1|
    |ap_block_state39_pp1_stage0_iter1      |       and|   0|  0|    2|           1|           1|
    |ap_block_state54_pp2_stage0_iter1      |       and|   0|  0|    2|           1|           1|
    |ap_block_state56_io                    |       and|   0|  0|    2|           1|           1|
    |ap_block_state64_pp3_stage0_iter1      |       and|   0|  0|    2|           1|           1|
    |ap_block_state88_pp4_stage0_iter1      |       and|   0|  0|    2|           1|           1|
    |ap_predicate_op434_readreq_state56     |       and|   0|  0|    2|           1|           1|
    |ap_predicate_op888_writeresp_state147  |       and|   0|  0|    2|           1|           1|
    |addr_cmp_fu_2571_p2                    |      icmp|   0|  0|   18|          32|          32|
    |cmp221442_fu_1841_p2                   |      icmp|   0|  0|   18|          32|           1|
    |grp_fu_1199_p2                         |      icmp|   0|  0|   18|          32|           1|
    |grp_fu_1204_p2                         |      icmp|   0|  0|   18|          32|           1|
    |icmp_ln102_fu_1831_p2                  |      icmp|   0|  0|   39|          95|          95|
    |icmp_ln103_fu_1836_p2                  |      icmp|   0|  0|   29|          64|          64|
    |icmp_ln104_1_fu_1896_p2                |      icmp|   0|  0|   18|          32|          32|
    |icmp_ln105_fu_2095_p2                  |      icmp|   0|  0|   18|          32|          32|
    |icmp_ln112_fu_2183_p2                  |      icmp|   0|  0|   28|          63|          63|
    |icmp_ln113_fu_2194_p2                  |      icmp|   0|  0|   18|          32|          32|
    |icmp_ln114_fu_2253_p2                  |      icmp|   0|  0|   18|          32|          32|
    |icmp_ln115_fu_2324_p2                  |      icmp|   0|  0|   39|          96|          96|
    |icmp_ln116_fu_2335_p2                  |      icmp|   0|  0|   29|          64|          64|
    |icmp_ln117_1_fu_2377_p2                |      icmp|   0|  0|   18|          32|          32|
    |icmp_ln117_fu_2172_p2                  |      icmp|   0|  0|   18|          32|           1|
    |icmp_ln129_fu_2661_p2                  |      icmp|   0|  0|   39|          95|          95|
    |icmp_ln130_fu_2666_p2                  |      icmp|   0|  0|   29|          64|          64|
    |icmp_ln131_fu_2671_p2                  |      icmp|   0|  0|   18|          32|          32|
    |icmp_ln132_fu_2912_p2                  |      icmp|   0|  0|   18|          32|          32|
    |icmp_ln140_fu_2955_p2                  |      icmp|   0|  0|   17|          31|          31|
    |icmp_ln144_fu_2998_p2                  |      icmp|   0|  0|   17|          31|          31|
    |icmp_ln46_1_fu_1328_p2                 |      icmp|   0|  0|   39|          95|          95|
    |icmp_ln46_fu_1275_p2                   |      icmp|   0|  0|   18|          32|           1|
    |icmp_ln47_fu_1352_p2                   |      icmp|   0|  0|   29|          64|          64|
    |icmp_ln48_1_fu_1426_p2                 |      icmp|   0|  0|   18|          32|          32|
    |icmp_ln49_fu_1617_p2                   |      icmp|   0|  0|   18|          32|          32|
    |icmp_ln59_fu_1659_p2                   |      icmp|   0|  0|   17|          31|          31|
    |icmp_ln63_1_fu_1713_p2                 |      icmp|   0|  0|   17|          31|          31|
    |icmp_ln63_fu_1680_p2                   |      icmp|   0|  0|   18|          32|           1|
    |icmp_ln71_fu_3022_p2                   |      icmp|   0|  0|   18|          32|          32|
    |icmp_ln75_fu_3134_p2                   |      icmp|   0|  0|   50|         128|         128|
    |icmp_ln76_fu_3145_p2                   |      icmp|   0|  0|   39|          96|          96|
    |icmp_ln77_1_fu_3196_p2                 |      icmp|   0|  0|   29|          64|          64|
    |icmp_ln77_fu_3094_p2                   |      icmp|   0|  0|   29|          64|           1|
    |icmp_ln78_1_fu_3184_p2                 |      icmp|   0|  0|   18|          32|          32|
    |icmp_ln78_fu_3046_p2                   |      icmp|   0|  0|   18|          32|          32|
    |icmp_ln80_fu_3370_p2                   |      icmp|   0|  0|   18|          32|          32|
    |icmp_ln81_fu_3439_p2                   |      icmp|   0|  0|   18|          32|          32|
    |icmp_ln90_1_fu_3507_p2                 |      icmp|   0|  0|   18|          32|          32|
    |icmp_ln90_fu_3468_p2                   |      icmp|   0|  0|   18|          32|           1|
    |icmp_ln97_fu_1755_p2                   |      icmp|   0|  0|   17|          31|          31|
    |or_ln103_fu_1913_p2                    |        or|   0|  0|    2|           1|           1|
    |or_ln116_fu_2462_p2                    |        or|   0|  0|    2|           1|           1|
    |or_ln130_fu_2683_p2                    |        or|   0|  0|    2|           1|           1|
    |or_ln47_fu_1495_p2                     |        or|   0|  0|    2|           1|           1|
    |or_ln76_fu_3222_p2                     |        or|   0|  0|    2|           1|           1|
    |or_ln77_1_fu_3343_p2                   |        or|   0|  0|    2|           1|           1|
    |or_ln77_fu_3339_p2                     |        or|   0|  0|    2|           1|           1|
    |grp_fu_3530_p0                         |    select|   0|  0|    9|           1|           9|
    |grp_fu_3553_p0                         |    select|   0|  0|    9|           1|           9|
    |lhs_2_fu_2589_p3                       |    select|   0|  0|   16|           1|          16|
    |select_ln102_1_fu_1867_p3              |    select|   0|  0|   31|           1|          31|
    |select_ln102_2_fu_1976_p3              |    select|   0|  0|   31|           1|           1|
    |select_ln102_3_fu_1890_p3              |    select|   0|  0|   10|           1|           1|
    |select_ln102_4_fu_1901_p3              |    select|   0|  0|    2|           1|           1|
    |select_ln102_fu_1860_p3                |    select|   0|  0|   32|           1|           1|
    |select_ln103_1_fu_1982_p3              |    select|   0|  0|   31|           1|          31|
    |select_ln103_2_fu_1934_p3              |    select|   0|  0|   10|           1|          10|
    |select_ln103_3_fu_1952_p3              |    select|   0|  0|   32|           1|          32|
    |select_ln103_4_fu_2124_p3              |    select|   0|  0|   64|           1|           1|
    |select_ln103_fu_1918_p3                |    select|   0|  0|   32|           1|           1|
    |select_ln112_1_fu_2200_p3              |    select|   0|  0|   31|           1|          31|
    |select_ln112_fu_2216_p3                |    select|   0|  0|   32|           1|           1|
    |select_ln115_1_fu_2417_p3              |    select|   0|  0|    9|           1|           9|
    |select_ln115_2_fu_2357_p3              |    select|   0|  0|   32|           1|          32|
    |select_ln115_3_fu_2369_p3              |    select|   0|  0|   12|           1|           1|
    |select_ln115_4_fu_2456_p3              |    select|   0|  0|    9|           1|           9|
    |select_ln115_5_fu_2382_p3              |    select|   0|  0|    2|           1|           1|
    |select_ln115_fu_2340_p3                |    select|   0|  0|   32|           1|           1|
    |select_ln116_1_fu_2403_p3              |    select|   0|  0|   12|           1|          12|
    |select_ln116_3_fu_2508_p3              |    select|   0|  0|   32|           1|          32|
    |select_ln116_4_fu_2527_p3              |    select|   0|  0|   64|           1|           1|
    |select_ln116_fu_2466_p3                |    select|   0|  0|   32|           1|           1|
    |select_ln129_1_fu_2714_p3              |    select|   0|  0|   31|           1|          31|
    |select_ln129_2_fu_2793_p3              |    select|   0|  0|   31|           1|           1|
    |select_ln129_3_fu_2737_p3              |    select|   0|  0|   10|           1|           1|
    |select_ln129_4_fu_2676_p3              |    select|   0|  0|    2|           1|           1|
    |select_ln129_fu_2707_p3                |    select|   0|  0|   32|           1|           1|
    |select_ln130_1_fu_2799_p3              |    select|   0|  0|   31|           1|          31|
    |select_ln130_2_fu_2757_p3              |    select|   0|  0|   10|           1|          10|
    |select_ln130_3_fu_2774_p3              |    select|   0|  0|   32|           1|          32|
    |select_ln130_4_fu_2942_p3              |    select|   0|  0|   64|           1|           1|
    |select_ln130_fu_2689_p3                |    select|   0|  0|   32|           1|           1|
    |select_ln46_1_fu_1388_p3               |    select|   0|  0|   31|           1|          31|
    |select_ln46_2_fu_1393_p3               |    select|   0|  0|   31|           1|          31|
    |select_ln46_3_fu_1415_p3               |    select|   0|  0|   31|           1|          31|
    |select_ln46_4_fu_1420_p3               |    select|   0|  0|   10|           1|           1|
    |select_ln46_5_fu_1431_p3               |    select|   0|  0|    2|           1|           1|
    |select_ln46_fu_1381_p3                 |    select|   0|  0|   32|           1|           1|
    |select_ln47_1_fu_1453_p3               |    select|   0|  0|   31|           1|          31|
    |select_ln47_2_fu_1465_p3               |    select|   0|  0|   10|           1|          10|
    |select_ln47_3_fu_1483_p3               |    select|   0|  0|   32|           1|          32|
    |select_ln47_4_fu_1646_p3               |    select|   0|  0|   64|           1|           1|
    |select_ln47_fu_1499_p3                 |    select|   0|  0|   32|           1|           1|
    |select_ln75_1_fu_3251_p3               |    select|   0|  0|    9|           1|           9|
    |select_ln75_2_fu_3176_p3               |    select|   0|  0|    5|           1|           5|
    |select_ln75_3_fu_3256_p3               |    select|   0|  0|    9|           1|           1|
    |select_ln75_4_fu_3262_p3               |    select|   0|  0|    9|           1|           9|
    |select_ln75_5_fu_3189_p3               |    select|   0|  0|    2|           1|           1|
    |select_ln75_6_fu_3201_p3               |    select|   0|  0|    2|           1|           1|
    |select_ln75_7_fu_3208_p3               |    select|   0|  0|   31|           1|          31|
    |select_ln75_fu_3150_p3                 |    select|   0|  0|   32|           1|           1|
    |select_ln76_1_fu_3278_p3               |    select|   0|  0|    9|           1|           9|
    |select_ln76_2_fu_3285_p3               |    select|   0|  0|    9|           1|           1|
    |select_ln76_3_fu_3291_p3               |    select|   0|  0|    9|           1|           9|
    |select_ln76_4_fu_3232_p3               |    select|   0|  0|    2|           1|           1|
    |select_ln76_5_fu_3239_p3               |    select|   0|  0|   32|           1|          32|
    |select_ln76_6_fu_3413_p3               |    select|   0|  0|   96|           1|           1|
    |select_ln76_fu_3267_p3                 |    select|   0|  0|   32|           1|           1|
    |select_ln77_1_fu_3308_p3               |    select|   0|  0|    9|           1|           9|
    |select_ln77_3_fu_3328_p3               |    select|   0|  0|   32|           1|          32|
    |select_ln77_4_fu_3400_p3               |    select|   0|  0|   64|           1|           1|
    |select_ln77_fu_3348_p3                 |    select|   0|  0|   32|           1|           1|
    |ap_enable_pp0                          |       xor|   0|  0|    2|           1|           2|
    |ap_enable_pp1                          |       xor|   0|  0|    2|           1|           2|
    |ap_enable_pp10                         |       xor|   0|  0|    2|           1|           2|
    |ap_enable_pp11                         |       xor|   0|  0|    2|           1|           2|
    |ap_enable_pp2                          |       xor|   0|  0|    2|           1|           2|
    |ap_enable_pp3                          |       xor|   0|  0|    2|           1|           2|
    |ap_enable_pp4                          |       xor|   0|  0|    2|           1|           2|
    |ap_enable_pp5                          |       xor|   0|  0|    2|           1|           2|
    |ap_enable_pp6                          |       xor|   0|  0|    2|           1|           2|
    |ap_enable_pp7                          |       xor|   0|  0|    2|           1|           2|
    |ap_enable_pp8                          |       xor|   0|  0|    2|           1|           2|
    |ap_enable_reg_pp0_iter1                |       xor|   0|  0|    2|           2|           1|
    |ap_enable_reg_pp11_iter1               |       xor|   0|  0|    2|           2|           1|
    |ap_enable_reg_pp1_iter1                |       xor|   0|  0|    2|           2|           1|
    |ap_enable_reg_pp2_iter1                |       xor|   0|  0|    2|           2|           1|
    |ap_enable_reg_pp3_iter1                |       xor|   0|  0|    2|           2|           1|
    |ap_enable_reg_pp4_iter1                |       xor|   0|  0|    2|           2|           1|
    |ap_enable_reg_pp5_iter1                |       xor|   0|  0|    2|           2|           1|
    |ap_enable_reg_pp6_iter1                |       xor|   0|  0|    2|           2|           1|
    |ap_enable_reg_pp7_iter1                |       xor|   0|  0|    2|           2|           1|
    |ap_enable_reg_pp8_iter1                |       xor|   0|  0|    2|           2|           1|
    +---------------------------------------+----------+----+---+-----+------------+------------+
    |Total                                  |          |   0|  0| 6107|        5234|        3508|
    +---------------------------------------+----------+----+---+-----+------------+------------+

    * Multiplexer: 
    +--------------------------------------------+-----+-----------+-----+-----------+
    |                    Name                    | LUT | Input Size| Bits| Total Bits|
    +--------------------------------------------+-----+-----------+-----+-----------+
    |V1_i_i_i_i_i99176_promoted514_reg_1175      |    9|          2|   16|         32|
    |V1_i_i_i_i_i99176_promoted_reg_1142         |    9|          2|   16|         32|
    |ap_NS_fsm                                   |  859|        161|    1|        161|
    |ap_enable_reg_pp0_iter1                     |    9|          2|    1|          2|
    |ap_enable_reg_pp0_iter2                     |    9|          2|    1|          2|
    |ap_enable_reg_pp10_iter1                    |    9|          2|    1|          2|
    |ap_enable_reg_pp11_iter1                    |    9|          2|    1|          2|
    |ap_enable_reg_pp11_iter2                    |    9|          2|    1|          2|
    |ap_enable_reg_pp1_iter1                     |    9|          2|    1|          2|
    |ap_enable_reg_pp1_iter2                     |    9|          2|    1|          2|
    |ap_enable_reg_pp2_iter1                     |    9|          2|    1|          2|
    |ap_enable_reg_pp2_iter2                     |    9|          2|    1|          2|
    |ap_enable_reg_pp3_iter1                     |    9|          2|    1|          2|
    |ap_enable_reg_pp3_iter2                     |    9|          2|    1|          2|
    |ap_enable_reg_pp4_iter1                     |    9|          2|    1|          2|
    |ap_enable_reg_pp4_iter2                     |    9|          2|    1|          2|
    |ap_enable_reg_pp5_iter1                     |    9|          2|    1|          2|
    |ap_enable_reg_pp5_iter5                     |    9|          2|    1|          2|
    |ap_enable_reg_pp6_iter1                     |    9|          2|    1|          2|
    |ap_enable_reg_pp6_iter2                     |    9|          2|    1|          2|
    |ap_enable_reg_pp7_iter1                     |    9|          2|    1|          2|
    |ap_enable_reg_pp7_iter2                     |    9|          2|    1|          2|
    |ap_enable_reg_pp8_iter1                     |    9|          2|    1|          2|
    |ap_enable_reg_pp8_iter2                     |    9|          2|    1|          2|
    |ap_phi_mux_c_1_phi_fu_895_p4                |    9|          2|   32|         64|
    |ap_phi_mux_fh_1_phi_fu_929_p4               |    9|          2|   32|         64|
    |ap_phi_mux_fw_1_phi_fu_940_p4               |    9|          2|   32|         64|
    |ap_phi_mux_indvar_flatten140_phi_fu_918_p4  |    9|          2|   64|        128|
    |ap_phi_mux_indvar_flatten169_phi_fu_907_p4  |    9|          2|   96|        192|
    |bbuf_V_address0                             |   14|          3|    5|         15|
    |c_1_reg_891                                 |    9|          2|   32|         64|
    |c_reg_1084                                  |    9|          2|   32|         64|
    |dbbuf_V_address0                            |   25|          5|    5|         25|
    |dbbuf_V_d0                                  |   14|          3|   16|         48|
    |dwbuf_V_address0                            |   14|          3|   14|         42|
    |dwbuf_V_address1                            |   14|          3|   14|         42|
    |dwbuf_V_d0                                  |   14|          3|   16|         48|
    |dxbuf_V_address0                            |   14|          3|    9|         27|
    |dxbuf_V_address1                            |   14|          3|    9|         27|
    |empty_65_reg_1163                           |    9|          2|   16|         32|
    |empty_79_reg_880                            |    9|          2|   16|         32|
    |f_1_reg_846                                 |    9|          2|   31|         62|
    |f_reg_1061                                  |    9|          2|   31|         62|
    |fh_1_reg_925                                |    9|          2|   32|         64|
    |fh_reg_1131                                 |    9|          2|   32|         64|
    |fw_1_reg_936                                |    9|          2|   32|         64|
    |fw_reg_1152                                 |    9|          2|   31|         62|
    |gmem_ARADDR                                 |   31|          6|   32|        192|
    |gmem_ARLEN                                  |   20|          4|   32|        128|
    |gmem_AWADDR                                 |   25|          5|   32|        160|
    |gmem_AWLEN                                  |   25|          5|   32|        160|
    |gmem_WDATA                                  |   25|          5|   16|         80|
    |gmem_blk_n_AR                               |    9|          2|    1|          2|
    |gmem_blk_n_AW                               |    9|          2|    1|          2|
    |gmem_blk_n_B                                |    9|          2|    1|          2|
    |gmem_blk_n_R                                |    9|          2|    1|          2|
    |gmem_blk_n_W                                |    9|          2|    1|          2|
    |h_1_reg_857                                 |    9|          2|   32|         64|
    |h_reg_1107                                  |    9|          2|   32|         64|
    |i_1_reg_732                                 |    9|          2|   31|         62|
    |i_2_reg_743                                 |    9|          2|   31|         62|
    |i_3_reg_1039                                |    9|          2|   31|         62|
    |i_4_reg_754                                 |    9|          2|   31|         62|
    |i_5_reg_788                                 |    9|          2|   31|         62|
    |i_6_reg_1188                                |    9|          2|   32|         64|
    |i_7_reg_971                                 |    9|          2|   31|         62|
    |i_8_reg_1017                                |    9|          2|   31|         62|
    |i_9_reg_1028                                |    9|          2|   31|         62|
    |i_reg_673                                   |    9|          2|   31|         62|
    |indvar_flatten104_reg_800                   |    9|          2|   64|        128|
    |indvar_flatten127_reg_777                   |    9|          2|   95|        190|
    |indvar_flatten140_reg_914                   |    9|          2|   64|        128|
    |indvar_flatten169_reg_903                   |    9|          2|   96|        192|
    |indvar_flatten182_reg_835                   |    9|          2|   63|        126|
    |indvar_flatten193_reg_983                   |    9|          2|   64|        128|
    |indvar_flatten216_reg_948                   |    9|          2|   95|        190|
    |indvar_flatten21_reg_662                    |    9|          2|   95|        190|
    |indvar_flatten35_reg_1095                   |    9|          2|   64|        128|
    |indvar_flatten56_reg_1072                   |    9|          2|   96|        192|
    |indvar_flatten93_reg_1050                   |    9|          2|  128|        256|
    |indvar_flatten_reg_685                      |    9|          2|   64|        128|
    |j_1_reg_765                                 |    9|          2|   32|         64|
    |j_2_reg_959                                 |    9|          2|   32|         64|
    |j_reg_697                                   |    9|          2|   32|         64|
    |k_1_reg_812                                 |    9|          2|   32|         64|
    |k_2_reg_995                                 |    9|          2|   32|         64|
    |k_reg_709                                   |    9|          2|   32|         64|
    |l_1_reg_824                                 |    9|          2|   31|         62|
    |l_2_reg_1006                                |    9|          2|   31|         62|
    |l_reg_721                                   |    9|          2|   31|         62|
    |reuse_addr_reg_fu_246                       |    9|          2|   32|         64|
    |reuse_reg_fu_250                            |    9|          2|   16|         32|
    |w_1_reg_869                                 |    9|          2|   32|         64|
    |w_reg_1119                                  |    9|          2|   32|         64|
    |wbuf_V_address0                             |   14|          3|   14|         42|
    |xbuf_V_address0                             |   20|          4|    9|         36|
    |ybuf_V_address0                             |   20|          4|    9|         36|
    |ybuf_V_d0                                   |   14|          3|   16|         48|
    +--------------------------------------------+-----+-----------+-----+-----------+
    |Total                                       | 1896|        386| 2640|       6035|
    +--------------------------------------------+-----+-----------+-----+-----------+

    * Register: 
    +----------------------------------------+-----+----+-----+-----------+
    |                  Name                  |  FF | LUT| Bits| Const Bits|
    +----------------------------------------+-----+----+-----+-----------+
    |C_read_reg_3635                         |   32|   0|   32|          0|
    |FH_read_reg_3601                        |   32|   0|   32|          0|
    |FW_read_reg_3580                        |   32|   0|   32|          0|
    |F_read_reg_3646                         |   32|   0|   32|          0|
    |H_read_reg_3626                         |   32|   0|   32|          0|
    |V1_i_i_i_i_i99176_promoted514_reg_1175  |   16|   0|   16|          0|
    |V1_i_i_i_i_i99176_promoted_reg_1142     |   16|   0|   16|          0|
    |W_read_reg_3616                         |   32|   0|   32|          0|
    |add_ln102_1_reg_4110                    |   95|   0|   95|          0|
    |add_ln106_2_reg_4221                    |   14|   0|   14|          0|
    |add_ln106_2_reg_4221_pp4_iter1_reg      |   14|   0|   14|          0|
    |add_ln106_reg_4165                      |   11|   0|   11|          0|
    |add_ln1118_3_reg_4505                   |   14|   0|   14|          0|
    |add_ln1118_reg_4521                     |    9|   0|    9|          0|
    |add_ln112_5_reg_4298                    |   63|   0|   63|          0|
    |add_ln114_reg_4355                      |   32|   0|   32|          0|
    |add_ln115_1_reg_4395                    |   96|   0|   96|          0|
    |add_ln116_2_reg_4460                    |   64|   0|   64|          0|
    |add_ln116_reg_4445                      |   32|   0|   32|          0|
    |add_ln117_reg_4495                      |   32|   0|   32|          0|
    |add_ln129_1_reg_4567                    |   95|   0|   95|          0|
    |add_ln133_reg_4629                      |   11|   0|   11|          0|
    |add_ln46_1_reg_3780                     |   95|   0|   95|          0|
    |add_ln46_reg_3805                       |   31|   0|   31|          0|
    |add_ln50_2_reg_3902                     |   14|   0|   14|          0|
    |add_ln50_2_reg_3902_pp0_iter1_reg       |   14|   0|   14|          0|
    |add_ln50_reg_3850                       |   11|   0|   11|          0|
    |add_ln75_5_reg_4833                     |  128|   0|  128|          0|
    |add_ln80_reg_4964                       |   32|   0|   32|          0|
    |add_ln82_reg_4992                       |    9|   0|    9|          0|
    |addr_cmp_reg_4542                       |    1|   0|    1|          0|
    |ap_CS_fsm                               |  160|   0|  160|          0|
    |ap_enable_reg_pp0_iter0                 |    1|   0|    1|          0|
    |ap_enable_reg_pp0_iter1                 |    1|   0|    1|          0|
    |ap_enable_reg_pp0_iter2                 |    1|   0|    1|          0|
    |ap_enable_reg_pp10_iter0                |    1|   0|    1|          0|
    |ap_enable_reg_pp10_iter1                |    1|   0|    1|          0|
    |ap_enable_reg_pp11_iter0                |    1|   0|    1|          0|
    |ap_enable_reg_pp11_iter1                |    1|   0|    1|          0|
    |ap_enable_reg_pp11_iter2                |    1|   0|    1|          0|
    |ap_enable_reg_pp1_iter0                 |    1|   0|    1|          0|
    |ap_enable_reg_pp1_iter1                 |    1|   0|    1|          0|
    |ap_enable_reg_pp1_iter2                 |    1|   0|    1|          0|
    |ap_enable_reg_pp2_iter0                 |    1|   0|    1|          0|
    |ap_enable_reg_pp2_iter1                 |    1|   0|    1|          0|
    |ap_enable_reg_pp2_iter2                 |    1|   0|    1|          0|
    |ap_enable_reg_pp3_iter0                 |    1|   0|    1|          0|
    |ap_enable_reg_pp3_iter1                 |    1|   0|    1|          0|
    |ap_enable_reg_pp3_iter2                 |    1|   0|    1|          0|
    |ap_enable_reg_pp4_iter0                 |    1|   0|    1|          0|
    |ap_enable_reg_pp4_iter1                 |    1|   0|    1|          0|
    |ap_enable_reg_pp4_iter2                 |    1|   0|    1|          0|
    |ap_enable_reg_pp5_iter0                 |    1|   0|    1|          0|
    |ap_enable_reg_pp5_iter1                 |    1|   0|    1|          0|
    |ap_enable_reg_pp5_iter2                 |    1|   0|    1|          0|
    |ap_enable_reg_pp5_iter3                 |    1|   0|    1|          0|
    |ap_enable_reg_pp5_iter4                 |    1|   0|    1|          0|
    |ap_enable_reg_pp5_iter5                 |    1|   0|    1|          0|
    |ap_enable_reg_pp6_iter0                 |    1|   0|    1|          0|
    |ap_enable_reg_pp6_iter1                 |    1|   0|    1|          0|
    |ap_enable_reg_pp6_iter2                 |    1|   0|    1|          0|
    |ap_enable_reg_pp7_iter0                 |    1|   0|    1|          0|
    |ap_enable_reg_pp7_iter1                 |    1|   0|    1|          0|
    |ap_enable_reg_pp7_iter2                 |    1|   0|    1|          0|
    |ap_enable_reg_pp8_iter0                 |    1|   0|    1|          0|
    |ap_enable_reg_pp8_iter1                 |    1|   0|    1|          0|
    |ap_enable_reg_pp8_iter2                 |    1|   0|    1|          0|
    |b_read_reg_3663                         |   32|   0|   32|          0|
    |bound109_reg_4088                       |   95|   0|   95|          0|
    |bound132_reg_4241                       |   64|   0|   64|          0|
    |bound145_reg_4283                       |   96|   0|   96|          0|
    |bound176_reg_4288                       |   63|   0|   63|          0|
    |bound26_reg_4775                        |   64|   0|   64|          0|
    |bound40_reg_4792                        |   96|   0|   96|          0|
    |bound4_reg_3770                         |   95|   0|   95|          0|
    |bound62_reg_4823                        |  128|   0|  128|          0|
    |bound98_reg_4035                        |   64|   0|   64|          0|
    |bound_reg_3729                          |   64|   0|   64|          0|
    |c_1_reg_891                             |   32|   0|   32|          0|
    |c_reg_1084                              |   32|   0|   32|          0|
    |cast97_reg_4029                         |   32|   0|   64|         32|
    |cmp134362_reg_4808                      |    1|   0|    1|          0|
    |cmp192457_reg_4078                      |    1|   0|    1|          0|
    |cmp221442_reg_4134                      |    1|   0|    1|          0|
    |cmp76492_reg_3750                       |    1|   0|    1|          0|
    |db_read_reg_3658                        |   32|   0|   32|          0|
    |dbbuf_V_addr_1_reg_4350                 |    5|   0|    5|          0|
    |dwbuf_V_addr_2_reg_4515                 |   14|   0|   14|          0|
    |dwbuf_V_load_reg_4685                   |   16|   0|   16|          0|
    |dwt_read_reg_3673                       |   32|   0|   32|          0|
    |dx_read_reg_3684                        |   32|   0|   32|          0|
    |dxbuf_V_addr_2_reg_4536                 |    9|   0|    9|          0|
    |dxbuf_V_load_reg_4739                   |   16|   0|   16|          0|
    |empty_49_reg_3765                       |   31|   0|   31|          0|
    |empty_50_reg_3789                       |   31|   0|   31|          0|
    |empty_53_reg_3877                       |   31|   0|   31|          0|
    |empty_60_reg_4838                       |    9|   0|    9|          0|
    |empty_61_reg_4843                       |    9|   0|    9|          0|
    |empty_62_reg_4853                       |    9|   0|    9|          0|
    |empty_63_reg_4972                       |    9|   0|    9|          0|
    |empty_65_reg_1163                       |   16|   0|   16|          0|
    |empty_71_reg_4064                       |   31|   0|   31|          0|
    |empty_72_reg_4082                       |   31|   0|   31|          0|
    |empty_73_reg_4115                       |   31|   0|   31|          0|
    |empty_76_reg_4191                       |   31|   0|   31|          0|
    |empty_77_reg_4196                       |   31|   0|   31|          0|
    |empty_79_reg_880                        |   16|   0|   16|          0|
    |empty_81_reg_4389                       |    9|   0|    9|          0|
    |empty_82_reg_4400                       |    9|   0|    9|          0|
    |empty_84_reg_4345                       |    9|   0|    9|          0|
    |empty_85_reg_4586                       |   31|   0|   31|          0|
    |empty_89_reg_4640                       |   31|   0|   31|          0|
    |empty_90_reg_4655                       |   31|   0|   31|          0|
    |empty_reg_3735                          |   31|   0|   31|          0|
    |f_1_reg_846                             |   31|   0|   31|          0|
    |f_reg_1061                              |   31|   0|   31|          0|
    |fh_1_reg_925                            |   32|   0|   32|          0|
    |fh_reg_1131                             |   32|   0|   32|          0|
    |fw_1_reg_936                            |   32|   0|   32|          0|
    |fw_reg_1152                             |   31|   0|   31|          0|
    |fwprop_read_reg_3576                    |    1|   0|    1|          0|
    |gmem_addr_1_read_reg_3985               |   16|   0|   16|          0|
    |gmem_addr_1_reg_3960                    |   32|   0|   32|          0|
    |gmem_addr_2_read_reg_3907               |   16|   0|   16|          0|
    |gmem_addr_2_reg_3882                    |   32|   0|   32|          0|
    |gmem_addr_3_read_reg_4019               |   16|   0|   16|          0|
    |gmem_addr_3_reg_3990                    |   32|   0|   32|          0|
    |gmem_addr_4_reg_5029                    |   32|   0|   32|          0|
    |gmem_addr_5_read_reg_4226               |   16|   0|   16|          0|
    |gmem_addr_5_reg_4201                    |   32|   0|   32|          0|
    |gmem_addr_7_reg_4660                    |   32|   0|   32|          0|
    |gmem_addr_read_reg_3936                 |   16|   0|   16|          0|
    |h_1_reg_857                             |   32|   0|   32|          0|
    |h_reg_1107                              |   32|   0|   32|          0|
    |i_1_reg_732                             |   31|   0|   31|          0|
    |i_2_reg_743                             |   31|   0|   31|          0|
    |i_3_reg_1039                            |   31|   0|   31|          0|
    |i_4_reg_754                             |   31|   0|   31|          0|
    |i_5_reg_788                             |   31|   0|   31|          0|
    |i_6_reg_1188                            |   32|   0|   32|          0|
    |i_7_reg_971                             |   31|   0|   31|          0|
    |i_8_reg_1017                            |   31|   0|   31|          0|
    |i_9_reg_1028                            |   31|   0|   31|          0|
    |i_reg_673                               |   31|   0|   31|          0|
    |icmp_ln103_reg_4123                     |    1|   0|    1|          0|
    |icmp_ln104_reg_4094                     |    1|   0|    1|          0|
    |icmp_ln105_reg_4217                     |    1|   0|    1|          0|
    |icmp_ln105_reg_4217_pp4_iter1_reg       |    1|   0|    1|          0|
    |icmp_ln113_reg_4306                     |    1|   0|    1|          0|
    |icmp_ln115_reg_4405                     |    1|   0|    1|          0|
    |icmp_ln116_reg_4409                     |    1|   0|    1|          0|
    |icmp_ln117_reg_4293                     |    1|   0|    1|          0|
    |icmp_ln129_reg_4582                     |    1|   0|    1|          0|
    |icmp_ln130_reg_4591                     |    1|   0|    1|          0|
    |icmp_ln132_reg_4676                     |    1|   0|    1|          0|
    |icmp_ln132_reg_4676_pp6_iter1_reg       |    1|   0|    1|          0|
    |icmp_ln140_reg_4705                     |    1|   0|    1|          0|
    |icmp_ln140_reg_4705_pp7_iter1_reg       |    1|   0|    1|          0|
    |icmp_ln144_reg_4730                     |    1|   0|    1|          0|
    |icmp_ln144_reg_4730_pp8_iter1_reg       |    1|   0|    1|          0|
    |icmp_ln46_1_reg_3785                    |    1|   0|    1|          0|
    |icmp_ln46_reg_3715                      |    1|   0|    1|          0|
    |icmp_ln47_reg_3811                      |    1|   0|    1|          0|
    |icmp_ln48_reg_3775                      |    1|   0|    1|          0|
    |icmp_ln49_reg_3898                      |    1|   0|    1|          0|
    |icmp_ln49_reg_3898_pp0_iter1_reg        |    1|   0|    1|          0|
    |icmp_ln59_reg_3927                      |    1|   0|    1|          0|
    |icmp_ln59_reg_3927_pp1_iter1_reg        |    1|   0|    1|          0|
    |icmp_ln63_1_reg_3976                    |    1|   0|    1|          0|
    |icmp_ln63_1_reg_3976_pp2_iter1_reg      |    1|   0|    1|          0|
    |icmp_ln63_reg_3956                      |    1|   0|    1|          0|
    |icmp_ln76_reg_4861                      |    1|   0|    1|          0|
    |icmp_ln77_reg_4828                      |    1|   0|    1|          0|
    |icmp_ln78_reg_4759                      |    1|   0|    1|          0|
    |icmp_ln81_reg_5002                      |    1|   0|    1|          0|
    |icmp_ln90_1_reg_5051                    |    1|   0|    1|          0|
    |icmp_ln90_1_reg_5051_pp11_iter1_reg     |    1|   0|    1|          0|
    |icmp_ln97_reg_4010                      |    1|   0|    1|          0|
    |icmp_ln97_reg_4010_pp3_iter1_reg        |    1|   0|    1|          0|
    |indvar_flatten104_reg_800               |   64|   0|   64|          0|
    |indvar_flatten127_reg_777               |   95|   0|   95|          0|
    |indvar_flatten140_reg_914               |   64|   0|   64|          0|
    |indvar_flatten169_reg_903               |   96|   0|   96|          0|
    |indvar_flatten182_reg_835               |   63|   0|   63|          0|
    |indvar_flatten193_reg_983               |   64|   0|   64|          0|
    |indvar_flatten216_reg_948               |   95|   0|   95|          0|
    |indvar_flatten21_reg_662                |   95|   0|   95|          0|
    |indvar_flatten35_reg_1095               |   64|   0|   64|          0|
    |indvar_flatten56_reg_1072               |   96|   0|   96|          0|
    |indvar_flatten93_reg_1050               |  128|   0|  128|          0|
    |indvar_flatten_reg_685                  |   64|   0|   64|          0|
    |j_1_reg_765                             |   32|   0|   32|          0|
    |j_2_reg_959                             |   32|   0|   32|          0|
    |j_reg_697                               |   32|   0|   32|          0|
    |k_1_reg_812                             |   32|   0|   32|          0|
    |k_2_reg_995                             |   32|   0|   32|          0|
    |k_reg_709                               |   32|   0|   32|          0|
    |l_1_reg_824                             |   31|   0|   31|          0|
    |l_2_reg_1006                            |   31|   0|   31|          0|
    |l_reg_721                               |   31|   0|   31|          0|
    |mul105_reg_3946                         |   32|   0|   32|          0|
    |mul171_reg_5021                         |   32|   0|   32|          0|
    |mul_ln102_reg_4181                      |   31|   0|   31|          0|
    |mul_ln129_reg_4645                      |   31|   0|   31|          0|
    |mul_ln47_reg_3861                       |   31|   0|   31|          0|
    |mul_ln90_1_reg_5040                     |   32|   0|   32|          0|
    |mul_ln90_reg_5035                       |   32|   0|   32|          0|
    |or_ln76_reg_4893                        |    1|   0|    1|          0|
    |outH_reg_3699                           |   32|   0|   32|          0|
    |outW_reg_3709                           |   32|   0|   32|          0|
    |p_mid1102_reg_4186                      |   31|   0|   31|          0|
    |p_mid1151_reg_4422                      |    9|   0|    9|          0|
    |p_mid1191_reg_4650                      |   31|   0|   31|          0|
    |p_mid173_reg_4870                       |    9|   0|    9|          0|
    |p_mid1_reg_3829                         |   31|   0|   31|          0|
    |r_V_reg_4378                            |   16|   0|   16|          0|
    |reg_1229                                |   32|   0|   32|          0|
    |reg_1233                                |    9|   0|    9|          0|
    |reg_1237                                |    9|   0|    9|          0|
    |reg_1241                                |   16|   0|   16|          0|
    |reuse_addr_reg_fu_246                   |   32|   0|   32|          0|
    |reuse_reg_fu_250                        |   16|   0|   16|          0|
    |select_ln102_1_reg_4143                 |   31|   0|   31|          0|
    |select_ln102_4_reg_4149                 |    1|   0|    1|          0|
    |select_ln103_3_reg_4171                 |   32|   0|   32|          0|
    |select_ln103_reg_4154                   |   32|   0|   32|          0|
    |select_ln112_1_reg_4311                 |   31|   0|   31|          0|
    |select_ln112_reg_4327                   |   32|   0|   32|          0|
    |select_ln115_2_reg_4428                 |   32|   0|   32|          0|
    |select_ln115_5_reg_4438                 |    1|   0|    1|          0|
    |select_ln115_reg_4417                   |   32|   0|   32|          0|
    |select_ln116_1_reg_4455                 |   12|   0|   12|          0|
    |select_ln116_3_reg_4480                 |   32|   0|   32|          0|
    |select_ln116_4_reg_4500                 |   64|   0|   64|          0|
    |select_ln129_1_reg_4618                 |   31|   0|   31|          0|
    |select_ln129_4_reg_4600                 |    1|   0|    1|          0|
    |select_ln130_3_reg_4635                 |   32|   0|   32|          0|
    |select_ln130_reg_4607                   |   32|   0|   32|          0|
    |select_ln46_2_reg_3835                  |   31|   0|   31|          0|
    |select_ln46_5_reg_3840                  |    1|   0|    1|          0|
    |select_ln47_1_reg_3845                  |   31|   0|   31|          0|
    |select_ln47_3_reg_3856                  |   32|   0|   32|          0|
    |select_ln47_reg_3866                    |   32|   0|   32|          0|
    |select_ln75_2_reg_4876                  |    5|   0|    5|          0|
    |select_ln75_6_reg_4881                  |    1|   0|    1|          0|
    |select_ln75_7_reg_4888                  |   31|   0|   31|          0|
    |select_ln76_1_reg_4918                  |    9|   0|    9|          0|
    |select_ln76_4_reg_4905                  |    1|   0|    1|          0|
    |select_ln76_5_reg_4913                  |   32|   0|   32|          0|
    |select_ln77_1_reg_4923                  |    9|   0|    9|          0|
    |select_ln77_3_reg_4933                  |   32|   0|   32|          0|
    |select_ln77_reg_4943                    |   32|   0|   32|          0|
    |sext_ln1118_1_reg_4383                  |   29|   0|   29|          0|
    |sub_ln106_1_reg_4207                    |   14|   0|   14|          0|
    |sub_ln112_reg_4278                      |   32|   0|   32|          0|
    |sub_ln133_1_reg_4666                    |   14|   0|   14|          0|
    |sub_ln50_1_reg_3888                     |   14|   0|   14|          0|
    |sub_ln75_reg_4752                       |   32|   0|   32|          0|
    |tmp11_reg_3872                          |   31|   0|   31|          0|
    |tmp1_reg_3941                           |   32|   0|   32|          0|
    |tmp3_reg_5016                           |   32|   0|   32|          0|
    |tmp_reg_3795                            |   31|   0|   31|          0|
    |trunc_ln102_reg_4052                    |   31|   0|   31|          0|
    |trunc_ln103_1_reg_4160                  |   31|   0|   31|          0|
    |trunc_ln104_reg_4176                    |   31|   0|   31|          0|
    |trunc_ln106_reg_4105                    |   10|   0|   10|          0|
    |trunc_ln1115_reg_4490                   |    9|   0|    9|          0|
    |trunc_ln1115_reg_4490_pp5_iter2_reg     |    9|   0|    9|          0|
    |trunc_ln1118_1_reg_4470                 |   12|   0|   12|          0|
    |trunc_ln1118_reg_4465                   |   14|   0|   14|          0|
    |trunc_ln112_1_reg_4257                  |    9|   0|    9|          0|
    |trunc_ln112_3_reg_4321                  |    5|   0|    5|          0|
    |trunc_ln112_reg_4273                    |    9|   0|    9|          0|
    |trunc_ln113_reg_4332                    |    9|   0|    9|          0|
    |trunc_ln114_reg_4363                    |    9|   0|    9|          0|
    |trunc_ln115_2_reg_4433                  |   10|   0|   10|          0|
    |trunc_ln116_1_reg_4450                  |    9|   0|    9|          0|
    |trunc_ln118_reg_4485                    |   14|   0|   14|          0|
    |trunc_ln130_1_reg_4624                  |   31|   0|   31|          0|
    |trunc_ln131_reg_4613                    |   31|   0|   31|          0|
    |trunc_ln133_reg_4577                    |   10|   0|   10|          0|
    |trunc_ln144_reg_4714                    |   31|   0|   31|          0|
    |trunc_ln43_reg_3694                     |    9|   0|    9|          0|
    |trunc_ln44_reg_3704                     |    9|   0|    9|          0|
    |trunc_ln46_1_reg_3759                   |   31|   0|   31|          0|
    |trunc_ln46_reg_3754                     |   31|   0|   31|          0|
    |trunc_ln50_reg_3800                     |   10|   0|   10|          0|
    |trunc_ln60_reg_3931                     |    5|   0|    5|          0|
    |trunc_ln60_reg_3931_pp1_iter1_reg       |    5|   0|    5|          0|
    |trunc_ln63_reg_3966                     |   31|   0|   31|          0|
    |trunc_ln64_reg_3980                     |    9|   0|    9|          0|
    |trunc_ln64_reg_3980_pp2_iter1_reg       |    9|   0|    9|          0|
    |trunc_ln75_1_reg_4817                   |    9|   0|    9|          0|
    |trunc_ln75_reg_4812                     |    9|   0|    9|          0|
    |trunc_ln76_1_reg_4900                   |    9|   0|    9|          0|
    |trunc_ln77_reg_4848                     |    9|   0|    9|          0|
    |trunc_ln78_reg_4948                     |    9|   0|    9|          0|
    |trunc_ln97_reg_3997                     |   31|   0|   31|          0|
    |trunc_ln98_reg_4014                     |    5|   0|    5|          0|
    |trunc_ln98_reg_4014_pp3_iter1_reg       |    5|   0|    5|          0|
    |w_1_reg_869                             |   32|   0|   32|          0|
    |w_reg_1119                              |   32|   0|   32|          0|
    |wt_read_reg_3679                        |   32|   0|   32|          0|
    |x_read_reg_3689                         |   32|   0|   32|          0|
    |y_read_reg_3668                         |   32|   0|   32|          0|
    |ybuf_V_addr_1_reg_4959                  |    9|   0|    9|          0|
    |ybuf_V_load_reg_5060                    |   16|   0|   16|          0|
    |zext_ln113_reg_4340                     |    5|   0|   11|          6|
    |dwbuf_V_addr_2_reg_4515                 |   64|  32|   14|          0|
    |icmp_ln115_reg_4405                     |   64|  32|    1|          0|
    +----------------------------------------+-----+----+-----+-----------+
    |Total                                   | 7437|  64| 7362|         38|
    +----------------------------------------+-----+----+-----+-----------+



================================================================
== Interface
================================================================
* Summary: 
+-----------------------+-----+-----+------------+---------------+--------------+
|       RTL Ports       | Dir | Bits|  Protocol  | Source Object |    C Type    |
+-----------------------+-----+-----+------------+---------------+--------------+
|s_axi_control_AWVALID  |   in|    1|       s_axi|        control|        scalar|
|s_axi_control_AWREADY  |  out|    1|       s_axi|        control|        scalar|
|s_axi_control_AWADDR   |   in|    8|       s_axi|        control|        scalar|
|s_axi_control_WVALID   |   in|    1|       s_axi|        control|        scalar|
|s_axi_control_WREADY   |  out|    1|       s_axi|        control|        scalar|
|s_axi_control_WDATA    |   in|   32|       s_axi|        control|        scalar|
|s_axi_control_WSTRB    |   in|    4|       s_axi|        control|        scalar|
|s_axi_control_ARVALID  |   in|    1|       s_axi|        control|        scalar|
|s_axi_control_ARREADY  |  out|    1|       s_axi|        control|        scalar|
|s_axi_control_ARADDR   |   in|    8|       s_axi|        control|        scalar|
|s_axi_control_RVALID   |  out|    1|       s_axi|        control|        scalar|
|s_axi_control_RREADY   |   in|    1|       s_axi|        control|        scalar|
|s_axi_control_RDATA    |  out|   32|       s_axi|        control|        scalar|
|s_axi_control_RRESP    |  out|    2|       s_axi|        control|        scalar|
|s_axi_control_BVALID   |  out|    1|       s_axi|        control|        scalar|
|s_axi_control_BREADY   |   in|    1|       s_axi|        control|        scalar|
|s_axi_control_BRESP    |  out|    2|       s_axi|        control|        scalar|
|ap_clk                 |   in|    1|  ap_ctrl_hs|  conv_combined|  return value|
|ap_rst_n               |   in|    1|  ap_ctrl_hs|  conv_combined|  return value|
|interrupt              |  out|    1|  ap_ctrl_hs|  conv_combined|  return value|
|m_axi_gmem_AWVALID     |  out|    1|       m_axi|           gmem|       pointer|
|m_axi_gmem_AWREADY     |   in|    1|       m_axi|           gmem|       pointer|
|m_axi_gmem_AWADDR      |  out|   32|       m_axi|           gmem|       pointer|
|m_axi_gmem_AWID        |  out|    1|       m_axi|           gmem|       pointer|
|m_axi_gmem_AWLEN       |  out|    8|       m_axi|           gmem|       pointer|
|m_axi_gmem_AWSIZE      |  out|    3|       m_axi|           gmem|       pointer|
|m_axi_gmem_AWBURST     |  out|    2|       m_axi|           gmem|       pointer|
|m_axi_gmem_AWLOCK      |  out|    2|       m_axi|           gmem|       pointer|
|m_axi_gmem_AWCACHE     |  out|    4|       m_axi|           gmem|       pointer|
|m_axi_gmem_AWPROT      |  out|    3|       m_axi|           gmem|       pointer|
|m_axi_gmem_AWQOS       |  out|    4|       m_axi|           gmem|       pointer|
|m_axi_gmem_AWREGION    |  out|    4|       m_axi|           gmem|       pointer|
|m_axi_gmem_AWUSER      |  out|    1|       m_axi|           gmem|       pointer|
|m_axi_gmem_WVALID      |  out|    1|       m_axi|           gmem|       pointer|
|m_axi_gmem_WREADY      |   in|    1|       m_axi|           gmem|       pointer|
|m_axi_gmem_WDATA       |  out|   32|       m_axi|           gmem|       pointer|
|m_axi_gmem_WSTRB       |  out|    4|       m_axi|           gmem|       pointer|
|m_axi_gmem_WLAST       |  out|    1|       m_axi|           gmem|       pointer|
|m_axi_gmem_WID         |  out|    1|       m_axi|           gmem|       pointer|
|m_axi_gmem_WUSER       |  out|    1|       m_axi|           gmem|       pointer|
|m_axi_gmem_ARVALID     |  out|    1|       m_axi|           gmem|       pointer|
|m_axi_gmem_ARREADY     |   in|    1|       m_axi|           gmem|       pointer|
|m_axi_gmem_ARADDR      |  out|   32|       m_axi|           gmem|       pointer|
|m_axi_gmem_ARID        |  out|    1|       m_axi|           gmem|       pointer|
|m_axi_gmem_ARLEN       |  out|    8|       m_axi|           gmem|       pointer|
|m_axi_gmem_ARSIZE      |  out|    3|       m_axi|           gmem|       pointer|
|m_axi_gmem_ARBURST     |  out|    2|       m_axi|           gmem|       pointer|
|m_axi_gmem_ARLOCK      |  out|    2|       m_axi|           gmem|       pointer|
|m_axi_gmem_ARCACHE     |  out|    4|       m_axi|           gmem|       pointer|
|m_axi_gmem_ARPROT      |  out|    3|       m_axi|           gmem|       pointer|
|m_axi_gmem_ARQOS       |  out|    4|       m_axi|           gmem|       pointer|
|m_axi_gmem_ARREGION    |  out|    4|       m_axi|           gmem|       pointer|
|m_axi_gmem_ARUSER      |  out|    1|       m_axi|           gmem|       pointer|
|m_axi_gmem_RVALID      |   in|    1|       m_axi|           gmem|       pointer|
|m_axi_gmem_RREADY      |  out|    1|       m_axi|           gmem|       pointer|
|m_axi_gmem_RDATA       |   in|   32|       m_axi|           gmem|       pointer|
|m_axi_gmem_RLAST       |   in|    1|       m_axi|           gmem|       pointer|
|m_axi_gmem_RID         |   in|    1|       m_axi|           gmem|       pointer|
|m_axi_gmem_RUSER       |   in|    1|       m_axi|           gmem|       pointer|
|m_axi_gmem_RRESP       |   in|    2|       m_axi|           gmem|       pointer|
|m_axi_gmem_BVALID      |   in|    1|       m_axi|           gmem|       pointer|
|m_axi_gmem_BREADY      |  out|    1|       m_axi|           gmem|       pointer|
|m_axi_gmem_BRESP       |   in|    2|       m_axi|           gmem|       pointer|
|m_axi_gmem_BID         |   in|    1|       m_axi|           gmem|       pointer|
|m_axi_gmem_BUSER       |   in|    1|       m_axi|           gmem|       pointer|
+-----------------------+-----+-----+------------+---------------+--------------+

