

================================================================
== Synthesis Summary Report of 'backward_fcc'
================================================================
+ General Information: 
    * Date:           Fri Apr 29 11:38:46 2022
    * Version:        2020.2 (Build 3064766 on Wed Nov 18 09:12:47 MST 2020)
    * Project:        backward_fcc
    * Solution:       solution1 (Vivado IP Flow Target)
    * Product family: zynq
    * Target device:  xc7z020-clg400-1
    

+ Performance & Resource Estimates: 
    
    PS: '+' for module; 'o' for loop; '*' for dataflow
    +------------------------------------+--------+-------+---------+--------+----------+---------+------+----------+----------+--------+-----------+-----------+-----+
    |               Modules              |  Issue |       | Latency | Latency| Iteration|         | Trip |          |          |        |           |           |     |
    |               & Loops              |  Type  | Slack | (cycles)|  (ns)  |  Latency | Interval| Count| Pipelined|   BRAM   |   DSP  |     FF    |    LUT    | URAM|
    +------------------------------------+--------+-------+---------+--------+----------+---------+------+----------+----------+--------+-----------+-----------+-----+
    |+ backward_fcc                      |  Timing|   0.00|        -|       -|         -|        -|     -|        no|  38 (13%)|  3 (1%)|  4581 (4%)|  5167 (9%)|    -|
    | o Loop 1                           |       -|  -7.30|        -|       -|         3|        1|     -|       yes|         -|       -|          -|          -|    -|
    | o Loop 2                           |       -|  -7.30|        -|       -|         3|        1|     -|       yes|         -|       -|          -|          -|    -|
    | o Loop 3                           |       -|  -7.30|        -|       -|         3|        1|     -|       yes|         -|       -|          -|          -|    -|
    | o Loop 4                           |       -|  -7.30|        -|       -|         3|        1|     -|       yes|         -|       -|          -|          -|    -|
    | o VITIS_LOOP_43_1                  |       -|  -7.30|        -|       -|         -|        -|     -|        no|         -|       -|          -|          -|    -|
    |  o VITIS_LOOP_44_2                 |       -|  -7.30|        -|       -|         3|        1|     -|       yes|         -|       -|          -|          -|    -|
    | o VITIS_LOOP_49_3                  |       -|  -7.30|        -|       -|         -|        -|     -|        no|         -|       -|          -|          -|    -|
    |  o VITIS_LOOP_50_4                 |       -|  -7.30|        -|       -|         3|        1|     -|       yes|         -|       -|          -|          -|    -|
    | o VITIS_LOOP_55_5_VITIS_LOOP_56_6  |       -|  -7.30|        -|       -|         8|        1|     -|       yes|         -|       -|          -|          -|    -|
    | o VITIS_LOOP_63_7                  |       -|  -7.30|        -|       -|         3|        1|     -|       yes|         -|       -|          -|          -|    -|
    | o Loop 9                           |       -|  -7.30|        -|       -|         3|        1|     -|       yes|         -|       -|          -|          -|    -|
    | o Loop 10                          |       -|  -7.30|        -|       -|         3|        1|     -|       yes|         -|       -|          -|          -|    -|
    | o Loop 11                          |       -|  -7.30|        -|       -|         3|        1|     -|       yes|         -|       -|          -|          -|    -|
    | o Loop 12                          |       -|  -7.30|        -|       -|         3|        1|     -|       yes|         -|       -|          -|          -|    -|
    | o VITIS_LOOP_73_8                  |       -|  -7.30|        -|       -|         -|        -|     -|        no|         -|       -|          -|          -|    -|
    |  o VITIS_LOOP_74_9                 |       -|  -7.30|        -|       -|         3|        1|     -|       yes|         -|       -|          -|          -|    -|
    | o VITIS_LOOP_79_10                 |       -|  -7.30|        -|       -|         -|        -|     -|        no|         -|       -|          -|          -|    -|
    |  o VITIS_LOOP_80_11                |       -|  -7.30|        -|       -|         3|        1|     -|       yes|         -|       -|          -|          -|    -|
    +------------------------------------+--------+-------+---------+--------+----------+---------+------+----------+----------+--------+-----------+-----------+-----+

