#-----------------------------------------------------------
# xsim v2020.2 (64-bit)
# SW Build 3064766 on Wed Nov 18 09:12:47 MST 2020
# IP Build 3064653 on Wed Nov 18 14:17:31 MST 2020
# Start of session at: Sat Jan 22 18:33:26 2022
# Process ID: 17698
# Current directory: /home/anubhav/workspace/ip_repo/dot_mat/solution1/sim/verilog
# Command line: xsim -mode tcl -source {xsim.dir/dot_matrix/xsim_script.tcl}
# Log file: /home/anubhav/workspace/ip_repo/dot_mat/solution1/sim/verilog/xsim.log
# Journal file: /home/anubhav/workspace/ip_repo/dot_mat/solution1/sim/verilog/xsim.jou
#-----------------------------------------------------------
source xsim.dir/dot_matrix/xsim_script.tcl
# xsim {dot_matrix} -autoloadwcfg -tclbatch {dot_matrix.tcl}
Vivado Simulator 2020.2
Time resolution is 1 ps
source dot_matrix.tcl
## run all
////////////////////////////////////////////////////////////////////////////////////
// Inter-Transaction Progress: Completed Transaction / Total Transaction
// Intra-Transaction Progress: Measured Latency / Latency Estimation * 100%
//
// RTL Simulation : "Inter-Transaction Progress" ["Intra-Transaction Progress"] @ "Simulation Time"
////////////////////////////////////////////////////////////////////////////////////
// RTL Simulation : 0 / 1 [0.00%] @ "125000"
// RTL Simulation : 1 / 1 [100.00%] @ "3365000"
////////////////////////////////////////////////////////////////////////////////////
$finish called at time : 3405 ns : File "/home/anubhav/workspace/ip_repo/dot_mat/solution1/sim/verilog/dot_matrix.autotb.v" Line 434
## quit
INFO: [Common 17-206] Exiting xsim at Sat Jan 22 18:33:36 2022...
