INFO-FLOW: Workspace /home/anubhav/workspace/mvp/solution1 opened at Sat Oct 02 11:51:36 IST 2021
Execute     ap_set_clock -name default -period 10 -default=false 
INFO: [SYN 201-201] Setting up clock 'default' with a period of 10ns.
Execute     ap_set_clock -name default -uncertainty 0.5 
INFO: [SYN 201-201] Setting up clock 'default' with an uncertainty of 0.5ns.
Execute     set_part xc7z010-clg400-2 
Execute       create_platform xc7z010-clg400-2 -board  
DBG:HLSDevice: Trying to load device library: /tools/Xilinx/Vitis_HLS/2021.1/lib/lnx64.o/librdi_hlsvwrap.so
DBG:HLSDevice: first parts/arch.xml in RDI_DATADIR: /tools/Xilinx/Vivado/2021.1/data/parts/arch.xml
DBG:HLSDevice: init success
Execute         source /tools/Xilinx/Vitis_HLS/2021.1/common/technology/xilinx/DSP48/dsp48.hlp 
Execute         source /tools/Xilinx/Vitis_HLS/2021.1/common/technology/xilinx/DSP48/zynq_dsp48e1.hlp 
INFO: [HLS 200-1611] Setting target device to 'xc7z010-clg400-2'
Command       create_platform done; 1.54 sec.
Execute       source /tools/Xilinx/Vitis_HLS/2021.1/common/technology/xilinx/common/xilinx.gen 
Execute         source /tools/Xilinx/Vitis_HLS/2021.1/common/technology/xilinx/interface/plb46.gen 
Execute         source /tools/Xilinx/Vitis_HLS/2021.1/common/technology/xilinx/interface/axi4.gen 
Execute         source /tools/Xilinx/Vitis_HLS/2021.1/common/technology/xilinx/interface/nativeAXI4.gen 
Execute           source /tools/Xilinx/Vitis_HLS/2021.1/common/technology/xilinx/interface/saxilite.gen 
Execute           source /tools/Xilinx/Vitis_HLS/2021.1/common/technology/xilinx/interface/maxi.gen 
Execute         source /tools/Xilinx/Vitis_HLS/2021.1/common/technology/xilinx/scripts/xilinxcoregen.gen 
Execute         source /tools/Xilinx/Vitis_HLS/2021.1/common/technology/xilinx/interface/XilEDKCoreGen.gen 
Execute         source /tools/Xilinx/Vitis_HLS/2021.1/common/technology/xilinx/ip/dds_compiler.gen 
Execute         source /tools/Xilinx/Vitis_HLS/2021.1/common/technology/xilinx/ip/xfir.gen 
Execute         source /tools/Xilinx/Vitis_HLS/2021.1/common/technology/xilinx/ip/util.gen 
Execute         source /tools/Xilinx/Vitis_HLS/2021.1/common/technology/xilinx/ip/xfft.gen 
Execute         source /tools/Xilinx/Vitis_HLS/2021.1/common/technology/xilinx/DSP48/dsp48.gen 
Command       ap_source done; 0.12 sec.
Execute       ap_part_info -name xc7z010-clg400-2 -data info 
Execute       config_compile -quiet -complex-mul-dsp=0 
Command     set_part done; 1.68 sec.
Execute     send_msg_by_id INFO @200-1505@%s%s  vivado 
INFO: [HLS 200-1505] Using flow_target 'vivado'
Execute     get_config_interface -m_axi_latency 
Execute     get_config_interface -m_axi_alignment_byte_size 
Execute     get_config_interface -m_axi_max_widen_bitwidth 
Execute     get_config_interface -default_interface 
Execute     get_config_rtl -register_reset_num 
Execute     send_msg_by_id INFO @200-1464@%s config_export -format=ip_catalog 
INFO: [HLS 200-1464] Running solution command: config_export -format=ip_catalog
Execute     config_export -format=ip_catalog 
Execute     send_msg_by_id INFO @200-1464@%s config_export -rtl=verilog 
INFO: [HLS 200-1464] Running solution command: config_export -rtl=verilog
Execute     config_export -rtl=verilog 
Command   open_solution done; 1.7 sec.
Execute   set_part xc7z010clg400-2 
INFO: [HLS 200-1510] Running: set_part xc7z010clg400-2 
Execute     create_platform xc7z010clg400-2 -board  
Execute       source /tools/Xilinx/Vitis_HLS/2021.1/common/technology/xilinx/DSP48/dsp48.hlp 
Execute       source /tools/Xilinx/Vitis_HLS/2021.1/common/technology/xilinx/DSP48/zynq_dsp48e1.hlp 
Execute     source /tools/Xilinx/Vitis_HLS/2021.1/common/technology/xilinx/common/xilinx.gen 
Execute       source /tools/Xilinx/Vitis_HLS/2021.1/common/technology/xilinx/interface/plb46.gen 
Execute       source /tools/Xilinx/Vitis_HLS/2021.1/common/technology/xilinx/interface/axi4.gen 
Execute       source /tools/Xilinx/Vitis_HLS/2021.1/common/technology/xilinx/interface/nativeAXI4.gen 
Execute         source /tools/Xilinx/Vitis_HLS/2021.1/common/technology/xilinx/interface/saxilite.gen 
Execute         source /tools/Xilinx/Vitis_HLS/2021.1/common/technology/xilinx/interface/maxi.gen 
Execute       source /tools/Xilinx/Vitis_HLS/2021.1/common/technology/xilinx/scripts/xilinxcoregen.gen 
Execute       source /tools/Xilinx/Vitis_HLS/2021.1/common/technology/xilinx/interface/XilEDKCoreGen.gen 
Execute       source /tools/Xilinx/Vitis_HLS/2021.1/common/technology/xilinx/ip/dds_compiler.gen 
Execute       source /tools/Xilinx/Vitis_HLS/2021.1/common/technology/xilinx/ip/xfir.gen 
Execute       source /tools/Xilinx/Vitis_HLS/2021.1/common/technology/xilinx/ip/util.gen 
Execute       source /tools/Xilinx/Vitis_HLS/2021.1/common/technology/xilinx/ip/xfft.gen 
Execute       source /tools/Xilinx/Vitis_HLS/2021.1/common/technology/xilinx/DSP48/dsp48.gen 
Command     ap_source done; 0.11 sec.
Execute     ap_part_info -name xc7z010-clg400-2 -data info 
Execute     config_compile -quiet -complex-mul-dsp=0 
Command   set_part done; 0.13 sec.
Execute   create_clock -period 10 -name default 
INFO: [HLS 200-1510] Running: create_clock -period 10 -name default 
Execute   config_export -format ip_catalog -rtl verilog 
INFO: [HLS 200-1510] Running: config_export -format ip_catalog -rtl verilog 
Execute   set_clock_uncertainty 0.5 
INFO: [HLS 200-1510] Running: set_clock_uncertainty 0.5 
Execute   csynth_design 
INFO: [HLS 200-1510] Running: csynth_design 
Execute     get_config_compile -effort 
Execute     get_config_compile -enable_clang39 
Execute     get_config_compile -g 
Execute     get_config_compile -hw_syn 
Execute     get_config_compile -ng 
Execute     get_config_compile -opt_fp 
Execute     get_config_compile -skip_cdt 
Execute     get_config_compile -skip_syncheck 
Execute     get_config_compile -skip_transform 
Execute     get_config_compile -pre_tcl 
Execute     get_config_compile -keep_printf 
Execute     elaborate -effort=medium -skip_syncheck=0 -keep_printf=0 -skip_cdt=0 -skip_transform=0 -ng=0 -g=0 -opt_fp=0 -from_csynth_design=1 
INFO: [HLS 200-111] Finished File checks and directory preparation: CPU user time: 0.01 seconds. CPU system time: 0 seconds. Elapsed time: 0 seconds; current allocated memory: 201.464 MB.
INFO: [HLS 200-10] Analyzing design file 'hello.cpp' ... 
INFO-FLOW: Compiling one TU...
Execute       get_config_compile -pragma_strict_mode 
INFO-FLOW: Handling hello.cpp as C++
Execute       ap_part_info -name xc7z010-clg400-2 -data info 
INFO-FLOW: Running: GCC PP 39
INFO-FLOW: Source preprocessing
Execute       ap_eval exec -ignorestderr /tools/Xilinx/Vitis_HLS/2021.1/lnx64/tools/clang-3.9-csynth/bin/clang hello.cpp -foptimization-record-file=/home/anubhav/workspace/mvp/solution1/.autopilot/db/clang.hello.cpp.diag.yml -mllvm -pass-remarks-missed=reflow|pasta|unroll -mllvm -pass-remarks=reflow|pasta|unroll|inline -fno-limit-debug-info -gcc-toolchain /tools/Xilinx/Vitis_HLS/2021.1/tps/lnx64/gcc-6.2.0 -fhls -fno-exceptions -E -fno-math-errno -c -emit-llvm -mllvm -disable-llvm-optzns -Werror=implicit-function-declaration -Werror=implicit-hls-streams -Werror=return-type -Wpragmas -Wunused-parameter -fno-threadsafe-statics -fno-use-cxa-atexit -std=gnu++14 -target fpga64-xilinx-linux-gnu -fno-threadsafe-statics -fno-use-cxa-atexit -I /tools/Xilinx/Vitis_HLS/2021.1/common/technology/autopilot/39 -D__VITIS_HLS__ -DAESL_SYN -D__SYNTHESIS__ -D__HLS_SYN__ -I /tools/Xilinx/Vitis_HLS/2021.1/common/technology/autopilot -I /tools/Xilinx/Vitis_HLS/2021.1/common/technology/autopilot/ap_sysc -include etc/autopilot_ssdm_op.h -D__DSP48E1__ -I /usr/include/x86_64-linux-gnu -o /home/anubhav/workspace/mvp/solution1/.autopilot/db/hello.pp.0.cpp -hls-platform-db-name=/tools/Xilinx/Vitis_HLS/2021.1/common/technology/xilinx/common/platform.db -hls-platform-name=zynq_medium > /home/anubhav/workspace/mvp/solution1/.autopilot/db/clang.hello.cpp.out.log 2> /home/anubhav/workspace/mvp/solution1/.autopilot/db/clang.hello.cpp.err.log 
INFO-FLOW: Done: GCC PP 39 time: 0.1 seconds per iteration
Execute       set_directive_top foo -name=foo 
Execute       source /tools/Xilinx/Vitis_HLS/2021.1/tps/tcl/tcllib1.11.1/yaml/huddle.tcl 
Execute       source /tools/Xilinx/Vitis_HLS/2021.1/tps/tcl/tcllib1.11.1/yaml/json2huddle.tcl 
Execute         source /tools/Xilinx/Vitis_HLS/2021.1/tps/tcl/tcllib1.11.1/try/try.tcl 
Execute       list_core -type functional_unit 
Execute       ap_eval exec -ignorestderr /tools/Xilinx/Vitis_HLS/2021.1/lnx64/tools/clang-3.9-csynth/bin/clang -foptimization-record-file=/home/anubhav/workspace/mvp/solution1/.autopilot/db/clang.diag.yml -mllvm -pass-remarks-missed=reflow|pasta|unroll -mllvm -pass-remarks=reflow|pasta|unroll|inline -fsyntax-only -fhls -target fpga64-xilinx-linux-gnu /home/anubhav/workspace/mvp/solution1/.autopilot/db/hello.pp.0.cpp -hls-platform-db-name=/tools/Xilinx/Vitis_HLS/2021.1/common/technology/xilinx/common/platform.db -hls-platform-name=zynq_medium > /home/anubhav/workspace/mvp/solution1/.autopilot/db/clang.out.log 2> /home/anubhav/workspace/mvp/solution1/.autopilot/db/clang.err.log 
WARNING: [HLS 207-5535] Unsupported interface port data type in '#pragma HLS interface m_axi': hello.cpp:4:39
Execute       clang_tidy xilinx-systemc-detector /home/anubhav/workspace/mvp/solution1/.autopilot/db/hello.pp.0.cpp std=gnu++14 -target fpga  -directive=/home/anubhav/workspace/mvp/solution1/.autopilot/db/.systemc_flag 
INFO-FLOW: exec /tools/Xilinx/Vitis_HLS/2021.1/lnx64/tools/clang-3.9-csynth/bin/clang-tidy -header-filter=.* --checks=-*,xilinx-systemc-detector -import-directive=/home/anubhav/workspace/mvp/solution1/.autopilot/db/.systemc_flag -fix-errors /home/anubhav/workspace/mvp/solution1/.autopilot/db/hello.pp.0.cpp -- -std=gnu++14 -target fpga -fhls -ferror-limit=0
INFO-FLOW: Running: clang-tidy CDT preprocess 39
Execute       clang_tidy xilinx-directive2pragma /home/anubhav/workspace/mvp/solution1/.autopilot/db/hello.pp.0.cpp std=gnu++14 -target fpga  -directive=/home/anubhav/workspace/mvp/solution1/.autopilot/db/all.directive.json 
INFO-FLOW: exec /tools/Xilinx/Vitis_HLS/2021.1/lnx64/tools/clang-3.9-csynth/bin/clang-tidy -header-filter=.* --checks=-*,xilinx-directive2pragma -import-directive=/home/anubhav/workspace/mvp/solution1/.autopilot/db/all.directive.json -fix-errors /home/anubhav/workspace/mvp/solution1/.autopilot/db/hello.pp.0.cpp -- -std=gnu++14 -target fpga -fhls -ferror-limit=0
Execute       clang_tidy xilinx-constantarray-param,xilinx-remove-assert /home/anubhav/workspace/mvp/solution1/.autopilot/db/hello.pp.0.cpp std=gnu++14 -target fpga  
INFO-FLOW: exec /tools/Xilinx/Vitis_HLS/2021.1/lnx64/tools/clang-3.9-csynth/bin/clang-tidy -header-filter=.* --checks=-*,xilinx-constantarray-param,xilinx-remove-assert -fix-errors /home/anubhav/workspace/mvp/solution1/.autopilot/db/hello.pp.0.cpp -- -std=gnu++14 -target fpga -fhls -ferror-limit=0
INFO-FLOW: Done: clang-tidy CDT preprocess 39 time: 0.1 seconds per iteration
INFO-FLOW: Calling xilinx-label-all-loops ... 
INFO-FLOW: Calling xilinx-aggregate-on-hls-vector ... 
Execute       clang_tidy -errorcheck xilinx-label-all-loops,xilinx-aggregate-on-hls-vector,,xilinx-warn-mayneed-no-ctor-attribute /home/anubhav/workspace/mvp/solution1/.autopilot/db/hello.pp.0.cpp std=gnu++14 -target fpga  
Execute         ap_eval exec -ignorestderr /tools/Xilinx/Vitis_HLS/2021.1/lnx64/tools/clang-3.9-csynth/bin/clang-tidy -export-fixes=/home/anubhav/workspace/mvp/solution1/.autopilot/db/clang-tidy.hello.pp.0.cpp.diag.yml -header-filter=.* --checks=-*,xilinx-label-all-loops,xilinx-aggregate-on-hls-vector,,xilinx-warn-mayneed-no-ctor-attribute -fix-errors /home/anubhav/workspace/mvp/solution1/.autopilot/db/hello.pp.0.cpp -- -std=gnu++14 -target fpga -fhls -ferror-limit=0 > /home/anubhav/workspace/mvp/solution1/.autopilot/db/clang-tidy.hello.pp.0.cpp.out.log 2> /home/anubhav/workspace/mvp/solution1/.autopilot/db/clang-tidy.hello.pp.0.cpp.err.log 
Execute         source /tools/Xilinx/Vitis_HLS/2021.1/tps/tcl/tcllib1.11.1/yaml/yaml.tcl 
Execute       get_config_dataflow -strict_mode 
Execute       ap_eval exec -ignorestderr /tools/Xilinx/Vitis_HLS/2021.1/lnx64/tools/clang-3.9-csynth/bin/xilinx-dataflow-lawyer -export-fixes=/home/anubhav/workspace/mvp/solution1/.autopilot/db/xilinx-dataflow-lawyer.hello.pp.0.cpp.diag.yml /home/anubhav/workspace/mvp/solution1/.autopilot/db/hello.pp.0.cpp -- -std=gnu++14 -target fpga -fhls -ferror-limit=0 -fstrict-dataflow > /home/anubhav/workspace/mvp/solution1/.autopilot/db/xilinx-dataflow-lawyer.hello.pp.0.cpp.out.log 2> /home/anubhav/workspace/mvp/solution1/.autopilot/db/xilinx-dataflow-lawyer.hello.pp.0.cpp.err.log 
Execute       ap_part_info -name xc7z010-clg400-2 -data info 
INFO-FLOW: compiling source code to llvm bc
Execute       ap_eval exec -ignorestderr /tools/Xilinx/Vitis_HLS/2021.1/lnx64/tools/clang-3.9-csynth/bin/clang -foptimization-record-file=/home/anubhav/workspace/mvp/solution1/.autopilot/db/clang.hello.pp.0.cpp.diag.yml -mllvm -pass-remarks-missed=reflow|pasta|unroll -mllvm -pass-remarks=reflow|pasta|unroll|inline -fno-limit-debug-info -fhls -flto -fno-exceptions -Wno-error=c++11-narrowing /home/anubhav/workspace/mvp/solution1/.autopilot/db/hello.pp.0.cpp -fno-math-errno -c -emit-llvm -mllvm -disable-llvm-optzns -Werror=implicit-function-declaration -Werror=implicit-hls-streams -Werror=return-type -Wpragmas -Wunused-parameter -fno-threadsafe-statics -fno-use-cxa-atexit -std=gnu++14 -target fpga64-xilinx-linux-gnu -D__VITIS_HLS__ -DAESL_SYN -D__SYNTHESIS__ -D__HLS_SYN__ -I /tools/Xilinx/Vitis_HLS/2021.1/common/technology/autopilot -I /tools/Xilinx/Vitis_HLS/2021.1/common/technology/autopilot/ap_sysc -include etc/autopilot_ssdm_op.h -D__DSP48E1__ -g -o /home/anubhav/workspace/mvp/solution1/.autopilot/db/hello.bc -hls-platform-db-name=/tools/Xilinx/Vitis_HLS/2021.1/common/technology/xilinx/common/platform.db -hls-platform-name=zynq_medium > /home/anubhav/workspace/mvp/solution1/.autopilot/db/clang.hello.pp.0.cpp.out.log 2> /home/anubhav/workspace/mvp/solution1/.autopilot/db/clang.hello.pp.0.cpp.err.log 
WARNING: [HLS 207-5535] Unsupported interface port data type in '#pragma HLS interface m_axi': hello.cpp:4:39
INFO: [HLS 200-111] Finished Source Code Analysis and Preprocessing: CPU user time: 0.88 seconds. CPU system time: 0.3 seconds. Elapsed time: 0.6 seconds; current allocated memory: 202.811 MB.
INFO-FLOW: Linking Debug ...
INFO-FLOW: Linking dut bc code.
Execute       run_link_or_opt -out /home/anubhav/workspace/mvp/solution1/.autopilot/db/a.g.ld.0.bc -args  "/home/anubhav/workspace/mvp/solution1/.autopilot/db/hello.g.bc"  
Execute         ap_eval exec -ignorestderr /tools/Xilinx/Vitis_HLS/2021.1/lnx64/tools/clang-3.9-csynth/bin/llvm-link /home/anubhav/workspace/mvp/solution1/.autopilot/db/hello.g.bc -o /home/anubhav/workspace/mvp/solution1/.autopilot/db/a.g.ld.0.bc > /home/anubhav/workspace/mvp/solution1/.autopilot/db/llvm-link.a.g.ld.0.bc.out.log 2> /home/anubhav/workspace/mvp/solution1/.autopilot/db/llvm-link.a.g.ld.0.bc.err.log 
INFO-FLOW: 
Execute       run_link_or_opt -opt -out /home/anubhav/workspace/mvp/solution1/.autopilot/db/a.g.ld.1.lower.bc -args /home/anubhav/workspace/mvp/solution1/.autopilot/db/a.g.ld.0.bc -reflow-lower-math-intrinsics 
Execute         ap_eval exec -ignorestderr /tools/Xilinx/Vitis_HLS/2021.1/lnx64/tools/clang-3.9-csynth/bin/opt -pass-remarks-missed=reflow|pasta|unroll -pass-remarks=reflow|pasta|unroll|inline -pass-remarks-output=/home/anubhav/workspace/mvp/solution1/.autopilot/db/opt.a.g.ld.1.lower.bc.diag.yml /home/anubhav/workspace/mvp/solution1/.autopilot/db/a.g.ld.0.bc -reflow-lower-math-intrinsics -o /home/anubhav/workspace/mvp/solution1/.autopilot/db/a.g.ld.1.lower.bc > /home/anubhav/workspace/mvp/solution1/.autopilot/db/opt.a.g.ld.1.lower.bc.out.log 2> /home/anubhav/workspace/mvp/solution1/.autopilot/db/opt.a.g.ld.1.lower.bc.err.log 
INFO-FLOW: 
INFO-FLOW: Linking math bc lib
Execute       run_link_or_opt -out /home/anubhav/workspace/mvp/solution1/.autopilot/db/a.g.ld.2.m1.bc -args /home/anubhav/workspace/mvp/solution1/.autopilot/db/a.g.ld.1.lower.bc -only-needed /tools/Xilinx/Vitis_HLS/2021.1/lnx64/lib/libhlsm_39.bc /tools/Xilinx/Vitis_HLS/2021.1/lnx64/lib/libhlsmc++_39.bc 
Execute         ap_eval exec -ignorestderr /tools/Xilinx/Vitis_HLS/2021.1/lnx64/tools/clang-3.9-csynth/bin/llvm-link /home/anubhav/workspace/mvp/solution1/.autopilot/db/a.g.ld.1.lower.bc -only-needed /tools/Xilinx/Vitis_HLS/2021.1/lnx64/lib/libhlsm_39.bc /tools/Xilinx/Vitis_HLS/2021.1/lnx64/lib/libhlsmc++_39.bc -o /home/anubhav/workspace/mvp/solution1/.autopilot/db/a.g.ld.2.m1.bc > /home/anubhav/workspace/mvp/solution1/.autopilot/db/llvm-link.a.g.ld.2.m1.bc.out.log 2> /home/anubhav/workspace/mvp/solution1/.autopilot/db/llvm-link.a.g.ld.2.m1.bc.err.log 
Command         ap_eval done; 2.93 sec.
INFO-FLOW: 
Command       run_link_or_opt done; 2.93 sec.
Execute       run_link_or_opt -opt -out /home/anubhav/workspace/mvp/solution1/.autopilot/db/a.g.ld.3.fpc.bc -args /home/anubhav/workspace/mvp/solution1/.autopilot/db/a.g.ld.2.m1.bc -reflow-globaldce -hls-top-function-name=foo -reflow-float-conversion 
Execute         ap_eval exec -ignorestderr /tools/Xilinx/Vitis_HLS/2021.1/lnx64/tools/clang-3.9-csynth/bin/opt -pass-remarks-missed=reflow|pasta|unroll -pass-remarks=reflow|pasta|unroll|inline -pass-remarks-output=/home/anubhav/workspace/mvp/solution1/.autopilot/db/opt.a.g.ld.3.fpc.bc.diag.yml /home/anubhav/workspace/mvp/solution1/.autopilot/db/a.g.ld.2.m1.bc -reflow-globaldce -hls-top-function-name=foo -reflow-float-conversion -o /home/anubhav/workspace/mvp/solution1/.autopilot/db/a.g.ld.3.fpc.bc > /home/anubhav/workspace/mvp/solution1/.autopilot/db/opt.a.g.ld.3.fpc.bc.out.log 2> /home/anubhav/workspace/mvp/solution1/.autopilot/db/opt.a.g.ld.3.fpc.bc.err.log 
Command         ap_eval done; 0.96 sec.
INFO-FLOW: 
Command       run_link_or_opt done; 0.96 sec.
Execute       run_link_or_opt -out /home/anubhav/workspace/mvp/solution1/.autopilot/db/a.g.ld.4.m2.bc -args /home/anubhav/workspace/mvp/solution1/.autopilot/db/a.g.ld.3.fpc.bc -only-needed /tools/Xilinx/Vitis_HLS/2021.1/lnx64/lib/libfloatconversion_39.bc 
Execute         ap_eval exec -ignorestderr /tools/Xilinx/Vitis_HLS/2021.1/lnx64/tools/clang-3.9-csynth/bin/llvm-link /home/anubhav/workspace/mvp/solution1/.autopilot/db/a.g.ld.3.fpc.bc -only-needed /tools/Xilinx/Vitis_HLS/2021.1/lnx64/lib/libfloatconversion_39.bc -o /home/anubhav/workspace/mvp/solution1/.autopilot/db/a.g.ld.4.m2.bc > /home/anubhav/workspace/mvp/solution1/.autopilot/db/llvm-link.a.g.ld.4.m2.bc.out.log 2> /home/anubhav/workspace/mvp/solution1/.autopilot/db/llvm-link.a.g.ld.4.m2.bc.err.log 
INFO-FLOW: 
Execute       run_link_or_opt -opt -out /home/anubhav/workspace/mvp/solution1/.autopilot/db/a.g.ld.5.gdce.bc -args /home/anubhav/workspace/mvp/solution1/.autopilot/db/a.g.ld.4.m2.bc -reflow-globaldce -hls-top-function-name=foo 
Execute         ap_eval exec -ignorestderr /tools/Xilinx/Vitis_HLS/2021.1/lnx64/tools/clang-3.9-csynth/bin/opt -pass-remarks-missed=reflow|pasta|unroll -pass-remarks=reflow|pasta|unroll|inline -pass-remarks-output=/home/anubhav/workspace/mvp/solution1/.autopilot/db/opt.a.g.ld.5.gdce.bc.diag.yml /home/anubhav/workspace/mvp/solution1/.autopilot/db/a.g.ld.4.m2.bc -reflow-globaldce -hls-top-function-name=foo -o /home/anubhav/workspace/mvp/solution1/.autopilot/db/a.g.ld.5.gdce.bc > /home/anubhav/workspace/mvp/solution1/.autopilot/db/opt.a.g.ld.5.gdce.bc.out.log 2> /home/anubhav/workspace/mvp/solution1/.autopilot/db/opt.a.g.ld.5.gdce.bc.err.log 
INFO-FLOW: 
Execute       get_solution -flow_target 
Execute       get_config_export -xo 
Execute       get_config_export -format 
Execute       get_config_rtl -module_prefix 
Execute       get_config_interface -default_slave_interface 
Execute       get_solution -flow_target 
Execute       get_config_export -xo 
Execute       get_config_export -format 
Execute       get_config_interface -m_axi_offset 
Execute       get_config_interface -m_axi_latency 
Execute       get_config_interface -m_axi_alignment_byte_size 
Execute       get_config_interface -m_axi_min_bitwidth 
Execute       get_config_interface -m_axi_max_bitwidth 
Execute       get_config_interface -m_axi_max_widen_bitwidth 
Execute       get_config_interface -m_axi_num_read_outstanding 
Execute       get_config_interface -m_axi_num_write_outstanding 
Execute       get_config_interface -m_axi_max_read_burst_length 
Execute       get_config_interface -m_axi_max_write_burst_length 
Execute       get_config_interface -m_axi_min_bitwidth 
Execute       get_config_interface -m_axi_max_bitwidth 
Execute       get_config_interface -m_axi_latency 
Execute       get_config_interface -m_axi_min_bitwidth 
Execute       get_config_interface -m_axi_max_bitwidth 
Execute       get_config_interface -m_axi_max_widen_bitwidth 
Execute       get_config_interface -m_axi_auto_max_ports 
Execute       get_config_interface -m_axi_num_read_outstanding 
Execute       get_config_interface -m_axi_num_write_outstanding 
Execute       get_config_interface -m_axi_max_read_burst_length 
Execute       get_config_interface -m_axi_max_write_burst_length 
Execute       get_config_interface -s_axilite_data64 
Execute       get_config_compile -instruction_warning_threshold 
Execute       get_config_interface -m_axi_alignment_byte_size 
Execute       get_config_compile -pragma_strict_mode 
Execute       get_config_compile -pipeline_style 
Execute       get_config_array_partition -throughput_driven 
Execute       send_msg_by_id INFO @200-777@%s Vivado 
INFO: [HLS 200-777] Using interface defaults for 'Vivado' flow target.
Execute       is_m_axi_addr64 
INFO-FLOW: Doing LTO.
Execute       ap_eval exec -ignorestderr /tools/Xilinx/Vitis_HLS/2021.1/lnx64/tools/clang-3.9-csynth/bin/clang -foptimization-record-file=/home/anubhav/workspace/mvp/solution1/.autopilot/db/clang.a.g.ld.0.bc.diag.yml -mllvm -pass-remarks-missed=reflow|pasta|unroll -mllvm -pass-remarks=reflow|pasta|unroll|inline -fhls -mllvm -hls-top-function-name=foo -mllvm -hls-db-dir -mllvm /home/anubhav/workspace/mvp/solution1/.autopilot/db -emit-llvm -c -target fpga64-xilinx-none -mllvm -xcl-xmlinfo=/home/anubhav/workspace/mvp/solution1/.autopilot/db/kernel.internal.xml -mllvm -top-io-mapping-info=/home/anubhav/workspace/mvp/solution1/.autopilot/db/top-io-fe.xml -mllvm -hls-bitcode-version=3.1 -mllvm -reflow-enable-slave-interface-default-setting=true -mllvm -gen-kernel-xml=false -mllvm -default-maxi-offset=slave -mllvm -maxi-latency=0 -mllvm -hls-maxi-data-size-in-bits=8 -mllvm -hls-maxi-max-data-size-in-bits=1024 -mllvm -hls-max-widen-size-in-bits=0 -mllvm -xcl-kernel-max-mem-ports=0 -mllvm -maxi-read-trans=16 -mllvm -maxi-write-trans=16 -mllvm -maxi-read-burst-len=16 -mllvm -maxi-write-burst-len=16 -mllvm -reflow-enable-saxi-64bits=0 -mllvm -reflow-basic-block-instr-threshhold=200000 -mllvm -assume-maxi-align=0 -mllvm -no-unaligned-maxi-accesses -mllvm -reflow-pipeline-style-llvm-setting=0 -mllvm -reflow-auto-array-partition-mode=default -mllvm -reflow-enable-auto-array-partition=true -mllvm -reflow-aggregate-bitwidth-threshold=4096 -mllvm -reflow-disaggregate-bitwidth-threshold=4096 -mllvm -hls -mllvm -disable-inlined-alloca-merging=true -x ir /home/anubhav/workspace/mvp/solution1/.autopilot/db/a.g.ld.5.gdce.bc -o /home/anubhav/workspace/mvp/solution1/.autopilot/db/a.g.lto.bc -hls-platform-db-name=/tools/Xilinx/Vitis_HLS/2021.1/common/technology/xilinx/common/platform.db -hls-platform-name=zynq_medium > /home/anubhav/workspace/mvp/solution1/.autopilot/db/clang.a.g.ld.0.bc.out.log 2> /home/anubhav/workspace/mvp/solution1/.autopilot/db/clang.a.g.ld.0.bc.err.log 
INFO: [HLS 214-279] Initial Interval estimation mode is set into default.
INFO: [HLS 214-284] Auto array partition mode is set into default.
INFO: [HLS 214-270] Starting automatic array partition analysis...
INFO: [HLS 214-115] Multiple burst writes of length 10 and bit width 32 in loop 'VITIS_LOOP_9_1'(hello.cpp:9:18) has been inferred on port 'gmem'. These bursts requests might be further partitioned into multiple requests during RTL generation, based on max_read_burst_length or max_write_burst_length settings. (hello.cpp:9:18)
INFO-FLOW: DBG:PUTS: copy_raw_kernel_xml ap_link_39: kernel.xml not generated: /home/anubhav/workspace/mvp/solution1/.autopilot/db/kernel.internal.xml
INFO: [HLS 200-111] Finished Compiling Optimization and Transform: CPU user time: 4.31 seconds. CPU system time: 0.35 seconds. Elapsed time: 4.28 seconds; current allocated memory: 204.669 MB.
INFO: [HLS 200-111] Finished Checking Pragmas: CPU user time: 0 seconds. CPU system time: 0 seconds. Elapsed time: 0 seconds; current allocated memory: 204.670 MB.
Execute       opt_and_import_c a -opt_level=2 -skip_syncheck=0 -ng=0 -keep_printf=0 
Execute         cleanup_all_models 
INFO: [HLS 200-10] Starting code transformations ...
INFO-FLOW: Running Standard Transforms...
Execute         transform -hls -share-std-xform -demangle-name -inline-byval-memcpy -always-inline -promote-dbg-pointer -interface-preproc -mem2reg -scalarrepl -mem2reg -keep-read-access -instcombine -dce -promote-dbg-pointer -bitop-raise -loop-simplify -indvarspre -indvars -loop-simplify -xunroll -constprop -instcombine -simplifycfg -indvars -simplifycfg -dce -globaldce -basicaa -simplifycfg -mem2reg -globalopt -global-constprop -deadargelim -instcombine -simplifycfg -scalarrepl -instcombine -reassociate -licm -simplifycfg -loop-simplify -indvars -instcombine -simplifycfg -mem2reg -loop-simplify -indvars -instcombine -gvn -gvn -instcombine -adce -break-crit-edges -simplifycfg -loop-delete -global-array-opt -dce -dse -adce -find-syn-modules -top foo -deadargelim -mem2reg -instcombine -dce -presyn-prepare -auto-rom-infer -interface-preproc -syn-check -check-rec-only -find-region -simplifycfg -func-extr -function-inline -globaldce -mem2reg -instcombine -dce -gvn -globaldce -adce -adse -constprop -instcombine -bit-constprop -instcombine -dce -simplifycfg -bitop-raise -simplifycfg -dce -loop-delete -reassociate -globalopt -global-privatize -mem2reg -dce -global-constprop -pointer-simplify -constprop -dce -func-inst -deadargelim -auto-shift-reg-idiom -promote-dbg-pointer -norm-name /home/anubhav/workspace/mvp/solution1/.autopilot/db/a.g.0.bc -o /home/anubhav/workspace/mvp/solution1/.autopilot/db/a.g.1.bc -f -phase std-opt 
INFO: [HLS 200-111] Finished Standard Transforms: CPU user time: 0.01 seconds. CPU system time: 0 seconds. Elapsed time: 0.01 seconds; current allocated memory: 205.824 MB.
INFO: [HLS 200-10] Checking synthesizability ...
INFO-FLOW: Checking Synthesizability 1/2..
Execute         transform -hls -syn-check -check-rec-only -scalarrepl -norm-name -dce -mem2reg -instcombine -function-uniquify -directive-preproc -mem2reg -dse -dce -auto-rom-infer -dce -pag -array-normalize -instcombine -dce -array-seg-normalize -instcombine -dce -data-pack -instcombine -dce -inst-simplify -array-flatten -instcombine -dce -array-burst -dce -deadargelim -promote-global-argument -simplifycfg -mem2reg -globaldce -dce -deadargelim -dce -instcombine -function-inline -globaldce -dce -doublePtrSimplify -doublePtrElim -dce -doublePtrSimplify -promote-dbg-pointer -dce -scalarrepl -dse -adse -instcombine -ptrLegalization -simplifycfg -dce -instcombine -pointer-simplify -ptrArgReplace -dce -instcombine -resolve-double-ptr -scalarrepl -norm-name -dce -mem2reg -instcombine -ptrLegalization -simplifycfg -deadargelim -instcombine -dce -inst-simplify -function-uniquify -directive-preproc -mem2reg -dse -dce -globaldce -check-dspbuiltin /home/anubhav/workspace/mvp/solution1/.autopilot/db/a.g.1.bc -o /home/anubhav/workspace/mvp/solution1/.autopilot/db/a.g.2.prechk.bc -f 
INFO-FLOW: Checking Synthesizability 2/2..
Execute         transform -syn-check /home/anubhav/workspace/mvp/solution1/.autopilot/db/a.g.2.prechk.bc -o /home/anubhav/workspace/mvp/solution1/.autopilot/db/a.g.2.bc -f -phase syn-check 
INFO: [HLS 200-111] Finished Checking Synthesizability: CPU user time: 0.01 seconds. CPU system time: 0 seconds. Elapsed time: 0.01 seconds; current allocated memory: 205.041 MB.
INFO-FLOW: Compiler optimizing ...
INFO-FLOW: Share syncheck's 1.bc for syn flow: copy /home/anubhav/workspace/mvp/solution1/.autopilot/db/a.g.1.bc to /home/anubhav/workspace/mvp/solution1/.autopilot/db/a.o.1.bc
INFO-FLOW: Presyn 1...
Execute         transform -hls -tmp /home/anubhav/workspace/mvp/solution1/.autopilot/db -interface-port-rename -function-uniquify -directive-preproc -mem2reg -dse -dce -scalarrepl -norm-name -deadargelim -mem2reg -instcombine -dce -simplifycfg -auto-rom-infer -dce -function-uniquify -resource-proc -clib-intrinsic-prepare -dce -func-buffer -dce -pag -array-normalize -func-legal -instcombine -gvn -constprop -dce -simplifycfg -mem2reg -globaldce -resolve-double-ptr -dce -deadargelim -dce -instcombine -ptrArgReplace -mem2reg -dce -array-seg-normalize -deadargelim -instcombine -dce -function-uniquify -directive-preproc -mem2reg -dse -dce -pointer-simplify -dce -port-alignment -dce -interface-preproc -data-pack -instcombine -dce -basicaa -aggr-aa -aggrmodref-aa -aggr-aa -gvn -gvn -basicaa -aggr-aa -aggrmodref-aa -aggr-aa -dse -adse -adce -loop-simplify -indvars -instcombine -gvn -loop-simplify -mem2reg -dce -find-region -instcombine -auto-loop-pipeline -inst-simplify -interface-preproc -cfgopt -instcombine -indvars -auto-loop-unroll -loop-simplify -loop-bound -xunroll -constprop -instcombine -simplifycfg -indvars -simplifycfg -dce -globaldce -clean-region -attach-range -gvn -inst-simplify -constprop -simplifycfg -dce -pointer-simplify -dce -globalopt -constprop -dce -array-promote -constprop -dce -ptrArgReplace -mem2reg -simplifycfg -dce -instcombine -dce -array-transform-check -array-reshape -instcombine -simplifycfg -dce -ptrArgReplace -deadargelim -mem2reg -instcombine -simplifycfg -dce -indvars -loop-simplify -loop-bound -xunroll -constprop -instcombine -simplifycfg -indvars -simplifycfg -dce -globaldce -basicaa -aggr-aa -aggrmodref-aa -aggr-aa -dse -duplicate-dataflow-processes -globaldce -instcombine -array-partition -instcombine -simplifycfg -dce -ptrArgReplace -global-constprop -deadargelim -mem2reg -func-legal -dce -global-constprop -deadargelim -mem2reg -simplifycfg -dce -merge-param -deadargelim -globalopt -constprop -dce -array-promote -constprop -dce -ptrArgReplace -mem2reg -simplifycfg -dce -mem-intrinsic-preproc -dce -global-internalize -global-privatize -mem2reg -globaldce -promote-global-argument -ptrArgReplace -mem2reg -dce -globalopt -mergereturn -simplify-global-access -mem2reg -dce -pointer-simplify -dce -functionattrs -basicaa -aggr-aa -aggrmodref-aa -aggr-aa -gvn -gvn -basicaa -aggr-aa -aggrmodref-aa -aggr-aa -dse -adse -adce -dce -norm-name -basicaa -aggr-aa -aggrmodref-aa -aggr-aa -accesses-merge -function-inline -complex-op-raise -inst-simplify -globaldce -func-inst -constprop -instcombine -simplifycfg -dce -func-legal -dce -loop-bound -arraycheck -bitwidthmin2 -bitwidthmin2 -on-by-dataflow -loop-delete -instcombine -simplifycfg -globaldce -dce -gvn -deadargelim -dce -loop-simplify -clean-region -simplifycfg -propagate-stable-arguments -loop-stream -instcombine -simplifycfg -dce -globaldce -duplicate-dataflow-processes -stream-intrinsic-preproc -dce -check-ap-stream -loop-simplify -eliminate-keepreads -extract-dataflow-in-loop -loop-simplify -dce -gvn -deadargelim -dse -duplicate-dataflow-processes -check-dataflow-syntax -legalize-stream-variable -legalize-global -extract-subproc -dce -dead-channel-elimination -canonicalize-gep -globaldce -dce -gvn -hls-dead-arg-elim -deadargelim -directive-preproc -annotate-dataflow-channels -scalar-preprocessing -scalar-propagation2 -deadargelim -globaldce -mem2reg -check-dataflow-channels -function-stream -dce -globaldce -prop-fifo-spec -internal-stream-gen -canonicalize-gep -globaldce -dce -gvn -deadargelim -mergereturn -indvars -loop-simplify -instcombine -array-stream -array-seg-normalize -array-partition -func-legal -instcombine -simplifycfg -dce -bundle-memfifo-ops -deadargelim -function-uniquify -directive-preproc -mem2reg -dse -dce -group-axi-access -licm -simplifycfg -dce -loop-delete -hls-display -norm-name /home/anubhav/workspace/mvp/solution1/.autopilot/db/a.o.1.bc -o /home/anubhav/workspace/mvp/solution1/.autopilot/db/a.o.1.tmp.bc -f 
INFO-FLOW: Presyn 2...
Execute         transform -hls -keep-callgraph -scalarrepl -mem2reg -port-alignment -attach-range -dce -pipe-mux-gen -indvars -loop-bound -inst-simplify -instcombine -dce -merge-array-access -mem2reg -dce -clean-region -mergereturn -if-conv -instcombine -dce -constprop -basicaa -aggr-aa -aggrmodref-aa -aggr-aa -gvn -gvn -basicaa -aggr-aa -aggrmodref-aa -aggr-aa -dse -adse -adce -scalarrepl -mem2reg -global-constprop -deadargelim -deadargelim -instcombine -dce -simplifycfg -ptrArgReplace -mem2reg -function-inline -globaldce -mem2reg -instcombine -dce -expr-balance -instcombine -dce -bitwidthmin2 -bitwidthmin2 -interface-preproc -directive-preproc -inst-rectify -instcombine -dce -functionattrs -constprop -instcombine -bit-constprop -simplify-global-access -globalopt -globaldce -inst-simplify -instcombine -elimdeaddata -dce -loop-delete -simplifycfg -loop-simplify -auto-burst -barrier -norm-name /home/anubhav/workspace/mvp/solution1/.autopilot/db/a.o.1.tmp.bc -o /home/anubhav/workspace/mvp/solution1/.autopilot/db/a.o.2.bc -f -phase presyn 
INFO: [HLS 200-111] Finished Loop, function and other optimizations: CPU user time: 0.03 seconds. CPU system time: 0.01 seconds. Elapsed time: 0.03 seconds; current allocated memory: 225.575 MB.
Execute         get_config_compile -enable_auto_rewind 
Execute         get_config_compile -enable_loop_extract 
INFO-FLOW: Building ssdm...
Execute         transform -hls -function-uniquify -auto-function-inline -globaldce -ptrArgReplace -mem2reg -dce -reset-lda -loop-simplify -indvars -aggr-aa -licm -loop-dep -loop-bound -licm -loop-simplify -flattenloopnest -array-flatten -gvn -instcombine -dce -array-map -dce -func-legal -gvn -adce -instcombine -cfgopt -simplifycfg -loop-simplify -array-burst -promote-global-argument -dce -array-seg-normalize -basicaa -aggrmodref-aa -globalsmodref-aa -aggr-aa -gvn -gvn -basicaa -aggrmodref-aa -globalsmodref-aa -aggr-aa -dse -adse -adce -licm -inst-simplify -dce -globaldce -instcombine -array-stream -eliminate-keepreads -instcombine -dce -deadargelim -doublePtrSimplify -doublePtrElim -dce -doublePtrSimplify -promote-dbg-pointer -dce -scalarrepl -mem2reg -norm-name -mem2reg -instcombine -dse -adse -adce -ptrLegalization -dce -auto-rom-infer -array-flatten -dce -instcombine -check-doubleptr -loop-rot -constprop -cfgopt -simplifycfg -loop-simplify -indvars -pointer-simplify -dce -loop-bound -loop-simplify -loop-preproc -constprop -global-constprop -gvn -mem2reg -instcombine -dce -loop-bound -loop-merge -dce -deadargelim -dce -canonicalize-dataflow -dce -scalar-propagation2 -deadargelim -globaldce -mem2reg -load-elim -read-loop-dep -loop-simplify -loop-extract-inner -directive-preproc -bitwidthmin2 -bitwidthmin2 -read-loop-dep -interface-preproc -directive-preproc -interface-gen -bram-byte-enable -deadargelim -inst-simplify -dce -gvn -mem2reg -instcombine -dce -adse -loop-bound -instcombine -cfgopt -simplifycfg -loop-simplify -clean-region -io-protocol -find-region -mem2reg -bitop-raise -complex-op-raise -inst-simplify -inst-rectify -instcombine -adce -deadargelim -float-op-raise -loop-simplify -phi-opt -bitop-raise -cfgopt -simplifycfg -strip-dead-prototypes -interface-lower -bitop-lower -intrinsic-lower -auto-function-inline -basicaa -aggrmodref-aa -globalsmodref-aa -aggr-aa -inst-simplify -simplifycfg -loop-simplify -mergereturn -inst-simplify -inst-rectify -dce -load-elim -bitop-lower -float-op-raise -fma-raise -loop-rewind -pointer-simplify -dce -cfgopt -dce -loop-bound -loop-dep -read-loop-dep -dce -dyn-mem-reuse -dce -recurrence-min -dce -check-stream -norm-name -legalize -validate-dataflow -inst-clarity -bitwidth -dump-loop-dep-to-ir -check-all-ssdm -cdfg-build /home/anubhav/workspace/mvp/solution1/.autopilot/db/a.o.2.bc -o /home/anubhav/workspace/mvp/solution1/.autopilot/db/a.o.3.bc -f -phase build-ssdm 
INFO: [HLS 200-111] Finished Architecture Synthesis: CPU user time: 0.02 seconds. CPU system time: 0 seconds. Elapsed time: 0.03 seconds; current allocated memory: 227.726 MB.
INFO-FLOW: Finish building internal data model.
Command     elaborate done; 4.96 sec.
Execute     ap_eval exec zip -j /home/anubhav/workspace/mvp/solution1/.autopilot/db/dut.hcp $dbDir/a.o.3.bc $dbDir/${topname}.rtl_wrap.cfg.tcl $dbDir/apatb_${topname}.cpp $dbDir/apatb_${topname}_util.cpp $dbDir/apatb_${topname}_ir.ll $dbDir/mapper_${topname}.cpp $dbDir/top-io-fe.xml $dbDir/kernel.internal.xml $workdir/../hls.app 
Execute     autosyn -from_csynth_design=1 
INFO: [HLS 200-10] Starting hardware synthesis ...
INFO-FLOW: Synthesizing C/C++ design ...
INFO: [HLS 200-10] Synthesizing 'foo' ...
Execute       ap_set_top_model foo 
Execute       get_model_list foo -filter all-wo-channel -topdown 
Execute       preproc_iomode -model foo 
Execute       preproc_iomode -model foo_Pipeline_VITIS_LOOP_9_1 
Execute       get_model_list foo -filter all-wo-channel 
INFO-FLOW: Model list for configure: foo_Pipeline_VITIS_LOOP_9_1 foo
INFO-FLOW: Configuring Module : foo_Pipeline_VITIS_LOOP_9_1 ...
Execute       set_default_model foo_Pipeline_VITIS_LOOP_9_1 
Execute       apply_spec_resource_limit foo_Pipeline_VITIS_LOOP_9_1 
INFO-FLOW: Configuring Module : foo ...
Execute       set_default_model foo 
Execute       apply_spec_resource_limit foo 
INFO-FLOW: Model list for preprocess: foo_Pipeline_VITIS_LOOP_9_1 foo
INFO-FLOW: Preprocessing Module: foo_Pipeline_VITIS_LOOP_9_1 ...
Execute       set_default_model foo_Pipeline_VITIS_LOOP_9_1 
Execute       cdfg_preprocess -model foo_Pipeline_VITIS_LOOP_9_1 
Execute       rtl_gen_preprocess foo_Pipeline_VITIS_LOOP_9_1 
INFO-FLOW: Preprocessing Module: foo ...
Execute       set_default_model foo 
Execute       cdfg_preprocess -model foo 
Execute       rtl_gen_preprocess foo 
INFO-FLOW: Model list for synthesis: foo_Pipeline_VITIS_LOOP_9_1 foo
INFO: [HLS 200-10] ----------------------------------------------------------------
INFO: [HLS 200-42] -- Implementing module 'foo_Pipeline_VITIS_LOOP_9_1' 
INFO: [HLS 200-10] ----------------------------------------------------------------
Execute       set_default_model foo_Pipeline_VITIS_LOOP_9_1 
Execute       schedule -model foo_Pipeline_VITIS_LOOP_9_1 
INFO: [SCHED 204-11] Starting scheduling ...
INFO: [SCHED 204-61] Pipelining loop 'VITIS_LOOP_9_1'.
WARNING: [HLS 200-885] The II Violation in module 'foo_Pipeline_VITIS_LOOP_9_1' (loop 'VITIS_LOOP_9_1'): Unable to schedule bus request operation ('gmem_load_1_req', hello.cpp:11) on port 'gmem' (hello.cpp:11) due to limited memory ports (II = 1). Please consider using a memory core with more ports or partitioning the array.
INFO: [HLS 200-1470] Pipelining result : Target II = NA, Final II = 2, Depth = 12, loop 'VITIS_LOOP_9_1'
INFO: [SCHED 204-11] Finished scheduling.
INFO: [HLS 200-111] Finished Scheduling: CPU user time: 0.07 seconds. CPU system time: 0.02 seconds. Elapsed time: 0.08 seconds; current allocated memory: 228.064 MB.
Execute       syn_report -verbosereport -o /home/anubhav/workspace/mvp/solution1/.autopilot/db/foo_Pipeline_VITIS_LOOP_9_1.verbose.sched.rpt 
Execute         AP::get_flow_target_display_name
Execute           get_solution -flow_target 
Execute       db_write -o /home/anubhav/workspace/mvp/solution1/.autopilot/db/foo_Pipeline_VITIS_LOOP_9_1.sched.adb -f 
INFO-FLOW: Finish scheduling foo_Pipeline_VITIS_LOOP_9_1.
Execute       set_default_model foo_Pipeline_VITIS_LOOP_9_1 
Execute       bind -model foo_Pipeline_VITIS_LOOP_9_1 
INFO: [BIND 205-100] Starting micro-architecture generation ...
INFO: [BIND 205-101] Performing variable lifetime analysis.
INFO: [BIND 205-101] Exploring resource sharing.
INFO: [BIND 205-101] Binding ...
INFO: [BIND 205-100] Finished micro-architecture generation.
INFO: [HLS 200-111] Finished Binding: CPU user time: 0.08 seconds. CPU system time: 0 seconds. Elapsed time: 0.08 seconds; current allocated memory: 228.371 MB.
Execute       syn_report -verbosereport -o /home/anubhav/workspace/mvp/solution1/.autopilot/db/foo_Pipeline_VITIS_LOOP_9_1.verbose.bind.rpt 
Execute         AP::get_flow_target_display_name
Execute           get_solution -flow_target 
Execute       db_write -o /home/anubhav/workspace/mvp/solution1/.autopilot/db/foo_Pipeline_VITIS_LOOP_9_1.bind.adb -f 
INFO-FLOW: Finish binding foo_Pipeline_VITIS_LOOP_9_1.
INFO: [HLS 200-10] ----------------------------------------------------------------
INFO: [HLS 200-42] -- Implementing module 'foo' 
INFO: [HLS 200-10] ----------------------------------------------------------------
Execute       set_default_model foo 
Execute       schedule -model foo 
INFO: [SCHED 204-11] Starting scheduling ...
INFO: [SCHED 204-11] Finished scheduling.
INFO: [HLS 200-111] Finished Scheduling: CPU user time: 0.06 seconds. CPU system time: 0 seconds. Elapsed time: 0.06 seconds; current allocated memory: 228.483 MB.
Execute       syn_report -verbosereport -o /home/anubhav/workspace/mvp/solution1/.autopilot/db/foo.verbose.sched.rpt 
Execute         AP::get_flow_target_display_name
Execute           get_solution -flow_target 
Execute       db_write -o /home/anubhav/workspace/mvp/solution1/.autopilot/db/foo.sched.adb -f 
INFO-FLOW: Finish scheduling foo.
Execute       set_default_model foo 
Execute       bind -model foo 
INFO: [BIND 205-100] Starting micro-architecture generation ...
INFO: [BIND 205-101] Performing variable lifetime analysis.
INFO: [BIND 205-101] Exploring resource sharing.
INFO: [BIND 205-101] Binding ...
INFO: [BIND 205-100] Finished micro-architecture generation.
INFO: [HLS 200-111] Finished Binding: CPU user time: 0.05 seconds. CPU system time: 0 seconds. Elapsed time: 0.05 seconds; current allocated memory: 228.670 MB.
Execute       syn_report -verbosereport -o /home/anubhav/workspace/mvp/solution1/.autopilot/db/foo.verbose.bind.rpt 
Execute         AP::get_flow_target_display_name
Execute           get_solution -flow_target 
Execute       db_write -o /home/anubhav/workspace/mvp/solution1/.autopilot/db/foo.bind.adb -f 
INFO-FLOW: Finish binding foo.
Execute       get_model_list foo -filter all-wo-channel 
INFO-FLOW: Preprocessing for RTLGen ...
Execute       rtl_gen_preprocess foo_Pipeline_VITIS_LOOP_9_1 
Execute       rtl_gen_preprocess foo 
INFO-FLOW: Model list for RTL generation: foo_Pipeline_VITIS_LOOP_9_1 foo
INFO: [HLS 200-10] ----------------------------------------------------------------
INFO: [HLS 200-10] -- Generating RTL for module 'foo_Pipeline_VITIS_LOOP_9_1' 
INFO: [HLS 200-10] ----------------------------------------------------------------
Execute       get_config_rtl -module_prefix 
Execute       get_config_rtl -module_auto_prefix 
Execute       get_config_rtl -module_prefix 
Execute       get_config_rtl -module_auto_prefix 
Execute       create_rtl_model foo_Pipeline_VITIS_LOOP_9_1 -top_prefix foo_ -sub_prefix foo_ -mg_file /home/anubhav/workspace/mvp/solution1/.autopilot/db/foo_Pipeline_VITIS_LOOP_9_1.compgen.tcl 
INFO: [HLS 200-1030] Apply Unified Pipeline Control on module 'foo_Pipeline_VITIS_LOOP_9_1' pipeline 'VITIS_LOOP_9_1' pipeline type 'loop pipeline'
WARNING: [RTGEN 206-101] Setting dangling out port 'foo_Pipeline_VITIS_LOOP_9_1/m_axi_gmem_AWVALID' to 0.
WARNING: [RTGEN 206-101] Setting dangling out port 'foo_Pipeline_VITIS_LOOP_9_1/m_axi_gmem_AWADDR' to 0.
WARNING: [RTGEN 206-101] Setting dangling out port 'foo_Pipeline_VITIS_LOOP_9_1/m_axi_gmem_AWID' to 0.
WARNING: [RTGEN 206-101] Setting dangling out port 'foo_Pipeline_VITIS_LOOP_9_1/m_axi_gmem_AWLEN' to 0.
WARNING: [RTGEN 206-101] Setting dangling out port 'foo_Pipeline_VITIS_LOOP_9_1/m_axi_gmem_AWSIZE' to 0.
WARNING: [RTGEN 206-101] Setting dangling out port 'foo_Pipeline_VITIS_LOOP_9_1/m_axi_gmem_AWBURST' to 0.
WARNING: [RTGEN 206-101] Setting dangling out port 'foo_Pipeline_VITIS_LOOP_9_1/m_axi_gmem_AWLOCK' to 0.
WARNING: [RTGEN 206-101] Setting dangling out port 'foo_Pipeline_VITIS_LOOP_9_1/m_axi_gmem_AWCACHE' to 0.
WARNING: [RTGEN 206-101] Setting dangling out port 'foo_Pipeline_VITIS_LOOP_9_1/m_axi_gmem_AWPROT' to 0.
WARNING: [RTGEN 206-101] Setting dangling out port 'foo_Pipeline_VITIS_LOOP_9_1/m_axi_gmem_AWQOS' to 0.
WARNING: [RTGEN 206-101] Setting dangling out port 'foo_Pipeline_VITIS_LOOP_9_1/m_axi_gmem_AWREGION' to 0.
WARNING: [RTGEN 206-101] Setting dangling out port 'foo_Pipeline_VITIS_LOOP_9_1/m_axi_gmem_AWUSER' to 0.
WARNING: [RTGEN 206-101] Setting dangling out port 'foo_Pipeline_VITIS_LOOP_9_1/m_axi_gmem_BREADY' to 0.
INFO: [RTGEN 206-100] Finished creating RTL model for 'foo_Pipeline_VITIS_LOOP_9_1'.
INFO: [HLS 200-111] Finished Creating RTL model: CPU user time: 0.06 seconds. CPU system time: 0 seconds. Elapsed time: 0.06 seconds; current allocated memory: 229.385 MB.
Execute       source /home/anubhav/workspace/mvp/solution1/.autopilot/db/foo.rtl_wrap.cfg.tcl 
Execute       gen_rtl foo_Pipeline_VITIS_LOOP_9_1 -style xilinx -f -lang vhdl -o /home/anubhav/workspace/mvp/solution1/syn/vhdl/foo_foo_Pipeline_VITIS_LOOP_9_1 
Execute       gen_rtl foo_Pipeline_VITIS_LOOP_9_1 -style xilinx -f -lang vlog -o /home/anubhav/workspace/mvp/solution1/syn/verilog/foo_foo_Pipeline_VITIS_LOOP_9_1 
Execute       syn_report -csynth -model foo_Pipeline_VITIS_LOOP_9_1 -o /home/anubhav/workspace/mvp/solution1/syn/report/foo_Pipeline_VITIS_LOOP_9_1_csynth.rpt 
Execute         AP::get_flow_target_display_name
Execute           get_solution -flow_target 
Execute       syn_report -rtlxml -model foo_Pipeline_VITIS_LOOP_9_1 -o /home/anubhav/workspace/mvp/solution1/syn/report/foo_Pipeline_VITIS_LOOP_9_1_csynth.xml 
Execute         get_solution -flow_target
Execute           get_solution -flow_target 
Execute       syn_report -verbosereport -model foo_Pipeline_VITIS_LOOP_9_1 -o /home/anubhav/workspace/mvp/solution1/.autopilot/db/foo_Pipeline_VITIS_LOOP_9_1.verbose.rpt 
Execute         AP::get_flow_target_display_name
Execute           get_solution -flow_target 
Execute       db_write -model foo_Pipeline_VITIS_LOOP_9_1 -f -o /home/anubhav/workspace/mvp/solution1/.autopilot/db/foo_Pipeline_VITIS_LOOP_9_1.adb 
Execute       db_write -model foo_Pipeline_VITIS_LOOP_9_1 -bindview -o /home/anubhav/workspace/mvp/solution1/.autopilot/db/design.bindinfo.xml 
Execute       gen_tb_info foo_Pipeline_VITIS_LOOP_9_1 -p /home/anubhav/workspace/mvp/solution1/.autopilot/db -o /home/anubhav/workspace/mvp/solution1/.autopilot/db/foo_Pipeline_VITIS_LOOP_9_1 
INFO: [HLS 200-10] ----------------------------------------------------------------
INFO: [HLS 200-10] -- Generating RTL for module 'foo' 
INFO: [HLS 200-10] ----------------------------------------------------------------
Execute       get_config_rtl -module_prefix 
Execute       get_config_rtl -module_prefix 
Execute       get_config_rtl -module_auto_prefix 
Execute       create_rtl_model foo -top_prefix  -sub_prefix foo_ -mg_file /home/anubhav/workspace/mvp/solution1/.autopilot/db/foo.compgen.tcl 
WARNING: [RTGEN 206-101] Design contains AXI ports. Reset is fixed to synchronous and active low.
INFO: [RTGEN 206-500] Setting interface mode on port 'foo/gmem' to 'm_axi'.
INFO: [RTGEN 206-500] Setting interface mode on port 'foo/a' to 's_axilite & ap_none'.
INFO: [RTGEN 206-500] Setting interface mode on port 'foo/b' to 's_axilite & ap_none'.
INFO: [RTGEN 206-500] Setting interface mode on port 'foo/c' to 's_axilite & ap_none'.
INFO: [RTGEN 206-500] Setting interface mode on function 'foo' to 'ap_ctrl_hs'.
INFO: [RTGEN 206-100] Bundling port 'a', 'b' and 'c' to AXI-Lite port control.
INFO: [RTGEN 206-100] Finished creating RTL model for 'foo'.
INFO: [HLS 200-111] Finished Creating RTL model: CPU user time: 0.22 seconds. CPU system time: 0.02 seconds. Elapsed time: 0.24 seconds; current allocated memory: 231.033 MB.
Execute       source /home/anubhav/workspace/mvp/solution1/.autopilot/db/foo.rtl_wrap.cfg.tcl 
Execute       gen_rtl foo -istop -style xilinx -f -lang vhdl -o /home/anubhav/workspace/mvp/solution1/syn/vhdl/foo 
Execute       gen_rtl foo -istop -style xilinx -f -lang vlog -o /home/anubhav/workspace/mvp/solution1/syn/verilog/foo 
Execute       syn_report -csynth -model foo -o /home/anubhav/workspace/mvp/solution1/syn/report/foo_csynth.rpt 
Execute         AP::get_flow_target_display_name
Execute           get_solution -flow_target 
Execute       syn_report -rtlxml -model foo -o /home/anubhav/workspace/mvp/solution1/syn/report/foo_csynth.xml 
Execute         get_solution -flow_target
Execute           get_solution -flow_target 
Execute       syn_report -verbosereport -model foo -o /home/anubhav/workspace/mvp/solution1/.autopilot/db/foo.verbose.rpt 
Execute         AP::get_flow_target_display_name
Execute           get_solution -flow_target 
Execute       db_write -model foo -f -o /home/anubhav/workspace/mvp/solution1/.autopilot/db/foo.adb 
Execute       db_write -model foo -bindview -o /home/anubhav/workspace/mvp/solution1/.autopilot/db/design.bindinfo.xml 
Execute       gen_tb_info foo -p /home/anubhav/workspace/mvp/solution1/.autopilot/db -o /home/anubhav/workspace/mvp/solution1/.autopilot/db/foo 
Execute       export_constraint_db -f -tool general -o /home/anubhav/workspace/mvp/solution1/.autopilot/db/foo.constraint.tcl 
Execute       syn_report -designview -model foo -o /home/anubhav/workspace/mvp/solution1/.autopilot/db/foo.design.xml 
Execute       syn_report -csynthDesign -model foo -o /home/anubhav/workspace/mvp/solution1/syn/report/csynth.rpt 
Execute         AP::get_flow_target_display_name
Execute           get_solution -flow_target 
Execute       get_config_rtl -disable_wave_debug 
Execute       syn_report -wcfg -model foo -o /home/anubhav/workspace/mvp/solution1/.autopilot/db/foo_dataflow_ana.wcfg 
Execute       syn_report -protoinst -model foo -o /home/anubhav/workspace/mvp/solution1/.autopilot/db/foo.protoinst 
Execute       get_config_debug -directory 
Execute       sc_get_clocks foo 
Execute       get_config_export -vivado_clock 
Execute       get_config_rtl -module_prefix 
Execute       get_config_rtl -module_prefix 
Execute       get_config_rtl -module_auto_prefix 
Execute       sc_get_portdomain foo 
INFO-FLOW: Model list for RTL component generation: foo_Pipeline_VITIS_LOOP_9_1 foo
INFO-FLOW: Handling components in module [foo_Pipeline_VITIS_LOOP_9_1] ... 
Execute       source /home/anubhav/workspace/mvp/solution1/.autopilot/db/foo_Pipeline_VITIS_LOOP_9_1.compgen.tcl 
INFO-FLOW: Found component foo_flow_control_loop_pipe_sequential_init.
INFO-FLOW: Append model foo_flow_control_loop_pipe_sequential_init
INFO-FLOW: Handling components in module [foo] ... 
Execute       source /home/anubhav/workspace/mvp/solution1/.autopilot/db/foo.compgen.tcl 
INFO-FLOW: Found component foo_control_s_axi.
INFO-FLOW: Append model foo_control_s_axi
INFO-FLOW: Found component foo_gmem_m_axi.
INFO-FLOW: Append model foo_gmem_m_axi
INFO-FLOW: Append model foo_Pipeline_VITIS_LOOP_9_1
INFO-FLOW: Append model foo
INFO-FLOW: Generating RTL model list ...
INFO-FLOW: All models in this session: foo_flow_control_loop_pipe_sequential_init foo_control_s_axi foo_gmem_m_axi foo_Pipeline_VITIS_LOOP_9_1 foo
INFO-FLOW: Generating /home/anubhav/workspace/mvp/solution1/.autopilot/db/autopilot.rtl.models.txt file...
INFO-FLOW: To file: write model foo_flow_control_loop_pipe_sequential_init
INFO-FLOW: To file: write model foo_control_s_axi
INFO-FLOW: To file: write model foo_gmem_m_axi
INFO-FLOW: To file: write model foo_Pipeline_VITIS_LOOP_9_1
INFO-FLOW: To file: write model foo
INFO-FLOW: Generating /home/anubhav/workspace/mvp/solution1/.autopilot/db/autopilot.rtl.models.tcl file...
INFO-FLOW: Finished generating RTL model list.


INFO-FLOW: RTL Generation done.
INFO-FLOW: CAS Generation done.
INFO-FLOW: CBC Generation done.
INFO-FLOW: DBG:PROC: ::AESL_AUTOMG::auto_generate_csynth_design
Execute       get_top 
Execute       get_config_export -ipname 
Execute       get_config_export -xo 
Execute       get_config_export -format 
Execute       get_config_rtl -module_auto_prefix 
INFO-FLOW: DBG:PUTS: read_platform_lib /home/anubhav/workspace/mvp/solution1/.autopilot/db/global.setting.tcl
Execute       source /tools/Xilinx/Vitis_HLS/2021.1/common/technology/generic/autopilot/common.gen 
Execute         source /tools/Xilinx/Vitis_HLS/2021.1/common/technology/generic/autopilot/APCoreGen.gen 
Execute       source /tools/Xilinx/Vitis_HLS/2021.1/common/technology/generic/autopilot/op.gen 
Execute       source /tools/Xilinx/Vitis_HLS/2021.1/common/technology/generic/autopilot/op_simcore.gen 
Execute       source /tools/Xilinx/Vitis_HLS/2021.1/common/technology/generic/autopilot/interface.gen 
Execute       source /home/anubhav/workspace/mvp/solution1/.autopilot/db/global.setting.tcl 
Execute       source /tools/Xilinx/Vitis_HLS/2021.1/common/technology/xilinx/common/xilinx.gen 
Execute         source /tools/Xilinx/Vitis_HLS/2021.1/common/technology/xilinx/interface/plb46.gen 
Execute         source /tools/Xilinx/Vitis_HLS/2021.1/common/technology/xilinx/interface/axi4.gen 
Execute         source /tools/Xilinx/Vitis_HLS/2021.1/common/technology/xilinx/interface/nativeAXI4.gen 
Execute           source /tools/Xilinx/Vitis_HLS/2021.1/common/technology/xilinx/interface/saxilite.gen 
Execute           source /tools/Xilinx/Vitis_HLS/2021.1/common/technology/xilinx/interface/maxi.gen 
Execute         source /tools/Xilinx/Vitis_HLS/2021.1/common/technology/xilinx/scripts/xilinxcoregen.gen 
Execute         source /tools/Xilinx/Vitis_HLS/2021.1/common/technology/xilinx/interface/XilEDKCoreGen.gen 
Execute         source /tools/Xilinx/Vitis_HLS/2021.1/common/technology/xilinx/ip/dds_compiler.gen 
Execute         source /tools/Xilinx/Vitis_HLS/2021.1/common/technology/xilinx/ip/xfir.gen 
Execute         source /tools/Xilinx/Vitis_HLS/2021.1/common/technology/xilinx/ip/util.gen 
Execute         source /tools/Xilinx/Vitis_HLS/2021.1/common/technology/xilinx/ip/xfft.gen 
Execute         source /tools/Xilinx/Vitis_HLS/2021.1/common/technology/xilinx/DSP48/dsp48.gen 
Command       ap_source done; 0.11 sec.
INFO-FLOW: DBG:PUTS:   using AESL_AUTOCG::g_clock_period=10.000 (was NA)
INFO-FLOW: DBG:PROC: ::AESL_AUTOMG::generate_ip_cores gen_sim_model='1' gen_fp_models='0' gen_for_export='0' dstSCDir='' dstVhdlDir='/home/anubhav/workspace/mvp/solution1/.autopilot/db/vhdl' dstVlogDir='/home/anubhav/workspace/mvp/solution1/.autopilot/db/vlog' tclDir='/home/anubhav/workspace/mvp/solution1/.autopilot/db' modelList='foo_flow_control_loop_pipe_sequential_init
foo_control_s_axi
foo_gmem_m_axi
foo_Pipeline_VITIS_LOOP_9_1
foo
' expOnly='0'
Execute       source /home/anubhav/workspace/mvp/solution1/.autopilot/db/global.setting.tcl 
Execute       ap_part_info -name xc7z010-clg400-2 -data names -quiet 
Execute       ap_part_info -name xc7z010-clg400-2 -data info -quiet 
Execute       source /home/anubhav/workspace/mvp/solution1/.autopilot/db/global.setting.tcl 
Execute       source /home/anubhav/workspace/mvp/solution1/.autopilot/db/global.setting.tcl 
Execute       source /home/anubhav/workspace/mvp/solution1/.autopilot/db/foo_Pipeline_VITIS_LOOP_9_1.compgen.tcl 
Execute       source /home/anubhav/workspace/mvp/solution1/.autopilot/db/foo.compgen.tcl 
Execute         source ./control.slave.tcl 
Execute         ap_part_info -name xc7z010-clg400-2 -data names -quiet 
Execute         ap_part_info -name xc7z010-clg400-2 -data info -quiet 
INFO: [HLS 200-111] Finished Generating all RTL models: CPU user time: 0.3 seconds. CPU system time: 0.01 seconds. Elapsed time: 0.31 seconds; current allocated memory: 235.592 MB.
INFO-FLOW: DBG:PROC: ::AP::create_csynth_xml outfile=''
INFO-FLOW: Running: create_csynth_xml read xml data
INFO-FLOW: Done: create_csynth_xml read xml data time: 0 seconds per iteration
INFO-FLOW: Running: create_csynth_xml bind info
INFO-FLOW: No bind nodes found for module_name foo
INFO-FLOW: Done: create_csynth_xml bind info time: 0 seconds per iteration
INFO-FLOW: Running: create_csynth_xml config info
Execute       get_config_op mul -impl 
Execute       get_config_op mul -latency 
Execute       get_config_op mul -precision 
Execute       get_config_op add -impl 
Execute       get_config_op add -latency 
Execute       get_config_op add -precision 
Execute       get_config_op sub -impl 
Execute       get_config_op sub -latency 
Execute       get_config_op sub -precision 
Execute       get_config_op fadd -impl 
Execute       get_config_op fadd -latency 
Execute       get_config_op fadd -precision 
Execute       get_config_op fsub -impl 
Execute       get_config_op fsub -latency 
Execute       get_config_op fsub -precision 
Execute       get_config_op fdiv -impl 
Execute       get_config_op fdiv -latency 
Execute       get_config_op fdiv -precision 
Execute       get_config_op fexp -impl 
Execute       get_config_op fexp -latency 
Execute       get_config_op fexp -precision 
Execute       get_config_op flog -impl 
Execute       get_config_op flog -latency 
Execute       get_config_op flog -precision 
Execute       get_config_op fmul -impl 
Execute       get_config_op fmul -latency 
Execute       get_config_op fmul -precision 
Execute       get_config_op frsqrt -impl 
Execute       get_config_op frsqrt -latency 
Execute       get_config_op frsqrt -precision 
Execute       get_config_op frecip -impl 
Execute       get_config_op frecip -latency 
Execute       get_config_op frecip -precision 
Execute       get_config_op fsqrt -impl 
Execute       get_config_op fsqrt -latency 
Execute       get_config_op fsqrt -precision 
Execute       get_config_op dadd -impl 
Execute       get_config_op dadd -latency 
Execute       get_config_op dadd -precision 
Execute       get_config_op dsub -impl 
Execute       get_config_op dsub -latency 
Execute       get_config_op dsub -precision 
Execute       get_config_op ddiv -impl 
Execute       get_config_op ddiv -latency 
Execute       get_config_op ddiv -precision 
Execute       get_config_op dexp -impl 
Execute       get_config_op dexp -latency 
Execute       get_config_op dexp -precision 
Execute       get_config_op dlog -impl 
Execute       get_config_op dlog -latency 
Execute       get_config_op dlog -precision 
Execute       get_config_op dmul -impl 
Execute       get_config_op dmul -latency 
Execute       get_config_op dmul -precision 
Execute       get_config_op drsqrt -impl 
Execute       get_config_op drsqrt -latency 
Execute       get_config_op drsqrt -precision 
Execute       get_config_op drecip -impl 
Execute       get_config_op drecip -latency 
Execute       get_config_op drecip -precision 
Execute       get_config_op dsqrt -impl 
Execute       get_config_op dsqrt -latency 
Execute       get_config_op dsqrt -precision 
Execute       get_config_op hadd -impl 
Execute       get_config_op hadd -latency 
Execute       get_config_op hadd -precision 
Execute       get_config_op hsub -impl 
Execute       get_config_op hsub -latency 
Execute       get_config_op hsub -precision 
Execute       get_config_op hdiv -impl 
Execute       get_config_op hdiv -latency 
Execute       get_config_op hdiv -precision 
Execute       get_config_op hmul -impl 
Execute       get_config_op hmul -latency 
Execute       get_config_op hmul -precision 
Execute       get_config_op hsqrt -impl 
Execute       get_config_op hsqrt -latency 
Execute       get_config_op hsqrt -precision 
Execute       get_config_op facc -impl 
Execute       get_config_op facc -latency 
Execute       get_config_op facc -precision 
Execute       get_config_op fmacc -impl 
Execute       get_config_op fmacc -latency 
Execute       get_config_op fmacc -precision 
Execute       get_config_op fmadd -impl 
Execute       get_config_op fmadd -latency 
Execute       get_config_op fmadd -precision 
Execute       get_config_storage fifo -auto_srl_max_bits 
Execute       get_config_storage fifo -auto_srl_max_depth 
Execute       get_config_storage fifo -impl 
Execute       get_solution -flow_target 
Execute       get_config_array_partition -complete_threshold 
Execute       get_config_array_partition -throughput_driven 
Execute       get_config_compile -enable_auto_rewind 
Execute       get_config_compile -name_max_length 
Execute       get_config_compile -no_signed_zeros 
Execute       get_config_compile -pipeline_loops 
Execute       get_config_compile -pipeline_style 
Execute       get_config_compile -pragma_strict_mode 
Execute       get_config_compile -pre_tcl 
Execute       get_config_compile -unsafe_math_optimizations 
Execute       get_config_dataflow -default_channel 
Execute       get_config_dataflow -disable_fifo_sizing_opt 
Execute       get_config_dataflow -fifo_depth 
Execute       get_config_dataflow -override_user_fifo_depth 
Execute       get_config_dataflow -scalar_fifo_depth 
Execute       get_config_dataflow -start_fifo_depth 
Execute       get_config_dataflow -strict_mode 
Execute       get_config_dataflow -strict_stable_sync 
Execute       get_config_dataflow -task_level_fifo_depth 
Execute       get_config_debug -directory 
Execute       get_config_debug -enable 
Execute       get_config_export -description 
Execute       get_config_export -disable_deadlock_detection 
Execute       get_config_export -display_name 
Execute       get_config_export -format 
Execute       get_config_export -ip_xdc_file 
Execute       get_config_export -ip_xdc_ooc_file 
Execute       get_config_export -ipname 
Execute       get_config_export -library 
Execute       get_config_export -output 
Execute       get_config_export -rtl 
Execute       get_config_export -taxonomy 
Execute       get_config_export -vendor 
Execute       get_config_export -version 
Execute       get_config_export -vivado_clock 
Execute       get_config_export -vivado_impl_strategy 
Execute       get_config_export -vivado_max_timing_paths 
Execute       get_config_export -vivado_optimization_level 
Execute       get_config_export -vivado_pblock 
Execute       get_config_export -vivado_phys_opt 
Execute       get_config_export -vivado_report_level 
Execute       get_config_export -vivado_synth_design_args 
Execute       get_config_export -vivado_synth_strategy 
Execute       get_config_interface -clock_enable 
Execute       get_config_interface -default_slave_interface 
Execute       get_config_interface -m_axi_addr64 
Execute       get_config_interface -m_axi_alignment_byte_size 
Execute       get_config_interface -m_axi_auto_max_ports 
Execute       get_config_interface -m_axi_buffer_impl 
Execute       get_config_interface -m_axi_conservative_mode 
Execute       get_config_interface -m_axi_flush_mode 
Execute       get_config_interface -m_axi_latency 
Execute       get_config_interface -m_axi_max_bitwidth 
Execute       get_config_interface -m_axi_max_read_burst_length 
Execute       get_config_interface -m_axi_max_widen_bitwidth 
Execute       get_config_interface -m_axi_max_write_burst_length 
Execute       get_config_interface -m_axi_min_bitwidth 
Execute       get_config_interface -m_axi_num_read_outstanding 
Execute       get_config_interface -m_axi_num_write_outstanding 
Execute       get_config_interface -m_axi_offset 
Execute       get_config_interface -register_io 
Execute       get_config_interface -s_axilite_data64 
Execute       get_config_interface -s_axilite_mailbox 
Execute       get_config_interface -s_axilite_status_regs 
Execute       get_config_interface -s_axilite_sw_reset 
Execute       get_config_rtl -header 
Execute       get_config_rtl -kernel_profile 
Execute       get_config_rtl -module_auto_prefix 
Execute       get_config_rtl -module_prefix 
Execute       get_config_rtl -mult_keep_attribute 
Execute       get_config_rtl -register_all_io 
Execute       get_config_rtl -register_reset_num 
Execute       get_config_rtl -reset 
Execute       get_config_rtl -reset_async 
Execute       get_config_rtl -reset_level 
Execute       get_config_schedule -enable_dsp_full_reg 
Execute       get_config_unroll -tripcount_threshold 
INFO-FLOW: Done: create_csynth_xml config info time: 0.1 seconds per iteration
INFO-FLOW: Running: create_csynth_xml write xml
INFO-FLOW: Done: create_csynth_xml write xml time: 0 seconds per iteration
INFO-FLOW: DBG:PUTS:       create_csynth_xml wrote csynth_xml=/home/anubhav/workspace/mvp/solution1/syn/report/csynth.xml
INFO-FLOW: DBG:PROC: ::AP::DESIGN_DATA::generate_json generate_bd_files='0' generate_xo_files='0' modelList='foo_flow_control_loop_pipe_sequential_init
foo_control_s_axi
foo_gmem_m_axi
foo_Pipeline_VITIS_LOOP_9_1
foo
' rtl_lang='both' bootstrap_tcl='false' outdir='' outfilename=''
Execute       source /home/anubhav/workspace/mvp/solution1/.autopilot/db/global.setting.tcl 
Execute       source /home/anubhav/workspace/mvp/solution1/.autopilot/db/global.setting.tcl 
Execute       get_solution -flow_target 
Execute       get_config_export -xo 
Execute       get_config_export -format 
Execute       source /home/anubhav/workspace/mvp/solution1/.autopilot/db/top-io-be.tcl 
Execute       source /home/anubhav/workspace/mvp/solution1/.autopilot/db/foo.tbgen.tcl 
Execute       source /home/anubhav/workspace/mvp/solution1/.autopilot/db/foo.compgen.dataonly.tcl 
Execute       source /home/anubhav/workspace/mvp/solution1/.autopilot/db/foo.compgen.dataonly.tcl 
Execute       source /home/anubhav/workspace/mvp/solution1/.autopilot/db/foo.tbgen.tcl 
Execute       source /home/anubhav/workspace/mvp/solution1/.autopilot/db/foo.rtl_wrap.cfg.tcl 
Execute       source /home/anubhav/workspace/mvp/solution1/.autopilot/db/foo.compgen.dataonly.tcl 
Execute       get_config_export -format 
Execute       ap_part_info -name xc7z010-clg400-2 -data names -quiet 
Execute       ap_part_info -name xc7z010-clg400-2 -data info -quiet 
Execute       source /home/anubhav/workspace/mvp/solution1/.autopilot/db/foo_Pipeline_VITIS_LOOP_9_1.tbgen.tcl 
Execute       source /home/anubhav/workspace/mvp/solution1/.autopilot/db/foo.tbgen.tcl 
Execute       source /home/anubhav/workspace/mvp/solution1/.autopilot/db/global.setting.tcl 
Execute       ap_part_info -name xc7z010-clg400-2 -data names -quiet 
Execute       ap_part_info -name xc7z010-clg400-2 -data info -quiet 
Execute       get_solution -flow_target 
Execute       get_config_rtl -kernel_profile 
Execute       get_config_rtl -kernel_profile 
Execute       get_config_rtl -stall_sig_gen 
Execute       get_config_rtl -profile 
Execute       source /home/anubhav/workspace/mvp/solution1/.autopilot/db/foo.constraint.tcl 
Execute       sc_get_clocks foo 
Execute       source /home/anubhav/workspace/mvp/solution1/.autopilot/db/global.setting.tcl 
Execute       get_config_export -ip_xdc_file 
Execute       get_config_export -ip_xdc_ooc_file 
Execute       get_config_debug -directory 
INFO-FLOW: DBG:PROC: ::AP::add_csynth_report_sections
INFO-FLOW: DBG:PUTS:       update_csynth_reports json2reportxml
Execute       send_msg_by_id INFO @200-1603@%s  and missed bursts 
INFO: [HLS 200-1603] Design has MAXI bursts and missed bursts, see Vitis HLS GUI synthesis summary report for detailed information.
INFO-FLOW: DBG:PUTS:       update_csynth_reports wrote xml
INFO-FLOW: DBG:PUTS:       update_csynth_reports appended to csynth rpt file
INFO: [HLS 200-111] Finished Updating report files: CPU user time: 0.48 seconds. CPU system time: 0.02 seconds. Elapsed time: 0.5 seconds; current allocated memory: 243.871 MB.
INFO: [VHDL 208-304] Generating VHDL RTL for foo.
INFO: [VLOG 209-307] Generating Verilog RTL for foo.
Execute       syn_report -model foo -printsummary 
INFO: [HLS 200-790] **** Loop Constraint Status: All loop constraints were NOT satisfied.
INFO: [HLS 200-789] **** Estimated Fmax: 105.26 MHz
Command     autosyn done; 1.38 sec.
Command   csynth_design done; 6.35 sec.
INFO: [HLS 200-111] Finished Command csynth_design CPU user time: 6.59 seconds. CPU system time: 0.73 seconds. Elapsed time: 6.35 seconds; current allocated memory: 243.856 MB.
Command ap_source done; 8.2 sec.
Execute cleanup_all 
INFO-FLOW: Workspace /home/anubhav/workspace/mvp/solution1 opened at Sat Oct 02 11:52:08 IST 2021
Execute     ap_set_clock -name default -period 10 -default=false 
INFO: [SYN 201-201] Setting up clock 'default' with a period of 10ns.
Execute     ap_set_clock -name default -uncertainty 0.5 
INFO: [SYN 201-201] Setting up clock 'default' with an uncertainty of 0.5ns.
Execute     set_part xc7z010-clg400-2 
Execute       create_platform xc7z010-clg400-2 -board  
DBG:HLSDevice: Trying to load device library: /tools/Xilinx/Vitis_HLS/2021.1/lib/lnx64.o/librdi_hlsvwrap.so
DBG:HLSDevice: first parts/arch.xml in RDI_DATADIR: /tools/Xilinx/Vivado/2021.1/data/parts/arch.xml
DBG:HLSDevice: init success
Execute         source /tools/Xilinx/Vitis_HLS/2021.1/common/technology/xilinx/DSP48/dsp48.hlp 
Execute         source /tools/Xilinx/Vitis_HLS/2021.1/common/technology/xilinx/DSP48/zynq_dsp48e1.hlp 
INFO: [HLS 200-1611] Setting target device to 'xc7z010-clg400-2'
Command       create_platform done; 1.27 sec.
Execute       source /tools/Xilinx/Vitis_HLS/2021.1/common/technology/xilinx/common/xilinx.gen 
Execute         source /tools/Xilinx/Vitis_HLS/2021.1/common/technology/xilinx/interface/plb46.gen 
Execute         source /tools/Xilinx/Vitis_HLS/2021.1/common/technology/xilinx/interface/axi4.gen 
Execute         source /tools/Xilinx/Vitis_HLS/2021.1/common/technology/xilinx/interface/nativeAXI4.gen 
Execute           source /tools/Xilinx/Vitis_HLS/2021.1/common/technology/xilinx/interface/saxilite.gen 
Execute           source /tools/Xilinx/Vitis_HLS/2021.1/common/technology/xilinx/interface/maxi.gen 
Execute         source /tools/Xilinx/Vitis_HLS/2021.1/common/technology/xilinx/scripts/xilinxcoregen.gen 
Execute         source /tools/Xilinx/Vitis_HLS/2021.1/common/technology/xilinx/interface/XilEDKCoreGen.gen 
Execute         source /tools/Xilinx/Vitis_HLS/2021.1/common/technology/xilinx/ip/dds_compiler.gen 
Execute         source /tools/Xilinx/Vitis_HLS/2021.1/common/technology/xilinx/ip/xfir.gen 
Execute         source /tools/Xilinx/Vitis_HLS/2021.1/common/technology/xilinx/ip/util.gen 
Execute         source /tools/Xilinx/Vitis_HLS/2021.1/common/technology/xilinx/ip/xfft.gen 
Execute         source /tools/Xilinx/Vitis_HLS/2021.1/common/technology/xilinx/DSP48/dsp48.gen 
Command       ap_source done; 0.11 sec.
Execute       ap_part_info -name xc7z010-clg400-2 -data info 
Execute       config_compile -quiet -complex-mul-dsp=0 
Command     set_part done; 1.39 sec.
Execute     send_msg_by_id INFO @200-1505@%s%s  vivado 
INFO: [HLS 200-1505] Using flow_target 'vivado'
Execute     get_config_interface -m_axi_latency 
Execute     get_config_interface -m_axi_alignment_byte_size 
Execute     get_config_interface -m_axi_max_widen_bitwidth 
Execute     get_config_interface -default_interface 
Execute     get_config_rtl -register_reset_num 
Execute     send_msg_by_id INFO @200-1464@%s config_export -format=ip_catalog 
INFO: [HLS 200-1464] Running solution command: config_export -format=ip_catalog
Execute     config_export -format=ip_catalog 
Execute     send_msg_by_id INFO @200-1464@%s config_export -rtl=verilog 
INFO: [HLS 200-1464] Running solution command: config_export -rtl=verilog
Execute     config_export -rtl=verilog 
Command   open_solution done; 1.4 sec.
Execute   set_part xc7z010clg400-2 
INFO: [HLS 200-1510] Running: set_part xc7z010clg400-2 
Execute     create_platform xc7z010clg400-2 -board  
Execute       source /tools/Xilinx/Vitis_HLS/2021.1/common/technology/xilinx/DSP48/dsp48.hlp 
Execute       source /tools/Xilinx/Vitis_HLS/2021.1/common/technology/xilinx/DSP48/zynq_dsp48e1.hlp 
Execute     source /tools/Xilinx/Vitis_HLS/2021.1/common/technology/xilinx/common/xilinx.gen 
Execute       source /tools/Xilinx/Vitis_HLS/2021.1/common/technology/xilinx/interface/plb46.gen 
Execute       source /tools/Xilinx/Vitis_HLS/2021.1/common/technology/xilinx/interface/axi4.gen 
Execute       source /tools/Xilinx/Vitis_HLS/2021.1/common/technology/xilinx/interface/nativeAXI4.gen 
Execute         source /tools/Xilinx/Vitis_HLS/2021.1/common/technology/xilinx/interface/saxilite.gen 
Execute         source /tools/Xilinx/Vitis_HLS/2021.1/common/technology/xilinx/interface/maxi.gen 
Execute       source /tools/Xilinx/Vitis_HLS/2021.1/common/technology/xilinx/scripts/xilinxcoregen.gen 
Execute       source /tools/Xilinx/Vitis_HLS/2021.1/common/technology/xilinx/interface/XilEDKCoreGen.gen 
Execute       source /tools/Xilinx/Vitis_HLS/2021.1/common/technology/xilinx/ip/dds_compiler.gen 
Execute       source /tools/Xilinx/Vitis_HLS/2021.1/common/technology/xilinx/ip/xfir.gen 
Execute       source /tools/Xilinx/Vitis_HLS/2021.1/common/technology/xilinx/ip/util.gen 
Execute       source /tools/Xilinx/Vitis_HLS/2021.1/common/technology/xilinx/ip/xfft.gen 
Execute       source /tools/Xilinx/Vitis_HLS/2021.1/common/technology/xilinx/DSP48/dsp48.gen 
Command     ap_source done; 0.11 sec.
Execute     ap_part_info -name xc7z010-clg400-2 -data info 
Execute     config_compile -quiet -complex-mul-dsp=0 
Command   set_part done; 0.13 sec.
Execute   create_clock -period 10 -name default 
INFO: [HLS 200-1510] Running: create_clock -period 10 -name default 
Execute   config_export -format ip_catalog -rtl verilog 
INFO: [HLS 200-1510] Running: config_export -format ip_catalog -rtl verilog 
Execute   set_clock_uncertainty 0.5 
INFO: [HLS 200-1510] Running: set_clock_uncertainty 0.5 
Execute   csim_design -quiet 
INFO: [HLS 200-1510] Running: csim_design -quiet 
Execute     source /home/anubhav/workspace/mvp/solution1/.autopilot/db/global.setting.tcl 
INFO: [SIM 211-2] *************** CSIM start ***************
INFO: [SIM 211-4] CSIM will launch GCC as the compiler.
Execute     source csim/.lst_opt.tcl 
Execute     ap_part_info -name xc7z010-clg400-2 -data info 
Execute     source run_sim.tcl 
INFO: [SIM 211-1] CSim done with 0 errors.
INFO: [SIM 211-3] *************** CSIM finish ***************
Command   csim_design done; 0.34 sec.
INFO: [HLS 200-111] Finished Command csim_design CPU user time: 0.43 seconds. CPU system time: 0.25 seconds. Elapsed time: 0.34 seconds; current allocated memory: 201.560 MB.
Command ap_source done; 1.88 sec.
Execute cleanup_all 
INFO-FLOW: Workspace /home/anubhav/workspace/mvp/solution1 opened at Sat Oct 02 11:52:45 IST 2021
Execute     ap_set_clock -name default -period 10 -default=false 
INFO: [SYN 201-201] Setting up clock 'default' with a period of 10ns.
Execute     ap_set_clock -name default -uncertainty 0.5 
INFO: [SYN 201-201] Setting up clock 'default' with an uncertainty of 0.5ns.
Execute     set_part xc7z010clg400-2 
Execute       create_platform xc7z010clg400-2 -board  
DBG:HLSDevice: Trying to load device library: /tools/Xilinx/Vitis_HLS/2021.1/lib/lnx64.o/librdi_hlsvwrap.so
DBG:HLSDevice: first parts/arch.xml in RDI_DATADIR: /tools/Xilinx/Vivado/2021.1/data/parts/arch.xml
DBG:HLSDevice: init success
Execute         source /tools/Xilinx/Vitis_HLS/2021.1/common/technology/xilinx/DSP48/dsp48.hlp 
Execute         source /tools/Xilinx/Vitis_HLS/2021.1/common/technology/xilinx/DSP48/zynq_dsp48e1.hlp 
INFO: [HLS 200-1611] Setting target device to 'xc7z010-clg400-2'
Command       create_platform done; 1.37 sec.
Execute       source /tools/Xilinx/Vitis_HLS/2021.1/common/technology/xilinx/common/xilinx.gen 
Execute         source /tools/Xilinx/Vitis_HLS/2021.1/common/technology/xilinx/interface/plb46.gen 
Execute         source /tools/Xilinx/Vitis_HLS/2021.1/common/technology/xilinx/interface/axi4.gen 
Execute         source /tools/Xilinx/Vitis_HLS/2021.1/common/technology/xilinx/interface/nativeAXI4.gen 
Execute           source /tools/Xilinx/Vitis_HLS/2021.1/common/technology/xilinx/interface/saxilite.gen 
Execute           source /tools/Xilinx/Vitis_HLS/2021.1/common/technology/xilinx/interface/maxi.gen 
Execute         source /tools/Xilinx/Vitis_HLS/2021.1/common/technology/xilinx/scripts/xilinxcoregen.gen 
Execute         source /tools/Xilinx/Vitis_HLS/2021.1/common/technology/xilinx/interface/XilEDKCoreGen.gen 
Execute         source /tools/Xilinx/Vitis_HLS/2021.1/common/technology/xilinx/ip/dds_compiler.gen 
Execute         source /tools/Xilinx/Vitis_HLS/2021.1/common/technology/xilinx/ip/xfir.gen 
Execute         source /tools/Xilinx/Vitis_HLS/2021.1/common/technology/xilinx/ip/util.gen 
Execute         source /tools/Xilinx/Vitis_HLS/2021.1/common/technology/xilinx/ip/xfft.gen 
Execute         source /tools/Xilinx/Vitis_HLS/2021.1/common/technology/xilinx/DSP48/dsp48.gen 
Command       ap_source done; 0.12 sec.
Execute       ap_part_info -name xc7z010-clg400-2 -data info 
Execute       config_compile -quiet -complex-mul-dsp=0 
Command     set_part done; 1.5 sec.
Execute     send_msg_by_id INFO @200-1505@%s%s  vivado 
INFO: [HLS 200-1505] Using flow_target 'vivado'
Execute     get_config_interface -m_axi_latency 
Execute     get_config_interface -m_axi_alignment_byte_size 
Execute     get_config_interface -m_axi_max_widen_bitwidth 
Execute     get_config_interface -default_interface 
Execute     get_config_rtl -register_reset_num 
Execute     send_msg_by_id INFO @200-1464@%s config_export -format=ip_catalog 
INFO: [HLS 200-1464] Running solution command: config_export -format=ip_catalog
Execute     config_export -format=ip_catalog 
Execute     send_msg_by_id INFO @200-1464@%s config_export -rtl=verilog 
INFO: [HLS 200-1464] Running solution command: config_export -rtl=verilog
Execute     config_export -rtl=verilog 
Command   open_solution done; 1.52 sec.
Execute   set_part xc7z010clg400-2 
INFO: [HLS 200-1510] Running: set_part xc7z010clg400-2 
Execute     create_platform xc7z010clg400-2 -board  
Execute       source /tools/Xilinx/Vitis_HLS/2021.1/common/technology/xilinx/DSP48/dsp48.hlp 
Execute       source /tools/Xilinx/Vitis_HLS/2021.1/common/technology/xilinx/DSP48/zynq_dsp48e1.hlp 
Execute     source /tools/Xilinx/Vitis_HLS/2021.1/common/technology/xilinx/common/xilinx.gen 
Execute       source /tools/Xilinx/Vitis_HLS/2021.1/common/technology/xilinx/interface/plb46.gen 
Execute       source /tools/Xilinx/Vitis_HLS/2021.1/common/technology/xilinx/interface/axi4.gen 
Execute       source /tools/Xilinx/Vitis_HLS/2021.1/common/technology/xilinx/interface/nativeAXI4.gen 
Execute         source /tools/Xilinx/Vitis_HLS/2021.1/common/technology/xilinx/interface/saxilite.gen 
Execute         source /tools/Xilinx/Vitis_HLS/2021.1/common/technology/xilinx/interface/maxi.gen 
Execute       source /tools/Xilinx/Vitis_HLS/2021.1/common/technology/xilinx/scripts/xilinxcoregen.gen 
Execute       source /tools/Xilinx/Vitis_HLS/2021.1/common/technology/xilinx/interface/XilEDKCoreGen.gen 
Execute       source /tools/Xilinx/Vitis_HLS/2021.1/common/technology/xilinx/ip/dds_compiler.gen 
Execute       source /tools/Xilinx/Vitis_HLS/2021.1/common/technology/xilinx/ip/xfir.gen 
Execute       source /tools/Xilinx/Vitis_HLS/2021.1/common/technology/xilinx/ip/util.gen 
Execute       source /tools/Xilinx/Vitis_HLS/2021.1/common/technology/xilinx/ip/xfft.gen 
Execute       source /tools/Xilinx/Vitis_HLS/2021.1/common/technology/xilinx/DSP48/dsp48.gen 
Command     ap_source done; 0.11 sec.
Execute     ap_part_info -name xc7z010-clg400-2 -data info 
Execute     config_compile -quiet -complex-mul-dsp=0 
Command   set_part done; 0.14 sec.
Execute   create_clock -period 10 -name default 
INFO: [HLS 200-1510] Running: create_clock -period 10 -name default 
Execute     ap_set_clock -name default -period 10 -default=false 
INFO: [SYN 201-201] Setting up clock 'default' with a period of 10ns.
Execute   config_export -format ip_catalog -rtl verilog 
INFO: [HLS 200-1510] Running: config_export -format ip_catalog -rtl verilog 
Execute   set_clock_uncertainty 0.5 
INFO: [HLS 200-1510] Running: set_clock_uncertainty 0.5 
Execute   export_design -rtl verilog -format ip_catalog 
INFO: [HLS 200-1510] Running: export_design -rtl verilog -format ip_catalog 
Execute     get_config_export -clock_margin 
Execute     get_config_export -custom_script 
Execute     get_config_export -description 
Execute     get_config_export -display_name 
Execute     get_config_export -driver_input_dir 
Execute     get_config_export -ipname 
Execute     get_config_export -library 
Execute     get_config_export -output 
Execute     get_config_export -qor_test 
Execute     get_config_export -sim 
Execute     get_config_export -taxonomy 
Execute     get_config_export -use_ip 
Execute     get_config_export -use_netlist 
Execute     get_config_export -vendor 
Execute     get_config_export -version 
Execute     get_config_export -xo 
Execute     config_export -format=ip_catalog -rtl=verilog 
INFO-FLOW: DBG:PUTS: export_design_wrap: -format ip_catalog -rtl verilog
Execute     source /home/anubhav/workspace/mvp/solution1/.autopilot/db/global.setting.tcl 
Execute     get_config_export -vivado_clock 
Execute     get_top 
Execute     get_config_export -ipname 
Execute     get_config_export -xo 
Execute     get_config_export -format 
Execute     get_config_rtl -module_auto_prefix 
Execute     get_solution -flow_target 
Execute     get_config_export -xo 
Execute     get_config_export -format 
INFO-FLOW: DBG:PUTS:   auto_impl: pack: -export -rtl verilog
INFO-FLOW: DBG:PROC: ::AESL_AUTOIMPL::auto_impl args='-export -rtl verilog'
Execute     source /home/anubhav/workspace/mvp/solution1/.autopilot/db/global.setting.tcl 
INFO: [IMPL 213-8] Exporting RTL as a Vivado IP.
Execute     source /home/anubhav/workspace/mvp/solution1/.autopilot/db/global.setting.tcl 
INFO-FLOW: DBG:PUTS: automg_wrap -export -pcore_version 1.00.a -rtl vlog -tool Vivado -impltomg_flag
INFO-FLOW: DBG:PROC: ::AESL_AUTOMG::auto_generate args='-export -pcore_version 1.00.a -rtl vlog -tool Vivado -impltomg_flag'
INFO-FLOW: DBG:PUTS:     auto_generate -export -pcore_version 1.00.a -rtl vlog -tool Vivado -impltomg_flag
Execute     get_solution -flow_target 
Execute     get_config_export -xo 
Execute     get_config_export -format 
Execute     get_config_export -ip_xdc_file 
Execute     get_config_export -ip_xdc_ooc_file 
Execute     source /home/anubhav/workspace/mvp/solution1/.autopilot/db/global.setting.tcl 
INFO-FLOW: DBG:PUTS: read_platform_lib /home/anubhav/workspace/mvp/solution1/.autopilot/db/global.setting.tcl
Execute     source /tools/Xilinx/Vitis_HLS/2021.1/common/technology/generic/autopilot/common.gen 
Execute       source /tools/Xilinx/Vitis_HLS/2021.1/common/technology/generic/autopilot/APCoreGen.gen 
Execute     source /tools/Xilinx/Vitis_HLS/2021.1/common/technology/generic/autopilot/op.gen 
Execute     source /tools/Xilinx/Vitis_HLS/2021.1/common/technology/generic/autopilot/op_simcore.gen 
Execute     source /tools/Xilinx/Vitis_HLS/2021.1/common/technology/generic/autopilot/interface.gen 
Execute     source /home/anubhav/workspace/mvp/solution1/.autopilot/db/global.setting.tcl 
Execute     source /tools/Xilinx/Vitis_HLS/2021.1/common/technology/xilinx/common/xilinx.gen 
Execute       source /tools/Xilinx/Vitis_HLS/2021.1/common/technology/xilinx/interface/plb46.gen 
Execute       source /tools/Xilinx/Vitis_HLS/2021.1/common/technology/xilinx/interface/axi4.gen 
Execute       source /tools/Xilinx/Vitis_HLS/2021.1/common/technology/xilinx/interface/nativeAXI4.gen 
Execute         source /tools/Xilinx/Vitis_HLS/2021.1/common/technology/xilinx/interface/saxilite.gen 
Execute         source /tools/Xilinx/Vitis_HLS/2021.1/common/technology/xilinx/interface/maxi.gen 
Execute       source /tools/Xilinx/Vitis_HLS/2021.1/common/technology/xilinx/scripts/xilinxcoregen.gen 
Execute       source /tools/Xilinx/Vitis_HLS/2021.1/common/technology/xilinx/interface/XilEDKCoreGen.gen 
Execute       source /tools/Xilinx/Vitis_HLS/2021.1/common/technology/xilinx/ip/dds_compiler.gen 
Execute       source /tools/Xilinx/Vitis_HLS/2021.1/common/technology/xilinx/ip/xfir.gen 
Execute       source /tools/Xilinx/Vitis_HLS/2021.1/common/technology/xilinx/ip/util.gen 
Execute       source /tools/Xilinx/Vitis_HLS/2021.1/common/technology/xilinx/ip/xfft.gen 
Execute       source /tools/Xilinx/Vitis_HLS/2021.1/common/technology/xilinx/DSP48/dsp48.gen 
INFO-FLOW: DBG:PUTS:   using AESL_AUTOCG::g_clock_period=10.000 (was NA)
INFO-FLOW: DBG:PUTS:       initCTypeInfo top_module=foo xml_exists=0
Execute     source /home/anubhav/workspace/mvp/solution1/.autopilot/db/foo.rtl_wrap.cfg.tcl 
Execute     source /home/anubhav/workspace/mvp/solution1/.autopilot/db/foo.rtl_wrap.cfg.tcl 
Execute     source /home/anubhav/workspace/mvp/solution1/.autopilot/db/foo.rtl_wrap.cfg.tcl 
Execute     source /home/anubhav/workspace/mvp/solution1/.autopilot/db/foo.tbgen.tcl 
Execute     source /home/anubhav/workspace/mvp/solution1/.autopilot/db/foo.tbgen.tcl 
Execute     get_config_export -disable_deadlock_detection 
Execute     source /home/anubhav/workspace/mvp/solution1/.autopilot/db/global.setting.tcl 
Execute     source /home/anubhav/workspace/mvp/solution1/.autopilot/db/foo.tbgen.tcl 
Execute     get_config_rtl -module_prefix 
INFO-FLOW: DBG:PUTS:       cosim_export_main adding deadlock detection to foo
INFO-FLOW: DBG:PUTS: Skipping loadAnalyze_DB, #g_database=4
INFO-FLOW: DBG:PUTS:       generate_json generate_bd_files=0 generate_xo_files=false #modelList=5 #gSsdmPorts=0
INFO-FLOW: DBG:PROC: ::AP::DESIGN_DATA::generate_json generate_bd_files='0' generate_xo_files='false' modelList='foo_flow_control_loop_pipe_sequential_init
foo_control_s_axi
foo_gmem_m_axi
foo_Pipeline_VITIS_LOOP_9_1
foo
' rtl_lang='vlog' bootstrap_tcl='false' outdir='' outfilename=''
Execute     source /tools/Xilinx/Vitis_HLS/2021.1/tps/tcl/tcllib1.11.1/yaml/huddle.tcl 
Execute     source /tools/Xilinx/Vitis_HLS/2021.1/tps/tcl/tcllib1.11.1/yaml/json2huddle.tcl 
Execute       source /tools/Xilinx/Vitis_HLS/2021.1/tps/tcl/tcllib1.11.1/try/try.tcl 
Execute     source /home/anubhav/workspace/mvp/solution1/.autopilot/db/global.setting.tcl 
Execute     source /home/anubhav/workspace/mvp/solution1/.autopilot/db/global.setting.tcl 
Execute     get_solution -flow_target 
Execute     get_config_export -xo 
Execute     get_config_export -format 
Execute     source /home/anubhav/workspace/mvp/solution1/.autopilot/db/top-io-be.tcl 
Execute     source /home/anubhav/workspace/mvp/solution1/.autopilot/db/foo.tbgen.tcl 
Execute     source /home/anubhav/workspace/mvp/solution1/.autopilot/db/foo.compgen.dataonly.tcl 
Execute     source /home/anubhav/workspace/mvp/solution1/.autopilot/db/foo.compgen.dataonly.tcl 
Execute     source /home/anubhav/workspace/mvp/solution1/.autopilot/db/foo.tbgen.tcl 
Execute     source /home/anubhav/workspace/mvp/solution1/.autopilot/db/foo.rtl_wrap.cfg.tcl 
Execute     source /home/anubhav/workspace/mvp/solution1/.autopilot/db/foo.compgen.dataonly.tcl 
Execute     get_config_export -format 
Execute     ap_part_info -name xc7z010-clg400-2 -data names -quiet 
Execute     ap_part_info -name xc7z010-clg400-2 -data info -quiet 
Execute     source /home/anubhav/workspace/mvp/solution1/.autopilot/db/foo_Pipeline_VITIS_LOOP_9_1.tbgen.tcl 
Execute     source /home/anubhav/workspace/mvp/solution1/.autopilot/db/foo.tbgen.tcl 
Execute     source /home/anubhav/workspace/mvp/solution1/.autopilot/db/global.setting.tcl 
Execute     ap_part_info -name xc7z010-clg400-2 -data names -quiet 
Execute     ap_part_info -name xc7z010-clg400-2 -data info -quiet 
Execute     get_solution -flow_target 
Execute     get_config_rtl -kernel_profile 
Execute     get_config_rtl -kernel_profile 
Execute     get_config_rtl -stall_sig_gen 
Execute     get_config_rtl -profile 
Execute     source /home/anubhav/workspace/mvp/solution1/.autopilot/db/foo.constraint.tcl 
Execute     sc_get_clocks foo 
Execute     source /home/anubhav/workspace/mvp/solution1/.autopilot/db/global.setting.tcl 
Execute     get_config_export -ip_xdc_file 
Execute     get_config_export -ip_xdc_ooc_file 
Execute     get_config_debug -directory 
Execute     get_config_export -disable_deadlock_detection 
Execute     source /home/anubhav/workspace/mvp/solution1/.autopilot/db/global.setting.tcl 
Execute     source /home/anubhav/workspace/mvp/solution1/.autopilot/db/foo.tbgen.tcl 
Execute     get_config_rtl -module_prefix 
INFO-FLOW: DBG:PUTS:       cosim_export_main adding deadlock detection to foo
INFO-FLOW: DBG:PUTS:       copy ip_driver_dir 1_0 /home/anubhav/workspace/mvp/solution1/.autopilot/db/driver
Execute     get_config_export -format 
INFO-FLOW: DBG:PUTS:       generate_ip_script #gSsdmPorts=0 g_lang=vlog is_sdaccel=false is_sdsoc=true xo_file=
Execute     ap_part_info -name xc7z010-clg400-2 -data names -quiet 
Execute     ap_part_info -name xc7z010-clg400-2 -data info -quiet 
Execute     ap_part_info -name xc7z010-clg400-2 -data names -quiet 
Execute     ap_part_info -name xc7z010-clg400-2 -data info -quiet 
Execute     source /home/anubhav/workspace/mvp/solution1/.autopilot/db/foo.compgen.dataonly.tcl 
Execute     source /home/anubhav/workspace/mvp/solution1/.autopilot/db/foo.compgen.dataonly.tcl 
Execute     source /home/anubhav/workspace/mvp/solution1/.autopilot/db/foo.tbgen.tcl 
Execute     source /home/anubhav/workspace/mvp/solution1/.autopilot/db/foo.tbgen.tcl 
Execute     source /home/anubhav/workspace/mvp/solution1/.autopilot/db/global.setting.tcl 
Execute     get_config_debug -directory 
INFO-FLOW: DBG:PUTS:       generate_top_info
INFO-FLOW: DBG:PUTS:       prepArgInfo -> loadAnalyze_DB top_module=foo
Execute     source /home/anubhav/workspace/mvp/solution1/.autopilot/db/foo.rtl_wrap.cfg.tcl 
Execute     source /home/anubhav/workspace/mvp/solution1/.autopilot/db/foo.rtl_wrap.cfg.tcl 
Execute     source /home/anubhav/workspace/mvp/solution1/.autopilot/db/foo.rtl_wrap.cfg.tcl 
Execute     source /home/anubhav/workspace/mvp/solution1/.autopilot/db/foo.tbgen.tcl 
Execute     source /home/anubhav/workspace/mvp/solution1/.autopilot/db/foo.tbgen.tcl 
Execute     ap_part_info -name xc7z010-clg400-2 -data names -quiet 
Execute     ap_part_info -name xc7z010-clg400-2 -data info -quiet 
Execute     source /home/anubhav/workspace/mvp/solution1/.autopilot/db/global.setting.tcl 
Execute     ap_part_info -name xc7z010-clg400-2 -data names -quiet 
Execute     ap_part_info -name xc7z010-clg400-2 -data info -quiet 
Execute     ap_part_info -name xc7z010-clg400-2 -data names -quiet 
Execute     ap_part_info -name xc7z010-clg400-2 -data info -quiet 
Execute     source /home/anubhav/workspace/mvp/solution1/.autopilot/db/foo.tbgen.tcl 
Execute     source /home/anubhav/workspace/mvp/solution1/.autopilot/db/global.setting.tcl 
Execute     get_config_export -ip_xdc_ooc_file 
Execute     get_config_export -ip_xdc_file 
Execute     source /home/anubhav/workspace/mvp/solution1/.autopilot/db/foo.constraint.tcl 
INFO-FLOW: DBG:PUTS:       generate_ipi_example_script
Execute     ap_part_info -name xc7z010-clg400-2 -data names -quiet 
Execute     ap_part_info -name xc7z010-clg400-2 -data info -quiet 
Execute     ap_part_info -name xc7z010-clg400-2 -data names -quiet 
Execute     ap_part_info -name xc7z010-clg400-2 -data info -quiet 
INFO-FLOW: DBG:PUTS:       generate_syn_sh
Execute     ap_part_info -name xc7z010-clg400-2 -data names -quiet 
Execute     ap_part_info -name xc7z010-clg400-2 -data info -quiet 
Execute     source /home/anubhav/workspace/mvp/solution1/.autopilot/db/global.setting.tcl 
INFO-FLOW: DBG:PUTS:       generate_imp_constraints
Execute     ap_part_info -name xc7z010-clg400-2 -data names -quiet 
Execute     ap_part_info -name xc7z010-clg400-2 -data info -quiet 
Execute     source /home/anubhav/workspace/mvp/solution1/.autopilot/db/foo.constraint.tcl 
Execute     source /home/anubhav/workspace/mvp/solution1/.autopilot/db/foo.tbgen.tcl 
INFO-FLOW: DBG:PUTS:       delete-temp-dirs (skipped for debug)
Execute     ap_part_info -name xc7z010-clg400-2 -data names -quiet 
Execute     ap_part_info -name xc7z010-clg400-2 -data info -quiet 
INFO-FLOW: DBG:PUTS: read_platform_lib /home/anubhav/workspace/mvp/solution1/.autopilot/db/global.setting.tcl
Execute     source /tools/Xilinx/Vitis_HLS/2021.1/common/technology/generic/autopilot/common.gen 
Execute       source /tools/Xilinx/Vitis_HLS/2021.1/common/technology/generic/autopilot/APCoreGen.gen 
Execute     source /tools/Xilinx/Vitis_HLS/2021.1/common/technology/generic/autopilot/op.gen 
Execute     source /tools/Xilinx/Vitis_HLS/2021.1/common/technology/generic/autopilot/op_simcore.gen 
Execute     source /tools/Xilinx/Vitis_HLS/2021.1/common/technology/generic/autopilot/interface.gen 
Execute     source /home/anubhav/workspace/mvp/solution1/.autopilot/db/global.setting.tcl 
Execute     source /tools/Xilinx/Vitis_HLS/2021.1/common/technology/xilinx/common/xilinx.gen 
Execute       source /tools/Xilinx/Vitis_HLS/2021.1/common/technology/xilinx/interface/plb46.gen 
Execute       source /tools/Xilinx/Vitis_HLS/2021.1/common/technology/xilinx/interface/axi4.gen 
Execute       source /tools/Xilinx/Vitis_HLS/2021.1/common/technology/xilinx/interface/nativeAXI4.gen 
Execute         source /tools/Xilinx/Vitis_HLS/2021.1/common/technology/xilinx/interface/saxilite.gen 
Execute         source /tools/Xilinx/Vitis_HLS/2021.1/common/technology/xilinx/interface/maxi.gen 
Execute       source /tools/Xilinx/Vitis_HLS/2021.1/common/technology/xilinx/scripts/xilinxcoregen.gen 
Execute       source /tools/Xilinx/Vitis_HLS/2021.1/common/technology/xilinx/interface/XilEDKCoreGen.gen 
Execute       source /tools/Xilinx/Vitis_HLS/2021.1/common/technology/xilinx/ip/dds_compiler.gen 
Execute       source /tools/Xilinx/Vitis_HLS/2021.1/common/technology/xilinx/ip/xfir.gen 
Execute       source /tools/Xilinx/Vitis_HLS/2021.1/common/technology/xilinx/ip/util.gen 
Execute       source /tools/Xilinx/Vitis_HLS/2021.1/common/technology/xilinx/ip/xfft.gen 
Execute       source /tools/Xilinx/Vitis_HLS/2021.1/common/technology/xilinx/DSP48/dsp48.gen 
Command     ap_source done; 0.12 sec.
INFO-FLOW: DBG:PUTS:     IP package: exec /home/anubhav/workspace/mvp/solution1/impl/ip/pack.sh
INFO-FLOW: DBG:PUTS:     IP package: success /home/anubhav/workspace/mvp/solution1/impl/ip/pack.sh
Execute     get_config_export -output 
Execute     send_msg_by_id INFO @200-802@%s mvp/solution1/impl/export.zip 
INFO: [HLS 200-802] Generated output file mvp/solution1/impl/export.zip
Command   export_design done; 16.46 sec.
INFO: [HLS 200-111] Finished Command export_design CPU user time: 16.05 seconds. CPU system time: 0.78 seconds. Elapsed time: 16.46 seconds; current allocated memory: 209.202 MB.
Command ap_source done; 18.13 sec.
Execute cleanup_all 
