

================================================================
== Synthesis Summary Report of 'forward_fcc'
================================================================
+ General Information: 
    * Date:           Fri Feb  4 01:23:21 2022
    * Version:        2020.2 (Build 3064766 on Wed Nov 18 09:12:47 MST 2020)
    * Project:        forward_fcc
    * Solution:       solution1 (Vivado IP Flow Target)
    * Product family: zynq
    * Target device:  xc7z020-clg400-1
    

+ Performance & Resource Estimates: 
    
    PS: '+' for module; 'o' for loop; '*' for dataflow
    +---------------------+--------+-------+---------+--------+----------+---------+------+----------+--------+--------+-----------+-----------+-----+
    |       Modules       |  Issue |       | Latency | Latency| Iteration|         | Trip |          |        |        |           |           |     |
    |       & Loops       |  Type  | Slack | (cycles)|  (ns)  |  Latency | Interval| Count| Pipelined|  BRAM  |   DSP  |     FF    |    LUT    | URAM|
    +---------------------+--------+-------+---------+--------+----------+---------+------+----------+--------+--------+-----------+-----------+-----+
    |+ forward_fcc        |  Timing|   7.21|        -|       -|         -|        -|     -|        no|  6 (2%)|  5 (2%)|  2796 (2%)|  3209 (6%)|    -|
    | o Loop 1            |       -|  -7.30|        -|       -|         3|        1|     -|       yes|       -|       -|          -|          -|    -|
    | o Loop 2            |       -|  -7.30|        -|       -|         3|        1|     -|       yes|       -|       -|          -|          -|    -|
    | o Loop 3            |       -|  -7.30|        -|       -|         3|        1|     -|       yes|       -|       -|          -|          -|    -|
    | o VITIS_LOOP_33_1   |       -|  -7.30|        -|       -|         -|        -|     -|        no|       -|       -|          -|          -|    -|
    |  o VITIS_LOOP_38_2  |      II|  -7.30|        -|       -|        11|        4|     -|       yes|       -|       -|          -|          -|    -|
    | o VITIS_LOOP_42_3   |       -|  -7.30|        -|       -|         8|        1|     -|       yes|       -|       -|          -|          -|    -|
    | o Loop 6            |       -|  -7.30|        -|       -|         3|        1|     -|       yes|       -|       -|          -|          -|    -|
    +---------------------+--------+-------+---------+--------+----------+---------+------+----------+--------+--------+-----------+-----------+-----+

