

================================================================
== Vitis HLS Report for 'forward_fcc'
================================================================
* Date:           Wed Feb 16 23:29:47 2022

* Version:        2020.2 (Build 3064766 on Wed Nov 18 09:12:47 MST 2020)
* Project:        forward_fcc
* Solution:       solution1 (Vivado IP Flow Target)
* Product family: zynq
* Target device:  xc7z020-clg400-1


================================================================
== Performance Estimates
================================================================
+ Timing: 
    * Summary: 
    +--------+----------+-----------+------------+
    |  Clock |  Target  | Estimated | Uncertainty|
    +--------+----------+-----------+------------+
    |ap_clk  |  10.00 ns|  14.512 ns|     2.70 ns|
    +--------+----------+-----------+------------+

+ Latency: 
    * Summary: 
    +---------+---------+----------+----------+-----+-----+---------+
    |  Latency (cycles) |  Latency (absolute) |  Interval | Pipeline|
    |   min   |   max   |    min   |    max   | min | max |   Type  |
    +---------+---------+----------+----------+-----+-----+---------+
    |       10|        ?|  0.145 us|         ?|   11|    ?|     none|
    +---------+---------+----------+----------+-----+-----+---------+

    + Detail: 
        * Instance: 
        N/A

        * Loop: 
        +-------------------+---------+---------+----------+-----------+-----------+-------+----------+
        |                   |  Latency (cycles) | Iteration|  Initiation Interval  |  Trip |          |
        |     Loop Name     |   min   |   max   |  Latency |  achieved |   target  | Count | Pipelined|
        +-------------------+---------+---------+----------+-----------+-----------+-------+----------+
        |- Loop 1           |        2|        ?|         3|          1|          1|  1 ~ ?|       yes|
        |- Loop 2           |        2|        ?|         3|          1|          1|  1 ~ ?|       yes|
        |- Loop 3           |        2|        ?|         3|          1|          1|  1 ~ ?|       yes|
        |- LOOP1            |       19|        ?|    19 ~ ?|          -|          -|  1 ~ ?|        no|
        | + LOOP2           |       10|        ?|        11|          4|          1|  1 ~ ?|       yes|
        | + LOOP2           |       10|        ?|        11|          4|          1|  1 ~ ?|       yes|
        | + LOOP2           |       10|        ?|        11|          4|          1|  1 ~ ?|       yes|
        | + LOOP2           |       10|        ?|        11|          4|          1|  1 ~ ?|       yes|
        | + LOOP2           |       10|        ?|        11|          4|          1|  1 ~ ?|       yes|
        | + LOOP2           |       10|        ?|        11|          4|          1|  1 ~ ?|       yes|
        | + LOOP2           |       10|        ?|        11|          4|          1|  1 ~ ?|       yes|
        | + LOOP2           |       10|        ?|        11|          4|          1|  1 ~ ?|       yes|
        | + LOOP2           |       10|        ?|        11|          4|          1|  1 ~ ?|       yes|
        | + LOOP2           |       10|        ?|        11|          4|          1|  1 ~ ?|       yes|
        |- VITIS_LOOP_43_1  |        7|        ?|         8|          1|          1|  1 ~ ?|       yes|
        |- Loop 6           |        2|        ?|         3|          1|          1|  1 ~ ?|       yes|
        +-------------------+---------+---------+----------+-----------+-----------+-------+----------+



================================================================
== Utilization Estimates
================================================================
* Summary: 
+-----------------+---------+-----+--------+-------+-----+
|       Name      | BRAM_18K| DSP |   FF   |  LUT  | URAM|
+-----------------+---------+-----+--------+-------+-----+
|DSP              |        -|    -|       -|      -|    -|
|Expression       |        -|    -|       0|   2411|    -|
|FIFO             |        -|    -|       -|      -|    -|
|Instance         |        2|    5|    1289|   2095|    -|
|Memory           |        5|    -|       0|      0|    -|
|Multiplexer      |        -|    -|       -|   1622|    -|
|Register         |        -|    -|    3199|    384|    -|
+-----------------+---------+-----+--------+-------+-----+
|Total            |        7|    5|    4488|   6512|    0|
+-----------------+---------+-----+--------+-------+-----+
|Available        |      280|  220|  106400|  53200|    0|
+-----------------+---------+-----+--------+-------+-----+
|Utilization (%)  |        2|    2|       4|     12|    0|
+-----------------+---------+-----+--------+-------+-----+

+ Detail: 
    * Instance: 
    +-----------------------------------+--------------------------------+---------+----+-----+-----+-----+
    |              Instance             |             Module             | BRAM_18K| DSP|  FF | LUT | URAM|
    +-----------------------------------+--------------------------------+---------+----+-----+-----+-----+
    |CTRL_s_axi_U                       |CTRL_s_axi                      |        0|   0|  264|  424|    0|
    |fadd_32ns_32ns_32_5_full_dsp_1_U1  |fadd_32ns_32ns_32_5_full_dsp_1  |        0|   2|  205|  390|    0|
    |fmul_32ns_32ns_32_4_max_dsp_1_U2   |fmul_32ns_32ns_32_4_max_dsp_1   |        0|   3|  143|  321|    0|
    |gmem_m_axi_U                       |gmem_m_axi                      |        2|   0|  512|  580|    0|
    |mul_32s_32s_32_2_1_U3              |mul_32s_32s_32_2_1              |        0|   0|  165|   50|    0|
    |mul_7s_7s_7_1_1_U4                 |mul_7s_7s_7_1_1                 |        0|   0|    0|   33|    0|
    |mul_7s_7s_7_1_1_U5                 |mul_7s_7s_7_1_1                 |        0|   0|    0|   33|    0|
    |mul_7s_7s_7_1_1_U6                 |mul_7s_7s_7_1_1                 |        0|   0|    0|   33|    0|
    |mul_7s_7s_7_1_1_U7                 |mul_7s_7s_7_1_1                 |        0|   0|    0|   33|    0|
    |mul_7s_7s_7_1_1_U8                 |mul_7s_7s_7_1_1                 |        0|   0|    0|   33|    0|
    |mul_7s_7s_7_1_1_U9                 |mul_7s_7s_7_1_1                 |        0|   0|    0|   33|    0|
    |mul_7s_7s_7_1_1_U10                |mul_7s_7s_7_1_1                 |        0|   0|    0|   33|    0|
    |mul_7s_7s_7_1_1_U11                |mul_7s_7s_7_1_1                 |        0|   0|    0|   33|    0|
    |mul_7s_7s_7_1_1_U12                |mul_7s_7s_7_1_1                 |        0|   0|    0|   33|    0|
    |mul_7s_7s_7_1_1_U13                |mul_7s_7s_7_1_1                 |        0|   0|    0|   33|    0|
    +-----------------------------------+--------------------------------+---------+----+-----+-----+-----+
    |Total                              |                                |        2|   5| 1289| 2095|    0|
    +-----------------------------------+--------------------------------+---------+----+-----+-----+-----+

    * DSP: 
    N/A

    * Memory: 
    +-------+-------+---------+---+----+-----+------+-----+------+-------------+
    | Memory| Module| BRAM_18K| FF| LUT| URAM| Words| Bits| Banks| W*Bits*Banks|
    +-------+-------+---------+---+----+-----+------+-----+------+-------------+
    |x_t_U  |x_t    |        1|  0|   0|    0|   100|   32|     1|         3200|
    |b_t_U  |x_t    |        1|  0|   0|    0|   100|   32|     1|         3200|
    |w_t_U  |x_t    |        1|  0|   0|    0|   100|   32|     1|         3200|
    |y_t_U  |y_t    |        2|  0|   0|    0|   100|   32|     1|         3200|
    +-------+-------+---------+---+----+-----+------+-----+------+-------------+
    |Total  |       |        5|  0|   0|    0|   400|  128|     4|        12800|
    +-------+-------+---------+---+----+-----+------+-----+------+-------------+

    * FIFO: 
    N/A

    * Expression: 
    +-----------------------------------+----------+----+---+----+------------+------------+
    |           Variable Name           | Operation| DSP| FF| LUT| Bitwidth P0| Bitwidth P1|
    +-----------------------------------+----------+----+---+----+------------+------------+
    |add_ln33_10_fu_1238_p2             |         +|   0|  0|  14|           7|           2|
    |add_ln33_11_fu_1298_p2             |         +|   0|  0|  14|           7|           3|
    |add_ln33_12_fu_1358_p2             |         +|   0|  0|  14|           7|           3|
    |add_ln33_13_fu_1418_p2             |         +|   0|  0|  14|           7|           3|
    |add_ln33_14_fu_1478_p2             |         +|   0|  0|  14|           7|           3|
    |add_ln33_15_fu_1538_p2             |         +|   0|  0|  14|           7|           4|
    |add_ln33_16_fu_1593_p2             |         +|   0|  0|  14|           7|           4|
    |add_ln33_1_fu_1227_p2              |         +|   0|  0|  71|          64|           2|
    |add_ln33_2_fu_1287_p2              |         +|   0|  0|  71|          64|           3|
    |add_ln33_3_fu_1347_p2              |         +|   0|  0|  71|          64|           3|
    |add_ln33_4_fu_1407_p2              |         +|   0|  0|  71|          64|           3|
    |add_ln33_5_fu_1467_p2              |         +|   0|  0|  71|          64|           3|
    |add_ln33_6_fu_1527_p2              |         +|   0|  0|  71|          64|           4|
    |add_ln33_7_fu_1587_p2              |         +|   0|  0|  71|          64|           4|
    |add_ln33_8_fu_1645_p2              |         +|   0|  0|  71|          64|           4|
    |add_ln33_9_fu_1178_p2              |         +|   0|  0|  14|           7|           2|
    |add_ln33_fu_1167_p2                |         +|   0|  0|  71|          64|           2|
    |add_ln38_1_fu_1133_p2              |         +|   0|  0|  38|          31|           1|
    |add_ln38_2_fu_1193_p2              |         +|   0|  0|  38|          31|           1|
    |add_ln38_3_fu_1253_p2              |         +|   0|  0|  38|          31|           1|
    |add_ln38_4_fu_1313_p2              |         +|   0|  0|  38|          31|           1|
    |add_ln38_5_fu_1373_p2              |         +|   0|  0|  38|          31|           1|
    |add_ln38_6_fu_1433_p2              |         +|   0|  0|  38|          31|           1|
    |add_ln38_7_fu_1493_p2              |         +|   0|  0|  38|          31|           1|
    |add_ln38_8_fu_1553_p2              |         +|   0|  0|  38|          31|           1|
    |add_ln38_9_fu_1639_p2              |         +|   0|  0|  38|          31|           1|
    |add_ln38_fu_1073_p2                |         +|   0|  0|  38|          31|           1|
    |add_ln40_1_fu_1152_p2              |         +|   0|  0|  14|           7|           7|
    |add_ln40_2_fu_1212_p2              |         +|   0|  0|  14|           7|           7|
    |add_ln40_3_fu_1272_p2              |         +|   0|  0|  14|           7|           7|
    |add_ln40_4_fu_1332_p2              |         +|   0|  0|  14|           7|           7|
    |add_ln40_5_fu_1392_p2              |         +|   0|  0|  14|           7|           7|
    |add_ln40_6_fu_1452_p2              |         +|   0|  0|  14|           7|           7|
    |add_ln40_7_fu_1512_p2              |         +|   0|  0|  14|           7|           7|
    |add_ln40_8_fu_1572_p2              |         +|   0|  0|  14|           7|           7|
    |add_ln40_9_fu_1624_p2              |         +|   0|  0|  14|           7|           7|
    |add_ln40_fu_1092_p2                |         +|   0|  0|  14|           7|           7|
    |add_ln43_fu_1651_p2                |         +|   0|  0|  38|          31|           1|
    |empty_22_fu_909_p2                 |         +|   0|  0|  69|          62|           1|
    |empty_26_fu_960_p2                 |         +|   0|  0|  69|          62|           1|
    |empty_30_fu_1015_p2                |         +|   0|  0|  69|          62|           1|
    |empty_58_fu_1692_p2                |         +|   0|  0|  69|          62|           1|
    |ap_block_pp0_stage0_11001          |       and|   0|  0|   2|           1|           1|
    |ap_block_pp14_stage0_11001         |       and|   0|  0|   2|           1|           1|
    |ap_block_pp1_stage0_11001          |       and|   0|  0|   2|           1|           1|
    |ap_block_pp2_stage0_11001          |       and|   0|  0|   2|           1|           1|
    |ap_block_state10_pp0_stage0_iter1  |       and|   0|  0|   2|           1|           1|
    |ap_block_state13_io                |       and|   0|  0|   2|           1|           1|
    |ap_block_state175_io               |       and|   0|  0|   2|           1|           1|
    |ap_block_state178_io               |       and|   0|  0|   2|           1|           1|
    |ap_block_state183                  |       and|   0|  0|   2|           1|           1|
    |ap_block_state21_pp1_stage0_iter1  |       and|   0|  0|   2|           1|           1|
    |ap_block_state26_io                |       and|   0|  0|   2|           1|           1|
    |ap_block_state2_io                 |       and|   0|  0|   2|           1|           1|
    |ap_block_state34_pp2_stage0_iter1  |       and|   0|  0|   2|           1|           1|
    |cmp83_fu_1043_p2                   |      icmp|   0|  0|  18|          32|           1|
    |exitcond4410_fu_1021_p2            |      icmp|   0|  0|  28|          62|          62|
    |exitcond4511_fu_966_p2             |      icmp|   0|  0|  28|          62|          62|
    |exitcond4612_fu_915_p2             |      icmp|   0|  0|  28|          62|          62|
    |exitcond4_fu_1698_p2               |      icmp|   0|  0|  28|          62|          62|
    |icmp_ln29_fu_880_p2                |      icmp|   0|  0|  18|          32|           1|
    |icmp_ln30_fu_932_p2                |      icmp|   0|  0|  18|          32|           1|
    |icmp_ln31_fu_987_p2                |      icmp|   0|  0|  18|          32|           1|
    |icmp_ln33_10_fu_1598_p2            |      icmp|   0|  0|  29|          64|          64|
    |icmp_ln33_1_fu_1054_p2             |      icmp|   0|  0|  29|          64|          64|
    |icmp_ln33_2_fu_1118_p2             |      icmp|   0|  0|  29|          64|          64|
    |icmp_ln33_3_fu_1173_p2             |      icmp|   0|  0|  29|          64|          64|
    |icmp_ln33_4_fu_1233_p2             |      icmp|   0|  0|  29|          64|          64|
    |icmp_ln33_5_fu_1293_p2             |      icmp|   0|  0|  29|          64|          64|
    |icmp_ln33_6_fu_1353_p2             |      icmp|   0|  0|  29|          64|          64|
    |icmp_ln33_7_fu_1413_p2             |      icmp|   0|  0|  29|          64|          64|
    |icmp_ln33_8_fu_1473_p2             |      icmp|   0|  0|  29|          64|          64|
    |icmp_ln33_9_fu_1533_p2             |      icmp|   0|  0|  29|          64|          64|
    |icmp_ln33_fu_1038_p2               |      icmp|   0|  0|  18|          32|           1|
    |icmp_ln38_1_fu_1143_p2             |      icmp|   0|  0|  18|          32|          32|
    |icmp_ln38_2_fu_1203_p2             |      icmp|   0|  0|  18|          32|          32|
    |icmp_ln38_3_fu_1263_p2             |      icmp|   0|  0|  18|          32|          32|
    |icmp_ln38_4_fu_1323_p2             |      icmp|   0|  0|  18|          32|          32|
    |icmp_ln38_5_fu_1383_p2             |      icmp|   0|  0|  18|          32|          32|
    |icmp_ln38_6_fu_1443_p2             |      icmp|   0|  0|  18|          32|          32|
    |icmp_ln38_7_fu_1503_p2             |      icmp|   0|  0|  18|          32|          32|
    |icmp_ln38_8_fu_1563_p2             |      icmp|   0|  0|  18|          32|          32|
    |icmp_ln38_9_fu_1615_p2             |      icmp|   0|  0|  18|          32|          32|
    |icmp_ln38_fu_1083_p2               |      icmp|   0|  0|  18|          32|          32|
    |icmp_ln43_fu_1657_p2               |      icmp|   0|  0|  17|          31|          31|
    |or_ln33_1_fu_1113_p2               |        or|   0|  0|   7|           7|           1|
    |or_ln33_fu_1107_p2                 |        or|   0|  0|  64|          64|           1|
    |ap_enable_pp0                      |       xor|   0|  0|   2|           1|           2|
    |ap_enable_pp1                      |       xor|   0|  0|   2|           1|           2|
    |ap_enable_pp10                     |       xor|   0|  0|   2|           1|           2|
    |ap_enable_pp11                     |       xor|   0|  0|   2|           1|           2|
    |ap_enable_pp12                     |       xor|   0|  0|   2|           1|           2|
    |ap_enable_pp13                     |       xor|   0|  0|   2|           1|           2|
    |ap_enable_pp14                     |       xor|   0|  0|   2|           1|           2|
    |ap_enable_pp2                      |       xor|   0|  0|   2|           1|           2|
    |ap_enable_pp3                      |       xor|   0|  0|   2|           1|           2|
    |ap_enable_pp4                      |       xor|   0|  0|   2|           1|           2|
    |ap_enable_pp5                      |       xor|   0|  0|   2|           1|           2|
    |ap_enable_pp6                      |       xor|   0|  0|   2|           1|           2|
    |ap_enable_pp7                      |       xor|   0|  0|   2|           1|           2|
    |ap_enable_pp8                      |       xor|   0|  0|   2|           1|           2|
    |ap_enable_pp9                      |       xor|   0|  0|   2|           1|           2|
    |ap_enable_reg_pp0_iter1            |       xor|   0|  0|   2|           2|           1|
    |ap_enable_reg_pp13_iter1           |       xor|   0|  0|   2|           2|           1|
    |ap_enable_reg_pp14_iter1           |       xor|   0|  0|   2|           2|           1|
    |ap_enable_reg_pp1_iter1            |       xor|   0|  0|   2|           2|           1|
    |ap_enable_reg_pp2_iter1            |       xor|   0|  0|   2|           2|           1|
    +-----------------------------------+----------+----+---+----+------------+------------+
    |Total                              |          |   0|  0|2411|        2799|        1431|
    +-----------------------------------+----------+----+---+----+------------+------------+

    * Multiplexer: 
    +------------------------------------+-----+-----------+-----+-----------+
    |                Name                | LUT | Input Size| Bits| Total Bits|
    +------------------------------------+-----+-----------+-----+-----------+
    |add1714_0_reg_579                   |    9|          2|   32|         64|
    |add1714_1_reg_603                   |    9|          2|   32|         64|
    |add1714_2_reg_627                   |    9|          2|   32|         64|
    |add1714_3_reg_651                   |    9|          2|   32|         64|
    |add1714_4_reg_675                   |    9|          2|   32|         64|
    |add1714_5_reg_699                   |    9|          2|   32|         64|
    |add1714_6_reg_723                   |    9|          2|   32|         64|
    |add1714_7_reg_747                   |    9|          2|   32|         64|
    |add1714_8_reg_771                   |    9|          2|   32|         64|
    |add1714_9_reg_796                   |    9|          2|   32|         64|
    |ap_NS_fsm                           |  494|         99|    1|         99|
    |ap_enable_reg_pp0_iter1             |    9|          2|    1|          2|
    |ap_enable_reg_pp0_iter2             |    9|          2|    1|          2|
    |ap_enable_reg_pp10_iter2            |    9|          2|    1|          2|
    |ap_enable_reg_pp11_iter2            |    9|          2|    1|          2|
    |ap_enable_reg_pp12_iter1            |    9|          2|    1|          2|
    |ap_enable_reg_pp12_iter2            |   14|          3|    1|          3|
    |ap_enable_reg_pp13_iter1            |    9|          2|    1|          2|
    |ap_enable_reg_pp13_iter7            |    9|          2|    1|          2|
    |ap_enable_reg_pp14_iter1            |    9|          2|    1|          2|
    |ap_enable_reg_pp14_iter2            |    9|          2|    1|          2|
    |ap_enable_reg_pp1_iter1             |    9|          2|    1|          2|
    |ap_enable_reg_pp1_iter2             |    9|          2|    1|          2|
    |ap_enable_reg_pp2_iter1             |    9|          2|    1|          2|
    |ap_enable_reg_pp2_iter2             |    9|          2|    1|          2|
    |ap_enable_reg_pp3_iter2             |    9|          2|    1|          2|
    |ap_enable_reg_pp4_iter2             |    9|          2|    1|          2|
    |ap_enable_reg_pp5_iter2             |    9|          2|    1|          2|
    |ap_enable_reg_pp6_iter2             |    9|          2|    1|          2|
    |ap_enable_reg_pp7_iter2             |    9|          2|    1|          2|
    |ap_enable_reg_pp8_iter2             |    9|          2|    1|          2|
    |ap_enable_reg_pp9_iter2             |    9|          2|    1|          2|
    |ap_phi_mux_add1714_0_phi_fu_584_p4  |    9|          2|   32|         64|
    |ap_phi_mux_add1714_1_phi_fu_608_p4  |    9|          2|   32|         64|
    |ap_phi_mux_add1714_2_phi_fu_632_p4  |    9|          2|   32|         64|
    |ap_phi_mux_add1714_3_phi_fu_656_p4  |    9|          2|   32|         64|
    |ap_phi_mux_add1714_4_phi_fu_680_p4  |    9|          2|   32|         64|
    |ap_phi_mux_add1714_5_phi_fu_704_p4  |    9|          2|   32|         64|
    |ap_phi_mux_add1714_6_phi_fu_728_p4  |    9|          2|   32|         64|
    |ap_phi_mux_add1714_7_phi_fu_752_p4  |    9|          2|   32|         64|
    |ap_phi_mux_add1714_8_phi_fu_776_p4  |    9|          2|   32|         64|
    |ap_phi_mux_add1714_9_phi_fu_801_p4  |    9|          2|   32|         64|
    |ap_phi_mux_j_0_phi_fu_572_p4        |    9|          2|   31|         62|
    |ap_phi_mux_j_1_phi_fu_596_p4        |    9|          2|   31|         62|
    |ap_phi_mux_j_2_phi_fu_620_p4        |    9|          2|   31|         62|
    |ap_phi_mux_j_3_phi_fu_644_p4        |    9|          2|   31|         62|
    |ap_phi_mux_j_4_phi_fu_668_p4        |    9|          2|   31|         62|
    |ap_phi_mux_j_5_phi_fu_692_p4        |    9|          2|   31|         62|
    |ap_phi_mux_j_6_phi_fu_716_p4        |    9|          2|   31|         62|
    |ap_phi_mux_j_7_phi_fu_740_p4        |    9|          2|   31|         62|
    |ap_phi_mux_j_8_phi_fu_764_p4        |    9|          2|   31|         62|
    |ap_phi_mux_j_9_phi_fu_788_p4        |    9|          2|   31|         62|
    |b_t_address0                        |   14|          3|    7|         21|
    |gmem_ARADDR                         |   20|          4|   32|        128|
    |gmem_ARLEN                          |   20|          4|   32|        128|
    |gmem_blk_n_AR                       |    9|          2|    1|          2|
    |gmem_blk_n_AW                       |    9|          2|    1|          2|
    |gmem_blk_n_B                        |    9|          2|    1|          2|
    |gmem_blk_n_R                        |    9|          2|    1|          2|
    |gmem_blk_n_W                        |    9|          2|    1|          2|
    |grp_fu_831_p0                       |   65|         12|   32|        384|
    |grp_fu_831_p1                       |   14|          3|   32|         96|
    |i_0_reg_556                         |    9|          2|   64|        128|
    |i_reg_809                           |    9|          2|   31|         62|
    |j_0_reg_568                         |    9|          2|   31|         62|
    |j_1_reg_592                         |    9|          2|   31|         62|
    |j_2_reg_616                         |    9|          2|   31|         62|
    |j_3_reg_640                         |    9|          2|   31|         62|
    |j_4_reg_664                         |    9|          2|   31|         62|
    |j_5_reg_688                         |    9|          2|   31|         62|
    |j_6_reg_712                         |    9|          2|   31|         62|
    |j_7_reg_736                         |    9|          2|   31|         62|
    |j_8_reg_760                         |    9|          2|   31|         62|
    |j_9_reg_784                         |    9|          2|   31|         62|
    |loop_index17_reg_545                |    9|          2|   62|        124|
    |loop_index23_reg_534                |    9|          2|   62|        124|
    |loop_index29_reg_523                |    9|          2|   62|        124|
    |loop_index_reg_820                  |    9|          2|   62|        124|
    |reg_870                             |    9|          2|   32|         64|
    |w_t_address0                        |   65|         12|    7|         84|
    |x_t_address0                        |   65|         12|    7|         84|
    |y_t_address0                        |   65|         13|    7|         91|
    |y_t_address1                        |   65|         12|    7|         84|
    |y_t_d0                              |   14|          3|   32|         96|
    |y_t_d1                              |   59|         11|   32|        352|
    +------------------------------------+-----+-----------+-----+-----------+
    |Total                               | 1622|        335| 1889|       4970|
    +------------------------------------+-----+-----------+-----+-----------+

    * Register: 
    +-------------------------------------+----+----+-----+-----------+
    |                 Name                | FF | LUT| Bits| Const Bits|
    +-------------------------------------+----+----+-----+-----------+
    |add1714_0_reg_579                    |  32|   0|   32|          0|
    |add1714_1_reg_603                    |  32|   0|   32|          0|
    |add1714_2_reg_627                    |  32|   0|   32|          0|
    |add1714_3_reg_651                    |  32|   0|   32|          0|
    |add1714_4_reg_675                    |  32|   0|   32|          0|
    |add1714_5_reg_699                    |  32|   0|   32|          0|
    |add1714_6_reg_723                    |  32|   0|   32|          0|
    |add1714_7_reg_747                    |  32|   0|   32|          0|
    |add1714_8_reg_771                    |  32|   0|   32|          0|
    |add1714_9_reg_796                    |  32|   0|   32|          0|
    |add_ln33_16_reg_2268                 |   7|   0|    7|          0|
    |add_ln38_1_reg_1978                  |  31|   0|   31|          0|
    |add_ln38_2_reg_2016                  |  31|   0|   31|          0|
    |add_ln38_3_reg_2054                  |  31|   0|   31|          0|
    |add_ln38_4_reg_2092                  |  31|   0|   31|          0|
    |add_ln38_5_reg_2130                  |  31|   0|   31|          0|
    |add_ln38_6_reg_2168                  |  31|   0|   31|          0|
    |add_ln38_7_reg_2206                  |  31|   0|   31|          0|
    |add_ln38_8_reg_2244                  |  31|   0|   31|          0|
    |add_ln38_9_reg_2301                  |  31|   0|   31|          0|
    |add_ln38_reg_1945                    |  31|   0|   31|          0|
    |ap_CS_fsm                            |  98|   0|   98|          0|
    |ap_enable_reg_pp0_iter0              |   1|   0|    1|          0|
    |ap_enable_reg_pp0_iter1              |   1|   0|    1|          0|
    |ap_enable_reg_pp0_iter2              |   1|   0|    1|          0|
    |ap_enable_reg_pp10_iter0             |   1|   0|    1|          0|
    |ap_enable_reg_pp10_iter1             |   1|   0|    1|          0|
    |ap_enable_reg_pp10_iter2             |   1|   0|    1|          0|
    |ap_enable_reg_pp11_iter0             |   1|   0|    1|          0|
    |ap_enable_reg_pp11_iter1             |   1|   0|    1|          0|
    |ap_enable_reg_pp11_iter2             |   1|   0|    1|          0|
    |ap_enable_reg_pp12_iter0             |   1|   0|    1|          0|
    |ap_enable_reg_pp12_iter1             |   1|   0|    1|          0|
    |ap_enable_reg_pp12_iter2             |   1|   0|    1|          0|
    |ap_enable_reg_pp13_iter0             |   1|   0|    1|          0|
    |ap_enable_reg_pp13_iter1             |   1|   0|    1|          0|
    |ap_enable_reg_pp13_iter2             |   1|   0|    1|          0|
    |ap_enable_reg_pp13_iter3             |   1|   0|    1|          0|
    |ap_enable_reg_pp13_iter4             |   1|   0|    1|          0|
    |ap_enable_reg_pp13_iter5             |   1|   0|    1|          0|
    |ap_enable_reg_pp13_iter6             |   1|   0|    1|          0|
    |ap_enable_reg_pp13_iter7             |   1|   0|    1|          0|
    |ap_enable_reg_pp14_iter0             |   1|   0|    1|          0|
    |ap_enable_reg_pp14_iter1             |   1|   0|    1|          0|
    |ap_enable_reg_pp14_iter2             |   1|   0|    1|          0|
    |ap_enable_reg_pp1_iter0              |   1|   0|    1|          0|
    |ap_enable_reg_pp1_iter1              |   1|   0|    1|          0|
    |ap_enable_reg_pp1_iter2              |   1|   0|    1|          0|
    |ap_enable_reg_pp2_iter0              |   1|   0|    1|          0|
    |ap_enable_reg_pp2_iter1              |   1|   0|    1|          0|
    |ap_enable_reg_pp2_iter2              |   1|   0|    1|          0|
    |ap_enable_reg_pp3_iter0              |   1|   0|    1|          0|
    |ap_enable_reg_pp3_iter1              |   1|   0|    1|          0|
    |ap_enable_reg_pp3_iter2              |   1|   0|    1|          0|
    |ap_enable_reg_pp4_iter0              |   1|   0|    1|          0|
    |ap_enable_reg_pp4_iter1              |   1|   0|    1|          0|
    |ap_enable_reg_pp4_iter2              |   1|   0|    1|          0|
    |ap_enable_reg_pp5_iter0              |   1|   0|    1|          0|
    |ap_enable_reg_pp5_iter1              |   1|   0|    1|          0|
    |ap_enable_reg_pp5_iter2              |   1|   0|    1|          0|
    |ap_enable_reg_pp6_iter0              |   1|   0|    1|          0|
    |ap_enable_reg_pp6_iter1              |   1|   0|    1|          0|
    |ap_enable_reg_pp6_iter2              |   1|   0|    1|          0|
    |ap_enable_reg_pp7_iter0              |   1|   0|    1|          0|
    |ap_enable_reg_pp7_iter1              |   1|   0|    1|          0|
    |ap_enable_reg_pp7_iter2              |   1|   0|    1|          0|
    |ap_enable_reg_pp8_iter0              |   1|   0|    1|          0|
    |ap_enable_reg_pp8_iter1              |   1|   0|    1|          0|
    |ap_enable_reg_pp8_iter2              |   1|   0|    1|          0|
    |ap_enable_reg_pp9_iter0              |   1|   0|    1|          0|
    |ap_enable_reg_pp9_iter1              |   1|   0|    1|          0|
    |ap_enable_reg_pp9_iter2              |   1|   0|    1|          0|
    |b_read_reg_1747                      |  32|   0|   32|          0|
    |b_t_load_reg_2336                    |  32|   0|   32|          0|
    |cmp83_reg_1895                       |   1|   0|    1|          0|
    |empty_25_reg_1805                    |   7|   0|    7|          0|
    |empty_25_reg_1805_pp0_iter1_reg      |   7|   0|    7|          0|
    |empty_29_reg_1840                    |   7|   0|    7|          0|
    |empty_29_reg_1840_pp1_iter1_reg      |   7|   0|    7|          0|
    |empty_33_reg_1881                    |   7|   0|    7|          0|
    |empty_33_reg_1881_pp2_iter1_reg      |   7|   0|    7|          0|
    |empty_35_reg_1922                    |   7|   0|    7|          0|
    |empty_36_reg_1940                    |   7|   0|    7|          0|
    |empty_38_reg_1973                    |   7|   0|    7|          0|
    |empty_40_reg_2011                    |   7|   0|    7|          0|
    |empty_42_reg_2049                    |   7|   0|    7|          0|
    |empty_44_reg_2087                    |   7|   0|    7|          0|
    |empty_46_reg_2125                    |   7|   0|    7|          0|
    |empty_48_reg_2163                    |   7|   0|    7|          0|
    |empty_50_reg_2201                    |   7|   0|    7|          0|
    |empty_52_reg_2239                    |   7|   0|    7|          0|
    |empty_54_reg_2282                    |   7|   0|    7|          0|
    |exitcond4410_reg_1877                |   1|   0|    1|          0|
    |exitcond4410_reg_1877_pp2_iter1_reg  |   1|   0|    1|          0|
    |exitcond4511_reg_1836                |   1|   0|    1|          0|
    |exitcond4511_reg_1836_pp1_iter1_reg  |   1|   0|    1|          0|
    |exitcond4612_reg_1801                |   1|   0|    1|          0|
    |exitcond4612_reg_1801_pp0_iter1_reg  |   1|   0|    1|          0|
    |exitcond4_reg_2352                   |   1|   0|    1|          0|
    |exitcond4_reg_2352_pp14_iter1_reg    |   1|   0|    1|          0|
    |gmem_addr_1_read_reg_1845            |  32|   0|   32|          0|
    |gmem_addr_2_read_reg_1886            |  32|   0|   32|          0|
    |gmem_addr_read_reg_1810              |  32|   0|   32|          0|
    |i_0_reg_556                          |  64|   0|   64|          0|
    |i_reg_809                            |  31|   0|   31|          0|
    |icmp_ln29_reg_1781                   |   1|   0|    1|          0|
    |icmp_ln30_reg_1815                   |   1|   0|    1|          0|
    |icmp_ln31_reg_1857                   |   1|   0|    1|          0|
    |icmp_ln33_3_reg_2002                 |   1|   0|    1|          0|
    |icmp_ln33_4_reg_2040                 |   1|   0|    1|          0|
    |icmp_ln33_5_reg_2078                 |   1|   0|    1|          0|
    |icmp_ln33_6_reg_2116                 |   1|   0|    1|          0|
    |icmp_ln33_7_reg_2154                 |   1|   0|    1|          0|
    |icmp_ln33_8_reg_2192                 |   1|   0|    1|          0|
    |icmp_ln33_9_reg_2230                 |   1|   0|    1|          0|
    |icmp_ln38_1_reg_1983                 |   1|   0|    1|          0|
    |icmp_ln38_2_reg_2021                 |   1|   0|    1|          0|
    |icmp_ln38_3_reg_2059                 |   1|   0|    1|          0|
    |icmp_ln38_4_reg_2097                 |   1|   0|    1|          0|
    |icmp_ln38_5_reg_2135                 |   1|   0|    1|          0|
    |icmp_ln38_6_reg_2173                 |   1|   0|    1|          0|
    |icmp_ln38_7_reg_2211                 |   1|   0|    1|          0|
    |icmp_ln38_8_reg_2249                 |   1|   0|    1|          0|
    |icmp_ln38_9_reg_2287                 |   1|   0|    1|          0|
    |icmp_ln38_reg_1950                   |   1|   0|    1|          0|
    |icmp_ln43_reg_2321                   |   1|   0|    1|          0|
    |j_0_reg_568                          |  31|   0|   31|          0|
    |j_1_reg_592                          |  31|   0|   31|          0|
    |j_2_reg_616                          |  31|   0|   31|          0|
    |j_3_reg_640                          |  31|   0|   31|          0|
    |j_4_reg_664                          |  31|   0|   31|          0|
    |j_5_reg_688                          |  31|   0|   31|          0|
    |j_6_reg_712                          |  31|   0|   31|          0|
    |j_7_reg_736                          |  31|   0|   31|          0|
    |j_8_reg_760                          |  31|   0|   31|          0|
    |j_9_reg_784                          |  31|   0|   31|          0|
    |loop_index17_reg_545                 |  62|   0|   62|          0|
    |loop_index23_reg_534                 |  62|   0|   62|          0|
    |loop_index29_reg_523                 |  62|   0|   62|          0|
    |loop_index_reg_820                   |  62|   0|   62|          0|
    |mul_ln31_reg_1850                    |  32|   0|   32|          0|
    |reg_849                              |  32|   0|   32|          0|
    |reg_854                              |  32|   0|   32|          0|
    |reg_859                              |  32|   0|   32|          0|
    |reg_864                              |  32|   0|   32|          0|
    |reg_870                              |  32|   0|   32|          0|
    |sext_ln29_reg_1785                   |  62|   0|   62|          0|
    |sext_ln30_reg_1819                   |  62|   0|   62|          0|
    |sext_ln31_reg_1861                   |  62|   0|   62|          0|
    |trunc_ln29_reg_1767                  |   7|   0|    7|          0|
    |trunc_ln33_reg_1913                  |  31|   0|   31|          0|
    |w_read_reg_1757                      |  32|   0|   32|          0|
    |x_read_reg_1762                      |  32|   0|   32|          0|
    |xdimension_read_reg_1729             |  32|   0|   32|          0|
    |y_read_reg_1752                      |  32|   0|   32|          0|
    |y_t_addr_10_reg_1968                 |   6|   0|    7|          1|
    |y_t_addr_11_reg_2006                 |   7|   0|    7|          0|
    |y_t_addr_1_reg_2330                  |   7|   0|    7|          0|
    |y_t_addr_3_reg_2044                  |   7|   0|    7|          0|
    |y_t_addr_4_reg_2082                  |   7|   0|    7|          0|
    |y_t_addr_5_reg_2120                  |   7|   0|    7|          0|
    |y_t_addr_6_reg_2158                  |   7|   0|    7|          0|
    |y_t_addr_7_reg_2196                  |   7|   0|    7|          0|
    |y_t_addr_8_reg_2234                  |   7|   0|    7|          0|
    |y_t_addr_9_reg_2277                  |   7|   0|    7|          0|
    |y_t_addr_reg_1935                    |   7|   0|    7|          0|
    |ydimension_read_reg_1717             |  32|   0|   32|          0|
    |zext_ln33_reg_1899                   |  32|   0|   64|         32|
    |icmp_ln38_1_reg_1983                 |  64|  32|    1|          0|
    |icmp_ln38_2_reg_2021                 |  64|  32|    1|          0|
    |icmp_ln38_3_reg_2059                 |  64|  32|    1|          0|
    |icmp_ln38_4_reg_2097                 |  64|  32|    1|          0|
    |icmp_ln38_5_reg_2135                 |  64|  32|    1|          0|
    |icmp_ln38_6_reg_2173                 |  64|  32|    1|          0|
    |icmp_ln38_7_reg_2211                 |  64|  32|    1|          0|
    |icmp_ln38_8_reg_2249                 |  64|  32|    1|          0|
    |icmp_ln38_9_reg_2287                 |  64|  32|    1|          0|
    |icmp_ln38_reg_1950                   |  64|  32|    1|          0|
    |icmp_ln43_reg_2321                   |  64|  32|    1|          0|
    |y_t_addr_1_reg_2330                  |  64|  32|    7|          0|
    +-------------------------------------+----+----+-----+-----------+
    |Total                                |3199| 384| 2482|         33|
    +-------------------------------------+----+----+-----+-----------+



================================================================
== Interface
================================================================
* Summary: 
+---------------------+-----+-----+------------+--------------+--------------+
|      RTL Ports      | Dir | Bits|  Protocol  | Source Object|    C Type    |
+---------------------+-----+-----+------------+--------------+--------------+
|s_axi_CTRL_AWVALID   |   in|    1|       s_axi|          CTRL|        scalar|
|s_axi_CTRL_AWREADY   |  out|    1|       s_axi|          CTRL|        scalar|
|s_axi_CTRL_AWADDR    |   in|    6|       s_axi|          CTRL|        scalar|
|s_axi_CTRL_WVALID    |   in|    1|       s_axi|          CTRL|        scalar|
|s_axi_CTRL_WREADY    |  out|    1|       s_axi|          CTRL|        scalar|
|s_axi_CTRL_WDATA     |   in|   32|       s_axi|          CTRL|        scalar|
|s_axi_CTRL_WSTRB     |   in|    4|       s_axi|          CTRL|        scalar|
|s_axi_CTRL_ARVALID   |   in|    1|       s_axi|          CTRL|        scalar|
|s_axi_CTRL_ARREADY   |  out|    1|       s_axi|          CTRL|        scalar|
|s_axi_CTRL_ARADDR    |   in|    6|       s_axi|          CTRL|        scalar|
|s_axi_CTRL_RVALID    |  out|    1|       s_axi|          CTRL|        scalar|
|s_axi_CTRL_RREADY    |   in|    1|       s_axi|          CTRL|        scalar|
|s_axi_CTRL_RDATA     |  out|   32|       s_axi|          CTRL|        scalar|
|s_axi_CTRL_RRESP     |  out|    2|       s_axi|          CTRL|        scalar|
|s_axi_CTRL_BVALID    |  out|    1|       s_axi|          CTRL|        scalar|
|s_axi_CTRL_BREADY    |   in|    1|       s_axi|          CTRL|        scalar|
|s_axi_CTRL_BRESP     |  out|    2|       s_axi|          CTRL|        scalar|
|ap_clk               |   in|    1|  ap_ctrl_hs|   forward_fcc|  return value|
|ap_rst_n             |   in|    1|  ap_ctrl_hs|   forward_fcc|  return value|
|interrupt            |  out|    1|  ap_ctrl_hs|   forward_fcc|  return value|
|m_axi_gmem_AWVALID   |  out|    1|       m_axi|          gmem|       pointer|
|m_axi_gmem_AWREADY   |   in|    1|       m_axi|          gmem|       pointer|
|m_axi_gmem_AWADDR    |  out|   32|       m_axi|          gmem|       pointer|
|m_axi_gmem_AWID      |  out|    1|       m_axi|          gmem|       pointer|
|m_axi_gmem_AWLEN     |  out|    8|       m_axi|          gmem|       pointer|
|m_axi_gmem_AWSIZE    |  out|    3|       m_axi|          gmem|       pointer|
|m_axi_gmem_AWBURST   |  out|    2|       m_axi|          gmem|       pointer|
|m_axi_gmem_AWLOCK    |  out|    2|       m_axi|          gmem|       pointer|
|m_axi_gmem_AWCACHE   |  out|    4|       m_axi|          gmem|       pointer|
|m_axi_gmem_AWPROT    |  out|    3|       m_axi|          gmem|       pointer|
|m_axi_gmem_AWQOS     |  out|    4|       m_axi|          gmem|       pointer|
|m_axi_gmem_AWREGION  |  out|    4|       m_axi|          gmem|       pointer|
|m_axi_gmem_AWUSER    |  out|    1|       m_axi|          gmem|       pointer|
|m_axi_gmem_WVALID    |  out|    1|       m_axi|          gmem|       pointer|
|m_axi_gmem_WREADY    |   in|    1|       m_axi|          gmem|       pointer|
|m_axi_gmem_WDATA     |  out|   32|       m_axi|          gmem|       pointer|
|m_axi_gmem_WSTRB     |  out|    4|       m_axi|          gmem|       pointer|
|m_axi_gmem_WLAST     |  out|    1|       m_axi|          gmem|       pointer|
|m_axi_gmem_WID       |  out|    1|       m_axi|          gmem|       pointer|
|m_axi_gmem_WUSER     |  out|    1|       m_axi|          gmem|       pointer|
|m_axi_gmem_ARVALID   |  out|    1|       m_axi|          gmem|       pointer|
|m_axi_gmem_ARREADY   |   in|    1|       m_axi|          gmem|       pointer|
|m_axi_gmem_ARADDR    |  out|   32|       m_axi|          gmem|       pointer|
|m_axi_gmem_ARID      |  out|    1|       m_axi|          gmem|       pointer|
|m_axi_gmem_ARLEN     |  out|    8|       m_axi|          gmem|       pointer|
|m_axi_gmem_ARSIZE    |  out|    3|       m_axi|          gmem|       pointer|
|m_axi_gmem_ARBURST   |  out|    2|       m_axi|          gmem|       pointer|
|m_axi_gmem_ARLOCK    |  out|    2|       m_axi|          gmem|       pointer|
|m_axi_gmem_ARCACHE   |  out|    4|       m_axi|          gmem|       pointer|
|m_axi_gmem_ARPROT    |  out|    3|       m_axi|          gmem|       pointer|
|m_axi_gmem_ARQOS     |  out|    4|       m_axi|          gmem|       pointer|
|m_axi_gmem_ARREGION  |  out|    4|       m_axi|          gmem|       pointer|
|m_axi_gmem_ARUSER    |  out|    1|       m_axi|          gmem|       pointer|
|m_axi_gmem_RVALID    |   in|    1|       m_axi|          gmem|       pointer|
|m_axi_gmem_RREADY    |  out|    1|       m_axi|          gmem|       pointer|
|m_axi_gmem_RDATA     |   in|   32|       m_axi|          gmem|       pointer|
|m_axi_gmem_RLAST     |   in|    1|       m_axi|          gmem|       pointer|
|m_axi_gmem_RID       |   in|    1|       m_axi|          gmem|       pointer|
|m_axi_gmem_RUSER     |   in|    1|       m_axi|          gmem|       pointer|
|m_axi_gmem_RRESP     |   in|    2|       m_axi|          gmem|       pointer|
|m_axi_gmem_BVALID    |   in|    1|       m_axi|          gmem|       pointer|
|m_axi_gmem_BREADY    |  out|    1|       m_axi|          gmem|       pointer|
|m_axi_gmem_BRESP     |   in|    2|       m_axi|          gmem|       pointer|
|m_axi_gmem_BID       |   in|    1|       m_axi|          gmem|       pointer|
|m_axi_gmem_BUSER     |   in|    1|       m_axi|          gmem|       pointer|
+---------------------+-----+-----+------------+--------------+--------------+

