#-----------------------------------------------------------
# xsim v2020.2 (64-bit)
# SW Build 3064766 on Wed Nov 18 09:12:47 MST 2020
# IP Build 3064653 on Wed Nov 18 14:17:31 MST 2020
# Start of session at: Tue Jan 25 18:51:56 2022
# Process ID: 29695
# Current directory: /home/anubhav/workspace/hls_example/proj_axi_master/solution1/sim/verilog
# Command line: xsim -mode tcl -source {xsim.dir/example/xsim_script.tcl}
# Log file: /home/anubhav/workspace/hls_example/proj_axi_master/solution1/sim/verilog/xsim.log
# Journal file: /home/anubhav/workspace/hls_example/proj_axi_master/solution1/sim/verilog/xsim.jou
#-----------------------------------------------------------
source xsim.dir/example/xsim_script.tcl
# xsim {example} -autoloadwcfg -tclbatch {example.tcl}
Vivado Simulator 2020.2
Time resolution is 1 ps
source example.tcl
## run all
////////////////////////////////////////////////////////////////////////////////////
// Inter-Transaction Progress: Completed Transaction / Total Transaction
// Intra-Transaction Progress: Measured Latency / Latency Estimation * 100%
//
// RTL Simulation : "Inter-Transaction Progress" ["Intra-Transaction Progress"] @ "Simulation Time"
////////////////////////////////////////////////////////////////////////////////////
// RTL Simulation : 0 / 1 [0.00%] @ "128000"
// RTL Simulation : 1 / 1 [100.00%] @ "1833000"
////////////////////////////////////////////////////////////////////////////////////
$finish called at time : 1852500 ps : File "/home/anubhav/workspace/hls_example/proj_axi_master/solution1/sim/verilog/example.autotb.v" Line 424
## quit
INFO: [Common 17-206] Exiting xsim at Tue Jan 25 18:52:06 2022...
