17:06:45 INFO  : Platform repository initialization has completed.
17:06:46 INFO  : Launching XSCT server: xsct -n  -interactive /home/anubhav/workspace/blinky/software/temp_xsdb_launch_script.tcl
17:06:46 INFO  : Registering command handlers for Vitis TCF services
17:06:51 INFO  : XSCT server has started successfully.
17:06:51 INFO  : Successfully done setting XSCT server connection channel  
17:06:51 INFO  : plnx-install-location is set to ''
17:06:51 INFO  : Successfully done setting workspace for the tool. 
17:06:51 INFO  : Successfully done query RDI_DATADIR 
17:14:35 INFO  : Result from executing command 'getProjects': design_1_wrapper
17:14:35 INFO  : Result from executing command 'getPlatforms': 
17:14:35 WARN  : An unexpected exception occurred in the module 'platform project logging'
17:14:35 INFO  : Platform 'design_1_wrapper' is added to custom repositories.
17:14:47 INFO  : Platform 'design_1_wrapper' is added to custom repositories.
18:45:58 INFO  : Result from executing command 'getProjects': design_1_wrapper
18:45:58 INFO  : Result from executing command 'getPlatforms': design_1_wrapper|/home/anubhav/workspace/blinky/software/design_1_wrapper/export/design_1_wrapper/design_1_wrapper.xpfm
18:46:02 INFO  : Checking for BSP changes to sync application flags for project 'blinky'...
18:46:20 INFO  : Checking for BSP changes to sync application flags for project 'blinky'...
18:47:01 INFO  : Result from executing command 'removePlatformRepo': 
18:47:27 INFO  : Result from executing command 'getProjects': design_1_wrapper
18:47:27 INFO  : Result from executing command 'getPlatforms': 
18:47:30 INFO  : Checking for BSP changes to sync application flags for project 'blinky'...
18:48:54 INFO  : Result from executing command 'removePlatformRepo': 
18:49:22 INFO  : Result from executing command 'getProjects': design_1_wrapper
18:49:22 INFO  : Result from executing command 'getPlatforms': 
18:49:25 INFO  : Checking for BSP changes to sync application flags for project 'blinky'...
18:52:43 INFO  : Connected to target on host '127.0.0.1' and port '3121'.
18:53:01 INFO  : ----------------XSDB Script----------------
connect -url tcp:127.0.0.1:3121
----------------End of Script----------------

18:53:01 ERROR : Could not find ARM device on the board for connection 'Local'.
Check if the target is in:
1. Split JTAG - No operations are possible with ARM DAP.
2. Non JTAG bootmode - Bootrom may need time to enable DAP.
Please try again.


Troubleshooting hints:
1. Check whether board is connected to system properly.
2. In case of zynq board, check whether Digilent/Xilinx cable switch settings are correct.
3. If you are using Xilinx Platform Cable USB, ensure that status LED is green.
19:01:00 INFO  : Connected to target on host '127.0.0.1' and port '3121'.
19:01:18 INFO  : ----------------XSDB Script----------------
connect -url tcp:127.0.0.1:3121
----------------End of Script----------------

19:01:18 ERROR : Could not find ARM device on the board for connection 'Local'.
Check if the target is in:
1. Split JTAG - No operations are possible with ARM DAP.
2. Non JTAG bootmode - Bootrom may need time to enable DAP.
Please try again.


Troubleshooting hints:
1. Check whether board is connected to system properly.
2. In case of zynq board, check whether Digilent/Xilinx cable switch settings are correct.
3. If you are using Xilinx Platform Cable USB, ensure that status LED is green.
19:02:43 INFO  : Connected to target on host '127.0.0.1' and port '3121'.
19:03:01 INFO  : ----------------XSDB Script----------------
connect -url tcp:127.0.0.1:3121
----------------End of Script----------------

19:03:01 ERROR : Could not find ARM device on the board for connection 'Local'.
Check if the target is in:
1. Split JTAG - No operations are possible with ARM DAP.
2. Non JTAG bootmode - Bootrom may need time to enable DAP.
Please try again.


Troubleshooting hints:
1. Check whether board is connected to system properly.
2. In case of zynq board, check whether Digilent/Xilinx cable switch settings are correct.
3. If you are using Xilinx Platform Cable USB, ensure that status LED is green.
19:10:18 INFO  : Checking for BSP changes to sync application flags for project 'blinky'...
19:11:26 INFO  : Connected to target on host '127.0.0.1' and port '3121'.
19:12:02 INFO  : Connected to target on host '127.0.0.1' and port '3121'.
19:18:18 INFO  : Connected to target on host '127.0.0.1' and port '3121'.
19:18:36 INFO  : ----------------XSDB Script----------------
connect -url tcp:127.0.0.1:3121
----------------End of Script----------------

19:18:36 ERROR : Could not find ARM device on the board for connection 'Local'.
Check if the target is in:
1. Split JTAG - No operations are possible with ARM DAP.
2. Non JTAG bootmode - Bootrom may need time to enable DAP.
Please try again.


Troubleshooting hints:
1. Check whether board is connected to system properly.
2. In case of zynq board, check whether Digilent/Xilinx cable switch settings are correct.
3. If you are using Xilinx Platform Cable USB, ensure that status LED is green.
19:36:41 INFO  : Result from executing command 'getProjects': design_1_wrapper;mvp_wrapper
19:36:41 INFO  : Result from executing command 'getPlatforms': design_1_wrapper|/home/anubhav/workspace/blinky/software/design_1_wrapper/export/design_1_wrapper/design_1_wrapper.xpfm
19:36:41 INFO  : Platform 'mvp_wrapper' is added to custom repositories.
19:36:47 INFO  : Platform 'mvp_wrapper' is added to custom repositories.
10:54:40 INFO  : Connected to target on host '127.0.0.1' and port '3121'.
10:55:13 INFO  : Connected to target on host '127.0.0.1' and port '3121'.
10:55:22 INFO  : Connected to target on host '127.0.0.1' and port '3121'.
10:55:43 INFO  : ----------------XSDB Script----------------
connect -url tcp:127.0.0.1:3121
----------------End of Script----------------

10:55:43 ERROR : Could not find ARM device on the board for connection 'Local'.
Check if the target is in:
1. Split JTAG - No operations are possible with ARM DAP.
2. Non JTAG bootmode - Bootrom may need time to enable DAP.
Please try again.


Troubleshooting hints:
1. Check whether board is connected to system properly.
2. In case of zynq board, check whether Digilent/Xilinx cable switch settings are correct.
3. If you are using Xilinx Platform Cable USB, ensure that status LED is green.
10:57:27 INFO  : Connected to target on host '127.0.0.1' and port '3121'.
