INFO: Applying HLS Y2K22 patch v1.2 for IP revision
INFO: [HLS 200-10] Running '/tools/Xilinx/Vitis_HLS/2020.2/bin/unwrapped/lnx64.o/vitis_hls'
INFO: [HLS 200-10] For user 'anubhav' on host 'timeMachine' (Linux_x86_64 version 4.15.0-166-generic) on Sun Jan 30 01:49:58 IST 2022
INFO: [HLS 200-10] On os Ubuntu 18.04.6 LTS
INFO: [HLS 200-10] In directory '/home/anubhav/workspace/axilite_ex/hls'
Sourcing Tcl script '/home/anubhav/workspace/axilite_ex/hls/axilite_ex/solution1/export.tcl'
INFO: [HLS 200-1510] Running: open_project axilite_ex 
INFO: [HLS 200-10] Opening project '/home/anubhav/workspace/axilite_ex/hls/axilite_ex'.
INFO: [HLS 200-1510] Running: set_top vadd 
INFO: [HLS 200-1510] Running: add_files design.cpp 
INFO: [HLS 200-10] Adding design file 'design.cpp' to the project
INFO: [HLS 200-1510] Running: open_solution solution1 -flow_target vivado 
INFO: [HLS 200-10] Opening solution '/home/anubhav/workspace/axilite_ex/hls/axilite_ex/solution1'.
INFO: [SYN 201-201] Setting up clock 'default' with a period of 10ns.
INFO: [HLS 200-10] Setting target device to 'xc7z020-clg400-1'
INFO: [HLS 200-1505] Using flow_target 'vivado'
Resolution: For help on HLS 200-1505 see www.xilinx.com/cgi-bin/docs/rdoc?v=2020.2;t=hls+guidance;d=200-1505.html
INFO: [HLS 200-1510] Running: set_part xc7z020clg400-1 
INFO: [HLS 200-1510] Running: create_clock -period 10 -name default 
INFO: [SYN 201-201] Setting up clock 'default' with a period of 10ns.
INFO: [HLS 200-1510] Running: export_design -rtl verilog -format ip_catalog 
INFO: [IMPL 213-8] Exporting RTL as a Vivado IP.

****** Vivado v2020.2 (64-bit)
  **** SW Build 3064766 on Wed Nov 18 09:12:47 MST 2020
  **** IP Build 3064653 on Wed Nov 18 14:17:31 MST 2020
    ** Copyright 1986-2020 Xilinx, Inc. All Rights Reserved.

source run_ippack.tcl -notrace
INFO: [IP_Flow 19-234] Refreshing IP repositories
INFO: [IP_Flow 19-1704] No user IP repositories specified
INFO: [IP_Flow 19-2313] Loaded Vivado IP repository '/tools/Xilinx/Vivado/2020.2/data/ip'.
INFO: [Common 17-206] Exiting Vivado at Sun Jan 30 01:50:12 2022...
INFO: [HLS 200-802] Generated output file axilite_ex/solution1/impl/export.zip
INFO: [HLS 200-111] Finished Command export_design CPU user time: 14.37 seconds. CPU system time: 0.98 seconds. Elapsed time: 15.36 seconds; current allocated memory: 163.476 MB.
